16:49:51 INFO  : Platform repository initialization has completed.
16:49:52 INFO  : Registering command handlers for Vitis TCF services
16:49:52 INFO  : Launching XSCT server: xsct.bat -n  -interactive C:\Users\mlabadm\Desktop\Github\FPGA\nqueens\keep_queens\temp_xsdb_launch_script.tcl
16:49:58 INFO  : XSCT server has started successfully.
16:50:08 INFO  : Successfully done setting XSCT server connection channel  
16:50:08 INFO  : plnx-install-location is set to ''
16:50:08 INFO  : Successfully done query RDI_DATADIR 
16:50:08 INFO  : Successfully done setting workspace for the tool. 
16:51:17 INFO  : Result from executing command 'getProjects': design_1_wrapper
16:51:17 INFO  : Result from executing command 'getPlatforms': 
16:51:17 WARN  : An unexpected exception occurred in the module 'platform project logging'
16:51:17 INFO  : Platform 'design_1_wrapper' is added to custom repositories.
16:51:30 INFO  : Platform 'design_1_wrapper' is added to custom repositories.
16:53:10 INFO  : Result from executing command 'getProjects': design_1_wrapper
16:53:10 INFO  : Result from executing command 'getPlatforms': design_1_wrapper|C:/Users/mlabadm/Desktop/Github/FPGA/nqueens/keep_queens/design_1_wrapper/export/design_1_wrapper/design_1_wrapper.xpfm
16:53:11 INFO  : Checking for BSP changes to sync application flags for project 'keep_queens'...
16:53:43 INFO  : Connected to target on host '127.0.0.1' and port '3121'.
16:53:44 INFO  : Jtag cable 'Digilent Zed 210248A49CA4' is selected.
16:53:44 INFO  : 'jtag frequency' command is executed.
16:53:44 INFO  : Context for 'APU' is selected.
16:53:44 INFO  : System reset is completed.
16:53:47 INFO  : 'after 3000' command is executed.
16:53:47 INFO  : 'targets -set -filter {jtag_cable_name =~ "Digilent Zed 210248A49CA4" && level==0 && jtag_device_ctx=="jsn-Zed-210248A49CA4-23727093-0"}' command is executed.
16:53:50 INFO  : Device configured successfully with "C:/Users/mlabadm/Desktop/Github/FPGA/nqueens/keep_queens/keep_queens/_ide/bitstream/design_1_wrapper.bit"
16:53:50 INFO  : Context for 'APU' is selected.
16:53:50 INFO  : Hardware design and registers information is loaded from 'C:/Users/mlabadm/Desktop/Github/FPGA/nqueens/keep_queens/design_1_wrapper/export/design_1_wrapper/hw/design_1_wrapper.xsa'.
16:53:50 INFO  : 'configparams force-mem-access 1' command is executed.
16:53:50 INFO  : Context for 'APU' is selected.
16:53:50 INFO  : Sourcing of 'C:/Users/mlabadm/Desktop/Github/FPGA/nqueens/keep_queens/keep_queens/_ide/psinit/ps7_init.tcl' is done.
16:53:51 INFO  : 'ps7_init' command is executed.
16:53:51 INFO  : 'ps7_post_config' command is executed.
16:53:51 INFO  : Context for processor 'ps7_cortexa9_0' is selected.
16:53:51 INFO  : The application 'C:/Users/mlabadm/Desktop/Github/FPGA/nqueens/keep_queens/keep_queens/Debug/keep_queens.elf' is downloaded to processor 'ps7_cortexa9_0'.
16:53:51 INFO  : 'configparams force-mem-access 0' command is executed.
16:53:51 INFO  : ----------------XSDB Script----------------
connect -url tcp:127.0.0.1:3121
targets -set -nocase -filter {name =~"APU*"}
rst -system
after 3000
targets -set -filter {jtag_cable_name =~ "Digilent Zed 210248A49CA4" && level==0 && jtag_device_ctx=="jsn-Zed-210248A49CA4-23727093-0"}
fpga -file C:/Users/mlabadm/Desktop/Github/FPGA/nqueens/keep_queens/keep_queens/_ide/bitstream/design_1_wrapper.bit
targets -set -nocase -filter {name =~"APU*"}
loadhw -hw C:/Users/mlabadm/Desktop/Github/FPGA/nqueens/keep_queens/design_1_wrapper/export/design_1_wrapper/hw/design_1_wrapper.xsa -mem-ranges [list {0x40000000 0xbfffffff}] -regs
configparams force-mem-access 1
targets -set -nocase -filter {name =~"APU*"}
source C:/Users/mlabadm/Desktop/Github/FPGA/nqueens/keep_queens/keep_queens/_ide/psinit/ps7_init.tcl
ps7_init
ps7_post_config
targets -set -nocase -filter {name =~ "*A9*#0"}
dow C:/Users/mlabadm/Desktop/Github/FPGA/nqueens/keep_queens/keep_queens/Debug/keep_queens.elf
configparams force-mem-access 0
----------------End of Script----------------

16:53:52 INFO  : Context for processor 'ps7_cortexa9_0' is selected.
16:53:52 INFO  : 'con' command is executed.
16:53:52 INFO  : ----------------XSDB Script (After Launch)----------------
targets -set -nocase -filter {name =~ "*A9*#0"}
con
----------------End of Script----------------

16:53:52 INFO  : Launch script is exported to file 'C:\Users\mlabadm\Desktop\Github\FPGA\nqueens\keep_queens\keep_queens_system\_ide\scripts\debugger_keep_queens-default.tcl'
16:54:07 INFO  : Disconnected from the channel tcfchan#2.
16:54:08 INFO  : Connected to target on host '127.0.0.1' and port '3121'.
16:54:09 INFO  : Jtag cable 'Digilent Zed 210248A49CA4' is selected.
16:54:09 INFO  : 'jtag frequency' command is executed.
16:54:09 INFO  : Context for 'APU' is selected.
16:54:09 INFO  : System reset is completed.
16:54:12 INFO  : 'after 3000' command is executed.
16:54:12 INFO  : 'targets -set -filter {jtag_cable_name =~ "Digilent Zed 210248A49CA4" && level==0 && jtag_device_ctx=="jsn-Zed-210248A49CA4-23727093-0"}' command is executed.
16:54:14 INFO  : Device configured successfully with "C:/Users/mlabadm/Desktop/Github/FPGA/nqueens/keep_queens/keep_queens/_ide/bitstream/design_1_wrapper.bit"
16:54:14 INFO  : Context for 'APU' is selected.
16:54:14 INFO  : Hardware design and registers information is loaded from 'C:/Users/mlabadm/Desktop/Github/FPGA/nqueens/keep_queens/design_1_wrapper/export/design_1_wrapper/hw/design_1_wrapper.xsa'.
16:54:14 INFO  : 'configparams force-mem-access 1' command is executed.
16:54:14 INFO  : Context for 'APU' is selected.
16:54:14 INFO  : Sourcing of 'C:/Users/mlabadm/Desktop/Github/FPGA/nqueens/keep_queens/keep_queens/_ide/psinit/ps7_init.tcl' is done.
16:54:15 INFO  : 'ps7_init' command is executed.
16:54:15 INFO  : 'ps7_post_config' command is executed.
16:54:15 INFO  : Context for processor 'ps7_cortexa9_0' is selected.
16:54:15 INFO  : The application 'C:/Users/mlabadm/Desktop/Github/FPGA/nqueens/keep_queens/keep_queens/Debug/keep_queens.elf' is downloaded to processor 'ps7_cortexa9_0'.
16:54:16 INFO  : 'configparams force-mem-access 0' command is executed.
16:54:16 INFO  : ----------------XSDB Script----------------
connect -url tcp:127.0.0.1:3121
targets -set -nocase -filter {name =~"APU*"}
rst -system
after 3000
targets -set -filter {jtag_cable_name =~ "Digilent Zed 210248A49CA4" && level==0 && jtag_device_ctx=="jsn-Zed-210248A49CA4-23727093-0"}
fpga -file C:/Users/mlabadm/Desktop/Github/FPGA/nqueens/keep_queens/keep_queens/_ide/bitstream/design_1_wrapper.bit
targets -set -nocase -filter {name =~"APU*"}
loadhw -hw C:/Users/mlabadm/Desktop/Github/FPGA/nqueens/keep_queens/design_1_wrapper/export/design_1_wrapper/hw/design_1_wrapper.xsa -mem-ranges [list {0x40000000 0xbfffffff}] -regs
configparams force-mem-access 1
targets -set -nocase -filter {name =~"APU*"}
source C:/Users/mlabadm/Desktop/Github/FPGA/nqueens/keep_queens/keep_queens/_ide/psinit/ps7_init.tcl
ps7_init
ps7_post_config
targets -set -nocase -filter {name =~ "*A9*#0"}
dow C:/Users/mlabadm/Desktop/Github/FPGA/nqueens/keep_queens/keep_queens/Debug/keep_queens.elf
configparams force-mem-access 0
----------------End of Script----------------

16:54:16 INFO  : Context for processor 'ps7_cortexa9_0' is selected.
16:54:16 INFO  : 'con' command is executed.
16:54:16 INFO  : ----------------XSDB Script (After Launch)----------------
targets -set -nocase -filter {name =~ "*A9*#0"}
con
----------------End of Script----------------

16:54:16 INFO  : Launch script is exported to file 'C:\Users\mlabadm\Desktop\Github\FPGA\nqueens\keep_queens\keep_queens_system\_ide\scripts\debugger_keep_queens-default.tcl'
16:56:29 INFO  : Checking for BSP changes to sync application flags for project 'keep_queens'...
16:57:07 INFO  : Checking for BSP changes to sync application flags for project 'keep_queens'...
16:57:15 INFO  : Disconnected from the channel tcfchan#3.
16:57:16 INFO  : Connected to target on host '127.0.0.1' and port '3121'.
16:57:16 INFO  : Jtag cable 'Digilent Zed 210248A49CA4' is selected.
16:57:16 INFO  : 'jtag frequency' command is executed.
16:57:16 INFO  : Context for 'APU' is selected.
16:57:16 INFO  : System reset is completed.
16:57:19 INFO  : 'after 3000' command is executed.
16:57:19 INFO  : 'targets -set -filter {jtag_cable_name =~ "Digilent Zed 210248A49CA4" && level==0 && jtag_device_ctx=="jsn-Zed-210248A49CA4-23727093-0"}' command is executed.
16:57:21 INFO  : Device configured successfully with "C:/Users/mlabadm/Desktop/Github/FPGA/nqueens/keep_queens/keep_queens/_ide/bitstream/design_1_wrapper.bit"
16:57:21 INFO  : Context for 'APU' is selected.
16:57:21 INFO  : Hardware design and registers information is loaded from 'C:/Users/mlabadm/Desktop/Github/FPGA/nqueens/keep_queens/design_1_wrapper/export/design_1_wrapper/hw/design_1_wrapper.xsa'.
16:57:21 INFO  : 'configparams force-mem-access 1' command is executed.
16:57:21 INFO  : Context for 'APU' is selected.
16:57:21 INFO  : Sourcing of 'C:/Users/mlabadm/Desktop/Github/FPGA/nqueens/keep_queens/keep_queens/_ide/psinit/ps7_init.tcl' is done.
16:57:22 INFO  : 'ps7_init' command is executed.
16:57:22 INFO  : 'ps7_post_config' command is executed.
16:57:22 INFO  : Context for processor 'ps7_cortexa9_0' is selected.
16:57:23 INFO  : The application 'C:/Users/mlabadm/Desktop/Github/FPGA/nqueens/keep_queens/keep_queens/Debug/keep_queens.elf' is downloaded to processor 'ps7_cortexa9_0'.
16:57:23 INFO  : 'configparams force-mem-access 0' command is executed.
16:57:23 INFO  : ----------------XSDB Script----------------
connect -url tcp:127.0.0.1:3121
targets -set -nocase -filter {name =~"APU*"}
rst -system
after 3000
targets -set -filter {jtag_cable_name =~ "Digilent Zed 210248A49CA4" && level==0 && jtag_device_ctx=="jsn-Zed-210248A49CA4-23727093-0"}
fpga -file C:/Users/mlabadm/Desktop/Github/FPGA/nqueens/keep_queens/keep_queens/_ide/bitstream/design_1_wrapper.bit
targets -set -nocase -filter {name =~"APU*"}
loadhw -hw C:/Users/mlabadm/Desktop/Github/FPGA/nqueens/keep_queens/design_1_wrapper/export/design_1_wrapper/hw/design_1_wrapper.xsa -mem-ranges [list {0x40000000 0xbfffffff}] -regs
configparams force-mem-access 1
targets -set -nocase -filter {name =~"APU*"}
source C:/Users/mlabadm/Desktop/Github/FPGA/nqueens/keep_queens/keep_queens/_ide/psinit/ps7_init.tcl
ps7_init
ps7_post_config
targets -set -nocase -filter {name =~ "*A9*#0"}
dow C:/Users/mlabadm/Desktop/Github/FPGA/nqueens/keep_queens/keep_queens/Debug/keep_queens.elf
configparams force-mem-access 0
----------------End of Script----------------

16:57:23 INFO  : Context for processor 'ps7_cortexa9_0' is selected.
16:57:23 INFO  : 'con' command is executed.
16:57:23 INFO  : ----------------XSDB Script (After Launch)----------------
targets -set -nocase -filter {name =~ "*A9*#0"}
con
----------------End of Script----------------

16:57:23 INFO  : Launch script is exported to file 'C:\Users\mlabadm\Desktop\Github\FPGA\nqueens\keep_queens\keep_queens_system\_ide\scripts\debugger_keep_queens-default.tcl'
17:03:54 INFO  : Hardware specification for platform project 'design_1_wrapper' is updated.
17:04:11 INFO  : Result from executing command 'getProjects': design_1_wrapper
17:04:11 INFO  : Result from executing command 'getPlatforms': design_1_wrapper|C:/Users/mlabadm/Desktop/Github/FPGA/nqueens/keep_queens/design_1_wrapper/export/design_1_wrapper/design_1_wrapper.xpfm
17:04:22 INFO  : Checking for BSP changes to sync application flags for project 'keep_queens'...
17:04:38 INFO  : Disconnected from the channel tcfchan#4.
17:04:39 INFO  : The hardware specification used by project 'keep_queens' is out of sync with the platform. Resource files extracted from the hardware specification will be updated.
17:04:39 INFO  : The file 'C:\Users\mlabadm\Desktop\Github\FPGA\nqueens\keep_queens\keep_queens\_ide\bitstream\design_1_wrapper.bit' stored in project is removed.
17:04:39 INFO  : The updated bitstream files are copied from platform to folder 'C:\Users\mlabadm\Desktop\Github\FPGA\nqueens\keep_queens\keep_queens\_ide\bitstream' in project 'keep_queens'.
17:04:39 INFO  : The file 'C:\Users\mlabadm\Desktop\Github\FPGA\nqueens\keep_queens\keep_queens\_ide\psinit\ps7_init.tcl' stored in project is removed.
17:04:44 INFO  : The updated ps init files are copied from platform to folder 'C:\Users\mlabadm\Desktop\Github\FPGA\nqueens\keep_queens\keep_queens\_ide\psinit' in project 'keep_queens'.
17:04:44 INFO  : Connected to target on host '127.0.0.1' and port '3121'.
17:04:45 INFO  : Jtag cable 'Digilent Zed 210248A49CA4' is selected.
17:04:45 INFO  : 'jtag frequency' command is executed.
17:04:45 INFO  : Context for 'APU' is selected.
17:04:45 INFO  : System reset is completed.
17:04:48 INFO  : 'after 3000' command is executed.
17:04:48 INFO  : 'targets -set -filter {jtag_cable_name =~ "Digilent Zed 210248A49CA4" && level==0 && jtag_device_ctx=="jsn-Zed-210248A49CA4-23727093-0"}' command is executed.
17:04:50 INFO  : Device configured successfully with "C:/Users/mlabadm/Desktop/Github/FPGA/nqueens/keep_queens/keep_queens/_ide/bitstream/design_1_wrapper.bit"
17:04:50 INFO  : Context for 'APU' is selected.
17:04:51 INFO  : Hardware design and registers information is loaded from 'C:/Users/mlabadm/Desktop/Github/FPGA/nqueens/keep_queens/design_1_wrapper/export/design_1_wrapper/hw/design_1_wrapper.xsa'.
17:04:51 INFO  : 'configparams force-mem-access 1' command is executed.
17:04:51 INFO  : Context for 'APU' is selected.
17:04:51 INFO  : Sourcing of 'C:/Users/mlabadm/Desktop/Github/FPGA/nqueens/keep_queens/keep_queens/_ide/psinit/ps7_init.tcl' is done.
17:04:52 INFO  : 'ps7_init' command is executed.
17:04:52 INFO  : 'ps7_post_config' command is executed.
17:04:52 INFO  : Context for processor 'ps7_cortexa9_0' is selected.
17:04:52 INFO  : The application 'C:/Users/mlabadm/Desktop/Github/FPGA/nqueens/keep_queens/keep_queens/Debug/keep_queens.elf' is downloaded to processor 'ps7_cortexa9_0'.
17:04:52 INFO  : 'configparams force-mem-access 0' command is executed.
17:04:52 INFO  : ----------------XSDB Script----------------
connect -url tcp:127.0.0.1:3121
targets -set -nocase -filter {name =~"APU*"}
rst -system
after 3000
targets -set -filter {jtag_cable_name =~ "Digilent Zed 210248A49CA4" && level==0 && jtag_device_ctx=="jsn-Zed-210248A49CA4-23727093-0"}
fpga -file C:/Users/mlabadm/Desktop/Github/FPGA/nqueens/keep_queens/keep_queens/_ide/bitstream/design_1_wrapper.bit
targets -set -nocase -filter {name =~"APU*"}
loadhw -hw C:/Users/mlabadm/Desktop/Github/FPGA/nqueens/keep_queens/design_1_wrapper/export/design_1_wrapper/hw/design_1_wrapper.xsa -mem-ranges [list {0x40000000 0xbfffffff}] -regs
configparams force-mem-access 1
targets -set -nocase -filter {name =~"APU*"}
source C:/Users/mlabadm/Desktop/Github/FPGA/nqueens/keep_queens/keep_queens/_ide/psinit/ps7_init.tcl
ps7_init
ps7_post_config
targets -set -nocase -filter {name =~ "*A9*#0"}
dow C:/Users/mlabadm/Desktop/Github/FPGA/nqueens/keep_queens/keep_queens/Debug/keep_queens.elf
configparams force-mem-access 0
----------------End of Script----------------

17:04:53 INFO  : Context for processor 'ps7_cortexa9_0' is selected.
17:04:53 INFO  : 'con' command is executed.
17:04:53 INFO  : ----------------XSDB Script (After Launch)----------------
targets -set -nocase -filter {name =~ "*A9*#0"}
con
----------------End of Script----------------

17:04:53 INFO  : Launch script is exported to file 'C:\Users\mlabadm\Desktop\Github\FPGA\nqueens\keep_queens\keep_queens_system\_ide\scripts\debugger_keep_queens-default.tcl'
17:07:41 INFO  : Checking for BSP changes to sync application flags for project 'keep_queens'...
17:07:47 INFO  : Disconnected from the channel tcfchan#6.
17:07:48 INFO  : Connected to target on host '127.0.0.1' and port '3121'.
17:07:48 INFO  : Jtag cable 'Digilent Zed 210248A49CA4' is selected.
17:07:48 INFO  : 'jtag frequency' command is executed.
17:07:49 INFO  : Context for 'APU' is selected.
17:07:49 INFO  : System reset is completed.
17:07:52 INFO  : 'after 3000' command is executed.
17:07:52 INFO  : 'targets -set -filter {jtag_cable_name =~ "Digilent Zed 210248A49CA4" && level==0 && jtag_device_ctx=="jsn-Zed-210248A49CA4-23727093-0"}' command is executed.
17:07:54 INFO  : Device configured successfully with "C:/Users/mlabadm/Desktop/Github/FPGA/nqueens/keep_queens/keep_queens/_ide/bitstream/design_1_wrapper.bit"
17:07:55 INFO  : Context for 'APU' is selected.
17:07:55 INFO  : Hardware design and registers information is loaded from 'C:/Users/mlabadm/Desktop/Github/FPGA/nqueens/keep_queens/design_1_wrapper/export/design_1_wrapper/hw/design_1_wrapper.xsa'.
17:07:55 INFO  : 'configparams force-mem-access 1' command is executed.
17:07:55 INFO  : Context for 'APU' is selected.
17:07:55 INFO  : Sourcing of 'C:/Users/mlabadm/Desktop/Github/FPGA/nqueens/keep_queens/keep_queens/_ide/psinit/ps7_init.tcl' is done.
17:07:56 INFO  : 'ps7_init' command is executed.
17:07:56 INFO  : 'ps7_post_config' command is executed.
17:07:56 INFO  : Context for processor 'ps7_cortexa9_0' is selected.
17:07:56 INFO  : The application 'C:/Users/mlabadm/Desktop/Github/FPGA/nqueens/keep_queens/keep_queens/Debug/keep_queens.elf' is downloaded to processor 'ps7_cortexa9_0'.
17:07:57 INFO  : 'configparams force-mem-access 0' command is executed.
17:07:57 INFO  : ----------------XSDB Script----------------
connect -url tcp:127.0.0.1:3121
targets -set -nocase -filter {name =~"APU*"}
rst -system
after 3000
targets -set -filter {jtag_cable_name =~ "Digilent Zed 210248A49CA4" && level==0 && jtag_device_ctx=="jsn-Zed-210248A49CA4-23727093-0"}
fpga -file C:/Users/mlabadm/Desktop/Github/FPGA/nqueens/keep_queens/keep_queens/_ide/bitstream/design_1_wrapper.bit
targets -set -nocase -filter {name =~"APU*"}
loadhw -hw C:/Users/mlabadm/Desktop/Github/FPGA/nqueens/keep_queens/design_1_wrapper/export/design_1_wrapper/hw/design_1_wrapper.xsa -mem-ranges [list {0x40000000 0xbfffffff}] -regs
configparams force-mem-access 1
targets -set -nocase -filter {name =~"APU*"}
source C:/Users/mlabadm/Desktop/Github/FPGA/nqueens/keep_queens/keep_queens/_ide/psinit/ps7_init.tcl
ps7_init
ps7_post_config
targets -set -nocase -filter {name =~ "*A9*#0"}
dow C:/Users/mlabadm/Desktop/Github/FPGA/nqueens/keep_queens/keep_queens/Debug/keep_queens.elf
configparams force-mem-access 0
----------------End of Script----------------

17:07:57 INFO  : Context for processor 'ps7_cortexa9_0' is selected.
17:07:57 INFO  : 'con' command is executed.
17:07:57 INFO  : ----------------XSDB Script (After Launch)----------------
targets -set -nocase -filter {name =~ "*A9*#0"}
con
----------------End of Script----------------

17:07:57 INFO  : Launch script is exported to file 'C:\Users\mlabadm\Desktop\Github\FPGA\nqueens\keep_queens\keep_queens_system\_ide\scripts\debugger_keep_queens-default.tcl'
17:12:44 INFO  : Checking for BSP changes to sync application flags for project 'keep_queens'...
17:12:51 INFO  : Disconnected from the channel tcfchan#7.
17:12:52 INFO  : Connected to target on host '127.0.0.1' and port '3121'.
17:12:52 INFO  : Jtag cable 'Digilent Zed 210248A49CA4' is selected.
17:12:52 INFO  : 'jtag frequency' command is executed.
17:12:54 INFO  : Context for 'APU' is selected.
17:12:54 INFO  : System reset is completed.
17:12:57 INFO  : 'after 3000' command is executed.
17:12:58 INFO  : 'targets -set -filter {jtag_cable_name =~ "Digilent Zed 210248A49CA4" && level==0 && jtag_device_ctx=="jsn-Zed-210248A49CA4-23727093-0"}' command is executed.
17:13:00 INFO  : Device configured successfully with "C:/Users/mlabadm/Desktop/Github/FPGA/nqueens/keep_queens/keep_queens/_ide/bitstream/design_1_wrapper.bit"
17:13:00 INFO  : Context for 'APU' is selected.
17:13:00 INFO  : Hardware design and registers information is loaded from 'C:/Users/mlabadm/Desktop/Github/FPGA/nqueens/keep_queens/design_1_wrapper/export/design_1_wrapper/hw/design_1_wrapper.xsa'.
17:13:00 INFO  : 'configparams force-mem-access 1' command is executed.
17:13:00 INFO  : Context for 'APU' is selected.
17:13:00 INFO  : Sourcing of 'C:/Users/mlabadm/Desktop/Github/FPGA/nqueens/keep_queens/keep_queens/_ide/psinit/ps7_init.tcl' is done.
17:13:01 INFO  : 'ps7_init' command is executed.
17:13:01 INFO  : 'ps7_post_config' command is executed.
17:13:01 INFO  : Context for processor 'ps7_cortexa9_0' is selected.
17:13:01 INFO  : The application 'C:/Users/mlabadm/Desktop/Github/FPGA/nqueens/keep_queens/keep_queens/Debug/keep_queens.elf' is downloaded to processor 'ps7_cortexa9_0'.
17:13:02 INFO  : 'configparams force-mem-access 0' command is executed.
17:13:02 INFO  : ----------------XSDB Script----------------
connect -url tcp:127.0.0.1:3121
targets -set -nocase -filter {name =~"APU*"}
rst -system
after 3000
targets -set -filter {jtag_cable_name =~ "Digilent Zed 210248A49CA4" && level==0 && jtag_device_ctx=="jsn-Zed-210248A49CA4-23727093-0"}
fpga -file C:/Users/mlabadm/Desktop/Github/FPGA/nqueens/keep_queens/keep_queens/_ide/bitstream/design_1_wrapper.bit
targets -set -nocase -filter {name =~"APU*"}
loadhw -hw C:/Users/mlabadm/Desktop/Github/FPGA/nqueens/keep_queens/design_1_wrapper/export/design_1_wrapper/hw/design_1_wrapper.xsa -mem-ranges [list {0x40000000 0xbfffffff}] -regs
configparams force-mem-access 1
targets -set -nocase -filter {name =~"APU*"}
source C:/Users/mlabadm/Desktop/Github/FPGA/nqueens/keep_queens/keep_queens/_ide/psinit/ps7_init.tcl
ps7_init
ps7_post_config
targets -set -nocase -filter {name =~ "*A9*#0"}
dow C:/Users/mlabadm/Desktop/Github/FPGA/nqueens/keep_queens/keep_queens/Debug/keep_queens.elf
configparams force-mem-access 0
----------------End of Script----------------

17:13:02 INFO  : Context for processor 'ps7_cortexa9_0' is selected.
17:13:02 INFO  : 'con' command is executed.
17:13:02 INFO  : ----------------XSDB Script (After Launch)----------------
targets -set -nocase -filter {name =~ "*A9*#0"}
con
----------------End of Script----------------

17:13:02 INFO  : Launch script is exported to file 'C:\Users\mlabadm\Desktop\Github\FPGA\nqueens\keep_queens\keep_queens_system\_ide\scripts\debugger_keep_queens-default.tcl'
17:13:53 INFO  : Checking for BSP changes to sync application flags for project 'keep_queens'...
17:14:00 INFO  : Disconnected from the channel tcfchan#8.
17:14:01 INFO  : Connected to target on host '127.0.0.1' and port '3121'.
17:14:01 INFO  : Jtag cable 'Digilent Zed 210248A49CA4' is selected.
17:14:01 INFO  : 'jtag frequency' command is executed.
17:14:03 INFO  : Context for 'APU' is selected.
17:14:03 INFO  : System reset is completed.
17:14:06 INFO  : 'after 3000' command is executed.
17:14:06 INFO  : 'targets -set -filter {jtag_cable_name =~ "Digilent Zed 210248A49CA4" && level==0 && jtag_device_ctx=="jsn-Zed-210248A49CA4-23727093-0"}' command is executed.
17:14:09 INFO  : Device configured successfully with "C:/Users/mlabadm/Desktop/Github/FPGA/nqueens/keep_queens/keep_queens/_ide/bitstream/design_1_wrapper.bit"
17:14:09 INFO  : Context for 'APU' is selected.
17:14:09 INFO  : Hardware design and registers information is loaded from 'C:/Users/mlabadm/Desktop/Github/FPGA/nqueens/keep_queens/design_1_wrapper/export/design_1_wrapper/hw/design_1_wrapper.xsa'.
17:14:09 INFO  : 'configparams force-mem-access 1' command is executed.
17:14:09 INFO  : Context for 'APU' is selected.
17:14:09 INFO  : Sourcing of 'C:/Users/mlabadm/Desktop/Github/FPGA/nqueens/keep_queens/keep_queens/_ide/psinit/ps7_init.tcl' is done.
17:14:10 INFO  : 'ps7_init' command is executed.
17:14:10 INFO  : 'ps7_post_config' command is executed.
17:14:10 INFO  : Context for processor 'ps7_cortexa9_0' is selected.
17:14:10 INFO  : The application 'C:/Users/mlabadm/Desktop/Github/FPGA/nqueens/keep_queens/keep_queens/Debug/keep_queens.elf' is downloaded to processor 'ps7_cortexa9_0'.
17:14:11 INFO  : 'configparams force-mem-access 0' command is executed.
17:14:11 INFO  : ----------------XSDB Script----------------
connect -url tcp:127.0.0.1:3121
targets -set -nocase -filter {name =~"APU*"}
rst -system
after 3000
targets -set -filter {jtag_cable_name =~ "Digilent Zed 210248A49CA4" && level==0 && jtag_device_ctx=="jsn-Zed-210248A49CA4-23727093-0"}
fpga -file C:/Users/mlabadm/Desktop/Github/FPGA/nqueens/keep_queens/keep_queens/_ide/bitstream/design_1_wrapper.bit
targets -set -nocase -filter {name =~"APU*"}
loadhw -hw C:/Users/mlabadm/Desktop/Github/FPGA/nqueens/keep_queens/design_1_wrapper/export/design_1_wrapper/hw/design_1_wrapper.xsa -mem-ranges [list {0x40000000 0xbfffffff}] -regs
configparams force-mem-access 1
targets -set -nocase -filter {name =~"APU*"}
source C:/Users/mlabadm/Desktop/Github/FPGA/nqueens/keep_queens/keep_queens/_ide/psinit/ps7_init.tcl
ps7_init
ps7_post_config
targets -set -nocase -filter {name =~ "*A9*#0"}
dow C:/Users/mlabadm/Desktop/Github/FPGA/nqueens/keep_queens/keep_queens/Debug/keep_queens.elf
configparams force-mem-access 0
----------------End of Script----------------

17:14:11 INFO  : Context for processor 'ps7_cortexa9_0' is selected.
17:14:11 INFO  : 'con' command is executed.
17:14:11 INFO  : ----------------XSDB Script (After Launch)----------------
targets -set -nocase -filter {name =~ "*A9*#0"}
con
----------------End of Script----------------

17:14:11 INFO  : Launch script is exported to file 'C:\Users\mlabadm\Desktop\Github\FPGA\nqueens\keep_queens\keep_queens_system\_ide\scripts\debugger_keep_queens-default.tcl'
17:16:05 INFO  : Checking for BSP changes to sync application flags for project 'keep_queens'...
17:16:37 INFO  : Checking for BSP changes to sync application flags for project 'keep_queens'...
17:16:43 INFO  : Disconnected from the channel tcfchan#9.
17:16:44 INFO  : Connected to target on host '127.0.0.1' and port '3121'.
17:16:44 INFO  : Jtag cable 'Digilent Zed 210248A49CA4' is selected.
17:16:44 INFO  : 'jtag frequency' command is executed.
17:16:45 INFO  : Context for 'APU' is selected.
17:16:45 INFO  : System reset is completed.
17:16:48 INFO  : 'after 3000' command is executed.
17:16:48 INFO  : 'targets -set -filter {jtag_cable_name =~ "Digilent Zed 210248A49CA4" && level==0 && jtag_device_ctx=="jsn-Zed-210248A49CA4-23727093-0"}' command is executed.
17:16:50 INFO  : Device configured successfully with "C:/Users/mlabadm/Desktop/Github/FPGA/nqueens/keep_queens/keep_queens/_ide/bitstream/design_1_wrapper.bit"
17:16:50 INFO  : Context for 'APU' is selected.
17:16:50 INFO  : Hardware design and registers information is loaded from 'C:/Users/mlabadm/Desktop/Github/FPGA/nqueens/keep_queens/design_1_wrapper/export/design_1_wrapper/hw/design_1_wrapper.xsa'.
17:16:50 INFO  : 'configparams force-mem-access 1' command is executed.
17:16:50 INFO  : Context for 'APU' is selected.
17:16:50 INFO  : Sourcing of 'C:/Users/mlabadm/Desktop/Github/FPGA/nqueens/keep_queens/keep_queens/_ide/psinit/ps7_init.tcl' is done.
17:16:52 INFO  : 'ps7_init' command is executed.
17:16:52 INFO  : 'ps7_post_config' command is executed.
17:16:52 INFO  : Context for processor 'ps7_cortexa9_0' is selected.
17:16:53 INFO  : The application 'C:/Users/mlabadm/Desktop/Github/FPGA/nqueens/keep_queens/keep_queens/Debug/keep_queens.elf' is downloaded to processor 'ps7_cortexa9_0'.
17:16:53 INFO  : 'configparams force-mem-access 0' command is executed.
17:16:53 INFO  : ----------------XSDB Script----------------
connect -url tcp:127.0.0.1:3121
targets -set -nocase -filter {name =~"APU*"}
rst -system
after 3000
targets -set -filter {jtag_cable_name =~ "Digilent Zed 210248A49CA4" && level==0 && jtag_device_ctx=="jsn-Zed-210248A49CA4-23727093-0"}
fpga -file C:/Users/mlabadm/Desktop/Github/FPGA/nqueens/keep_queens/keep_queens/_ide/bitstream/design_1_wrapper.bit
targets -set -nocase -filter {name =~"APU*"}
loadhw -hw C:/Users/mlabadm/Desktop/Github/FPGA/nqueens/keep_queens/design_1_wrapper/export/design_1_wrapper/hw/design_1_wrapper.xsa -mem-ranges [list {0x40000000 0xbfffffff}] -regs
configparams force-mem-access 1
targets -set -nocase -filter {name =~"APU*"}
source C:/Users/mlabadm/Desktop/Github/FPGA/nqueens/keep_queens/keep_queens/_ide/psinit/ps7_init.tcl
ps7_init
ps7_post_config
targets -set -nocase -filter {name =~ "*A9*#0"}
dow C:/Users/mlabadm/Desktop/Github/FPGA/nqueens/keep_queens/keep_queens/Debug/keep_queens.elf
configparams force-mem-access 0
----------------End of Script----------------

17:16:53 INFO  : Context for processor 'ps7_cortexa9_0' is selected.
17:16:53 INFO  : 'con' command is executed.
17:16:53 INFO  : ----------------XSDB Script (After Launch)----------------
targets -set -nocase -filter {name =~ "*A9*#0"}
con
----------------End of Script----------------

17:16:53 INFO  : Launch script is exported to file 'C:\Users\mlabadm\Desktop\Github\FPGA\nqueens\keep_queens\keep_queens_system\_ide\scripts\debugger_keep_queens-default.tcl'
17:24:37 INFO  : Checking for BSP changes to sync application flags for project 'keep_queens'...
17:24:45 INFO  : Disconnected from the channel tcfchan#10.
17:24:46 INFO  : Connected to target on host '127.0.0.1' and port '3121'.
17:24:46 INFO  : Jtag cable 'Digilent Zed 210248A49CA4' is selected.
17:24:46 INFO  : 'jtag frequency' command is executed.
17:24:48 INFO  : Context for 'APU' is selected.
17:24:49 INFO  : System reset is completed.
17:24:52 INFO  : 'after 3000' command is executed.
17:24:52 INFO  : 'targets -set -filter {jtag_cable_name =~ "Digilent Zed 210248A49CA4" && level==0 && jtag_device_ctx=="jsn-Zed-210248A49CA4-23727093-0"}' command is executed.
17:24:54 INFO  : Device configured successfully with "C:/Users/mlabadm/Desktop/Github/FPGA/nqueens/keep_queens/keep_queens/_ide/bitstream/design_1_wrapper.bit"
17:24:54 INFO  : Context for 'APU' is selected.
17:24:54 INFO  : Hardware design and registers information is loaded from 'C:/Users/mlabadm/Desktop/Github/FPGA/nqueens/keep_queens/design_1_wrapper/export/design_1_wrapper/hw/design_1_wrapper.xsa'.
17:24:54 INFO  : 'configparams force-mem-access 1' command is executed.
17:24:54 INFO  : Context for 'APU' is selected.
17:24:54 INFO  : Sourcing of 'C:/Users/mlabadm/Desktop/Github/FPGA/nqueens/keep_queens/keep_queens/_ide/psinit/ps7_init.tcl' is done.
17:24:55 INFO  : 'ps7_init' command is executed.
17:24:55 INFO  : 'ps7_post_config' command is executed.
17:24:55 INFO  : Context for processor 'ps7_cortexa9_0' is selected.
17:24:56 INFO  : The application 'C:/Users/mlabadm/Desktop/Github/FPGA/nqueens/keep_queens/keep_queens/Debug/keep_queens.elf' is downloaded to processor 'ps7_cortexa9_0'.
17:24:56 INFO  : 'configparams force-mem-access 0' command is executed.
17:24:56 INFO  : ----------------XSDB Script----------------
connect -url tcp:127.0.0.1:3121
targets -set -nocase -filter {name =~"APU*"}
rst -system
after 3000
targets -set -filter {jtag_cable_name =~ "Digilent Zed 210248A49CA4" && level==0 && jtag_device_ctx=="jsn-Zed-210248A49CA4-23727093-0"}
fpga -file C:/Users/mlabadm/Desktop/Github/FPGA/nqueens/keep_queens/keep_queens/_ide/bitstream/design_1_wrapper.bit
targets -set -nocase -filter {name =~"APU*"}
loadhw -hw C:/Users/mlabadm/Desktop/Github/FPGA/nqueens/keep_queens/design_1_wrapper/export/design_1_wrapper/hw/design_1_wrapper.xsa -mem-ranges [list {0x40000000 0xbfffffff}] -regs
configparams force-mem-access 1
targets -set -nocase -filter {name =~"APU*"}
source C:/Users/mlabadm/Desktop/Github/FPGA/nqueens/keep_queens/keep_queens/_ide/psinit/ps7_init.tcl
ps7_init
ps7_post_config
targets -set -nocase -filter {name =~ "*A9*#0"}
dow C:/Users/mlabadm/Desktop/Github/FPGA/nqueens/keep_queens/keep_queens/Debug/keep_queens.elf
configparams force-mem-access 0
----------------End of Script----------------

17:24:56 INFO  : Context for processor 'ps7_cortexa9_0' is selected.
17:24:56 INFO  : 'con' command is executed.
17:24:56 INFO  : ----------------XSDB Script (After Launch)----------------
targets -set -nocase -filter {name =~ "*A9*#0"}
con
----------------End of Script----------------

17:24:56 INFO  : Launch script is exported to file 'C:\Users\mlabadm\Desktop\Github\FPGA\nqueens\keep_queens\keep_queens_system\_ide\scripts\debugger_keep_queens-default.tcl'
17:26:24 INFO  : Disconnected from the channel tcfchan#11.
