                            latency            interval
transaction        0            1180            2214
transaction        1            1180            2214
transaction        2            1180            2214
transaction        3            1180            2214
transaction        4            1180            2214
transaction        5            1180            2214
transaction        6            1180            2214
transaction        7            1180            2214
transaction        8            1180            2214
transaction        9            1180            2214
transaction        10            1180            2214
transaction        11            1180            2214
transaction        12            1180            2214
transaction        13            1180            2214
transaction        14            1180            2214
transaction        15            1180            2214
transaction        16            1180            2214
transaction        17            1180            2214
transaction        18            1180            2214
transaction        19            1180            2214
transaction        20            1180            2214
transaction        21            1180            2214
transaction        22            1180            2214
transaction        23            1180            2147431691
