#-----------------------------------------------------------
# Vivado v2019.2 (64-bit)
# SW Build 2708876 on Wed Nov  6 21:39:14 MST 2019
# IP Build 2700528 on Thu Nov  7 00:09:20 MST 2019
# Start of session at: Sun Jul 11 22:41:13 2021
# Process ID: 25635
# Current directory: /home/agustinsilva447/Escritorio/Github/FPGA/paper_routing/hopfield_hls/hopfield_routing/solution1/.autopilot/db/ip_tmp
# Command line: vivado  -notrace -mode batch -source run_vivado_gen_ip.tcl
# Log file: /home/agustinsilva447/Escritorio/Github/FPGA/paper_routing/hopfield_hls/hopfield_routing/solution1/.autopilot/db/ip_tmp/vivado.log
# Journal file: /home/agustinsilva447/Escritorio/Github/FPGA/paper_routing/hopfield_hls/hopfield_routing/solution1/.autopilot/db/ip_tmp/vivado.jou
#-----------------------------------------------------------
source run_vivado_gen_ip.tcl -notrace
INFO: [IP_Flow 19-234] Refreshing IP repositories
INFO: [IP_Flow 19-1704] No user IP repositories specified
INFO: [IP_Flow 19-2313] Loaded Vivado IP repository '/home/agustinsilva447/Vivado/Vivado/2019.2/data/ip'.
WARNING: [IP_Flow 19-4832] The IP name 'hopfield_routing_ap_fdiv_14_no_dsp_32' you have specified is long. The Windows operating system has path length limitations. It is recommended you use shorter names to reduce the likelihood of issues.
create_ip: Time (s): cpu = 00:00:05 ; elapsed = 00:00:05 . Memory (MB): peak = 1587.891 ; gain = 88.176 ; free physical = 1437 ; free virtual = 9008
INFO: [IP_Flow 19-1686] Generating 'Synthesis' target for IP 'hopfield_routing_ap_fdiv_14_no_dsp_32'...
INFO: [IP_Flow 19-1686] Generating 'Simulation' target for IP 'hopfield_routing_ap_fdiv_14_no_dsp_32'...
WARNING: [IP_Flow 19-4832] The IP name 'hopfield_routing_ap_faddfsub_3_full_dsp_32' you have specified is long. The Windows operating system has path length limitations. It is recommended you use shorter names to reduce the likelihood of issues.
INFO: [IP_Flow 19-1686] Generating 'Synthesis' target for IP 'hopfield_routing_ap_faddfsub_3_full_dsp_32'...
INFO: [IP_Flow 19-1686] Generating 'Simulation' target for IP 'hopfield_routing_ap_faddfsub_3_full_dsp_32'...
WARNING: [IP_Flow 19-4832] The IP name 'hopfield_routing_ap_sitofp_4_no_dsp_32' you have specified is long. The Windows operating system has path length limitations. It is recommended you use shorter names to reduce the likelihood of issues.
INFO: [IP_Flow 19-1686] Generating 'Synthesis' target for IP 'hopfield_routing_ap_sitofp_4_no_dsp_32'...
INFO: [IP_Flow 19-1686] Generating 'Simulation' target for IP 'hopfield_routing_ap_sitofp_4_no_dsp_32'...
WARNING: [IP_Flow 19-4832] The IP name 'hopfield_routing_ap_fexp_7_full_dsp_32' you have specified is long. The Windows operating system has path length limitations. It is recommended you use shorter names to reduce the likelihood of issues.
INFO: [IP_Flow 19-1686] Generating 'Synthesis' target for IP 'hopfield_routing_ap_fexp_7_full_dsp_32'...
INFO: [IP_Flow 19-1686] Generating 'Simulation' target for IP 'hopfield_routing_ap_fexp_7_full_dsp_32'...
WARNING: [IP_Flow 19-4832] The IP name 'hopfield_routing_ap_fmul_2_max_dsp_32' you have specified is long. The Windows operating system has path length limitations. It is recommended you use shorter names to reduce the likelihood of issues.
INFO: [IP_Flow 19-1686] Generating 'Synthesis' target for IP 'hopfield_routing_ap_fmul_2_max_dsp_32'...
INFO: [IP_Flow 19-1686] Generating 'Simulation' target for IP 'hopfield_routing_ap_fmul_2_max_dsp_32'...
INFO: [Common 17-206] Exiting Vivado at Sun Jul 11 22:41:58 2021...
