
*** Running vivado
    with args -log top_nqueens.vds -m64 -product Vivado -mode batch -messageDb vivado.pb -notrace -source top_nqueens.tcl


****** Vivado v2019.2 (64-bit)
  **** SW Build 2708876 on Wed Nov  6 21:40:23 MST 2019
  **** IP Build 2700528 on Thu Nov  7 00:09:20 MST 2019
    ** Copyright 1986-2019 Xilinx, Inc. All Rights Reserved.

source top_nqueens.tcl -notrace
INFO: [IP_Flow 19-234] Refreshing IP repositories
INFO: [IP_Flow 19-1700] Loaded user IP repository 'c:/Users/mlabadm/Desktop/Github/core-comblock-master'.
INFO: [IP_Flow 19-2313] Loaded Vivado IP repository 'C:/Xilinx/Vivado/2019.2/data/ip'.
Command: synth_design -top top_nqueens -part xc7z020clg484-1
Starting synth_design
Attempting to get a license for feature 'Synthesis' and/or device 'xc7z020'
INFO: [Common 17-349] Got license for feature 'Synthesis' and/or device 'xc7z020'
INFO: Launching helper process for spawning children vivado processes
INFO: Helper process launched with PID 6388 
---------------------------------------------------------------------------------
Starting Synthesize : Time (s): cpu = 00:00:03 ; elapsed = 00:00:03 . Memory (MB): peak = 659.957 ; gain = 241.031
---------------------------------------------------------------------------------
INFO: [Synth 8-638] synthesizing module 'top_nqueens' [C:/Users/mlabadm/Desktop/Github/FPGA/nqueens/nqueens_fpga/nqueens_fpga.srcs/sources_1/new/top_nqueens.vhd:17]
ERROR: [Synth 8-78] a value must be associated with generic M [C:/Users/mlabadm/Desktop/Github/FPGA/nqueens/nqueens_fpga/nqueens_fpga.srcs/sources_1/new/top_nqueens.vhd:6]
ERROR: [Synth 8-78] a value must be associated with generic N [C:/Users/mlabadm/Desktop/Github/FPGA/nqueens/nqueens_fpga/nqueens_fpga.srcs/sources_1/new/top_nqueens.vhd:7]
ERROR: [Synth 8-78] a value must be associated with generic P [C:/Users/mlabadm/Desktop/Github/FPGA/nqueens/nqueens_fpga/nqueens_fpga.srcs/sources_1/new/top_nqueens.vhd:8]
ERROR: [Synth 8-285] failed synthesizing module 'top_nqueens' [C:/Users/mlabadm/Desktop/Github/FPGA/nqueens/nqueens_fpga/nqueens_fpga.srcs/sources_1/new/top_nqueens.vhd:17]
---------------------------------------------------------------------------------
Finished Synthesize : Time (s): cpu = 00:00:04 ; elapsed = 00:00:04 . Memory (MB): peak = 733.496 ; gain = 314.570
---------------------------------------------------------------------------------
synthesize failed
INFO: [Common 17-83] Releasing license: Synthesis
6 Infos, 0 Warnings, 0 Critical Warnings and 5 Errors encountered.
synth_design failed
ERROR: [Common 17-69] Command failed: Vivado Synthesis failed
INFO: [Common 17-206] Exiting Vivado at Thu Sep 30 19:05:04 2021...
