

================================================================
== Vivado HLS Report for 'hopfield_vitis'
================================================================
* Date:           Wed Jul 14 12:31:37 2021

* Version:        2019.2 (Build 2704478 on Wed Nov 06 22:10:23 MST 2019)
* Project:        hopfield_vitis
* Solution:       solution1
* Product family: zynq
* Target device:  xc7z020-clg484-1


================================================================
== Performance Estimates
================================================================
+ Timing: 
    * Summary: 
    +--------+----------+----------+------------+
    |  Clock |  Target  | Estimated| Uncertainty|
    +--------+----------+----------+------------+
    |ap_clk  | 10.00 ns | 7.684 ns |   1.25 ns  |
    +--------+----------+----------+------------+

+ Latency: 
    * Summary: 
    +---------+---------+----------+-----------+-----+------+---------+
    |  Latency (cycles) |  Latency (absolute)  |  Interval  | Pipeline|
    |   min   |   max   |    min   |    max    | min |  max |   Type  |
    +---------+---------+----------+-----------+-----+------+---------+
    |      145|     2385| 1.450 us | 23.850 us |  145|  2385|   none  |
    +---------+---------+----------+-----------+-----+------+---------+

    + Detail: 
        * Instance: 
        N/A

        * Loop: 
        +-------------+---------+---------+----------+-----------+-----------+------+----------+
        |             |  Latency (cycles) | Iteration|  Initiation Interval  | Trip |          |
        |  Loop Name  |   min   |   max   |  Latency |  achieved |   target  | Count| Pipelined|
        +-------------+---------+---------+----------+-----------+-----------+------+----------+
        |- Loop 1     |      144|     2384| 18 ~ 298 |          -|          -|     8|    no    |
        | + Loop 1.1  |       16|      296|  2 ~ 37  |          -|          -|     8|    no    |
        +-------------+---------+---------+----------+-----------+-----------+------+----------+

============================================================
+ Verbose Summary: Synthesis Manager
============================================================
InlineROM: 1
ExposeGlobal: 0
============================================================
+ Verbose Summary: CDFG Model
============================================================
IsTopModel: 1
ResetActiveHigh: 1
IsCombinational: 0
IsDatapathOnly: 0
HasWiredReturn: 1
HasMFsm: 0
HasVarLatency: 1
IsPipeline: 0
IsRtlPipelined: 0
IsInstanceOverlapped: 0
IsDontTouch: 0
HasImplIP: 0
IsGatedGlobalClock: 0


============================================================
+ Verbose Summary: Schedule
============================================================
* Number of FSM states : 39
* Pipeline : 0
* Dataflow Pipeline: 0

* FSM state transitions: 
1 --> 2 
2 --> 3 
3 --> 4 39 2 
4 --> 5 
5 --> 6 
6 --> 7 
7 --> 8 
8 --> 9 
9 --> 10 
10 --> 11 
11 --> 12 
12 --> 13 
13 --> 14 
14 --> 15 
15 --> 16 
16 --> 17 
17 --> 18 
18 --> 19 
19 --> 20 
20 --> 21 
21 --> 22 
22 --> 23 
23 --> 24 
24 --> 25 
25 --> 26 
26 --> 27 
27 --> 28 
28 --> 29 
29 --> 30 
30 --> 31 
31 --> 32 
32 --> 33 
33 --> 34 
34 --> 35 
35 --> 36 
36 --> 37 
37 --> 38 
38 --> 39 
39 --> 3 

* FSM state operations: 

State 1 <SV = 0> <Delay = 1.76>
ST_1 : Operation 40 [1/1] (0.00ns)   --->   "call void (...)* @_ssdm_op_SpecBitsMap([64 x float]* %V) nounwind, !map !84"   --->   Operation 40 'specbitsmap' <Predicate = true> <Delay = 0.00>
ST_1 : Operation 41 [1/1] (0.00ns)   --->   "call void (...)* @_ssdm_op_SpecBitsMap([64 x float]* %U_1) nounwind, !map !88"   --->   Operation 41 'specbitsmap' <Predicate = true> <Delay = 0.00>
ST_1 : Operation 42 [1/1] (0.00ns)   --->   "call void (...)* @_ssdm_op_SpecBitsMap(float* %l) nounwind, !map !92"   --->   Operation 42 'specbitsmap' <Predicate = true> <Delay = 0.00>
ST_1 : Operation 43 [1/1] (0.00ns)   --->   "call void (...)* @_ssdm_op_SpecTopModule([15 x i8]* @hopfield_vitis_str) nounwind"   --->   Operation 43 'spectopmodule' <Predicate = true> <Delay = 0.00>
ST_1 : Operation 44 [1/1] (0.00ns)   --->   "call void (...)* @_ssdm_op_SpecInterface(i32 0, [10 x i8]* @p_str, i32 0, i32 0, [1 x i8]* @p_str1, i32 0, i32 0, [9 x i8]* @p_str2, [1 x i8]* @p_str1, [1 x i8]* @p_str1, i32 0, i32 0, i32 0, i32 0, [1 x i8]* @p_str1, [1 x i8]* @p_str1) nounwind" [hopfield_vitis/hopfield_vitis.cpp:10]   --->   Operation 44 'specinterface' <Predicate = true> <Delay = 0.00>
ST_1 : Operation 45 [1/1] (0.00ns)   --->   "call void (...)* @_ssdm_op_SpecInterface([64 x float]* %V, [5 x i8]* @p_str3, i32 0, i32 0, [1 x i8]* @p_str1, i32 0, i32 0, [1 x i8]* @p_str1, [1 x i8]* @p_str1, [1 x i8]* @p_str1, i32 0, i32 0, i32 0, i32 0, [1 x i8]* @p_str1, [1 x i8]* @p_str1) nounwind" [hopfield_vitis/hopfield_vitis.cpp:11]   --->   Operation 45 'specinterface' <Predicate = true> <Delay = 0.00>
ST_1 : Operation 46 [1/1] (0.00ns)   --->   "call void (...)* @_ssdm_op_SpecMemCore([64 x float]* %V, [1 x i8]* @p_str1, [12 x i8]* @p_str4, [1 x i8]* @p_str1, i32 -1, [1 x i8]* @p_str1, [1 x i8]* @p_str1, [1 x i8]* @p_str1, [1 x i8]* @p_str1, [1 x i8]* @p_str1) nounwind" [hopfield_vitis/hopfield_vitis.cpp:12]   --->   Operation 46 'specmemcore' <Predicate = true> <Delay = 0.00>
ST_1 : Operation 47 [1/1] (0.00ns)   --->   "call void (...)* @_ssdm_op_SpecInterface([64 x float]* %U_1, [5 x i8]* @p_str3, i32 0, i32 0, [1 x i8]* @p_str1, i32 0, i32 0, [1 x i8]* @p_str1, [1 x i8]* @p_str1, [1 x i8]* @p_str1, i32 0, i32 0, i32 0, i32 0, [1 x i8]* @p_str1, [1 x i8]* @p_str1) nounwind" [hopfield_vitis/hopfield_vitis.cpp:13]   --->   Operation 47 'specinterface' <Predicate = true> <Delay = 0.00>
ST_1 : Operation 48 [1/1] (0.00ns)   --->   "call void (...)* @_ssdm_op_SpecMemCore([64 x float]* %U_1, [1 x i8]* @p_str1, [12 x i8]* @p_str4, [1 x i8]* @p_str1, i32 -1, [1 x i8]* @p_str1, [1 x i8]* @p_str1, [1 x i8]* @p_str1, [1 x i8]* @p_str1, [1 x i8]* @p_str1) nounwind" [hopfield_vitis/hopfield_vitis.cpp:14]   --->   Operation 48 'specmemcore' <Predicate = true> <Delay = 0.00>
ST_1 : Operation 49 [1/1] (0.00ns)   --->   "call void (...)* @_ssdm_op_SpecInterface(float* %l, [10 x i8]* @p_str, i32 0, i32 0, [1 x i8]* @p_str1, i32 0, i32 0, [9 x i8]* @p_str2, [1 x i8]* @p_str1, [1 x i8]* @p_str1, i32 0, i32 0, i32 0, i32 0, [1 x i8]* @p_str1, [1 x i8]* @p_str1) nounwind" [hopfield_vitis/hopfield_vitis.cpp:15]   --->   Operation 49 'specinterface' <Predicate = true> <Delay = 0.00>
ST_1 : Operation 50 [1/1] (1.76ns)   --->   "br label %.loopexit" [hopfield_vitis/hopfield_vitis.cpp:17]   --->   Operation 50 'br' <Predicate = true> <Delay = 1.76>

State 2 <SV = 1> <Delay = 1.82>
ST_2 : Operation 51 [1/1] (0.00ns)   --->   "%x_0 = phi i4 [ 0, %0 ], [ %x, %.loopexit.loopexit ]"   --->   Operation 51 'phi' 'x_0' <Predicate = true> <Delay = 0.00>
ST_2 : Operation 52 [1/1] (0.00ns)   --->   "%zext_ln17 = zext i4 %x_0 to i6" [hopfield_vitis/hopfield_vitis.cpp:17]   --->   Operation 52 'zext' 'zext_ln17' <Predicate = true> <Delay = 0.00>
ST_2 : Operation 53 [1/1] (1.30ns)   --->   "%icmp_ln17 = icmp eq i4 %x_0, -8" [hopfield_vitis/hopfield_vitis.cpp:17]   --->   Operation 53 'icmp' 'icmp_ln17' <Predicate = true> <Delay = 1.30> <Core = "Cmp">   --->   Core 25 'Cmp' <Latency = 0> <II = 1> <Delay = 1.30> <FuncUnit> <Opcode : 'icmp'> <InPorts = 2> <OutPorts = 1>
ST_2 : Operation 54 [1/1] (0.00ns)   --->   "%empty = call i32 (...)* @_ssdm_op_SpecLoopTripCount(i64 8, i64 8, i64 8) nounwind"   --->   Operation 54 'speclooptripcount' 'empty' <Predicate = true> <Delay = 0.00>
ST_2 : Operation 55 [1/1] (1.73ns)   --->   "%x = add i4 %x_0, 1" [hopfield_vitis/hopfield_vitis.cpp:17]   --->   Operation 55 'add' 'x' <Predicate = true> <Delay = 1.73> <Core = "AddSub">   --->   Core 14 'AddSub' <Latency = 0> <II = 1> <Delay = 1.82> <FuncUnit> <Opcode : 'add' 'sub'> <InPorts = 2> <OutPorts = 1>
ST_2 : Operation 56 [1/1] (0.00ns)   --->   "br i1 %icmp_ln17, label %5, label %.preheader.preheader" [hopfield_vitis/hopfield_vitis.cpp:17]   --->   Operation 56 'br' <Predicate = true> <Delay = 0.00>
ST_2 : Operation 57 [1/1] (0.00ns)   --->   "%trunc_ln23 = trunc i4 %x_0 to i3" [hopfield_vitis/hopfield_vitis.cpp:23]   --->   Operation 57 'trunc' 'trunc_ln23' <Predicate = (!icmp_ln17)> <Delay = 0.00>
ST_2 : Operation 58 [1/1] (0.00ns)   --->   "%shl_ln = call i6 @_ssdm_op_BitConcatenate.i6.i3.i3(i3 %trunc_ln23, i3 0)" [hopfield_vitis/hopfield_vitis.cpp:23]   --->   Operation 58 'bitconcatenate' 'shl_ln' <Predicate = (!icmp_ln17)> <Delay = 0.00>
ST_2 : Operation 59 [1/1] (1.82ns)   --->   "%add_ln23 = add i6 %shl_ln, %zext_ln17" [hopfield_vitis/hopfield_vitis.cpp:23]   --->   Operation 59 'add' 'add_ln23' <Predicate = (!icmp_ln17)> <Delay = 1.82> <Core = "AddSub">   --->   Core 14 'AddSub' <Latency = 0> <II = 1> <Delay = 1.82> <FuncUnit> <Opcode : 'add' 'sub'> <InPorts = 2> <OutPorts = 1>
ST_2 : Operation 60 [1/1] (0.00ns)   --->   "%zext_ln23 = zext i6 %add_ln23 to i64" [hopfield_vitis/hopfield_vitis.cpp:23]   --->   Operation 60 'zext' 'zext_ln23' <Predicate = (!icmp_ln17)> <Delay = 0.00>
ST_2 : Operation 61 [1/1] (0.00ns)   --->   "%V_addr = getelementptr [64 x float]* %V, i64 0, i64 %zext_ln23" [hopfield_vitis/hopfield_vitis.cpp:23]   --->   Operation 61 'getelementptr' 'V_addr' <Predicate = (!icmp_ln17)> <Delay = 0.00>
ST_2 : Operation 62 [1/1] (1.76ns)   --->   "br label %.preheader" [hopfield_vitis/hopfield_vitis.cpp:19]   --->   Operation 62 'br' <Predicate = (!icmp_ln17)> <Delay = 1.76>
ST_2 : Operation 63 [1/1] (0.00ns)   --->   "ret void" [hopfield_vitis/hopfield_vitis.cpp:29]   --->   Operation 63 'ret' <Predicate = (icmp_ln17)> <Delay = 0.00>

State 3 <SV = 2> <Delay = 5.07>
ST_3 : Operation 64 [1/1] (0.00ns)   --->   "%i_0 = phi i4 [ %i, %4 ], [ 0, %.preheader.preheader ]"   --->   Operation 64 'phi' 'i_0' <Predicate = true> <Delay = 0.00>
ST_3 : Operation 65 [1/1] (0.00ns)   --->   "%zext_ln19 = zext i4 %i_0 to i6" [hopfield_vitis/hopfield_vitis.cpp:19]   --->   Operation 65 'zext' 'zext_ln19' <Predicate = true> <Delay = 0.00>
ST_3 : Operation 66 [1/1] (1.30ns)   --->   "%icmp_ln19 = icmp eq i4 %i_0, -8" [hopfield_vitis/hopfield_vitis.cpp:19]   --->   Operation 66 'icmp' 'icmp_ln19' <Predicate = true> <Delay = 1.30> <Core = "Cmp">   --->   Core 25 'Cmp' <Latency = 0> <II = 1> <Delay = 1.30> <FuncUnit> <Opcode : 'icmp'> <InPorts = 2> <OutPorts = 1>
ST_3 : Operation 67 [1/1] (0.00ns)   --->   "%empty_2 = call i32 (...)* @_ssdm_op_SpecLoopTripCount(i64 8, i64 8, i64 8) nounwind"   --->   Operation 67 'speclooptripcount' 'empty_2' <Predicate = true> <Delay = 0.00>
ST_3 : Operation 68 [1/1] (1.73ns)   --->   "%i = add i4 %i_0, 1" [hopfield_vitis/hopfield_vitis.cpp:19]   --->   Operation 68 'add' 'i' <Predicate = true> <Delay = 1.73> <Core = "AddSub">   --->   Core 14 'AddSub' <Latency = 0> <II = 1> <Delay = 1.82> <FuncUnit> <Opcode : 'add' 'sub'> <InPorts = 2> <OutPorts = 1>
ST_3 : Operation 69 [1/1] (0.00ns)   --->   "br i1 %icmp_ln19, label %.loopexit.loopexit, label %1" [hopfield_vitis/hopfield_vitis.cpp:19]   --->   Operation 69 'br' <Predicate = true> <Delay = 0.00>
ST_3 : Operation 70 [1/1] (1.30ns)   --->   "%icmp_ln21 = icmp eq i4 %x_0, %i_0" [hopfield_vitis/hopfield_vitis.cpp:21]   --->   Operation 70 'icmp' 'icmp_ln21' <Predicate = (!icmp_ln19)> <Delay = 1.30> <Core = "Cmp">   --->   Core 25 'Cmp' <Latency = 0> <II = 1> <Delay = 1.30> <FuncUnit> <Opcode : 'icmp'> <InPorts = 2> <OutPorts = 1>
ST_3 : Operation 71 [1/1] (0.00ns)   --->   "br i1 %icmp_ln21, label %2, label %3" [hopfield_vitis/hopfield_vitis.cpp:21]   --->   Operation 71 'br' <Predicate = (!icmp_ln19)> <Delay = 0.00>
ST_3 : Operation 72 [1/1] (1.82ns)   --->   "%add_ln25 = add i6 %zext_ln19, %shl_ln" [hopfield_vitis/hopfield_vitis.cpp:25]   --->   Operation 72 'add' 'add_ln25' <Predicate = (!icmp_ln19 & !icmp_ln21)> <Delay = 1.82> <Core = "AddSub">   --->   Core 14 'AddSub' <Latency = 0> <II = 1> <Delay = 1.82> <FuncUnit> <Opcode : 'add' 'sub'> <InPorts = 2> <OutPorts = 1>
ST_3 : Operation 73 [1/1] (0.00ns)   --->   "%zext_ln25 = zext i6 %add_ln25 to i64" [hopfield_vitis/hopfield_vitis.cpp:25]   --->   Operation 73 'zext' 'zext_ln25' <Predicate = (!icmp_ln19 & !icmp_ln21)> <Delay = 0.00>
ST_3 : Operation 74 [1/1] (0.00ns)   --->   "%U_1_addr = getelementptr [64 x float]* %U_1, i64 0, i64 %zext_ln25" [hopfield_vitis/hopfield_vitis.cpp:25]   --->   Operation 74 'getelementptr' 'U_1_addr' <Predicate = (!icmp_ln19 & !icmp_ln21)> <Delay = 0.00>
ST_3 : Operation 75 [2/2] (3.25ns)   --->   "%U_1_load = load float* %U_1_addr, align 4" [hopfield_vitis/hopfield_vitis.cpp:25]   --->   Operation 75 'load' 'U_1_load' <Predicate = (!icmp_ln19 & !icmp_ln21)> <Delay = 3.25> <Core = "RAM_1P_BRAM">   --->   Core 46 'RAM_1P_BRAM' <Latency = 1> <II = 1> <Delay = 3.25> <Storage> <Opcode : 'load' 'store'> <Ports = 1> <Width = 32> <Depth = 64> <RAM>
ST_3 : Operation 76 [1/1] (3.25ns)   --->   "store float 0.000000e+00, float* %V_addr, align 4" [hopfield_vitis/hopfield_vitis.cpp:23]   --->   Operation 76 'store' <Predicate = (!icmp_ln19 & icmp_ln21)> <Delay = 3.25> <Core = "RAM_1P_BRAM">   --->   Core 46 'RAM_1P_BRAM' <Latency = 1> <II = 1> <Delay = 3.25> <Storage> <Opcode : 'load' 'store'> <Ports = 1> <Width = 32> <Depth = 64> <RAM>
ST_3 : Operation 77 [1/1] (0.00ns)   --->   "br label %4" [hopfield_vitis/hopfield_vitis.cpp:24]   --->   Operation 77 'br' <Predicate = (!icmp_ln19 & icmp_ln21)> <Delay = 0.00>
ST_3 : Operation 78 [1/1] (0.00ns)   --->   "br label %.loopexit"   --->   Operation 78 'br' <Predicate = (icmp_ln19)> <Delay = 0.00>

State 4 <SV = 3> <Delay = 3.25>
ST_4 : Operation 79 [1/2] (3.25ns)   --->   "%U_1_load = load float* %U_1_addr, align 4" [hopfield_vitis/hopfield_vitis.cpp:25]   --->   Operation 79 'load' 'U_1_load' <Predicate = true> <Delay = 3.25> <Core = "RAM_1P_BRAM">   --->   Core 46 'RAM_1P_BRAM' <Latency = 1> <II = 1> <Delay = 3.25> <Storage> <Opcode : 'load' 'store'> <Ports = 1> <Width = 32> <Depth = 64> <RAM>

State 5 <SV = 4> <Delay = 6.70>
ST_5 : Operation 80 [1/1] (0.00ns)   --->   "%bitcast_ln25 = bitcast float %U_1_load to i32" [hopfield_vitis/hopfield_vitis.cpp:25]   --->   Operation 80 'bitcast' 'bitcast_ln25' <Predicate = true> <Delay = 0.00>
ST_5 : Operation 81 [1/1] (0.99ns)   --->   "%xor_ln25 = xor i32 %bitcast_ln25, -2147483648" [hopfield_vitis/hopfield_vitis.cpp:25]   --->   Operation 81 'xor' 'xor_ln25' <Predicate = true> <Delay = 0.99> <Core = "LogicGate">   --->   Core 27 'LogicGate' <Latency = 0> <II = 1> <Delay = 0.99> <FuncUnit> <Opcode : 'and' 'or' 'xor'> <InPorts = 2> <OutPorts = 1>
ST_5 : Operation 82 [1/1] (0.00ns)   --->   "%bitcast_ln25_1 = bitcast i32 %xor_ln25 to float" [hopfield_vitis/hopfield_vitis.cpp:25]   --->   Operation 82 'bitcast' 'bitcast_ln25_1' <Predicate = true> <Delay = 0.00>
ST_5 : Operation 83 [1/1] (1.00ns)   --->   "%l_read = call float @_ssdm_op_Read.s_axilite.floatP(float* %l) nounwind" [hopfield_vitis/hopfield_vitis.cpp:25]   --->   Operation 83 'read' 'l_read' <Predicate = true> <Delay = 1.00> <Core = "s_axilite">   --->   Core 10 's_axilite' <Latency = 0> <II = 1> <Delay = 1.00> <Adapter> <Opcode : 'read' 'write'>
ST_5 : Operation 84 [4/4] (5.70ns)   --->   "%x_assign = fmul float %bitcast_ln25_1, %l_read" [hopfield_vitis/hopfield_vitis.cpp:25]   --->   Operation 84 'fmul' 'x_assign' <Predicate = true> <Delay = 5.70> <Core = "FMul">   --->   Core 106 'FMul' <Latency = 3> <II = 1> <Delay = 5.70> <FuncUnit> <Opcode : 'fmul'> <InPorts = 2> <OutPorts = 1>

State 6 <SV = 5> <Delay = 5.70>
ST_6 : Operation 85 [3/4] (5.70ns)   --->   "%x_assign = fmul float %bitcast_ln25_1, %l_read" [hopfield_vitis/hopfield_vitis.cpp:25]   --->   Operation 85 'fmul' 'x_assign' <Predicate = true> <Delay = 5.70> <Core = "FMul">   --->   Core 106 'FMul' <Latency = 3> <II = 1> <Delay = 5.70> <FuncUnit> <Opcode : 'fmul'> <InPorts = 2> <OutPorts = 1>

State 7 <SV = 6> <Delay = 5.70>
ST_7 : Operation 86 [2/4] (5.70ns)   --->   "%x_assign = fmul float %bitcast_ln25_1, %l_read" [hopfield_vitis/hopfield_vitis.cpp:25]   --->   Operation 86 'fmul' 'x_assign' <Predicate = true> <Delay = 5.70> <Core = "FMul">   --->   Core 106 'FMul' <Latency = 3> <II = 1> <Delay = 5.70> <FuncUnit> <Opcode : 'fmul'> <InPorts = 2> <OutPorts = 1>

State 8 <SV = 7> <Delay = 5.70>
ST_8 : Operation 87 [1/4] (5.70ns)   --->   "%x_assign = fmul float %bitcast_ln25_1, %l_read" [hopfield_vitis/hopfield_vitis.cpp:25]   --->   Operation 87 'fmul' 'x_assign' <Predicate = true> <Delay = 5.70> <Core = "FMul">   --->   Core 106 'FMul' <Latency = 3> <II = 1> <Delay = 5.70> <FuncUnit> <Opcode : 'fmul'> <InPorts = 2> <OutPorts = 1>

State 9 <SV = 8> <Delay = 7.68>
ST_9 : Operation 88 [9/9] (7.68ns)   --->   "%tmp_i_i = call float @llvm.exp.f32(float %x_assign) nounwind" [r:/builds/2019.2/continuous/2019_11_06_2708876/src/products/hls/hls_lib/hlsmath/src/common/hls_exp_float.cpp:16->r:/builds/2019.2/continuous/2019_11_06_2708876/src/products/hls/hls_lib/hlsmath/src/c++/expfloat.cpp:20->hopfield_vitis/hopfield_vitis.cpp:25]   --->   Operation 88 'fexp' 'tmp_i_i' <Predicate = true> <Delay = 7.68> <Core = "FExp">   --->   Core 127 'FExp' <Latency = 8> <II = 1> <Delay = 7.68> <FuncUnit> <Opcode : 'fexp'> <InPorts = 1> <OutPorts = 1>

State 10 <SV = 9> <Delay = 7.68>
ST_10 : Operation 89 [8/9] (7.68ns)   --->   "%tmp_i_i = call float @llvm.exp.f32(float %x_assign) nounwind" [r:/builds/2019.2/continuous/2019_11_06_2708876/src/products/hls/hls_lib/hlsmath/src/common/hls_exp_float.cpp:16->r:/builds/2019.2/continuous/2019_11_06_2708876/src/products/hls/hls_lib/hlsmath/src/c++/expfloat.cpp:20->hopfield_vitis/hopfield_vitis.cpp:25]   --->   Operation 89 'fexp' 'tmp_i_i' <Predicate = true> <Delay = 7.68> <Core = "FExp">   --->   Core 127 'FExp' <Latency = 8> <II = 1> <Delay = 7.68> <FuncUnit> <Opcode : 'fexp'> <InPorts = 1> <OutPorts = 1>

State 11 <SV = 10> <Delay = 7.68>
ST_11 : Operation 90 [7/9] (7.68ns)   --->   "%tmp_i_i = call float @llvm.exp.f32(float %x_assign) nounwind" [r:/builds/2019.2/continuous/2019_11_06_2708876/src/products/hls/hls_lib/hlsmath/src/common/hls_exp_float.cpp:16->r:/builds/2019.2/continuous/2019_11_06_2708876/src/products/hls/hls_lib/hlsmath/src/c++/expfloat.cpp:20->hopfield_vitis/hopfield_vitis.cpp:25]   --->   Operation 90 'fexp' 'tmp_i_i' <Predicate = true> <Delay = 7.68> <Core = "FExp">   --->   Core 127 'FExp' <Latency = 8> <II = 1> <Delay = 7.68> <FuncUnit> <Opcode : 'fexp'> <InPorts = 1> <OutPorts = 1>

State 12 <SV = 11> <Delay = 7.68>
ST_12 : Operation 91 [6/9] (7.68ns)   --->   "%tmp_i_i = call float @llvm.exp.f32(float %x_assign) nounwind" [r:/builds/2019.2/continuous/2019_11_06_2708876/src/products/hls/hls_lib/hlsmath/src/common/hls_exp_float.cpp:16->r:/builds/2019.2/continuous/2019_11_06_2708876/src/products/hls/hls_lib/hlsmath/src/c++/expfloat.cpp:20->hopfield_vitis/hopfield_vitis.cpp:25]   --->   Operation 91 'fexp' 'tmp_i_i' <Predicate = true> <Delay = 7.68> <Core = "FExp">   --->   Core 127 'FExp' <Latency = 8> <II = 1> <Delay = 7.68> <FuncUnit> <Opcode : 'fexp'> <InPorts = 1> <OutPorts = 1>

State 13 <SV = 12> <Delay = 7.68>
ST_13 : Operation 92 [5/9] (7.68ns)   --->   "%tmp_i_i = call float @llvm.exp.f32(float %x_assign) nounwind" [r:/builds/2019.2/continuous/2019_11_06_2708876/src/products/hls/hls_lib/hlsmath/src/common/hls_exp_float.cpp:16->r:/builds/2019.2/continuous/2019_11_06_2708876/src/products/hls/hls_lib/hlsmath/src/c++/expfloat.cpp:20->hopfield_vitis/hopfield_vitis.cpp:25]   --->   Operation 92 'fexp' 'tmp_i_i' <Predicate = true> <Delay = 7.68> <Core = "FExp">   --->   Core 127 'FExp' <Latency = 8> <II = 1> <Delay = 7.68> <FuncUnit> <Opcode : 'fexp'> <InPorts = 1> <OutPorts = 1>

State 14 <SV = 13> <Delay = 7.68>
ST_14 : Operation 93 [4/9] (7.68ns)   --->   "%tmp_i_i = call float @llvm.exp.f32(float %x_assign) nounwind" [r:/builds/2019.2/continuous/2019_11_06_2708876/src/products/hls/hls_lib/hlsmath/src/common/hls_exp_float.cpp:16->r:/builds/2019.2/continuous/2019_11_06_2708876/src/products/hls/hls_lib/hlsmath/src/c++/expfloat.cpp:20->hopfield_vitis/hopfield_vitis.cpp:25]   --->   Operation 93 'fexp' 'tmp_i_i' <Predicate = true> <Delay = 7.68> <Core = "FExp">   --->   Core 127 'FExp' <Latency = 8> <II = 1> <Delay = 7.68> <FuncUnit> <Opcode : 'fexp'> <InPorts = 1> <OutPorts = 1>

State 15 <SV = 14> <Delay = 7.68>
ST_15 : Operation 94 [3/9] (7.68ns)   --->   "%tmp_i_i = call float @llvm.exp.f32(float %x_assign) nounwind" [r:/builds/2019.2/continuous/2019_11_06_2708876/src/products/hls/hls_lib/hlsmath/src/common/hls_exp_float.cpp:16->r:/builds/2019.2/continuous/2019_11_06_2708876/src/products/hls/hls_lib/hlsmath/src/c++/expfloat.cpp:20->hopfield_vitis/hopfield_vitis.cpp:25]   --->   Operation 94 'fexp' 'tmp_i_i' <Predicate = true> <Delay = 7.68> <Core = "FExp">   --->   Core 127 'FExp' <Latency = 8> <II = 1> <Delay = 7.68> <FuncUnit> <Opcode : 'fexp'> <InPorts = 1> <OutPorts = 1>

State 16 <SV = 15> <Delay = 7.68>
ST_16 : Operation 95 [2/9] (7.68ns)   --->   "%tmp_i_i = call float @llvm.exp.f32(float %x_assign) nounwind" [r:/builds/2019.2/continuous/2019_11_06_2708876/src/products/hls/hls_lib/hlsmath/src/common/hls_exp_float.cpp:16->r:/builds/2019.2/continuous/2019_11_06_2708876/src/products/hls/hls_lib/hlsmath/src/c++/expfloat.cpp:20->hopfield_vitis/hopfield_vitis.cpp:25]   --->   Operation 95 'fexp' 'tmp_i_i' <Predicate = true> <Delay = 7.68> <Core = "FExp">   --->   Core 127 'FExp' <Latency = 8> <II = 1> <Delay = 7.68> <FuncUnit> <Opcode : 'fexp'> <InPorts = 1> <OutPorts = 1>

State 17 <SV = 16> <Delay = 7.68>
ST_17 : Operation 96 [1/9] (7.68ns)   --->   "%tmp_i_i = call float @llvm.exp.f32(float %x_assign) nounwind" [r:/builds/2019.2/continuous/2019_11_06_2708876/src/products/hls/hls_lib/hlsmath/src/common/hls_exp_float.cpp:16->r:/builds/2019.2/continuous/2019_11_06_2708876/src/products/hls/hls_lib/hlsmath/src/c++/expfloat.cpp:20->hopfield_vitis/hopfield_vitis.cpp:25]   --->   Operation 96 'fexp' 'tmp_i_i' <Predicate = true> <Delay = 7.68> <Core = "FExp">   --->   Core 127 'FExp' <Latency = 8> <II = 1> <Delay = 7.68> <FuncUnit> <Opcode : 'fexp'> <InPorts = 1> <OutPorts = 1>

State 18 <SV = 17> <Delay = 7.25>
ST_18 : Operation 97 [5/5] (7.25ns)   --->   "%tmp_4 = fadd float %tmp_i_i, 1.000000e+00" [hopfield_vitis/hopfield_vitis.cpp:25]   --->   Operation 97 'fadd' 'tmp_4' <Predicate = true> <Delay = 7.25> <Core = "FAddSub">   --->   Core 105 'FAddSub' <Latency = 4> <II = 1> <Delay = 7.25> <FuncUnit> <Opcode : 'fadd' 'fsub'> <InPorts = 2> <OutPorts = 1>

State 19 <SV = 18> <Delay = 7.25>
ST_19 : Operation 98 [4/5] (7.25ns)   --->   "%tmp_4 = fadd float %tmp_i_i, 1.000000e+00" [hopfield_vitis/hopfield_vitis.cpp:25]   --->   Operation 98 'fadd' 'tmp_4' <Predicate = true> <Delay = 7.25> <Core = "FAddSub">   --->   Core 105 'FAddSub' <Latency = 4> <II = 1> <Delay = 7.25> <FuncUnit> <Opcode : 'fadd' 'fsub'> <InPorts = 2> <OutPorts = 1>

State 20 <SV = 19> <Delay = 7.25>
ST_20 : Operation 99 [3/5] (7.25ns)   --->   "%tmp_4 = fadd float %tmp_i_i, 1.000000e+00" [hopfield_vitis/hopfield_vitis.cpp:25]   --->   Operation 99 'fadd' 'tmp_4' <Predicate = true> <Delay = 7.25> <Core = "FAddSub">   --->   Core 105 'FAddSub' <Latency = 4> <II = 1> <Delay = 7.25> <FuncUnit> <Opcode : 'fadd' 'fsub'> <InPorts = 2> <OutPorts = 1>

State 21 <SV = 20> <Delay = 7.25>
ST_21 : Operation 100 [2/5] (7.25ns)   --->   "%tmp_4 = fadd float %tmp_i_i, 1.000000e+00" [hopfield_vitis/hopfield_vitis.cpp:25]   --->   Operation 100 'fadd' 'tmp_4' <Predicate = true> <Delay = 7.25> <Core = "FAddSub">   --->   Core 105 'FAddSub' <Latency = 4> <II = 1> <Delay = 7.25> <FuncUnit> <Opcode : 'fadd' 'fsub'> <InPorts = 2> <OutPorts = 1>

State 22 <SV = 21> <Delay = 7.25>
ST_22 : Operation 101 [1/5] (7.25ns)   --->   "%tmp_4 = fadd float %tmp_i_i, 1.000000e+00" [hopfield_vitis/hopfield_vitis.cpp:25]   --->   Operation 101 'fadd' 'tmp_4' <Predicate = true> <Delay = 7.25> <Core = "FAddSub">   --->   Core 105 'FAddSub' <Latency = 4> <II = 1> <Delay = 7.25> <FuncUnit> <Opcode : 'fadd' 'fsub'> <InPorts = 2> <OutPorts = 1>

State 23 <SV = 22> <Delay = 6.07>
ST_23 : Operation 102 [16/16] (6.07ns)   --->   "%tmp_5 = fdiv float 1.000000e+00, %tmp_4" [hopfield_vitis/hopfield_vitis.cpp:25]   --->   Operation 102 'fdiv' 'tmp_5' <Predicate = true> <Delay = 6.07> <Core = "FDiv">   --->   Core 107 'FDiv' <Latency = 15> <II = 1> <Delay = 6.07> <FuncUnit> <Opcode : 'fdiv' 'frem'> <InPorts = 2> <OutPorts = 1>

State 24 <SV = 23> <Delay = 6.07>
ST_24 : Operation 103 [15/16] (6.07ns)   --->   "%tmp_5 = fdiv float 1.000000e+00, %tmp_4" [hopfield_vitis/hopfield_vitis.cpp:25]   --->   Operation 103 'fdiv' 'tmp_5' <Predicate = true> <Delay = 6.07> <Core = "FDiv">   --->   Core 107 'FDiv' <Latency = 15> <II = 1> <Delay = 6.07> <FuncUnit> <Opcode : 'fdiv' 'frem'> <InPorts = 2> <OutPorts = 1>

State 25 <SV = 24> <Delay = 6.07>
ST_25 : Operation 104 [14/16] (6.07ns)   --->   "%tmp_5 = fdiv float 1.000000e+00, %tmp_4" [hopfield_vitis/hopfield_vitis.cpp:25]   --->   Operation 104 'fdiv' 'tmp_5' <Predicate = true> <Delay = 6.07> <Core = "FDiv">   --->   Core 107 'FDiv' <Latency = 15> <II = 1> <Delay = 6.07> <FuncUnit> <Opcode : 'fdiv' 'frem'> <InPorts = 2> <OutPorts = 1>

State 26 <SV = 25> <Delay = 6.07>
ST_26 : Operation 105 [13/16] (6.07ns)   --->   "%tmp_5 = fdiv float 1.000000e+00, %tmp_4" [hopfield_vitis/hopfield_vitis.cpp:25]   --->   Operation 105 'fdiv' 'tmp_5' <Predicate = true> <Delay = 6.07> <Core = "FDiv">   --->   Core 107 'FDiv' <Latency = 15> <II = 1> <Delay = 6.07> <FuncUnit> <Opcode : 'fdiv' 'frem'> <InPorts = 2> <OutPorts = 1>

State 27 <SV = 26> <Delay = 6.07>
ST_27 : Operation 106 [12/16] (6.07ns)   --->   "%tmp_5 = fdiv float 1.000000e+00, %tmp_4" [hopfield_vitis/hopfield_vitis.cpp:25]   --->   Operation 106 'fdiv' 'tmp_5' <Predicate = true> <Delay = 6.07> <Core = "FDiv">   --->   Core 107 'FDiv' <Latency = 15> <II = 1> <Delay = 6.07> <FuncUnit> <Opcode : 'fdiv' 'frem'> <InPorts = 2> <OutPorts = 1>

State 28 <SV = 27> <Delay = 6.07>
ST_28 : Operation 107 [11/16] (6.07ns)   --->   "%tmp_5 = fdiv float 1.000000e+00, %tmp_4" [hopfield_vitis/hopfield_vitis.cpp:25]   --->   Operation 107 'fdiv' 'tmp_5' <Predicate = true> <Delay = 6.07> <Core = "FDiv">   --->   Core 107 'FDiv' <Latency = 15> <II = 1> <Delay = 6.07> <FuncUnit> <Opcode : 'fdiv' 'frem'> <InPorts = 2> <OutPorts = 1>

State 29 <SV = 28> <Delay = 6.07>
ST_29 : Operation 108 [10/16] (6.07ns)   --->   "%tmp_5 = fdiv float 1.000000e+00, %tmp_4" [hopfield_vitis/hopfield_vitis.cpp:25]   --->   Operation 108 'fdiv' 'tmp_5' <Predicate = true> <Delay = 6.07> <Core = "FDiv">   --->   Core 107 'FDiv' <Latency = 15> <II = 1> <Delay = 6.07> <FuncUnit> <Opcode : 'fdiv' 'frem'> <InPorts = 2> <OutPorts = 1>

State 30 <SV = 29> <Delay = 6.07>
ST_30 : Operation 109 [9/16] (6.07ns)   --->   "%tmp_5 = fdiv float 1.000000e+00, %tmp_4" [hopfield_vitis/hopfield_vitis.cpp:25]   --->   Operation 109 'fdiv' 'tmp_5' <Predicate = true> <Delay = 6.07> <Core = "FDiv">   --->   Core 107 'FDiv' <Latency = 15> <II = 1> <Delay = 6.07> <FuncUnit> <Opcode : 'fdiv' 'frem'> <InPorts = 2> <OutPorts = 1>

State 31 <SV = 30> <Delay = 6.07>
ST_31 : Operation 110 [8/16] (6.07ns)   --->   "%tmp_5 = fdiv float 1.000000e+00, %tmp_4" [hopfield_vitis/hopfield_vitis.cpp:25]   --->   Operation 110 'fdiv' 'tmp_5' <Predicate = true> <Delay = 6.07> <Core = "FDiv">   --->   Core 107 'FDiv' <Latency = 15> <II = 1> <Delay = 6.07> <FuncUnit> <Opcode : 'fdiv' 'frem'> <InPorts = 2> <OutPorts = 1>

State 32 <SV = 31> <Delay = 6.07>
ST_32 : Operation 111 [7/16] (6.07ns)   --->   "%tmp_5 = fdiv float 1.000000e+00, %tmp_4" [hopfield_vitis/hopfield_vitis.cpp:25]   --->   Operation 111 'fdiv' 'tmp_5' <Predicate = true> <Delay = 6.07> <Core = "FDiv">   --->   Core 107 'FDiv' <Latency = 15> <II = 1> <Delay = 6.07> <FuncUnit> <Opcode : 'fdiv' 'frem'> <InPorts = 2> <OutPorts = 1>

State 33 <SV = 32> <Delay = 6.07>
ST_33 : Operation 112 [6/16] (6.07ns)   --->   "%tmp_5 = fdiv float 1.000000e+00, %tmp_4" [hopfield_vitis/hopfield_vitis.cpp:25]   --->   Operation 112 'fdiv' 'tmp_5' <Predicate = true> <Delay = 6.07> <Core = "FDiv">   --->   Core 107 'FDiv' <Latency = 15> <II = 1> <Delay = 6.07> <FuncUnit> <Opcode : 'fdiv' 'frem'> <InPorts = 2> <OutPorts = 1>

State 34 <SV = 33> <Delay = 6.07>
ST_34 : Operation 113 [5/16] (6.07ns)   --->   "%tmp_5 = fdiv float 1.000000e+00, %tmp_4" [hopfield_vitis/hopfield_vitis.cpp:25]   --->   Operation 113 'fdiv' 'tmp_5' <Predicate = true> <Delay = 6.07> <Core = "FDiv">   --->   Core 107 'FDiv' <Latency = 15> <II = 1> <Delay = 6.07> <FuncUnit> <Opcode : 'fdiv' 'frem'> <InPorts = 2> <OutPorts = 1>

State 35 <SV = 34> <Delay = 6.07>
ST_35 : Operation 114 [4/16] (6.07ns)   --->   "%tmp_5 = fdiv float 1.000000e+00, %tmp_4" [hopfield_vitis/hopfield_vitis.cpp:25]   --->   Operation 114 'fdiv' 'tmp_5' <Predicate = true> <Delay = 6.07> <Core = "FDiv">   --->   Core 107 'FDiv' <Latency = 15> <II = 1> <Delay = 6.07> <FuncUnit> <Opcode : 'fdiv' 'frem'> <InPorts = 2> <OutPorts = 1>

State 36 <SV = 35> <Delay = 6.07>
ST_36 : Operation 115 [3/16] (6.07ns)   --->   "%tmp_5 = fdiv float 1.000000e+00, %tmp_4" [hopfield_vitis/hopfield_vitis.cpp:25]   --->   Operation 115 'fdiv' 'tmp_5' <Predicate = true> <Delay = 6.07> <Core = "FDiv">   --->   Core 107 'FDiv' <Latency = 15> <II = 1> <Delay = 6.07> <FuncUnit> <Opcode : 'fdiv' 'frem'> <InPorts = 2> <OutPorts = 1>

State 37 <SV = 36> <Delay = 6.07>
ST_37 : Operation 116 [2/16] (6.07ns)   --->   "%tmp_5 = fdiv float 1.000000e+00, %tmp_4" [hopfield_vitis/hopfield_vitis.cpp:25]   --->   Operation 116 'fdiv' 'tmp_5' <Predicate = true> <Delay = 6.07> <Core = "FDiv">   --->   Core 107 'FDiv' <Latency = 15> <II = 1> <Delay = 6.07> <FuncUnit> <Opcode : 'fdiv' 'frem'> <InPorts = 2> <OutPorts = 1>

State 38 <SV = 37> <Delay = 6.07>
ST_38 : Operation 117 [1/16] (6.07ns)   --->   "%tmp_5 = fdiv float 1.000000e+00, %tmp_4" [hopfield_vitis/hopfield_vitis.cpp:25]   --->   Operation 117 'fdiv' 'tmp_5' <Predicate = true> <Delay = 6.07> <Core = "FDiv">   --->   Core 107 'FDiv' <Latency = 15> <II = 1> <Delay = 6.07> <FuncUnit> <Opcode : 'fdiv' 'frem'> <InPorts = 2> <OutPorts = 1>

State 39 <SV = 38> <Delay = 3.25>
ST_39 : Operation 118 [1/1] (0.00ns)   --->   "%V_addr_1 = getelementptr [64 x float]* %V, i64 0, i64 %zext_ln25" [hopfield_vitis/hopfield_vitis.cpp:25]   --->   Operation 118 'getelementptr' 'V_addr_1' <Predicate = (!icmp_ln21)> <Delay = 0.00>
ST_39 : Operation 119 [1/1] (3.25ns)   --->   "store float %tmp_5, float* %V_addr_1, align 4" [hopfield_vitis/hopfield_vitis.cpp:25]   --->   Operation 119 'store' <Predicate = (!icmp_ln21)> <Delay = 3.25> <Core = "RAM_1P_BRAM">   --->   Core 46 'RAM_1P_BRAM' <Latency = 1> <II = 1> <Delay = 3.25> <Storage> <Opcode : 'load' 'store'> <Ports = 1> <Width = 32> <Depth = 64> <RAM>
ST_39 : Operation 120 [1/1] (0.00ns)   --->   "br label %4"   --->   Operation 120 'br' <Predicate = (!icmp_ln21)> <Delay = 0.00>
ST_39 : Operation 121 [1/1] (0.00ns)   --->   "br label %.preheader" [hopfield_vitis/hopfield_vitis.cpp:19]   --->   Operation 121 'br' <Predicate = true> <Delay = 0.00>


============================================================
+ Verbose Summary: Timing violations
============================================================
Target clock period: 10ns, clock uncertainty: 1.25ns.

 <State 1>: 1.77ns
The critical path consists of the following:
	multiplexor before 'phi' operation ('x') with incoming values : ('x', hopfield_vitis/hopfield_vitis.cpp:17) [16]  (1.77 ns)

 <State 2>: 1.83ns
The critical path consists of the following:
	'phi' operation ('x') with incoming values : ('x', hopfield_vitis/hopfield_vitis.cpp:17) [16]  (0 ns)
	'add' operation ('add_ln23', hopfield_vitis/hopfield_vitis.cpp:23) [25]  (1.83 ns)

 <State 3>: 5.08ns
The critical path consists of the following:
	'phi' operation ('i') with incoming values : ('i', hopfield_vitis/hopfield_vitis.cpp:19) [30]  (0 ns)
	'add' operation ('add_ln25', hopfield_vitis/hopfield_vitis.cpp:25) [40]  (1.83 ns)
	'getelementptr' operation ('U_1_addr', hopfield_vitis/hopfield_vitis.cpp:25) [42]  (0 ns)
	'load' operation ('U_1_load', hopfield_vitis/hopfield_vitis.cpp:25) on array 'U_1' [43]  (3.25 ns)

 <State 4>: 3.25ns
The critical path consists of the following:
	'load' operation ('U_1_load', hopfield_vitis/hopfield_vitis.cpp:25) on array 'U_1' [43]  (3.25 ns)

 <State 5>: 6.7ns
The critical path consists of the following:
	s_axi read on port 'l' (hopfield_vitis/hopfield_vitis.cpp:25) [47]  (1 ns)
	'fmul' operation ('x', hopfield_vitis/hopfield_vitis.cpp:25) [48]  (5.7 ns)

 <State 6>: 5.7ns
The critical path consists of the following:
	'fmul' operation ('x', hopfield_vitis/hopfield_vitis.cpp:25) [48]  (5.7 ns)

 <State 7>: 5.7ns
The critical path consists of the following:
	'fmul' operation ('x', hopfield_vitis/hopfield_vitis.cpp:25) [48]  (5.7 ns)

 <State 8>: 5.7ns
The critical path consists of the following:
	'fmul' operation ('x', hopfield_vitis/hopfield_vitis.cpp:25) [48]  (5.7 ns)

 <State 9>: 7.68ns
The critical path consists of the following:
	'fexp' operation ('tmp_i_i', r:/builds/2019.2/continuous/2019_11_06_2708876/src/products/hls/hls_lib/hlsmath/src/common/hls_exp_float.cpp:16->r:/builds/2019.2/continuous/2019_11_06_2708876/src/products/hls/hls_lib/hlsmath/src/c++/expfloat.cpp:20->hopfield_vitis/hopfield_vitis.cpp:25) [49]  (7.68 ns)

 <State 10>: 7.68ns
The critical path consists of the following:
	'fexp' operation ('tmp_i_i', r:/builds/2019.2/continuous/2019_11_06_2708876/src/products/hls/hls_lib/hlsmath/src/common/hls_exp_float.cpp:16->r:/builds/2019.2/continuous/2019_11_06_2708876/src/products/hls/hls_lib/hlsmath/src/c++/expfloat.cpp:20->hopfield_vitis/hopfield_vitis.cpp:25) [49]  (7.68 ns)

 <State 11>: 7.68ns
The critical path consists of the following:
	'fexp' operation ('tmp_i_i', r:/builds/2019.2/continuous/2019_11_06_2708876/src/products/hls/hls_lib/hlsmath/src/common/hls_exp_float.cpp:16->r:/builds/2019.2/continuous/2019_11_06_2708876/src/products/hls/hls_lib/hlsmath/src/c++/expfloat.cpp:20->hopfield_vitis/hopfield_vitis.cpp:25) [49]  (7.68 ns)

 <State 12>: 7.68ns
The critical path consists of the following:
	'fexp' operation ('tmp_i_i', r:/builds/2019.2/continuous/2019_11_06_2708876/src/products/hls/hls_lib/hlsmath/src/common/hls_exp_float.cpp:16->r:/builds/2019.2/continuous/2019_11_06_2708876/src/products/hls/hls_lib/hlsmath/src/c++/expfloat.cpp:20->hopfield_vitis/hopfield_vitis.cpp:25) [49]  (7.68 ns)

 <State 13>: 7.68ns
The critical path consists of the following:
	'fexp' operation ('tmp_i_i', r:/builds/2019.2/continuous/2019_11_06_2708876/src/products/hls/hls_lib/hlsmath/src/common/hls_exp_float.cpp:16->r:/builds/2019.2/continuous/2019_11_06_2708876/src/products/hls/hls_lib/hlsmath/src/c++/expfloat.cpp:20->hopfield_vitis/hopfield_vitis.cpp:25) [49]  (7.68 ns)

 <State 14>: 7.68ns
The critical path consists of the following:
	'fexp' operation ('tmp_i_i', r:/builds/2019.2/continuous/2019_11_06_2708876/src/products/hls/hls_lib/hlsmath/src/common/hls_exp_float.cpp:16->r:/builds/2019.2/continuous/2019_11_06_2708876/src/products/hls/hls_lib/hlsmath/src/c++/expfloat.cpp:20->hopfield_vitis/hopfield_vitis.cpp:25) [49]  (7.68 ns)

 <State 15>: 7.68ns
The critical path consists of the following:
	'fexp' operation ('tmp_i_i', r:/builds/2019.2/continuous/2019_11_06_2708876/src/products/hls/hls_lib/hlsmath/src/common/hls_exp_float.cpp:16->r:/builds/2019.2/continuous/2019_11_06_2708876/src/products/hls/hls_lib/hlsmath/src/c++/expfloat.cpp:20->hopfield_vitis/hopfield_vitis.cpp:25) [49]  (7.68 ns)

 <State 16>: 7.68ns
The critical path consists of the following:
	'fexp' operation ('tmp_i_i', r:/builds/2019.2/continuous/2019_11_06_2708876/src/products/hls/hls_lib/hlsmath/src/common/hls_exp_float.cpp:16->r:/builds/2019.2/continuous/2019_11_06_2708876/src/products/hls/hls_lib/hlsmath/src/c++/expfloat.cpp:20->hopfield_vitis/hopfield_vitis.cpp:25) [49]  (7.68 ns)

 <State 17>: 7.68ns
The critical path consists of the following:
	'fexp' operation ('tmp_i_i', r:/builds/2019.2/continuous/2019_11_06_2708876/src/products/hls/hls_lib/hlsmath/src/common/hls_exp_float.cpp:16->r:/builds/2019.2/continuous/2019_11_06_2708876/src/products/hls/hls_lib/hlsmath/src/c++/expfloat.cpp:20->hopfield_vitis/hopfield_vitis.cpp:25) [49]  (7.68 ns)

 <State 18>: 7.26ns
The critical path consists of the following:
	'fadd' operation ('tmp_4', hopfield_vitis/hopfield_vitis.cpp:25) [50]  (7.26 ns)

 <State 19>: 7.26ns
The critical path consists of the following:
	'fadd' operation ('tmp_4', hopfield_vitis/hopfield_vitis.cpp:25) [50]  (7.26 ns)

 <State 20>: 7.26ns
The critical path consists of the following:
	'fadd' operation ('tmp_4', hopfield_vitis/hopfield_vitis.cpp:25) [50]  (7.26 ns)

 <State 21>: 7.26ns
The critical path consists of the following:
	'fadd' operation ('tmp_4', hopfield_vitis/hopfield_vitis.cpp:25) [50]  (7.26 ns)

 <State 22>: 7.26ns
The critical path consists of the following:
	'fadd' operation ('tmp_4', hopfield_vitis/hopfield_vitis.cpp:25) [50]  (7.26 ns)

 <State 23>: 6.08ns
The critical path consists of the following:
	'fdiv' operation ('tmp_5', hopfield_vitis/hopfield_vitis.cpp:25) [51]  (6.08 ns)

 <State 24>: 6.08ns
The critical path consists of the following:
	'fdiv' operation ('tmp_5', hopfield_vitis/hopfield_vitis.cpp:25) [51]  (6.08 ns)

 <State 25>: 6.08ns
The critical path consists of the following:
	'fdiv' operation ('tmp_5', hopfield_vitis/hopfield_vitis.cpp:25) [51]  (6.08 ns)

 <State 26>: 6.08ns
The critical path consists of the following:
	'fdiv' operation ('tmp_5', hopfield_vitis/hopfield_vitis.cpp:25) [51]  (6.08 ns)

 <State 27>: 6.08ns
The critical path consists of the following:
	'fdiv' operation ('tmp_5', hopfield_vitis/hopfield_vitis.cpp:25) [51]  (6.08 ns)

 <State 28>: 6.08ns
The critical path consists of the following:
	'fdiv' operation ('tmp_5', hopfield_vitis/hopfield_vitis.cpp:25) [51]  (6.08 ns)

 <State 29>: 6.08ns
The critical path consists of the following:
	'fdiv' operation ('tmp_5', hopfield_vitis/hopfield_vitis.cpp:25) [51]  (6.08 ns)

 <State 30>: 6.08ns
The critical path consists of the following:
	'fdiv' operation ('tmp_5', hopfield_vitis/hopfield_vitis.cpp:25) [51]  (6.08 ns)

 <State 31>: 6.08ns
The critical path consists of the following:
	'fdiv' operation ('tmp_5', hopfield_vitis/hopfield_vitis.cpp:25) [51]  (6.08 ns)

 <State 32>: 6.08ns
The critical path consists of the following:
	'fdiv' operation ('tmp_5', hopfield_vitis/hopfield_vitis.cpp:25) [51]  (6.08 ns)

 <State 33>: 6.08ns
The critical path consists of the following:
	'fdiv' operation ('tmp_5', hopfield_vitis/hopfield_vitis.cpp:25) [51]  (6.08 ns)

 <State 34>: 6.08ns
The critical path consists of the following:
	'fdiv' operation ('tmp_5', hopfield_vitis/hopfield_vitis.cpp:25) [51]  (6.08 ns)

 <State 35>: 6.08ns
The critical path consists of the following:
	'fdiv' operation ('tmp_5', hopfield_vitis/hopfield_vitis.cpp:25) [51]  (6.08 ns)

 <State 36>: 6.08ns
The critical path consists of the following:
	'fdiv' operation ('tmp_5', hopfield_vitis/hopfield_vitis.cpp:25) [51]  (6.08 ns)

 <State 37>: 6.08ns
The critical path consists of the following:
	'fdiv' operation ('tmp_5', hopfield_vitis/hopfield_vitis.cpp:25) [51]  (6.08 ns)

 <State 38>: 6.08ns
The critical path consists of the following:
	'fdiv' operation ('tmp_5', hopfield_vitis/hopfield_vitis.cpp:25) [51]  (6.08 ns)

 <State 39>: 3.25ns
The critical path consists of the following:
	'getelementptr' operation ('V_addr_1', hopfield_vitis/hopfield_vitis.cpp:25) [52]  (0 ns)
	'store' operation ('store_ln25', hopfield_vitis/hopfield_vitis.cpp:25) of variable 'tmp_5', hopfield_vitis/hopfield_vitis.cpp:25 on array 'V' [53]  (3.25 ns)


============================================================
+ Verbose Summary: Binding
============================================================
N/A
* FSMD analyzer results:
  - Output states:
 - Input state : 
  - Chain level:
	State 1
	State 2
	State 3
	State 4
	State 5
	State 6
	State 7
	State 8
	State 9
	State 10
	State 11
	State 12
	State 13
	State 14
	State 15
	State 16
	State 17
	State 18
	State 19
	State 20
	State 21
	State 22
	State 23
	State 24
	State 25
	State 26
	State 27
	State 28
	State 29
	State 30
	State 31
	State 32
	State 33
	State 34
	State 35
	State 36
	State 37
	State 38
	State 39


============================================================
+ Verbose Summary: Datapath Resource usage 
============================================================
N/A
