

================================================================
== Vivado HLS Report for 'NGrover64'
================================================================
* Date:           Tue Mar 21 18:12:48 2017

* Version:        2016.4 (Build 1756540 on Mon Jan 23 19:31:01 MST 2017)
* Project:        NGrover64
* Solution:       solution1
* Product family: zynq
* Target device:  xc7z020clg484-1


================================================================
== Performance Estimates
================================================================
+ Timing (ns): 
    * Summary: 
    +--------+-------+----------+------------+
    |  Clock | Target| Estimated| Uncertainty|
    +--------+-------+----------+------------+
    |ap_clk  |  10.00|      9.97|        1.25|
    +--------+-------+----------+------------+

+ Latency (clock cycles): 
    * Summary: 
    +-----+-----+-----+-----+---------+
    |  Latency  |  Interval | Pipeline|
    | min | max | min | max |   Type  |
    +-----+-----+-----+-----+---------+
    |    ?|    ?|    ?|    ?|   none  |
    +-----+-----+-----+-----+---------+

    + Detail: 
        * Instance: 
        N/A

        * Loop: 
        +----------+-----+-----+-----------+-----------+-----------+------+----------+
        |          |  Latency  | Iteration |  Initiation Interval  | Trip |          |
        | Loop Name| min | max |  Latency  |  achieved |   target  | Count| Pipelined|
        +----------+-----+-----+-----------+-----------+-----------+------+----------+
        |- Loop 1  |    ?|    ?| 469 ~ 533 |          -|          -|     ?|    no    |
        +----------+-----+-----+-----------+-----------+-----------+------+----------+



================================================================
== Utilization Estimates
================================================================
* Summary: 
+-----------------+---------+-------+--------+-------+
|       Name      | BRAM_18K| DSP48E|   FF   |  LUT  |
+-----------------+---------+-------+--------+-------+
|DSP              |        -|      -|       -|      -|
|Expression       |        -|      -|       0|   6237|
|FIFO             |        -|      -|       -|      -|
|Instance         |        0|    156|   18666|  33171|
|Memory           |        4|      -|       0|      0|
|Multiplexer      |        -|      -|       -|   7613|
|Register         |        -|      -|    7839|      -|
+-----------------+---------+-------+--------+-------+
|Total            |        4|    156|   26505|  47021|
+-----------------+---------+-------+--------+-------+
|Available        |      280|    220|  106400|  53200|
+-----------------+---------+-------+--------+-------+
|Utilization (%)  |        1|     70|      24|     88|
+-----------------+---------+-------+--------+-------+

+ Detail: 
    * Instance: 
    +----------------------------+--------------------------+---------+-------+------+------+
    |          Instance          |          Module          | BRAM_18K| DSP48E|  FF  |  LUT |
    +----------------------------+--------------------------+---------+-------+------+------+
    |NGrover64_CRTL_BUS_s_axi_U  |NGrover64_CRTL_BUS_s_axi  |        0|      0|    74|   104|
    |NGrover64_dadd_64lbW_U70    |NGrover64_dadd_64lbW      |        0|      3|   445|  1149|
    |NGrover64_ddiv_64ncg_U73    |NGrover64_ddiv_64ncg      |        0|      0|  3211|  3658|
    |NGrover64_dmul_64mb6_U71    |NGrover64_dmul_64mb6      |        0|     11|   317|   578|
    |NGrover64_dmul_64mb6_U72    |NGrover64_dmul_64mb6      |        0|     11|   317|   578|
    |NGrover64_faddfsudEe_U0     |NGrover64_faddfsudEe      |        0|      2|   205|   390|
    |NGrover64_fcmp_32jbC_U68    |NGrover64_fcmp_32jbC      |        0|      0|    66|   239|
    |NGrover64_fmul_32fYi_U64    |NGrover64_fmul_32fYi      |        0|      3|   143|   321|
    |NGrover64_fpext_3ibs_U67    |NGrover64_fpext_3ibs      |        0|      0|   100|   138|
    |NGrover64_fptrunchbi_U66    |NGrover64_fptrunchbi      |        0|      0|   128|   277|
    |NGrover64_fsqrt_3kbM_U69    |NGrover64_fsqrt_3kbM      |        0|      0|   405|   615|
    |NGrover64_fsub_32eOg_U1     |NGrover64_fsub_32eOg      |        0|      2|   205|   390|
    |NGrover64_fsub_32eOg_U2     |NGrover64_fsub_32eOg      |        0|      2|   205|   390|
    |NGrover64_fsub_32eOg_U3     |NGrover64_fsub_32eOg      |        0|      2|   205|   390|
    |NGrover64_fsub_32eOg_U4     |NGrover64_fsub_32eOg      |        0|      2|   205|   390|
    |NGrover64_fsub_32eOg_U5     |NGrover64_fsub_32eOg      |        0|      2|   205|   390|
    |NGrover64_fsub_32eOg_U6     |NGrover64_fsub_32eOg      |        0|      2|   205|   390|
    |NGrover64_fsub_32eOg_U7     |NGrover64_fsub_32eOg      |        0|      2|   205|   390|
    |NGrover64_fsub_32eOg_U8     |NGrover64_fsub_32eOg      |        0|      2|   205|   390|
    |NGrover64_fsub_32eOg_U9     |NGrover64_fsub_32eOg      |        0|      2|   205|   390|
    |NGrover64_fsub_32eOg_U10    |NGrover64_fsub_32eOg      |        0|      2|   205|   390|
    |NGrover64_fsub_32eOg_U11    |NGrover64_fsub_32eOg      |        0|      2|   205|   390|
    |NGrover64_fsub_32eOg_U12    |NGrover64_fsub_32eOg      |        0|      2|   205|   390|
    |NGrover64_fsub_32eOg_U13    |NGrover64_fsub_32eOg      |        0|      2|   205|   390|
    |NGrover64_fsub_32eOg_U14    |NGrover64_fsub_32eOg      |        0|      2|   205|   390|
    |NGrover64_fsub_32eOg_U15    |NGrover64_fsub_32eOg      |        0|      2|   205|   390|
    |NGrover64_fsub_32eOg_U16    |NGrover64_fsub_32eOg      |        0|      2|   205|   390|
    |NGrover64_fsub_32eOg_U17    |NGrover64_fsub_32eOg      |        0|      2|   205|   390|
    |NGrover64_fsub_32eOg_U18    |NGrover64_fsub_32eOg      |        0|      2|   205|   390|
    |NGrover64_fsub_32eOg_U19    |NGrover64_fsub_32eOg      |        0|      2|   205|   390|
    |NGrover64_fsub_32eOg_U20    |NGrover64_fsub_32eOg      |        0|      2|   205|   390|
    |NGrover64_fsub_32eOg_U21    |NGrover64_fsub_32eOg      |        0|      2|   205|   390|
    |NGrover64_fsub_32eOg_U22    |NGrover64_fsub_32eOg      |        0|      2|   205|   390|
    |NGrover64_fsub_32eOg_U23    |NGrover64_fsub_32eOg      |        0|      2|   205|   390|
    |NGrover64_fsub_32eOg_U24    |NGrover64_fsub_32eOg      |        0|      2|   205|   390|
    |NGrover64_fsub_32eOg_U25    |NGrover64_fsub_32eOg      |        0|      2|   205|   390|
    |NGrover64_fsub_32eOg_U26    |NGrover64_fsub_32eOg      |        0|      2|   205|   390|
    |NGrover64_fsub_32eOg_U27    |NGrover64_fsub_32eOg      |        0|      2|   205|   390|
    |NGrover64_fsub_32eOg_U28    |NGrover64_fsub_32eOg      |        0|      2|   205|   390|
    |NGrover64_fsub_32eOg_U29    |NGrover64_fsub_32eOg      |        0|      2|   205|   390|
    |NGrover64_fsub_32eOg_U30    |NGrover64_fsub_32eOg      |        0|      2|   205|   390|
    |NGrover64_fsub_32eOg_U31    |NGrover64_fsub_32eOg      |        0|      2|   205|   390|
    |NGrover64_fsub_32eOg_U32    |NGrover64_fsub_32eOg      |        0|      2|   205|   390|
    |NGrover64_fsub_32eOg_U33    |NGrover64_fsub_32eOg      |        0|      2|   205|   390|
    |NGrover64_fsub_32eOg_U34    |NGrover64_fsub_32eOg      |        0|      2|   205|   390|
    |NGrover64_fsub_32eOg_U35    |NGrover64_fsub_32eOg      |        0|      2|   205|   390|
    |NGrover64_fsub_32eOg_U36    |NGrover64_fsub_32eOg      |        0|      2|   205|   390|
    |NGrover64_fsub_32eOg_U37    |NGrover64_fsub_32eOg      |        0|      2|   205|   390|
    |NGrover64_fsub_32eOg_U38    |NGrover64_fsub_32eOg      |        0|      2|   205|   390|
    |NGrover64_fsub_32eOg_U39    |NGrover64_fsub_32eOg      |        0|      2|   205|   390|
    |NGrover64_fsub_32eOg_U40    |NGrover64_fsub_32eOg      |        0|      2|   205|   390|
    |NGrover64_fsub_32eOg_U41    |NGrover64_fsub_32eOg      |        0|      2|   205|   390|
    |NGrover64_fsub_32eOg_U42    |NGrover64_fsub_32eOg      |        0|      2|   205|   390|
    |NGrover64_fsub_32eOg_U43    |NGrover64_fsub_32eOg      |        0|      2|   205|   390|
    |NGrover64_fsub_32eOg_U44    |NGrover64_fsub_32eOg      |        0|      2|   205|   390|
    |NGrover64_fsub_32eOg_U45    |NGrover64_fsub_32eOg      |        0|      2|   205|   390|
    |NGrover64_fsub_32eOg_U46    |NGrover64_fsub_32eOg      |        0|      2|   205|   390|
    |NGrover64_fsub_32eOg_U47    |NGrover64_fsub_32eOg      |        0|      2|   205|   390|
    |NGrover64_fsub_32eOg_U48    |NGrover64_fsub_32eOg      |        0|      2|   205|   390|
    |NGrover64_fsub_32eOg_U49    |NGrover64_fsub_32eOg      |        0|      2|   205|   390|
    |NGrover64_fsub_32eOg_U50    |NGrover64_fsub_32eOg      |        0|      2|   205|   390|
    |NGrover64_fsub_32eOg_U51    |NGrover64_fsub_32eOg      |        0|      2|   205|   390|
    |NGrover64_fsub_32eOg_U52    |NGrover64_fsub_32eOg      |        0|      2|   205|   390|
    |NGrover64_fsub_32eOg_U53    |NGrover64_fsub_32eOg      |        0|      2|   205|   390|
    |NGrover64_fsub_32eOg_U54    |NGrover64_fsub_32eOg      |        0|      2|   205|   390|
    |NGrover64_fsub_32eOg_U55    |NGrover64_fsub_32eOg      |        0|      2|   205|   390|
    |NGrover64_fsub_32eOg_U56    |NGrover64_fsub_32eOg      |        0|      2|   205|   390|
    |NGrover64_fsub_32eOg_U57    |NGrover64_fsub_32eOg      |        0|      2|   205|   390|
    |NGrover64_fsub_32eOg_U58    |NGrover64_fsub_32eOg      |        0|      2|   205|   390|
    |NGrover64_fsub_32eOg_U59    |NGrover64_fsub_32eOg      |        0|      2|   205|   390|
    |NGrover64_fsub_32eOg_U60    |NGrover64_fsub_32eOg      |        0|      2|   205|   390|
    |NGrover64_fsub_32eOg_U61    |NGrover64_fsub_32eOg      |        0|      2|   205|   390|
    |NGrover64_fsub_32eOg_U62    |NGrover64_fsub_32eOg      |        0|      2|   205|   390|
    |NGrover64_fsub_32eOg_U63    |NGrover64_fsub_32eOg      |        0|      2|   205|   390|
    |NGrover64_sitofp_g8j_U65    |NGrover64_sitofp_g8j      |        0|      0|   340|   554|
    +----------------------------+--------------------------+---------+-------+------+------+
    |Total                       |                          |        0|    156| 18666| 33171|
    +----------------------------+--------------------------+---------+-------+------+------+

    * DSP48: 
    N/A

    * Memory: 
    +-------------------+----------------------+---------+---+----+------+-----+------+-------------+
    |       Memory      |        Module        | BRAM_18K| FF| LUT| Words| Bits| Banks| W*Bits*Banks|
    +-------------------+----------------------+---------+---+----+------+-----+------+-------------+
    |mask_table1_U      |NGrover64_mask_tabkb  |        2|  0|   0|    64|   52|     1|         3328|
    |one_half_table2_U  |NGrover64_one_halcud  |        2|  0|   0|    64|   53|     1|         3392|
    +-------------------+----------------------+---------+---+----+------+-----+------+-------------+
    |Total              |                      |        4|  0|   0|   128|  105|     2|         6720|
    +-------------------+----------------------+---------+---+----+------+-----+------+-------------+

    * FIFO: 
    N/A

    * Expression: 
    +--------------------------+----------+-------+---+----+------------+------------+
    |       Variable Name      | Operation| DSP48E| FF| LUT| Bitwidth P0| Bitwidth P1|
    +--------------------------+----------+-------+---+----+------------+------------+
    |i_fu_5359_p2              |     +    |      0|  0|  32|           1|          32|
    |p_Val2_s_fu_5256_p2       |     +    |      0|  0|  64|          64|          64|
    |V_0_fu_1843_p2            |    and   |      0|  0|   1|           1|           1|
    |sel_tmp2_fu_5311_p2       |    and   |      0|  0|   1|           1|           1|
    |tmp_103_fu_2582_p2        |    and   |      0|  0|   1|           1|           1|
    |tmp_105_fu_2587_p2        |    and   |      0|  0|   1|           1|           1|
    |tmp_109_fu_2635_p2        |    and   |      0|  0|   1|           1|           1|
    |tmp_111_fu_2640_p2        |    and   |      0|  0|   1|           1|           1|
    |tmp_115_fu_2688_p2        |    and   |      0|  0|   1|           1|           1|
    |tmp_117_fu_2693_p2        |    and   |      0|  0|   1|           1|           1|
    |tmp_121_fu_2741_p2        |    and   |      0|  0|   1|           1|           1|
    |tmp_123_fu_2746_p2        |    and   |      0|  0|   1|           1|           1|
    |tmp_127_fu_2794_p2        |    and   |      0|  0|   1|           1|           1|
    |tmp_129_fu_2799_p2        |    and   |      0|  0|   1|           1|           1|
    |tmp_133_fu_2847_p2        |    and   |      0|  0|   1|           1|           1|
    |tmp_135_fu_2852_p2        |    and   |      0|  0|   1|           1|           1|
    |tmp_139_fu_2900_p2        |    and   |      0|  0|   1|           1|           1|
    |tmp_141_fu_2905_p2        |    and   |      0|  0|   1|           1|           1|
    |tmp_145_fu_2953_p2        |    and   |      0|  0|   1|           1|           1|
    |tmp_147_fu_2958_p2        |    and   |      0|  0|   1|           1|           1|
    |tmp_151_fu_3006_p2        |    and   |      0|  0|   1|           1|           1|
    |tmp_153_fu_3011_p2        |    and   |      0|  0|   1|           1|           1|
    |tmp_157_fu_3059_p2        |    and   |      0|  0|   1|           1|           1|
    |tmp_159_fu_3064_p2        |    and   |      0|  0|   1|           1|           1|
    |tmp_163_fu_3112_p2        |    and   |      0|  0|   1|           1|           1|
    |tmp_165_fu_3117_p2        |    and   |      0|  0|   1|           1|           1|
    |tmp_169_fu_3165_p2        |    and   |      0|  0|   1|           1|           1|
    |tmp_171_fu_3170_p2        |    and   |      0|  0|   1|           1|           1|
    |tmp_175_fu_3218_p2        |    and   |      0|  0|   1|           1|           1|
    |tmp_177_fu_3223_p2        |    and   |      0|  0|   1|           1|           1|
    |tmp_181_fu_3271_p2        |    and   |      0|  0|   1|           1|           1|
    |tmp_183_fu_3276_p2        |    and   |      0|  0|   1|           1|           1|
    |tmp_187_fu_3324_p2        |    and   |      0|  0|   1|           1|           1|
    |tmp_189_fu_3329_p2        |    and   |      0|  0|   1|           1|           1|
    |tmp_193_fu_3377_p2        |    and   |      0|  0|   1|           1|           1|
    |tmp_195_fu_3382_p2        |    and   |      0|  0|   1|           1|           1|
    |tmp_199_fu_3430_p2        |    and   |      0|  0|   1|           1|           1|
    |tmp_201_fu_3435_p2        |    and   |      0|  0|   1|           1|           1|
    |tmp_205_fu_3483_p2        |    and   |      0|  0|   1|           1|           1|
    |tmp_207_fu_3488_p2        |    and   |      0|  0|   1|           1|           1|
    |tmp_20_fu_1837_p2         |    and   |      0|  0|   1|           1|           1|
    |tmp_211_fu_3536_p2        |    and   |      0|  0|   1|           1|           1|
    |tmp_213_fu_3541_p2        |    and   |      0|  0|   1|           1|           1|
    |tmp_217_fu_3589_p2        |    and   |      0|  0|   1|           1|           1|
    |tmp_219_fu_3594_p2        |    and   |      0|  0|   1|           1|           1|
    |tmp_223_fu_3642_p2        |    and   |      0|  0|   1|           1|           1|
    |tmp_225_fu_3647_p2        |    and   |      0|  0|   1|           1|           1|
    |tmp_229_fu_3695_p2        |    and   |      0|  0|   1|           1|           1|
    |tmp_231_fu_3700_p2        |    and   |      0|  0|   1|           1|           1|
    |tmp_235_fu_3748_p2        |    and   |      0|  0|   1|           1|           1|
    |tmp_237_fu_3753_p2        |    and   |      0|  0|   1|           1|           1|
    |tmp_241_fu_3801_p2        |    and   |      0|  0|   1|           1|           1|
    |tmp_243_fu_3806_p2        |    and   |      0|  0|   1|           1|           1|
    |tmp_247_fu_3854_p2        |    and   |      0|  0|   1|           1|           1|
    |tmp_249_fu_3859_p2        |    and   |      0|  0|   1|           1|           1|
    |tmp_253_fu_3907_p2        |    and   |      0|  0|   1|           1|           1|
    |tmp_255_fu_3912_p2        |    and   |      0|  0|   1|           1|           1|
    |tmp_259_fu_3960_p2        |    and   |      0|  0|   1|           1|           1|
    |tmp_25_fu_1884_p2         |    and   |      0|  0|   1|           1|           1|
    |tmp_261_fu_3965_p2        |    and   |      0|  0|   1|           1|           1|
    |tmp_265_fu_4013_p2        |    and   |      0|  0|   1|           1|           1|
    |tmp_267_fu_4018_p2        |    and   |      0|  0|   1|           1|           1|
    |tmp_271_fu_4066_p2        |    and   |      0|  0|   1|           1|           1|
    |tmp_273_fu_4071_p2        |    and   |      0|  0|   1|           1|           1|
    |tmp_277_fu_4119_p2        |    and   |      0|  0|   1|           1|           1|
    |tmp_279_fu_4124_p2        |    and   |      0|  0|   1|           1|           1|
    |tmp_27_fu_1890_p2         |    and   |      0|  0|   1|           1|           1|
    |tmp_283_fu_4172_p2        |    and   |      0|  0|   1|           1|           1|
    |tmp_285_fu_4177_p2        |    and   |      0|  0|   1|           1|           1|
    |tmp_289_fu_4225_p2        |    and   |      0|  0|   1|           1|           1|
    |tmp_291_fu_4230_p2        |    and   |      0|  0|   1|           1|           1|
    |tmp_295_fu_4278_p2        |    and   |      0|  0|   1|           1|           1|
    |tmp_297_fu_4283_p2        |    and   |      0|  0|   1|           1|           1|
    |tmp_301_fu_4331_p2        |    and   |      0|  0|   1|           1|           1|
    |tmp_303_fu_4336_p2        |    and   |      0|  0|   1|           1|           1|
    |tmp_307_fu_4384_p2        |    and   |      0|  0|   1|           1|           1|
    |tmp_309_fu_4389_p2        |    and   |      0|  0|   1|           1|           1|
    |tmp_313_fu_4437_p2        |    and   |      0|  0|   1|           1|           1|
    |tmp_315_fu_4442_p2        |    and   |      0|  0|   1|           1|           1|
    |tmp_319_fu_4490_p2        |    and   |      0|  0|   1|           1|           1|
    |tmp_31_fu_1946_p2         |    and   |      0|  0|   1|           1|           1|
    |tmp_321_fu_4495_p2        |    and   |      0|  0|   1|           1|           1|
    |tmp_325_fu_4543_p2        |    and   |      0|  0|   1|           1|           1|
    |tmp_327_fu_4548_p2        |    and   |      0|  0|   1|           1|           1|
    |tmp_331_fu_4596_p2        |    and   |      0|  0|   1|           1|           1|
    |tmp_333_fu_4601_p2        |    and   |      0|  0|   1|           1|           1|
    |tmp_337_fu_4649_p2        |    and   |      0|  0|   1|           1|           1|
    |tmp_339_fu_4654_p2        |    and   |      0|  0|   1|           1|           1|
    |tmp_33_fu_1951_p2         |    and   |      0|  0|   1|           1|           1|
    |tmp_343_fu_4702_p2        |    and   |      0|  0|   1|           1|           1|
    |tmp_345_fu_4707_p2        |    and   |      0|  0|   1|           1|           1|
    |tmp_349_fu_4755_p2        |    and   |      0|  0|   1|           1|           1|
    |tmp_351_fu_4760_p2        |    and   |      0|  0|   1|           1|           1|
    |tmp_355_fu_4802_p2        |    and   |      0|  0|   1|           1|           1|
    |tmp_357_fu_4807_p2        |    and   |      0|  0|   1|           1|           1|
    |tmp_361_fu_4849_p2        |    and   |      0|  0|   1|           1|           1|
    |tmp_363_fu_4854_p2        |    and   |      0|  0|   1|           1|           1|
    |tmp_367_fu_4896_p2        |    and   |      0|  0|   1|           1|           1|
    |tmp_369_fu_4901_p2        |    and   |      0|  0|   1|           1|           1|
    |tmp_373_fu_4943_p2        |    and   |      0|  0|   1|           1|           1|
    |tmp_375_fu_4948_p2        |    and   |      0|  0|   1|           1|           1|
    |tmp_379_fu_4996_p2        |    and   |      0|  0|   1|           1|           1|
    |tmp_37_fu_1999_p2         |    and   |      0|  0|   1|           1|           1|
    |tmp_381_fu_5001_p2        |    and   |      0|  0|   1|           1|           1|
    |tmp_385_fu_5043_p2        |    and   |      0|  0|   1|           1|           1|
    |tmp_387_fu_5048_p2        |    and   |      0|  0|   1|           1|           1|
    |tmp_391_fu_5090_p2        |    and   |      0|  0|   1|           1|           1|
    |tmp_393_fu_5095_p2        |    and   |      0|  0|   1|           1|           1|
    |tmp_397_fu_5137_p2        |    and   |      0|  0|   1|           1|           1|
    |tmp_399_fu_5142_p2        |    and   |      0|  0|   1|           1|           1|
    |tmp_39_fu_2004_p2         |    and   |      0|  0|   1|           1|           1|
    |tmp_405_fu_5400_p2        |    and   |      0|  0|   1|           1|           1|
    |tmp_407_fu_5405_p2        |    and   |      0|  0|   1|           1|           1|
    |tmp_43_fu_2052_p2         |    and   |      0|  0|   1|           1|           1|
    |tmp_45_fu_2057_p2         |    and   |      0|  0|   1|           1|           1|
    |tmp_49_fu_2105_p2         |    and   |      0|  0|   1|           1|           1|
    |tmp_51_fu_2110_p2         |    and   |      0|  0|   1|           1|           1|
    |tmp_55_fu_2158_p2         |    and   |      0|  0|   1|           1|           1|
    |tmp_57_fu_2163_p2         |    and   |      0|  0|   1|           1|           1|
    |tmp_61_fu_2211_p2         |    and   |      0|  0|   1|           1|           1|
    |tmp_63_fu_2216_p2         |    and   |      0|  0|   1|           1|           1|
    |tmp_67_fu_2264_p2         |    and   |      0|  0|   1|           1|           1|
    |tmp_69_fu_2269_p2         |    and   |      0|  0|   1|           1|           1|
    |tmp_73_fu_2317_p2         |    and   |      0|  0|   1|           1|           1|
    |tmp_75_fu_2322_p2         |    and   |      0|  0|   1|           1|           1|
    |tmp_79_fu_2370_p2         |    and   |      0|  0|   1|           1|           1|
    |tmp_81_fu_2375_p2         |    and   |      0|  0|   1|           1|           1|
    |tmp_85_fu_2423_p2         |    and   |      0|  0|   1|           1|           1|
    |tmp_87_fu_2428_p2         |    and   |      0|  0|   1|           1|           1|
    |tmp_91_fu_2476_p2         |    and   |      0|  0|   1|           1|           1|
    |tmp_93_fu_2481_p2         |    and   |      0|  0|   1|           1|           1|
    |tmp_97_fu_2529_p2         |    and   |      0|  0|   1|           1|           1|
    |tmp_99_fu_2534_p2         |    and   |      0|  0|   1|           1|           1|
    |xs_sig_V_fu_5271_p2       |    and   |      0|  0|  71|          52|          52|
    |notlhs10_fu_2299_p2       |   icmp   |      0|  0|   3|           8|           2|
    |notlhs11_fu_2352_p2       |   icmp   |      0|  0|   3|           8|           2|
    |notlhs12_fu_2405_p2       |   icmp   |      0|  0|   3|           8|           2|
    |notlhs13_fu_2458_p2       |   icmp   |      0|  0|   3|           8|           2|
    |notlhs14_fu_2511_p2       |   icmp   |      0|  0|   3|           8|           2|
    |notlhs15_fu_2564_p2       |   icmp   |      0|  0|   3|           8|           2|
    |notlhs16_fu_2617_p2       |   icmp   |      0|  0|   3|           8|           2|
    |notlhs17_fu_2670_p2       |   icmp   |      0|  0|   3|           8|           2|
    |notlhs18_fu_2723_p2       |   icmp   |      0|  0|   3|           8|           2|
    |notlhs19_fu_2776_p2       |   icmp   |      0|  0|   3|           8|           2|
    |notlhs1_fu_1819_p2        |   icmp   |      0|  0|   3|           8|           2|
    |notlhs20_fu_2829_p2       |   icmp   |      0|  0|   3|           8|           2|
    |notlhs21_fu_2882_p2       |   icmp   |      0|  0|   3|           8|           2|
    |notlhs22_fu_2935_p2       |   icmp   |      0|  0|   3|           8|           2|
    |notlhs23_fu_2988_p2       |   icmp   |      0|  0|   3|           8|           2|
    |notlhs24_fu_3041_p2       |   icmp   |      0|  0|   3|           8|           2|
    |notlhs25_fu_3094_p2       |   icmp   |      0|  0|   3|           8|           2|
    |notlhs26_fu_3147_p2       |   icmp   |      0|  0|   3|           8|           2|
    |notlhs27_fu_3200_p2       |   icmp   |      0|  0|   3|           8|           2|
    |notlhs28_fu_3253_p2       |   icmp   |      0|  0|   3|           8|           2|
    |notlhs29_fu_3306_p2       |   icmp   |      0|  0|   3|           8|           2|
    |notlhs2_fu_1866_p2        |   icmp   |      0|  0|   3|           8|           2|
    |notlhs30_fu_3359_p2       |   icmp   |      0|  0|   3|           8|           2|
    |notlhs31_fu_3412_p2       |   icmp   |      0|  0|   3|           8|           2|
    |notlhs32_fu_3465_p2       |   icmp   |      0|  0|   3|           8|           2|
    |notlhs33_fu_3518_p2       |   icmp   |      0|  0|   3|           8|           2|
    |notlhs34_fu_3571_p2       |   icmp   |      0|  0|   3|           8|           2|
    |notlhs35_fu_3624_p2       |   icmp   |      0|  0|   3|           8|           2|
    |notlhs36_fu_3677_p2       |   icmp   |      0|  0|   3|           8|           2|
    |notlhs37_fu_3730_p2       |   icmp   |      0|  0|   3|           8|           2|
    |notlhs38_fu_3783_p2       |   icmp   |      0|  0|   3|           8|           2|
    |notlhs39_fu_3836_p2       |   icmp   |      0|  0|   3|           8|           2|
    |notlhs3_fu_2087_p2        |   icmp   |      0|  0|   3|           8|           2|
    |notlhs40_fu_3889_p2       |   icmp   |      0|  0|   3|           8|           2|
    |notlhs41_fu_3942_p2       |   icmp   |      0|  0|   3|           8|           2|
    |notlhs42_fu_3995_p2       |   icmp   |      0|  0|   3|           8|           2|
    |notlhs43_fu_4048_p2       |   icmp   |      0|  0|   3|           8|           2|
    |notlhs44_fu_4101_p2       |   icmp   |      0|  0|   3|           8|           2|
    |notlhs45_fu_4154_p2       |   icmp   |      0|  0|   3|           8|           2|
    |notlhs46_fu_4207_p2       |   icmp   |      0|  0|   3|           8|           2|
    |notlhs47_fu_4260_p2       |   icmp   |      0|  0|   3|           8|           2|
    |notlhs48_fu_4313_p2       |   icmp   |      0|  0|   3|           8|           2|
    |notlhs49_fu_4366_p2       |   icmp   |      0|  0|   3|           8|           2|
    |notlhs4_fu_1928_p2        |   icmp   |      0|  0|   3|           8|           2|
    |notlhs50_fu_4419_p2       |   icmp   |      0|  0|   3|           8|           2|
    |notlhs51_fu_4472_p2       |   icmp   |      0|  0|   3|           8|           2|
    |notlhs52_fu_4525_p2       |   icmp   |      0|  0|   3|           8|           2|
    |notlhs53_fu_4578_p2       |   icmp   |      0|  0|   3|           8|           2|
    |notlhs54_fu_4631_p2       |   icmp   |      0|  0|   3|           8|           2|
    |notlhs55_fu_4684_p2       |   icmp   |      0|  0|   3|           8|           2|
    |notlhs56_fu_4737_p2       |   icmp   |      0|  0|   3|           8|           2|
    |notlhs57_fu_4784_p2       |   icmp   |      0|  0|   3|           8|           2|
    |notlhs58_fu_4831_p2       |   icmp   |      0|  0|   3|           8|           2|
    |notlhs59_fu_4878_p2       |   icmp   |      0|  0|   3|           8|           2|
    |notlhs5_fu_2140_p2        |   icmp   |      0|  0|   3|           8|           2|
    |notlhs60_fu_4925_p2       |   icmp   |      0|  0|   3|           8|           2|
    |notlhs61_fu_4978_p2       |   icmp   |      0|  0|   3|           8|           2|
    |notlhs62_fu_5025_p2       |   icmp   |      0|  0|   3|           8|           2|
    |notlhs63_fu_5072_p2       |   icmp   |      0|  0|   3|           8|           2|
    |notlhs64_fu_5119_p2       |   icmp   |      0|  0|   3|           8|           2|
    |notlhs65_fu_5341_p2       |   icmp   |      0|  0|   3|           8|           2|
    |notlhs66_fu_5382_p2       |   icmp   |      0|  0|   3|           8|           2|
    |notlhs6_fu_1981_p2        |   icmp   |      0|  0|   3|           8|           2|
    |notlhs7_fu_2193_p2        |   icmp   |      0|  0|   3|           8|           2|
    |notlhs8_fu_2034_p2        |   icmp   |      0|  0|   3|           8|           2|
    |notlhs9_fu_2246_p2        |   icmp   |      0|  0|   3|           8|           2|
    |notlhs_fu_1786_p2         |   icmp   |      0|  0|   3|           8|           2|
    |notrhs10_fu_2305_p2       |   icmp   |      0|  0|   8|          23|           1|
    |notrhs11_fu_2358_p2       |   icmp   |      0|  0|   8|          23|           1|
    |notrhs12_fu_2411_p2       |   icmp   |      0|  0|   8|          23|           1|
    |notrhs13_fu_2464_p2       |   icmp   |      0|  0|   8|          23|           1|
    |notrhs14_fu_2517_p2       |   icmp   |      0|  0|   8|          23|           1|
    |notrhs15_fu_2570_p2       |   icmp   |      0|  0|   8|          23|           1|
    |notrhs16_fu_2623_p2       |   icmp   |      0|  0|   8|          23|           1|
    |notrhs17_fu_2676_p2       |   icmp   |      0|  0|   8|          23|           1|
    |notrhs18_fu_2729_p2       |   icmp   |      0|  0|   8|          23|           1|
    |notrhs19_fu_2782_p2       |   icmp   |      0|  0|   8|          23|           1|
    |notrhs1_fu_1825_p2        |   icmp   |      0|  0|   8|          23|           1|
    |notrhs20_fu_2835_p2       |   icmp   |      0|  0|   8|          23|           1|
    |notrhs21_fu_2888_p2       |   icmp   |      0|  0|   8|          23|           1|
    |notrhs22_fu_2941_p2       |   icmp   |      0|  0|   8|          23|           1|
    |notrhs23_fu_2994_p2       |   icmp   |      0|  0|   8|          23|           1|
    |notrhs24_fu_3047_p2       |   icmp   |      0|  0|   8|          23|           1|
    |notrhs25_fu_3100_p2       |   icmp   |      0|  0|   8|          23|           1|
    |notrhs26_fu_3153_p2       |   icmp   |      0|  0|   8|          23|           1|
    |notrhs27_fu_3206_p2       |   icmp   |      0|  0|   8|          23|           1|
    |notrhs28_fu_3259_p2       |   icmp   |      0|  0|   8|          23|           1|
    |notrhs29_fu_3312_p2       |   icmp   |      0|  0|   8|          23|           1|
    |notrhs2_fu_1872_p2        |   icmp   |      0|  0|   8|          23|           1|
    |notrhs30_fu_3365_p2       |   icmp   |      0|  0|   8|          23|           1|
    |notrhs31_fu_3418_p2       |   icmp   |      0|  0|   8|          23|           1|
    |notrhs32_fu_3471_p2       |   icmp   |      0|  0|   8|          23|           1|
    |notrhs33_fu_3524_p2       |   icmp   |      0|  0|   8|          23|           1|
    |notrhs34_fu_3577_p2       |   icmp   |      0|  0|   8|          23|           1|
    |notrhs35_fu_3630_p2       |   icmp   |      0|  0|   8|          23|           1|
    |notrhs36_fu_3683_p2       |   icmp   |      0|  0|   8|          23|           1|
    |notrhs37_fu_3736_p2       |   icmp   |      0|  0|   8|          23|           1|
    |notrhs38_fu_3789_p2       |   icmp   |      0|  0|   8|          23|           1|
    |notrhs39_fu_3842_p2       |   icmp   |      0|  0|   8|          23|           1|
    |notrhs3_fu_2093_p2        |   icmp   |      0|  0|   8|          23|           1|
    |notrhs40_fu_3895_p2       |   icmp   |      0|  0|   8|          23|           1|
    |notrhs41_fu_3948_p2       |   icmp   |      0|  0|   8|          23|           1|
    |notrhs42_fu_4001_p2       |   icmp   |      0|  0|   8|          23|           1|
    |notrhs43_fu_4054_p2       |   icmp   |      0|  0|   8|          23|           1|
    |notrhs44_fu_4107_p2       |   icmp   |      0|  0|   8|          23|           1|
    |notrhs45_fu_4160_p2       |   icmp   |      0|  0|   8|          23|           1|
    |notrhs46_fu_4213_p2       |   icmp   |      0|  0|   8|          23|           1|
    |notrhs47_fu_4266_p2       |   icmp   |      0|  0|   8|          23|           1|
    |notrhs48_fu_4319_p2       |   icmp   |      0|  0|   8|          23|           1|
    |notrhs49_fu_4372_p2       |   icmp   |      0|  0|   8|          23|           1|
    |notrhs4_fu_1934_p2        |   icmp   |      0|  0|   8|          23|           1|
    |notrhs50_fu_4425_p2       |   icmp   |      0|  0|   8|          23|           1|
    |notrhs51_fu_4478_p2       |   icmp   |      0|  0|   8|          23|           1|
    |notrhs52_fu_4531_p2       |   icmp   |      0|  0|   8|          23|           1|
    |notrhs53_fu_4584_p2       |   icmp   |      0|  0|   8|          23|           1|
    |notrhs54_fu_4637_p2       |   icmp   |      0|  0|   8|          23|           1|
    |notrhs55_fu_4690_p2       |   icmp   |      0|  0|   8|          23|           1|
    |notrhs56_fu_4743_p2       |   icmp   |      0|  0|   8|          23|           1|
    |notrhs57_fu_4790_p2       |   icmp   |      0|  0|   8|          23|           1|
    |notrhs58_fu_4837_p2       |   icmp   |      0|  0|   8|          23|           1|
    |notrhs59_fu_4884_p2       |   icmp   |      0|  0|   8|          23|           1|
    |notrhs5_fu_2146_p2        |   icmp   |      0|  0|   8|          23|           1|
    |notrhs60_fu_4931_p2       |   icmp   |      0|  0|   8|          23|           1|
    |notrhs61_fu_4984_p2       |   icmp   |      0|  0|   8|          23|           1|
    |notrhs62_fu_5031_p2       |   icmp   |      0|  0|   8|          23|           1|
    |notrhs63_fu_5078_p2       |   icmp   |      0|  0|   8|          23|           1|
    |notrhs64_fu_5125_p2       |   icmp   |      0|  0|   8|          23|           1|
    |notrhs65_fu_5347_p2       |   icmp   |      0|  0|   8|          23|           1|
    |notrhs66_fu_5388_p2       |   icmp   |      0|  0|   8|          23|           1|
    |notrhs6_fu_1987_p2        |   icmp   |      0|  0|   8|          23|           1|
    |notrhs7_fu_2199_p2        |   icmp   |      0|  0|   8|          23|           1|
    |notrhs8_fu_2040_p2        |   icmp   |      0|  0|   8|          23|           1|
    |notrhs9_fu_2252_p2        |   icmp   |      0|  0|   8|          23|           1|
    |notrhs_fu_1792_p2         |   icmp   |      0|  0|   8|          23|           1|
    |tmp_2_i_i_fu_5215_p2      |   icmp   |      0|  0|   4|          11|          11|
    |tmp_i_i_fu_5209_p2        |   icmp   |      0|  0|   4|          11|          10|
    |tmp_102_fu_2576_p2        |    or    |      0|  0|   1|           1|           1|
    |tmp_108_fu_2629_p2        |    or    |      0|  0|   1|           1|           1|
    |tmp_114_fu_2682_p2        |    or    |      0|  0|   1|           1|           1|
    |tmp_120_fu_2735_p2        |    or    |      0|  0|   1|           1|           1|
    |tmp_126_fu_2788_p2        |    or    |      0|  0|   1|           1|           1|
    |tmp_132_fu_2841_p2        |    or    |      0|  0|   1|           1|           1|
    |tmp_138_fu_2894_p2        |    or    |      0|  0|   1|           1|           1|
    |tmp_144_fu_2947_p2        |    or    |      0|  0|   1|           1|           1|
    |tmp_150_fu_3000_p2        |    or    |      0|  0|   1|           1|           1|
    |tmp_156_fu_3053_p2        |    or    |      0|  0|   1|           1|           1|
    |tmp_162_fu_3106_p2        |    or    |      0|  0|   1|           1|           1|
    |tmp_168_fu_3159_p2        |    or    |      0|  0|   1|           1|           1|
    |tmp_174_fu_3212_p2        |    or    |      0|  0|   1|           1|           1|
    |tmp_180_fu_3265_p2        |    or    |      0|  0|   1|           1|           1|
    |tmp_186_fu_3318_p2        |    or    |      0|  0|   1|           1|           1|
    |tmp_18_fu_1815_p2         |    or    |      0|  0|   1|           1|           1|
    |tmp_192_fu_3371_p2        |    or    |      0|  0|   1|           1|           1|
    |tmp_198_fu_3424_p2        |    or    |      0|  0|   1|           1|           1|
    |tmp_19_fu_1831_p2         |    or    |      0|  0|   1|           1|           1|
    |tmp_204_fu_3477_p2        |    or    |      0|  0|   1|           1|           1|
    |tmp_210_fu_3530_p2        |    or    |      0|  0|   1|           1|           1|
    |tmp_216_fu_3583_p2        |    or    |      0|  0|   1|           1|           1|
    |tmp_222_fu_3636_p2        |    or    |      0|  0|   1|           1|           1|
    |tmp_228_fu_3689_p2        |    or    |      0|  0|   1|           1|           1|
    |tmp_234_fu_3742_p2        |    or    |      0|  0|   1|           1|           1|
    |tmp_240_fu_3795_p2        |    or    |      0|  0|   1|           1|           1|
    |tmp_246_fu_3848_p2        |    or    |      0|  0|   1|           1|           1|
    |tmp_24_fu_1878_p2         |    or    |      0|  0|   1|           1|           1|
    |tmp_252_fu_3901_p2        |    or    |      0|  0|   1|           1|           1|
    |tmp_258_fu_3954_p2        |    or    |      0|  0|   1|           1|           1|
    |tmp_264_fu_4007_p2        |    or    |      0|  0|   1|           1|           1|
    |tmp_270_fu_4060_p2        |    or    |      0|  0|   1|           1|           1|
    |tmp_276_fu_4113_p2        |    or    |      0|  0|   1|           1|           1|
    |tmp_282_fu_4166_p2        |    or    |      0|  0|   1|           1|           1|
    |tmp_288_fu_4219_p2        |    or    |      0|  0|   1|           1|           1|
    |tmp_294_fu_4272_p2        |    or    |      0|  0|   1|           1|           1|
    |tmp_300_fu_4325_p2        |    or    |      0|  0|   1|           1|           1|
    |tmp_306_fu_4378_p2        |    or    |      0|  0|   1|           1|           1|
    |tmp_30_fu_1940_p2         |    or    |      0|  0|   1|           1|           1|
    |tmp_312_fu_4431_p2        |    or    |      0|  0|   1|           1|           1|
    |tmp_318_fu_4484_p2        |    or    |      0|  0|   1|           1|           1|
    |tmp_324_fu_4537_p2        |    or    |      0|  0|   1|           1|           1|
    |tmp_330_fu_4590_p2        |    or    |      0|  0|   1|           1|           1|
    |tmp_336_fu_4643_p2        |    or    |      0|  0|   1|           1|           1|
    |tmp_342_fu_4696_p2        |    or    |      0|  0|   1|           1|           1|
    |tmp_348_fu_4749_p2        |    or    |      0|  0|   1|           1|           1|
    |tmp_354_fu_4796_p2        |    or    |      0|  0|   1|           1|           1|
    |tmp_360_fu_4843_p2        |    or    |      0|  0|   1|           1|           1|
    |tmp_366_fu_4890_p2        |    or    |      0|  0|   1|           1|           1|
    |tmp_36_fu_1993_p2         |    or    |      0|  0|   1|           1|           1|
    |tmp_372_fu_4937_p2        |    or    |      0|  0|   1|           1|           1|
    |tmp_378_fu_4990_p2        |    or    |      0|  0|   1|           1|           1|
    |tmp_384_fu_5037_p2        |    or    |      0|  0|   1|           1|           1|
    |tmp_390_fu_5084_p2        |    or    |      0|  0|   1|           1|           1|
    |tmp_396_fu_5131_p2        |    or    |      0|  0|   1|           1|           1|
    |tmp_402_fu_5353_p2        |    or    |      0|  0|   1|           1|           1|
    |tmp_404_fu_5394_p2        |    or    |      0|  0|   1|           1|           1|
    |tmp_42_fu_2046_p2         |    or    |      0|  0|   1|           1|           1|
    |tmp_48_fu_2099_p2         |    or    |      0|  0|   1|           1|           1|
    |tmp_54_fu_2152_p2         |    or    |      0|  0|   1|           1|           1|
    |tmp_60_fu_2205_p2         |    or    |      0|  0|   1|           1|           1|
    |tmp_66_fu_2258_p2         |    or    |      0|  0|   1|           1|           1|
    |tmp_72_fu_2311_p2         |    or    |      0|  0|   1|           1|           1|
    |tmp_78_fu_2364_p2         |    or    |      0|  0|   1|           1|           1|
    |tmp_84_fu_2417_p2         |    or    |      0|  0|   1|           1|           1|
    |tmp_90_fu_2470_p2         |    or    |      0|  0|   1|           1|           1|
    |tmp_96_fu_2523_p2         |    or    |      0|  0|   1|           1|           1|
    |M_1_10_fu_2434_p3         |  select  |      0|  0|  32|           1|          32|
    |M_1_11_fu_2487_p3         |  select  |      0|  0|  32|           1|          32|
    |M_1_12_fu_2540_p3         |  select  |      0|  0|  32|           1|          32|
    |M_1_13_fu_2593_p3         |  select  |      0|  0|  32|           1|          32|
    |M_1_14_fu_2646_p3         |  select  |      0|  0|  32|           1|          32|
    |M_1_15_fu_2699_p3         |  select  |      0|  0|  32|           1|          32|
    |M_1_16_fu_2752_p3         |  select  |      0|  0|  32|           1|          32|
    |M_1_17_fu_2805_p3         |  select  |      0|  0|  32|           1|          32|
    |M_1_18_fu_2858_p3         |  select  |      0|  0|  32|           1|          32|
    |M_1_19_fu_2911_p3         |  select  |      0|  0|  32|           1|          32|
    |M_1_1_fu_1904_p3          |  select  |      0|  0|  32|           1|          32|
    |M_1_20_fu_2964_p3         |  select  |      0|  0|  32|           1|          32|
    |M_1_21_fu_3017_p3         |  select  |      0|  0|  32|           1|          32|
    |M_1_22_fu_3070_p3         |  select  |      0|  0|  32|           1|          32|
    |M_1_23_fu_3123_p3         |  select  |      0|  0|  32|           1|          32|
    |M_1_24_fu_3176_p3         |  select  |      0|  0|  32|           1|          32|
    |M_1_25_fu_3229_p3         |  select  |      0|  0|  32|           1|          32|
    |M_1_26_fu_3282_p3         |  select  |      0|  0|  32|           1|          32|
    |M_1_27_fu_3335_p3         |  select  |      0|  0|  32|           1|          32|
    |M_1_28_fu_3388_p3         |  select  |      0|  0|  32|           1|          32|
    |M_1_29_fu_3441_p3         |  select  |      0|  0|  32|           1|          32|
    |M_1_2_fu_1957_p3          |  select  |      0|  0|  32|           1|          32|
    |M_1_30_fu_3494_p3         |  select  |      0|  0|  32|           1|          32|
    |M_1_31_fu_3547_p3         |  select  |      0|  0|  32|           1|          32|
    |M_1_32_fu_3600_p3         |  select  |      0|  0|  32|           1|          32|
    |M_1_33_fu_3653_p3         |  select  |      0|  0|  32|           1|          32|
    |M_1_34_fu_3706_p3         |  select  |      0|  0|  32|           1|          32|
    |M_1_35_fu_3759_p3         |  select  |      0|  0|  32|           1|          32|
    |M_1_36_fu_3812_p3         |  select  |      0|  0|  32|           1|          32|
    |M_1_37_fu_3865_p3         |  select  |      0|  0|  32|           1|          32|
    |M_1_38_fu_3918_p3         |  select  |      0|  0|  32|           1|          32|
    |M_1_39_fu_3971_p3         |  select  |      0|  0|  32|           1|          32|
    |M_1_3_fu_2010_p3          |  select  |      0|  0|  32|           1|          32|
    |M_1_40_fu_4024_p3         |  select  |      0|  0|  32|           1|          32|
    |M_1_41_fu_4077_p3         |  select  |      0|  0|  32|           1|          32|
    |M_1_42_fu_4130_p3         |  select  |      0|  0|  32|           1|          32|
    |M_1_43_fu_4183_p3         |  select  |      0|  0|  32|           1|          32|
    |M_1_44_fu_4236_p3         |  select  |      0|  0|  32|           1|          32|
    |M_1_45_fu_4289_p3         |  select  |      0|  0|  32|           1|          32|
    |M_1_46_fu_4342_p3         |  select  |      0|  0|  32|           1|          32|
    |M_1_47_fu_4395_p3         |  select  |      0|  0|  32|           1|          32|
    |M_1_48_fu_4448_p3         |  select  |      0|  0|  32|           1|          32|
    |M_1_49_fu_4501_p3         |  select  |      0|  0|  32|           1|          32|
    |M_1_4_fu_2063_p3          |  select  |      0|  0|  32|           1|          32|
    |M_1_50_fu_4554_p3         |  select  |      0|  0|  32|           1|          32|
    |M_1_51_fu_4607_p3         |  select  |      0|  0|  32|           1|          32|
    |M_1_52_fu_4660_p3         |  select  |      0|  0|  32|           1|          32|
    |M_1_53_fu_4713_p3         |  select  |      0|  0|  32|           1|          32|
    |M_1_54_fu_4954_p3         |  select  |      0|  0|  32|           1|          32|
    |M_1_55_fu_5148_p3         |  select  |      0|  0|  32|           1|          32|
    |M_1_56_fu_5154_p3         |  select  |      0|  0|  32|           1|          32|
    |M_1_57_fu_5160_p3         |  select  |      0|  0|  32|           1|          32|
    |M_1_58_fu_5166_p3         |  select  |      0|  0|  32|           1|          32|
    |M_1_59_fu_5172_p3         |  select  |      0|  0|  32|           1|          32|
    |M_1_5_fu_2116_p3          |  select  |      0|  0|  32|           1|          32|
    |M_1_60_fu_5178_p3         |  select  |      0|  0|  32|           1|          32|
    |M_1_61_fu_5184_p3         |  select  |      0|  0|  32|           1|          32|
    |M_1_62_fu_5190_p3         |  select  |      0|  0|  32|           1|          32|
    |M_1_6_fu_2169_p3          |  select  |      0|  0|  32|           1|          32|
    |M_1_7_fu_2222_p3          |  select  |      0|  0|  32|           1|          32|
    |M_1_8_fu_2275_p3          |  select  |      0|  0|  32|           1|          32|
    |M_1_9_fu_2328_p3          |  select  |      0|  0|  32|           1|          32|
    |M_1_fu_1896_p3            |  select  |      0|  0|  30|           1|          30|
    |M_1_s_fu_2381_p3          |  select  |      0|  0|  32|           1|          32|
    |p_i_i_fu_5316_p3          |  select  |      0|  0|  64|           1|          64|
    |sel_tmp_v_fu_5295_p3      |  select  |      0|  0|  64|           1|          64|
    |sel_tmp1_fu_5306_p2       |    xor   |      0|  0|   2|           1|           2|
    |tmp_20_neg_10_fu_5580_p2  |    xor   |      0|  0|  45|          32|          33|
    |tmp_20_neg_11_fu_5595_p2  |    xor   |      0|  0|  45|          32|          33|
    |tmp_20_neg_12_fu_5610_p2  |    xor   |      0|  0|  45|          32|          33|
    |tmp_20_neg_13_fu_5625_p2  |    xor   |      0|  0|  45|          32|          33|
    |tmp_20_neg_14_fu_5640_p2  |    xor   |      0|  0|  45|          32|          33|
    |tmp_20_neg_15_fu_5655_p2  |    xor   |      0|  0|  45|          32|          33|
    |tmp_20_neg_16_fu_5670_p2  |    xor   |      0|  0|  45|          32|          33|
    |tmp_20_neg_17_fu_5685_p2  |    xor   |      0|  0|  45|          32|          33|
    |tmp_20_neg_18_fu_5700_p2  |    xor   |      0|  0|  45|          32|          33|
    |tmp_20_neg_19_fu_5715_p2  |    xor   |      0|  0|  45|          32|          33|
    |tmp_20_neg_1_fu_5430_p2   |    xor   |      0|  0|  45|          32|          33|
    |tmp_20_neg_20_fu_5730_p2  |    xor   |      0|  0|  45|          32|          33|
    |tmp_20_neg_21_fu_5745_p2  |    xor   |      0|  0|  45|          32|          33|
    |tmp_20_neg_22_fu_5760_p2  |    xor   |      0|  0|  45|          32|          33|
    |tmp_20_neg_23_fu_5775_p2  |    xor   |      0|  0|  45|          32|          33|
    |tmp_20_neg_24_fu_5790_p2  |    xor   |      0|  0|  45|          32|          33|
    |tmp_20_neg_25_fu_5805_p2  |    xor   |      0|  0|  45|          32|          33|
    |tmp_20_neg_26_fu_5820_p2  |    xor   |      0|  0|  45|          32|          33|
    |tmp_20_neg_27_fu_5835_p2  |    xor   |      0|  0|  45|          32|          33|
    |tmp_20_neg_28_fu_5850_p2  |    xor   |      0|  0|  45|          32|          33|
    |tmp_20_neg_29_fu_5865_p2  |    xor   |      0|  0|  45|          32|          33|
    |tmp_20_neg_2_fu_5445_p2   |    xor   |      0|  0|  45|          32|          33|
    |tmp_20_neg_30_fu_5880_p2  |    xor   |      0|  0|  45|          32|          33|
    |tmp_20_neg_31_fu_5895_p2  |    xor   |      0|  0|  45|          32|          33|
    |tmp_20_neg_32_fu_5910_p2  |    xor   |      0|  0|  45|          32|          33|
    |tmp_20_neg_33_fu_5925_p2  |    xor   |      0|  0|  45|          32|          33|
    |tmp_20_neg_34_fu_5940_p2  |    xor   |      0|  0|  45|          32|          33|
    |tmp_20_neg_35_fu_5955_p2  |    xor   |      0|  0|  45|          32|          33|
    |tmp_20_neg_36_fu_5970_p2  |    xor   |      0|  0|  45|          32|          33|
    |tmp_20_neg_37_fu_5985_p2  |    xor   |      0|  0|  45|          32|          33|
    |tmp_20_neg_38_fu_6000_p2  |    xor   |      0|  0|  45|          32|          33|
    |tmp_20_neg_39_fu_6015_p2  |    xor   |      0|  0|  45|          32|          33|
    |tmp_20_neg_3_fu_5460_p2   |    xor   |      0|  0|  45|          32|          33|
    |tmp_20_neg_40_fu_6030_p2  |    xor   |      0|  0|  45|          32|          33|
    |tmp_20_neg_41_fu_6045_p2  |    xor   |      0|  0|  45|          32|          33|
    |tmp_20_neg_42_fu_6060_p2  |    xor   |      0|  0|  45|          32|          33|
    |tmp_20_neg_43_fu_6075_p2  |    xor   |      0|  0|  45|          32|          33|
    |tmp_20_neg_44_fu_6090_p2  |    xor   |      0|  0|  45|          32|          33|
    |tmp_20_neg_45_fu_6105_p2  |    xor   |      0|  0|  45|          32|          33|
    |tmp_20_neg_46_fu_6120_p2  |    xor   |      0|  0|  45|          32|          33|
    |tmp_20_neg_47_fu_6135_p2  |    xor   |      0|  0|  45|          32|          33|
    |tmp_20_neg_48_fu_6150_p2  |    xor   |      0|  0|  45|          32|          33|
    |tmp_20_neg_49_fu_6165_p2  |    xor   |      0|  0|  45|          32|          33|
    |tmp_20_neg_4_fu_5475_p2   |    xor   |      0|  0|  45|          32|          33|
    |tmp_20_neg_50_fu_6180_p2  |    xor   |      0|  0|  45|          32|          33|
    |tmp_20_neg_51_fu_6195_p2  |    xor   |      0|  0|  45|          32|          33|
    |tmp_20_neg_52_fu_6210_p2  |    xor   |      0|  0|  45|          32|          33|
    |tmp_20_neg_53_fu_6225_p2  |    xor   |      0|  0|  45|          32|          33|
    |tmp_20_neg_54_fu_6240_p2  |    xor   |      0|  0|  45|          32|          33|
    |tmp_20_neg_55_fu_6255_p2  |    xor   |      0|  0|  45|          32|          33|
    |tmp_20_neg_56_fu_6270_p2  |    xor   |      0|  0|  45|          32|          33|
    |tmp_20_neg_57_fu_6285_p2  |    xor   |      0|  0|  45|          32|          33|
    |tmp_20_neg_58_fu_6300_p2  |    xor   |      0|  0|  45|          32|          33|
    |tmp_20_neg_59_fu_6315_p2  |    xor   |      0|  0|  45|          32|          33|
    |tmp_20_neg_5_fu_5490_p2   |    xor   |      0|  0|  45|          32|          33|
    |tmp_20_neg_60_fu_6330_p2  |    xor   |      0|  0|  45|          32|          33|
    |tmp_20_neg_61_fu_6345_p2  |    xor   |      0|  0|  45|          32|          33|
    |tmp_20_neg_62_fu_6360_p2  |    xor   |      0|  0|  45|          32|          33|
    |tmp_20_neg_6_fu_5505_p2   |    xor   |      0|  0|  45|          32|          33|
    |tmp_20_neg_7_fu_5520_p2   |    xor   |      0|  0|  45|          32|          33|
    |tmp_20_neg_8_fu_5535_p2   |    xor   |      0|  0|  45|          32|          33|
    |tmp_20_neg_9_fu_5550_p2   |    xor   |      0|  0|  45|          32|          33|
    |tmp_20_neg_fu_5415_p2     |    xor   |      0|  0|  45|          32|          33|
    |tmp_20_neg_s_fu_5565_p2   |    xor   |      0|  0|  45|          32|          33|
    |tmp_i_i_19_fu_5265_p2     |    xor   |      0|  0|  71|          52|           2|
    +--------------------------+----------+-------+---+----+------------+------------+
    |Total                     |          |      0|  0|6237|        4581|        4858|
    +--------------------------+----------+-------+---+----+------------+------------+

    * Multiplexer: 
    +--------------------+------+-----------+-----+-----------+
    |        Name        |  LUT | Input Size| Bits| Total Bits|
    +--------------------+------+-----------+-----+-----------+
    |B_Addr_A_orig       |   672|         65|   32|       2080|
    |B_Din_A             |  1344|        129|   32|       4128|
    |B_WEN_A             |     4|          2|    4|          8|
    |E1_Addr_A_orig      |   672|         65|   32|       2080|
    |ap_NS_fsm           |  3090|        946|    1|        946|
    |grp_fu_1354_opcode  |     2|          3|    2|          6|
    |grp_fu_1354_p0      |  1344|        129|   32|       4128|
    |grp_fu_1354_p1      |    32|          5|   32|        160|
    |grp_fu_1612_p0      |    32|          5|   32|        160|
    |grp_fu_1612_p1      |    32|          4|   32|        128|
    |grp_fu_1623_p0      |    64|          3|   64|        192|
    |grp_fu_1626_p0      |    32|          3|   32|         96|
    |grp_fu_1629_opcode  |     5|          3|    5|         15|
    |grp_fu_1629_p0      |    32|          3|   32|         96|
    |grp_fu_1629_p1      |    32|          4|   32|        128|
    |grp_fu_1639_p0      |    64|          3|   64|        192|
    |grp_fu_1643_p0      |    64|          4|   64|        256|
    |grp_fu_1643_p1      |    64|          3|   64|        192|
    |i_1_reg_1342        |    32|          2|   32|         64|
    +--------------------+------+-----------+-----+-----------+
    |Total               |  7613|       1381|  620|      15055|
    +--------------------+------+-----------+-----+-----------+

    * Register: 
    +---------------------+-----+----+-----+-----------+
    |         Name        |  FF | LUT| Bits| Const Bits|
    +---------------------+-----+----+-----+-----------+
    |B_load_100_reg_8084  |   32|   0|   32|          0|
    |B_load_101_reg_8090  |   32|   0|   32|          0|
    |B_load_102_reg_8096  |   32|   0|   32|          0|
    |B_load_103_reg_8102  |   32|   0|   32|          0|
    |B_load_104_reg_8108  |   32|   0|   32|          0|
    |B_load_105_reg_8114  |   32|   0|   32|          0|
    |B_load_106_reg_8120  |   32|   0|   32|          0|
    |B_load_107_reg_8126  |   32|   0|   32|          0|
    |B_load_108_reg_8132  |   32|   0|   32|          0|
    |B_load_109_reg_8138  |   32|   0|   32|          0|
    |B_load_110_reg_8144  |   32|   0|   32|          0|
    |B_load_111_reg_8150  |   32|   0|   32|          0|
    |B_load_112_reg_8156  |   32|   0|   32|          0|
    |B_load_113_reg_8162  |   32|   0|   32|          0|
    |B_load_114_reg_8168  |   32|   0|   32|          0|
    |B_load_115_reg_8174  |   32|   0|   32|          0|
    |B_load_116_reg_8180  |   32|   0|   32|          0|
    |B_load_117_reg_8186  |   32|   0|   32|          0|
    |B_load_118_reg_8192  |   32|   0|   32|          0|
    |B_load_119_reg_8198  |   32|   0|   32|          0|
    |B_load_120_reg_8204  |   32|   0|   32|          0|
    |B_load_121_reg_8210  |   32|   0|   32|          0|
    |B_load_122_reg_8216  |   32|   0|   32|          0|
    |B_load_123_reg_8222  |   32|   0|   32|          0|
    |B_load_124_reg_8228  |   32|   0|   32|          0|
    |B_load_125_reg_8234  |   32|   0|   32|          0|
    |B_load_126_reg_8240  |   32|   0|   32|          0|
    |B_load_127_reg_8246  |   32|   0|   32|          0|
    |B_load_64_reg_7868   |   32|   0|   32|          0|
    |B_load_65_reg_7874   |   32|   0|   32|          0|
    |B_load_66_reg_7880   |   32|   0|   32|          0|
    |B_load_67_reg_7886   |   32|   0|   32|          0|
    |B_load_68_reg_7892   |   32|   0|   32|          0|
    |B_load_69_reg_7898   |   32|   0|   32|          0|
    |B_load_70_reg_7904   |   32|   0|   32|          0|
    |B_load_71_reg_7910   |   32|   0|   32|          0|
    |B_load_72_reg_7916   |   32|   0|   32|          0|
    |B_load_73_reg_7922   |   32|   0|   32|          0|
    |B_load_74_reg_7928   |   32|   0|   32|          0|
    |B_load_75_reg_7934   |   32|   0|   32|          0|
    |B_load_76_reg_7940   |   32|   0|   32|          0|
    |B_load_77_reg_7946   |   32|   0|   32|          0|
    |B_load_78_reg_7952   |   32|   0|   32|          0|
    |B_load_79_reg_7958   |   32|   0|   32|          0|
    |B_load_80_reg_7964   |   32|   0|   32|          0|
    |B_load_81_reg_7970   |   32|   0|   32|          0|
    |B_load_82_reg_7976   |   32|   0|   32|          0|
    |B_load_83_reg_7982   |   32|   0|   32|          0|
    |B_load_84_reg_7988   |   32|   0|   32|          0|
    |B_load_85_reg_7994   |   32|   0|   32|          0|
    |B_load_86_reg_8000   |   32|   0|   32|          0|
    |B_load_87_reg_8006   |   32|   0|   32|          0|
    |B_load_88_reg_8012   |   32|   0|   32|          0|
    |B_load_89_reg_8018   |   32|   0|   32|          0|
    |B_load_90_reg_8024   |   32|   0|   32|          0|
    |B_load_91_reg_8030   |   32|   0|   32|          0|
    |B_load_92_reg_8036   |   32|   0|   32|          0|
    |B_load_93_reg_8042   |   32|   0|   32|          0|
    |B_load_94_reg_8048   |   32|   0|   32|          0|
    |B_load_95_reg_8054   |   32|   0|   32|          0|
    |B_load_96_reg_8060   |   32|   0|   32|          0|
    |B_load_97_reg_8066   |   32|   0|   32|          0|
    |B_load_98_reg_8072   |   32|   0|   32|          0|
    |B_load_99_reg_8078   |   32|   0|   32|          0|
    |C_read_reg_6381      |   32|   0|   32|          0|
    |K2_reg_7481          |   32|   0|   32|          0|
    |M_1_10_reg_6649      |   32|   0|   32|          0|
    |M_1_11_reg_6665      |   32|   0|   32|          0|
    |M_1_12_reg_6681      |   32|   0|   32|          0|
    |M_1_13_reg_6697      |   32|   0|   32|          0|
    |M_1_14_reg_6713      |   32|   0|   32|          0|
    |M_1_15_reg_6729      |   32|   0|   32|          0|
    |M_1_16_reg_6745      |   32|   0|   32|          0|
    |M_1_17_reg_6761      |   32|   0|   32|          0|
    |M_1_18_reg_6777      |   32|   0|   32|          0|
    |M_1_19_reg_6793      |   32|   0|   32|          0|
    |M_1_1_reg_6489       |   32|   0|   32|          0|
    |M_1_20_reg_6809      |   32|   0|   32|          0|
    |M_1_21_reg_6825      |   32|   0|   32|          0|
    |M_1_22_reg_6841      |   32|   0|   32|          0|
    |M_1_23_reg_6857      |   32|   0|   32|          0|
    |M_1_24_reg_6873      |   32|   0|   32|          0|
    |M_1_25_reg_6889      |   32|   0|   32|          0|
    |M_1_26_reg_6905      |   32|   0|   32|          0|
    |M_1_27_reg_6921      |   32|   0|   32|          0|
    |M_1_28_reg_6937      |   32|   0|   32|          0|
    |M_1_29_reg_6953      |   32|   0|   32|          0|
    |M_1_2_reg_6505       |   32|   0|   32|          0|
    |M_1_30_reg_6969      |   32|   0|   32|          0|
    |M_1_31_reg_6985      |   32|   0|   32|          0|
    |M_1_32_reg_7001      |   32|   0|   32|          0|
    |M_1_33_reg_7017      |   32|   0|   32|          0|
    |M_1_34_reg_7033      |   32|   0|   32|          0|
    |M_1_35_reg_7049      |   32|   0|   32|          0|
    |M_1_36_reg_7065      |   32|   0|   32|          0|
    |M_1_37_reg_7081      |   32|   0|   32|          0|
    |M_1_38_reg_7097      |   32|   0|   32|          0|
    |M_1_39_reg_7113      |   32|   0|   32|          0|
    |M_1_3_reg_6521       |   32|   0|   32|          0|
    |M_1_40_reg_7129      |   32|   0|   32|          0|
    |M_1_41_reg_7145      |   32|   0|   32|          0|
    |M_1_42_reg_7161      |   32|   0|   32|          0|
    |M_1_43_reg_7177      |   32|   0|   32|          0|
    |M_1_44_reg_7193      |   32|   0|   32|          0|
    |M_1_45_reg_7209      |   32|   0|   32|          0|
    |M_1_46_reg_7225      |   32|   0|   32|          0|
    |M_1_47_reg_7241      |   32|   0|   32|          0|
    |M_1_48_reg_7257      |   32|   0|   32|          0|
    |M_1_49_reg_7273      |   32|   0|   32|          0|
    |M_1_4_reg_6537       |   32|   0|   32|          0|
    |M_1_50_reg_7289      |   32|   0|   32|          0|
    |M_1_51_reg_7305      |   32|   0|   32|          0|
    |M_1_52_reg_7321      |   32|   0|   32|          0|
    |M_1_53_reg_7342      |   32|   0|   32|          0|
    |M_1_54_reg_7398      |   32|   0|   32|          0|
    |M_1_55_reg_7434      |   32|   0|   32|          0|
    |M_1_56_reg_7440      |   32|   0|   32|          0|
    |M_1_57_reg_7446      |   32|   0|   32|          0|
    |M_1_58_reg_7452      |   32|   0|   32|          0|
    |M_1_59_reg_7458      |   32|   0|   32|          0|
    |M_1_5_reg_6553       |   32|   0|   32|          0|
    |M_1_60_reg_7464      |   32|   0|   32|          0|
    |M_1_61_reg_7470      |   32|   0|   32|          0|
    |M_1_62_reg_7476      |   32|   0|   32|          0|
    |M_1_6_reg_6569       |   32|   0|   32|          0|
    |M_1_7_reg_6585       |   32|   0|   32|          0|
    |M_1_8_reg_6601       |   32|   0|   32|          0|
    |M_1_9_reg_6617       |   32|   0|   32|          0|
    |M_1_reg_6478         |    7|   0|   32|         25|
    |M_1_s_reg_6633       |   32|   0|   32|          0|
    |V_0_reg_6468         |    1|   0|    1|          0|
    |ap_CS_fsm            |  945|   0|  945|          0|
    |i_1_reg_1342         |   32|   0|   32|          0|
    |i_reg_7854           |   32|   0|   32|          0|
    |notlhs_reg_6387      |    1|   0|    1|          0|
    |notrhs_reg_6392      |    1|   0|    1|          0|
    |p_i_i_reg_7524       |   64|   0|   64|          0|
    |pow1_reg_7486        |   64|   0|   64|          0|
    |reg_1657             |   32|   0|   32|          0|
    |reg_1662             |   32|   0|   32|          0|
    |reg_1733             |   64|   0|   64|          0|
    |reg_1742             |   64|   0|   64|          0|
    |reg_1749             |   64|   0|   64|          0|
    |reg_1755             |   32|   0|   32|          0|
    |reg_1761             |   32|   0|   32|          0|
    |t_V_1_reg_7497       |   64|   0|   64|          0|
    |tmp_105_reg_6687     |    1|   0|    1|          0|
    |tmp_111_reg_6703     |    1|   0|    1|          0|
    |tmp_117_reg_6719     |    1|   0|    1|          0|
    |tmp_11_reg_7859      |   32|   0|   32|          0|
    |tmp_123_reg_6735     |    1|   0|    1|          0|
    |tmp_129_reg_6751     |    1|   0|    1|          0|
    |tmp_135_reg_6767     |    1|   0|    1|          0|
    |tmp_141_reg_6783     |    1|   0|    1|          0|
    |tmp_147_reg_6799     |    1|   0|    1|          0|
    |tmp_153_reg_6815     |    1|   0|    1|          0|
    |tmp_159_reg_6831     |    1|   0|    1|          0|
    |tmp_165_reg_6847     |    1|   0|    1|          0|
    |tmp_171_reg_6863     |    1|   0|    1|          0|
    |tmp_177_reg_6879     |    1|   0|    1|          0|
    |tmp_183_reg_6895     |    1|   0|    1|          0|
    |tmp_189_reg_6911     |    1|   0|    1|          0|
    |tmp_195_reg_6927     |    1|   0|    1|          0|
    |tmp_19_reg_6402      |    1|   0|    1|          0|
    |tmp_201_reg_6943     |    1|   0|    1|          0|
    |tmp_207_reg_6959     |    1|   0|    1|          0|
    |tmp_213_reg_6975     |    1|   0|    1|          0|
    |tmp_219_reg_6991     |    1|   0|    1|          0|
    |tmp_21_reg_6397      |    1|   0|    1|          0|
    |tmp_225_reg_7007     |    1|   0|    1|          0|
    |tmp_22_10_reg_8302   |   32|   0|   32|          0|
    |tmp_22_11_reg_8307   |   32|   0|   32|          0|
    |tmp_22_12_reg_8312   |   32|   0|   32|          0|
    |tmp_22_13_reg_8317   |   32|   0|   32|          0|
    |tmp_22_14_reg_8322   |   32|   0|   32|          0|
    |tmp_22_15_reg_8327   |   32|   0|   32|          0|
    |tmp_22_16_reg_8332   |   32|   0|   32|          0|
    |tmp_22_17_reg_8337   |   32|   0|   32|          0|
    |tmp_22_18_reg_8342   |   32|   0|   32|          0|
    |tmp_22_19_reg_8347   |   32|   0|   32|          0|
    |tmp_22_1_reg_8252    |   32|   0|   32|          0|
    |tmp_22_20_reg_8352   |   32|   0|   32|          0|
    |tmp_22_21_reg_8357   |   32|   0|   32|          0|
    |tmp_22_22_reg_8362   |   32|   0|   32|          0|
    |tmp_22_23_reg_8367   |   32|   0|   32|          0|
    |tmp_22_24_reg_8372   |   32|   0|   32|          0|
    |tmp_22_25_reg_8377   |   32|   0|   32|          0|
    |tmp_22_26_reg_8382   |   32|   0|   32|          0|
    |tmp_22_27_reg_8387   |   32|   0|   32|          0|
    |tmp_22_28_reg_8392   |   32|   0|   32|          0|
    |tmp_22_29_reg_8397   |   32|   0|   32|          0|
    |tmp_22_2_reg_8257    |   32|   0|   32|          0|
    |tmp_22_30_reg_8402   |   32|   0|   32|          0|
    |tmp_22_31_reg_8407   |   32|   0|   32|          0|
    |tmp_22_32_reg_8412   |   32|   0|   32|          0|
    |tmp_22_33_reg_8417   |   32|   0|   32|          0|
    |tmp_22_34_reg_8422   |   32|   0|   32|          0|
    |tmp_22_35_reg_8427   |   32|   0|   32|          0|
    |tmp_22_36_reg_8432   |   32|   0|   32|          0|
    |tmp_22_37_reg_8437   |   32|   0|   32|          0|
    |tmp_22_38_reg_8442   |   32|   0|   32|          0|
    |tmp_22_39_reg_8447   |   32|   0|   32|          0|
    |tmp_22_3_reg_8262    |   32|   0|   32|          0|
    |tmp_22_40_reg_8452   |   32|   0|   32|          0|
    |tmp_22_41_reg_8457   |   32|   0|   32|          0|
    |tmp_22_42_reg_8462   |   32|   0|   32|          0|
    |tmp_22_43_reg_8467   |   32|   0|   32|          0|
    |tmp_22_44_reg_8472   |   32|   0|   32|          0|
    |tmp_22_45_reg_8477   |   32|   0|   32|          0|
    |tmp_22_46_reg_8482   |   32|   0|   32|          0|
    |tmp_22_47_reg_8487   |   32|   0|   32|          0|
    |tmp_22_48_reg_8492   |   32|   0|   32|          0|
    |tmp_22_49_reg_8497   |   32|   0|   32|          0|
    |tmp_22_4_reg_8267    |   32|   0|   32|          0|
    |tmp_22_50_reg_8502   |   32|   0|   32|          0|
    |tmp_22_51_reg_8507   |   32|   0|   32|          0|
    |tmp_22_52_reg_8512   |   32|   0|   32|          0|
    |tmp_22_53_reg_8517   |   32|   0|   32|          0|
    |tmp_22_54_reg_8522   |   32|   0|   32|          0|
    |tmp_22_55_reg_8527   |   32|   0|   32|          0|
    |tmp_22_56_reg_8532   |   32|   0|   32|          0|
    |tmp_22_57_reg_8537   |   32|   0|   32|          0|
    |tmp_22_58_reg_8542   |   32|   0|   32|          0|
    |tmp_22_59_reg_8547   |   32|   0|   32|          0|
    |tmp_22_5_reg_8272    |   32|   0|   32|          0|
    |tmp_22_60_reg_8552   |   32|   0|   32|          0|
    |tmp_22_61_reg_8557   |   32|   0|   32|          0|
    |tmp_22_62_reg_8562   |   32|   0|   32|          0|
    |tmp_22_6_reg_8277    |   32|   0|   32|          0|
    |tmp_22_7_reg_8282    |   32|   0|   32|          0|
    |tmp_22_8_reg_8287    |   32|   0|   32|          0|
    |tmp_22_9_reg_8292    |   32|   0|   32|          0|
    |tmp_22_s_reg_8297    |   32|   0|   32|          0|
    |tmp_231_reg_7023     |    1|   0|    1|          0|
    |tmp_237_reg_7039     |    1|   0|    1|          0|
    |tmp_243_reg_7055     |    1|   0|    1|          0|
    |tmp_249_reg_7071     |    1|   0|    1|          0|
    |tmp_255_reg_7087     |    1|   0|    1|          0|
    |tmp_261_reg_7103     |    1|   0|    1|          0|
    |tmp_267_reg_7119     |    1|   0|    1|          0|
    |tmp_273_reg_7135     |    1|   0|    1|          0|
    |tmp_279_reg_7151     |    1|   0|    1|          0|
    |tmp_27_reg_6473      |    1|   0|    1|          0|
    |tmp_285_reg_7167     |    1|   0|    1|          0|
    |tmp_291_reg_7183     |    1|   0|    1|          0|
    |tmp_297_reg_7199     |    1|   0|    1|          0|
    |tmp_2_i_i_reg_7509   |    1|   0|    1|          0|
    |tmp_303_reg_7215     |    1|   0|    1|          0|
    |tmp_309_reg_7231     |    1|   0|    1|          0|
    |tmp_315_reg_7247     |    1|   0|    1|          0|
    |tmp_321_reg_7263     |    1|   0|    1|          0|
    |tmp_327_reg_7279     |    1|   0|    1|          0|
    |tmp_333_reg_7295     |    1|   0|    1|          0|
    |tmp_339_reg_7311     |    1|   0|    1|          0|
    |tmp_33_reg_6495      |    1|   0|    1|          0|
    |tmp_345_reg_7327     |    1|   0|    1|          0|
    |tmp_351_reg_7348     |    1|   0|    1|          0|
    |tmp_357_reg_7358     |    1|   0|    1|          0|
    |tmp_363_reg_7368     |    1|   0|    1|          0|
    |tmp_369_reg_7378     |    1|   0|    1|          0|
    |tmp_375_reg_7388     |    1|   0|    1|          0|
    |tmp_381_reg_7404     |    1|   0|    1|          0|
    |tmp_387_reg_7414     |    1|   0|    1|          0|
    |tmp_393_reg_7424     |    1|   0|    1|          0|
    |tmp_399_reg_7429     |    1|   0|    1|          0|
    |tmp_39_reg_6511      |    1|   0|    1|          0|
    |tmp_402_reg_7849     |    1|   0|    1|          0|
    |tmp_45_reg_6527      |    1|   0|    1|          0|
    |tmp_51_reg_6543      |    1|   0|    1|          0|
    |tmp_57_reg_6559      |    1|   0|    1|          0|
    |tmp_63_reg_6575      |    1|   0|    1|          0|
    |tmp_69_reg_6591      |    1|   0|    1|          0|
    |tmp_75_reg_6607      |    1|   0|    1|          0|
    |tmp_81_reg_6623      |    1|   0|    1|          0|
    |tmp_87_reg_6639      |    1|   0|    1|          0|
    |tmp_93_reg_6655      |    1|   0|    1|          0|
    |tmp_99_reg_6671      |    1|   0|    1|          0|
    |tmp_i_i_reg_7503     |    1|   0|    1|          0|
    |x_assign_reg_7491    |   64|   0|   64|          0|
    +---------------------+-----+----+-----+-----------+
    |Total                | 7839|   0| 7864|         25|
    +---------------------+-----+----+-----+-----------+



================================================================
== Interface
================================================================
* Summary: 
+------------------------+-----+-----+------------+--------------+--------------+
|        RTL Ports       | Dir | Bits|  Protocol  | Source Object|    C Type    |
+------------------------+-----+-----+------------+--------------+--------------+
|s_axi_CRTL_BUS_AWVALID  |  in |    1|    s_axi   |   CRTL_BUS   |    scalar    |
|s_axi_CRTL_BUS_AWREADY  | out |    1|    s_axi   |   CRTL_BUS   |    scalar    |
|s_axi_CRTL_BUS_AWADDR   |  in |    5|    s_axi   |   CRTL_BUS   |    scalar    |
|s_axi_CRTL_BUS_WVALID   |  in |    1|    s_axi   |   CRTL_BUS   |    scalar    |
|s_axi_CRTL_BUS_WREADY   | out |    1|    s_axi   |   CRTL_BUS   |    scalar    |
|s_axi_CRTL_BUS_WDATA    |  in |   32|    s_axi   |   CRTL_BUS   |    scalar    |
|s_axi_CRTL_BUS_WSTRB    |  in |    4|    s_axi   |   CRTL_BUS   |    scalar    |
|s_axi_CRTL_BUS_ARVALID  |  in |    1|    s_axi   |   CRTL_BUS   |    scalar    |
|s_axi_CRTL_BUS_ARREADY  | out |    1|    s_axi   |   CRTL_BUS   |    scalar    |
|s_axi_CRTL_BUS_ARADDR   |  in |    5|    s_axi   |   CRTL_BUS   |    scalar    |
|s_axi_CRTL_BUS_RVALID   | out |    1|    s_axi   |   CRTL_BUS   |    scalar    |
|s_axi_CRTL_BUS_RREADY   |  in |    1|    s_axi   |   CRTL_BUS   |    scalar    |
|s_axi_CRTL_BUS_RDATA    | out |   32|    s_axi   |   CRTL_BUS   |    scalar    |
|s_axi_CRTL_BUS_RRESP    | out |    2|    s_axi   |   CRTL_BUS   |    scalar    |
|s_axi_CRTL_BUS_BVALID   | out |    1|    s_axi   |   CRTL_BUS   |    scalar    |
|s_axi_CRTL_BUS_BREADY   |  in |    1|    s_axi   |   CRTL_BUS   |    scalar    |
|s_axi_CRTL_BUS_BRESP    | out |    2|    s_axi   |   CRTL_BUS   |    scalar    |
|ap_clk                  |  in |    1| ap_ctrl_hs |   NGrover64  | return value |
|ap_rst_n                |  in |    1| ap_ctrl_hs |   NGrover64  | return value |
|interrupt               | out |    1| ap_ctrl_hs |   NGrover64  | return value |
|E1_Addr_A               | out |   32|    bram    |      E1      |     array    |
|E1_EN_A                 | out |    1|    bram    |      E1      |     array    |
|E1_WEN_A                | out |    4|    bram    |      E1      |     array    |
|E1_Din_A                | out |   32|    bram    |      E1      |     array    |
|E1_Dout_A               |  in |   32|    bram    |      E1      |     array    |
|E1_Clk_A                | out |    1|    bram    |      E1      |     array    |
|E1_Rst_A                | out |    1|    bram    |      E1      |     array    |
|B_Addr_A                | out |   32|    bram    |       B      |     array    |
|B_EN_A                  | out |    1|    bram    |       B      |     array    |
|B_WEN_A                 | out |    4|    bram    |       B      |     array    |
|B_Din_A                 | out |   32|    bram    |       B      |     array    |
|B_Dout_A                |  in |   32|    bram    |       B      |     array    |
|B_Clk_A                 | out |    1|    bram    |       B      |     array    |
|B_Rst_A                 | out |    1|    bram    |       B      |     array    |
+------------------------+-----+-----+------------+--------------+--------------+

