INFO: [VRFC 10-2263] Analyzing Verilog file "/home/agustinsilva447/Escritorio/Github/FPGA/pynq/pynq_nqueens_3/pynq_nqueens_3.sim/sim_1/impl/timing/xsim/fsm_tb_time_impl.v" into library xil_defaultlib
INFO: [VRFC 10-311] analyzing module design_1
INFO: [VRFC 10-311] analyzing module design_1_auto_pc_0
INFO: [VRFC 10-311] analyzing module design_1_auto_pc_0_axi_protocol_converter_v2_1_25_axi_protocol_converter
INFO: [VRFC 10-311] analyzing module design_1_auto_pc_0_axi_protocol_converter_v2_1_25_b2s
INFO: [VRFC 10-311] analyzing module design_1_auto_pc_0_axi_protocol_converter_v2_1_25_b2s_ar_channel
INFO: [VRFC 10-311] analyzing module design_1_auto_pc_0_axi_protocol_converter_v2_1_25_b2s_aw_channel
INFO: [VRFC 10-311] analyzing module design_1_auto_pc_0_axi_protocol_converter_v2_1_25_b2s_b_channel
INFO: [VRFC 10-311] analyzing module design_1_auto_pc_0_axi_protocol_converter_v2_1_25_b2s_cmd_translator
INFO: [VRFC 10-311] analyzing module design_1_auto_pc_0_axi_protocol_converter_v2_1_25_b2s_cmd_translator_1
INFO: [VRFC 10-311] analyzing module design_1_auto_pc_0_axi_protocol_converter_v2_1_25_b2s_incr_cmd
INFO: [VRFC 10-311] analyzing module design_1_auto_pc_0_axi_protocol_converter_v2_1_25_b2s_incr_cmd_2
INFO: [VRFC 10-311] analyzing module design_1_auto_pc_0_axi_protocol_converter_v2_1_25_b2s_r_channel
INFO: [VRFC 10-311] analyzing module design_1_auto_pc_0_axi_protocol_converter_v2_1_25_b2s_rd_cmd_fsm
INFO: [VRFC 10-311] analyzing module design_1_auto_pc_0_axi_protocol_converter_v2_1_25_b2s_simple_fifo
INFO: [VRFC 10-311] analyzing module design_1_auto_pc_0_axi_protocol_converter_v2_1_25_b2s_simple_fifo__parameterized0
INFO: [VRFC 10-311] analyzing module design_1_auto_pc_0_axi_protocol_converter_v2_1_25_b2s_simple_fifo__parameterized1
INFO: [VRFC 10-311] analyzing module design_1_auto_pc_0_axi_protocol_converter_v2_1_25_b2s_simple_fifo__parameterized2
INFO: [VRFC 10-311] analyzing module design_1_auto_pc_0_axi_protocol_converter_v2_1_25_b2s_wr_cmd_fsm
INFO: [VRFC 10-311] analyzing module design_1_auto_pc_0_axi_protocol_converter_v2_1_25_b2s_wrap_cmd
INFO: [VRFC 10-311] analyzing module design_1_auto_pc_0_axi_protocol_converter_v2_1_25_b2s_wrap_cmd_3
INFO: [VRFC 10-311] analyzing module design_1_auto_pc_0_axi_register_slice_v2_1_25_axi_register_slice
INFO: [VRFC 10-311] analyzing module design_1_auto_pc_0_axi_register_slice_v2_1_25_axic_register_slice
INFO: [VRFC 10-311] analyzing module design_1_auto_pc_0_axi_register_slice_v2_1_25_axic_register_slice_0
INFO: [VRFC 10-311] analyzing module design_1_auto_pc_0_axi_register_slice_v2_1_25_axic_register_slice__parameterized1
INFO: [VRFC 10-311] analyzing module design_1_auto_pc_0_axi_register_slice_v2_1_25_axic_register_slice__parameterized2
INFO: [VRFC 10-311] analyzing module design_1_comblock_0_0
INFO: [VRFC 10-311] analyzing module design_1_comblock_0_0_AXIL
INFO: [VRFC 10-311] analyzing module design_1_comblock_0_0_ComBlock
INFO: [VRFC 10-311] analyzing module design_1_comblock_0_0_axi_comblock
INFO: [VRFC 10-311] analyzing module design_1_fsm_block_0_1
INFO: [VRFC 10-311] analyzing module design_1_fsm_block_0_1_ctrl_logic
INFO: [VRFC 10-311] analyzing module design_1_fsm_block_0_1_fsm_block
INFO: [VRFC 10-311] analyzing module design_1_fsm_block_0_1_up_counter
INFO: [VRFC 10-311] analyzing module design_1_fsm_block_0_2
INFO: [VRFC 10-311] analyzing module design_1_fsm_block_0_2_ctrl_logic
INFO: [VRFC 10-311] analyzing module design_1_fsm_block_0_2_fsm_block
INFO: [VRFC 10-311] analyzing module design_1_fsm_block_0_2_up_counter
INFO: [VRFC 10-311] analyzing module design_1_fsm_block_0_3
INFO: [VRFC 10-311] analyzing module design_1_fsm_block_0_3_ctrl_logic
INFO: [VRFC 10-311] analyzing module design_1_fsm_block_0_3_fsm_block
INFO: [VRFC 10-311] analyzing module design_1_fsm_block_0_3_up_counter
INFO: [VRFC 10-311] analyzing module design_1_fsm_block_0_4
INFO: [VRFC 10-311] analyzing module design_1_fsm_block_0_4_ctrl_logic
INFO: [VRFC 10-311] analyzing module design_1_fsm_block_0_4_fsm_block
INFO: [VRFC 10-311] analyzing module design_1_fsm_block_0_4_up_counter
INFO: [VRFC 10-311] analyzing module design_1_fsm_block_0_5
INFO: [VRFC 10-311] analyzing module design_1_fsm_block_0_5_ctrl_logic
INFO: [VRFC 10-311] analyzing module design_1_fsm_block_0_5_fsm_block
INFO: [VRFC 10-311] analyzing module design_1_fsm_block_0_5_up_counter
INFO: [VRFC 10-311] analyzing module design_1_fsm_block_0_6
INFO: [VRFC 10-311] analyzing module design_1_fsm_block_0_6_ctrl_logic
INFO: [VRFC 10-311] analyzing module design_1_fsm_block_0_6_fsm_block
INFO: [VRFC 10-311] analyzing module design_1_fsm_block_0_6_up_counter
INFO: [VRFC 10-311] analyzing module design_1_fsm_block_0_7
INFO: [VRFC 10-311] analyzing module design_1_fsm_block_0_7_ctrl_logic
INFO: [VRFC 10-311] analyzing module design_1_fsm_block_0_7_fsm_block
INFO: [VRFC 10-311] analyzing module design_1_fsm_block_0_7_up_counter
INFO: [VRFC 10-311] analyzing module design_1_processing_system7_0_0
INFO: [VRFC 10-311] analyzing module design_1_processing_system7_0_0_processing_system7_v5_5_processing_system7
INFO: [VRFC 10-311] analyzing module design_1_ps7_0_axi_periph_0
INFO: [VRFC 10-311] analyzing module design_1_rst_ps7_0_100M_0
INFO: [VRFC 10-311] analyzing module design_1_rst_ps7_0_100M_0_cdc_sync
INFO: [VRFC 10-311] analyzing module design_1_rst_ps7_0_100M_0_cdc_sync_0
INFO: [VRFC 10-311] analyzing module design_1_rst_ps7_0_100M_0_lpf
INFO: [VRFC 10-311] analyzing module design_1_rst_ps7_0_100M_0_proc_sys_reset
INFO: [VRFC 10-311] analyzing module design_1_rst_ps7_0_100M_0_sequence_psr
INFO: [VRFC 10-311] analyzing module design_1_rst_ps7_0_100M_0_upcnt_n
INFO: [VRFC 10-311] analyzing module design_1_sol_counter_0_0
INFO: [VRFC 10-311] analyzing module design_1_sol_counter_0_0_sol_counter
INFO: [VRFC 10-311] analyzing module design_1_wrapper
INFO: [VRFC 10-311] analyzing module s00_couplers_imp_UYSKKA
INFO: [VRFC 10-311] analyzing module glbl
