#-----------------------------------------------------------
# Webtalk v2019.2 (64-bit)
# SW Build 2708876 on Wed Nov  6 21:40:23 MST 2019
# 
# Start of session at: Wed Jul 21 22:32:48 2021
# Process ID: 1888
# Current directory: C:/Users/aguss/Desktop/hnn_fpga/hnn_fpga/webtalk
# Command line: wbtcv.exe -mode batch -source vitis_webtalk.tcl
# Log file: C:/Users/aguss/Desktop/hnn_fpga/hnn_fpga/webtalk/webtalk.log
# Journal file: C:/Users/aguss/Desktop/hnn_fpga/hnn_fpga/webtalk\webtalk.jou
#-----------------------------------------------------------
source vitis_webtalk.tcl
# webtalk_init -webtalk_dir C:\\Users\\aguss\\Desktop\\hnn_fpga\\hnn_fpga\\webtalk
# webtalk_register_client -client project
# webtalk_add_data -client project -key date_generated -value "2021-07-21 22:32:42" -context "software_version_and_target_device"
# webtalk_add_data -client project -key product_version -value "Vitis v2019.2" -context "software_version_and_target_device"
# webtalk_add_data -client project -key build_version -value "2019.2" -context "software_version_and_target_device"
# webtalk_add_data -client project -key os_platform -value "amd64" -context "software_version_and_target_device"
# webtalk_add_data -client project -key registration_id -value "212248408_0_0_764" -context "software_version_and_target_device"
# webtalk_add_data -client project -key tool_flow -value "Vitis" -context "software_version_and_target_device"
# webtalk_add_data -client project -key beta -value "false" -context "software_version_and_target_device"
# webtalk_add_data -client project -key route_design -value "NA" -context "software_version_and_target_device"
# webtalk_add_data -client project -key target_family -value "NA" -context "software_version_and_target_device"
# webtalk_add_data -client project -key target_device -value "NA" -context "software_version_and_target_device"
# webtalk_add_data -client project -key target_package -value "NA" -context "software_version_and_target_device"
# webtalk_add_data -client project -key target_speed -value "NA" -context "software_version_and_target_device"
# webtalk_add_data -client project -key random_id -value "a2772pm93g8p2b6mb30p8rp9a0" -context "software_version_and_target_device"
# webtalk_add_data -client project -key project_id -value "2019.2_7" -context "software_version_and_target_device"
# webtalk_add_data -client project -key project_iteration -value "7" -context "software_version_and_target_device"
# webtalk_add_data -client project -key os_name -value "Microsoft Windows 8 or later , 64-bit" -context "user_environment"
# webtalk_add_data -client project -key os_release -value "major release  (build 9200)" -context "user_environment"
# webtalk_add_data -client project -key cpu_name -value "Intel(R) Core(TM) i3-5005U CPU @ 2.00GHz" -context "user_environment"
# webtalk_add_data -client project -key cpu_speed -value "1995 MHz" -context "user_environment"
# webtalk_add_data -client project -key total_processors -value "1" -context "user_environment"
# webtalk_add_data -client project -key system_ram -value "12.796 GB" -context "user_environment"
# webtalk_register_client -client vitis
# webtalk_add_data -client vitis -key uid -value "1626910848369" -context "vitis\\\\application/1626910848369"
# webtalk_add_data -client vitis -key project_type -value "sdk" -context "vitis\\\\application/1626910848369"
# webtalk_add_data -client vitis -key os -value "standalone" -context "vitis\\\\application/1626910848369"
# webtalk_add_data -client vitis -key processor -value "ps7_cortexa9" -context "vitis\\\\application/1626910848369"
# webtalk_add_data -client vitis -key runtime -value "cpp" -context "vitis\\\\application/1626910848369"
# webtalk_add_data -client vitis -key template -value "empty" -context "vitis\\\\application/1626910848369"
# webtalk_add_data -client vitis -key platform -value "NA" -context "vitis\\\\application/1626910848369"
# webtalk_add_data -client vitis -key platform_type -value "NA" -context "vitis\\\\application/1626910848369"
# webtalk_add_data -client vitis -key application_type -value "application" -context "vitis\\\\application/1626910848369"
# webtalk_add_data -client vitis -key platform_source -value "dsa" -context "vitis\\\\application/1626910848369"
# webtalk_add_data -client vitis -key device_family -value "NA" -context "vitis\\\\application/1626910848369"
# webtalk_add_data -client vitis -key fpga -value "7z020" -context "vitis\\\\application/1626910848369"
# webtalk_add_data -client vitis -key uid -value "NA" -context "vitis\\\\tool/1626917562690"
# webtalk_add_data -client vitis -key RecordType -value "ToolUsage" -context "vitis\\\\tool/1626917562690"
# webtalk_add_data -client vitis -key BOOTGEN_count -value "0" -context "vitis\\\\tool/1626917562690"
# webtalk_add_data -client vitis -key FLASH_count -value "0" -context "vitis\\\\tool/1626917562690"
# webtalk_add_data -client vitis -key MOVE_APP_TO_SYSTEM_count -value "0" -context "vitis\\\\tool/1626917562690"
# webtalk_add_data -client vitis -key SDX_EXPORT_count -value "0" -context "vitis\\\\tool/1626917562690"
# webtalk_add_data -client vitis -key SDX_IMPORT_count -value "0" -context "vitis\\\\tool/1626917562690"
# webtalk_add_data -client vitis -key SDX_BUILD_count -value "8" -context "vitis\\\\tool/1626917562690"
# webtalk_add_data -client vitis -key SDX_NO_OP_BUILD_count -value "2" -context "vitis\\\\tool/1626917562690"
# webtalk_add_data -client vitis -key TCF_APP_DEBUG_count -value "0" -context "vitis\\\\tool/1626917562690"
# webtalk_add_data -client vitis -key TCF_SYSTEM_DEBUG_count -value "0" -context "vitis\\\\tool/1626917562690"
# webtalk_add_data -client vitis -key GDB_DEBUG_count -value "0" -context "vitis\\\\tool/1626917562690"
# webtalk_add_data -client vitis -key QEMU_DEBUG_count -value "0" -context "vitis\\\\tool/1626917562690"
# webtalk_add_data -client vitis -key ESTIMATION_DEBUG_count -value "0" -context "vitis\\\\tool/1626917562690"
# webtalk_add_data -client vitis -key SDSOC_TRACE_count -value "0" -context "vitis\\\\tool/1626917562690"
# webtalk_add_data -client vitis -key PERFORMANCE_ANALYSIS_count -value "0" -context "vitis\\\\tool/1626917562690"
# webtalk_add_data -client vitis -key SPM_ANALYSIS_count -value "0" -context "vitis\\\\tool/1626917562690"
# webtalk_add_data -client vitis -key CROSS_TRIGGER_count -value "0" -context "vitis\\\\tool/1626917562690"
# webtalk_add_data -client vitis -key TCF_PROFILER_count -value "0" -context "vitis\\\\tool/1626917562690"
# webtalk_add_data -client vitis -key APPLICATION_PLATFORM_CHANGE_count -value "0" -context "vitis\\\\tool/1626917562690"
# webtalk_add_data -client vitis -key APPLICATION_SYS_CONFIG_CHANGE_count -value "0" -context "vitis\\\\tool/1626917562690"
# webtalk_add_data -client vitis -key SYSTEM_PLATFORM_CHANGE_count -value "0" -context "vitis\\\\tool/1626917562690"
# webtalk_transmit -clientid 1086240400 -regid "212248408_0_0_764" -xml C:\\Users\\aguss\\Desktop\\hnn_fpga\\hnn_fpga\\webtalk\\usage_statistics_ext_vitis.xml -html C:\\Users\\aguss\\Desktop\\hnn_fpga\\hnn_fpga\\webtalk\\usage_statistics_ext_vitis.html -wdm C:\\Users\\aguss\\Desktop\\hnn_fpga\\hnn_fpga\\webtalk\\vitis_webtalk.wdm -intro "<H3>Vitis Usage Report</H3><BR>"
INFO: [Common 17-186] 'C:\Users\aguss\Desktop\hnn_fpga\hnn_fpga\webtalk\usage_statistics_ext_vitis.xml' has been successfully sent to Xilinx on Wed Jul 21 22:32:54 2021. For additional details about this file, please refer to the WebTalk help file at C:/Xilinx/Vitis/2019.2/doc/webtalk_introduction.html.
webtalk_transmit: Time (s): cpu = 00:00:00 ; elapsed = 00:00:06 . Memory (MB): peak = 92.172 ; gain = 0.000
# webtalk_terminate
INFO: [Common 17-206] Exiting Webtalk at Wed Jul 21 22:32:54 2021...
