16:24:57 INFO  : Launching XSCT server: xsct.bat -n  -interactive C:\Users\mlabadm\Desktop\Github\FPGA\nqueens\nqueens_comblock\temp_xsdb_launch_script.tcl
16:25:03 INFO  : XSCT server has started successfully.
16:25:03 INFO  : Successfully done setting XSCT server connection channel  
16:25:03 INFO  : plnx-install-location is set to ''
16:25:04 INFO  : Registering command handlers for Vitis TCF services
16:25:10 INFO  : Successfully done setting workspace for the tool. 
16:25:10 INFO  : Successfully done query RDI_DATADIR 
17:03:17 INFO  : Connected to target on host '127.0.0.1' and port '3121'.
17:03:17 INFO  : 'targets -set -filter {jtag_cable_name =~ "Digilent Zed 210248A49CA4" && level==0} -index 1' command is executed.
17:03:20 INFO  : FPGA configured successfully with bitstream "C:/Users/mlabadm/Desktop/Github/FPGA/nqueens/nqueens_comblock/nqueens_comblock/_ide/bitstream/design_1_wrapper.bit"
17:04:22 INFO  : Checking for BSP changes to sync application flags for project 'nqueens_comblock'...
17:07:09 INFO  : Connected to target on host '127.0.0.1' and port '3121'.
17:07:09 INFO  : Jtag cable 'Digilent Zed 210248A49CA4' is selected.
17:07:09 INFO  : 'jtag frequency' command is executed.
17:07:09 INFO  : Context for 'APU' is selected.
17:07:10 INFO  : System reset is completed.
17:07:13 INFO  : 'after 3000' command is executed.
17:07:13 INFO  : 'targets -set -filter {jtag_cable_name =~ "Digilent Zed 210248A49CA4" && level==0} -index 1' command is executed.
17:07:15 INFO  : FPGA configured successfully with bitstream "C:/Users/mlabadm/Desktop/Github/FPGA/nqueens/nqueens_comblock/nqueens_comblock/_ide/bitstream/design_1_wrapper.bit"
17:07:15 INFO  : Context for 'APU' is selected.
17:07:15 INFO  : Hardware design information is loaded from 'C:/Users/mlabadm/Desktop/Github/FPGA/nqueens/nqueens_comblock/design_1_wrapper/export/design_1_wrapper/hw/design_1_wrapper.xsa'.
17:07:15 INFO  : 'configparams force-mem-access 1' command is executed.
17:07:15 INFO  : Context for 'APU' is selected.
17:07:15 INFO  : Sourcing of 'C:/Users/mlabadm/Desktop/Github/FPGA/nqueens/nqueens_comblock/nqueens_comblock/_ide/psinit/ps7_init.tcl' is done.
17:07:15 INFO  : 'ps7_init' command is executed.
17:07:15 INFO  : 'ps7_post_config' command is executed.
17:07:15 INFO  : Context for processor 'ps7_cortexa9_0' is selected.
17:07:15 INFO  : The application 'C:/Users/mlabadm/Desktop/Github/FPGA/nqueens/nqueens_comblock/nqueens_comblock/Debug/nqueens_comblock.elf' is downloaded to processor 'ps7_cortexa9_0'.
17:07:15 INFO  : 'configparams force-mem-access 0' command is executed.
17:07:15 INFO  : ----------------XSDB Script----------------
connect -url tcp:127.0.0.1:3121
targets -set -nocase -filter {name =~"APU*"}
rst -system
after 3000
targets -set -filter {jtag_cable_name =~ "Digilent Zed 210248A49CA4" && level==0} -index 1
fpga -file C:/Users/mlabadm/Desktop/Github/FPGA/nqueens/nqueens_comblock/nqueens_comblock/_ide/bitstream/design_1_wrapper.bit
targets -set -nocase -filter {name =~"APU*"}
loadhw -hw C:/Users/mlabadm/Desktop/Github/FPGA/nqueens/nqueens_comblock/design_1_wrapper/export/design_1_wrapper/hw/design_1_wrapper.xsa -mem-ranges [list {0x40000000 0xbfffffff}]
configparams force-mem-access 1
targets -set -nocase -filter {name =~"APU*"}
source C:/Users/mlabadm/Desktop/Github/FPGA/nqueens/nqueens_comblock/nqueens_comblock/_ide/psinit/ps7_init.tcl
ps7_init
ps7_post_config
targets -set -nocase -filter {name =~ "*A9*#0"}
dow C:/Users/mlabadm/Desktop/Github/FPGA/nqueens/nqueens_comblock/nqueens_comblock/Debug/nqueens_comblock.elf
configparams force-mem-access 0
----------------End of Script----------------

17:07:16 INFO  : Memory regions updated for context APU
17:07:16 INFO  : Context for processor 'ps7_cortexa9_0' is selected.
17:07:16 INFO  : 'con' command is executed.
17:07:16 INFO  : ----------------XSDB Script (After Launch)----------------
targets -set -nocase -filter {name =~ "*A9*#0"}
con
----------------End of Script----------------

17:07:16 INFO  : Launch script is exported to file 'C:\Users\mlabadm\Desktop\Github\FPGA\nqueens\nqueens_comblock\.sdk\launch_scripts\single_application_debug\systemdebugger_nqueens_comblock_system_standalone.tcl'
17:21:39 INFO  : Disconnected from the channel tcfchan#1.
19:14:58 INFO  : Launching XSCT server: xsct.bat -n  -interactive C:\Users\mlabadm\Desktop\Github\FPGA\nqueens\nqueens_comblock\temp_xsdb_launch_script.tcl
19:15:00 INFO  : XSCT server has started successfully.
19:15:00 INFO  : plnx-install-location is set to ''
19:15:00 INFO  : Successfully done setting XSCT server connection channel  
19:15:00 INFO  : Successfully done setting workspace for the tool. 
19:15:00 INFO  : Registering command handlers for Vitis TCF services
19:15:01 INFO  : Successfully done query RDI_DATADIR 
19:22:04 INFO  : Checking for BSP changes to sync application flags for project 'nqueens_comblock'...
19:23:11 INFO  : Connected to target on host '127.0.0.1' and port '3121'.
19:23:11 INFO  : 'targets -set -filter {jtag_cable_name =~ "Digilent Zed 210248A49CA4" && level==0} -index 1' command is executed.
19:23:14 INFO  : FPGA configured successfully with bitstream "C:/Users/mlabadm/Desktop/Github/FPGA/nqueens/nqueens_comblock/nqueens_comblock/_ide/bitstream/design_1_wrapper.bit"
19:23:32 INFO  : Connected to target on host '127.0.0.1' and port '3121'.
19:23:33 INFO  : Jtag cable 'Digilent Zed 210248A49CA4' is selected.
19:23:33 INFO  : 'jtag frequency' command is executed.
19:23:33 INFO  : Context for 'APU' is selected.
19:23:33 INFO  : System reset is completed.
19:23:36 INFO  : 'after 3000' command is executed.
19:23:36 INFO  : 'targets -set -filter {jtag_cable_name =~ "Digilent Zed 210248A49CA4" && level==0} -index 1' command is executed.
19:23:38 INFO  : FPGA configured successfully with bitstream "C:/Users/mlabadm/Desktop/Github/FPGA/nqueens/nqueens_comblock/nqueens_comblock/_ide/bitstream/design_1_wrapper.bit"
19:23:38 INFO  : Context for 'APU' is selected.
19:23:38 INFO  : Hardware design information is loaded from 'C:/Users/mlabadm/Desktop/Github/FPGA/nqueens/nqueens_comblock/design_1_wrapper/export/design_1_wrapper/hw/design_1_wrapper.xsa'.
19:23:38 INFO  : 'configparams force-mem-access 1' command is executed.
19:23:38 INFO  : Context for 'APU' is selected.
19:23:38 INFO  : Sourcing of 'C:/Users/mlabadm/Desktop/Github/FPGA/nqueens/nqueens_comblock/nqueens_comblock/_ide/psinit/ps7_init.tcl' is done.
19:23:38 INFO  : 'ps7_init' command is executed.
19:23:38 INFO  : 'ps7_post_config' command is executed.
19:23:38 INFO  : Context for processor 'ps7_cortexa9_0' is selected.
19:23:39 INFO  : The application 'C:/Users/mlabadm/Desktop/Github/FPGA/nqueens/nqueens_comblock/nqueens_comblock/Debug/nqueens_comblock.elf' is downloaded to processor 'ps7_cortexa9_0'.
19:23:39 INFO  : 'configparams force-mem-access 0' command is executed.
19:23:39 INFO  : ----------------XSDB Script----------------
connect -url tcp:127.0.0.1:3121
targets -set -nocase -filter {name =~"APU*"}
rst -system
after 3000
targets -set -filter {jtag_cable_name =~ "Digilent Zed 210248A49CA4" && level==0} -index 1
fpga -file C:/Users/mlabadm/Desktop/Github/FPGA/nqueens/nqueens_comblock/nqueens_comblock/_ide/bitstream/design_1_wrapper.bit
targets -set -nocase -filter {name =~"APU*"}
loadhw -hw C:/Users/mlabadm/Desktop/Github/FPGA/nqueens/nqueens_comblock/design_1_wrapper/export/design_1_wrapper/hw/design_1_wrapper.xsa -mem-ranges [list {0x40000000 0xbfffffff}]
configparams force-mem-access 1
targets -set -nocase -filter {name =~"APU*"}
source C:/Users/mlabadm/Desktop/Github/FPGA/nqueens/nqueens_comblock/nqueens_comblock/_ide/psinit/ps7_init.tcl
ps7_init
ps7_post_config
targets -set -nocase -filter {name =~ "*A9*#0"}
dow C:/Users/mlabadm/Desktop/Github/FPGA/nqueens/nqueens_comblock/nqueens_comblock/Debug/nqueens_comblock.elf
configparams force-mem-access 0
----------------End of Script----------------

19:23:39 INFO  : Memory regions updated for context APU
19:23:39 INFO  : Context for processor 'ps7_cortexa9_0' is selected.
19:23:39 INFO  : 'con' command is executed.
19:23:39 INFO  : ----------------XSDB Script (After Launch)----------------
targets -set -nocase -filter {name =~ "*A9*#0"}
con
----------------End of Script----------------

19:23:39 INFO  : Launch script is exported to file 'C:\Users\mlabadm\Desktop\Github\FPGA\nqueens\nqueens_comblock\.sdk\launch_scripts\single_application_debug\debugger_nqueens_comblock-default.tcl'
19:25:59 INFO  : Disconnected from the channel tcfchan#1.
19:26:00 INFO  : Connected to target on host '127.0.0.1' and port '3121'.
19:26:01 INFO  : Jtag cable 'Digilent Zed 210248A49CA4' is selected.
19:26:01 INFO  : 'jtag frequency' command is executed.
19:26:01 INFO  : Context for 'APU' is selected.
19:26:01 INFO  : System reset is completed.
19:26:04 INFO  : 'after 3000' command is executed.
19:26:04 INFO  : 'targets -set -filter {jtag_cable_name =~ "Digilent Zed 210248A49CA4" && level==0} -index 1' command is executed.
19:26:06 INFO  : FPGA configured successfully with bitstream "C:/Users/mlabadm/Desktop/Github/FPGA/nqueens/nqueens_comblock/nqueens_comblock/_ide/bitstream/design_1_wrapper.bit"
19:26:06 INFO  : Context for 'APU' is selected.
19:26:08 INFO  : Hardware design information is loaded from 'C:/Users/mlabadm/Desktop/Github/FPGA/nqueens/nqueens_comblock/design_1_wrapper/export/design_1_wrapper/hw/design_1_wrapper.xsa'.
19:26:08 INFO  : 'configparams force-mem-access 1' command is executed.
19:26:08 INFO  : Context for 'APU' is selected.
19:26:08 INFO  : Sourcing of 'C:/Users/mlabadm/Desktop/Github/FPGA/nqueens/nqueens_comblock/nqueens_comblock/_ide/psinit/ps7_init.tcl' is done.
19:26:09 INFO  : 'ps7_init' command is executed.
19:26:09 INFO  : 'ps7_post_config' command is executed.
19:26:09 INFO  : Context for processor 'ps7_cortexa9_0' is selected.
19:26:09 INFO  : The application 'C:/Users/mlabadm/Desktop/Github/FPGA/nqueens/nqueens_comblock/nqueens_comblock/Debug/nqueens_comblock.elf' is downloaded to processor 'ps7_cortexa9_0'.
19:26:09 INFO  : 'configparams force-mem-access 0' command is executed.
19:26:09 INFO  : ----------------XSDB Script----------------
connect -url tcp:127.0.0.1:3121
targets -set -nocase -filter {name =~"APU*"}
rst -system
after 3000
targets -set -filter {jtag_cable_name =~ "Digilent Zed 210248A49CA4" && level==0} -index 1
fpga -file C:/Users/mlabadm/Desktop/Github/FPGA/nqueens/nqueens_comblock/nqueens_comblock/_ide/bitstream/design_1_wrapper.bit
targets -set -nocase -filter {name =~"APU*"}
loadhw -hw C:/Users/mlabadm/Desktop/Github/FPGA/nqueens/nqueens_comblock/design_1_wrapper/export/design_1_wrapper/hw/design_1_wrapper.xsa -mem-ranges [list {0x40000000 0xbfffffff}]
configparams force-mem-access 1
targets -set -nocase -filter {name =~"APU*"}
source C:/Users/mlabadm/Desktop/Github/FPGA/nqueens/nqueens_comblock/nqueens_comblock/_ide/psinit/ps7_init.tcl
ps7_init
ps7_post_config
targets -set -nocase -filter {name =~ "*A9*#0"}
dow C:/Users/mlabadm/Desktop/Github/FPGA/nqueens/nqueens_comblock/nqueens_comblock/Debug/nqueens_comblock.elf
configparams force-mem-access 0
----------------End of Script----------------

19:26:09 INFO  : Memory regions updated for context APU
19:26:09 INFO  : Context for processor 'ps7_cortexa9_0' is selected.
19:26:09 INFO  : 'con' command is executed.
19:26:09 INFO  : ----------------XSDB Script (After Launch)----------------
targets -set -nocase -filter {name =~ "*A9*#0"}
con
----------------End of Script----------------

19:26:09 INFO  : Launch script is exported to file 'C:\Users\mlabadm\Desktop\Github\FPGA\nqueens\nqueens_comblock\.sdk\launch_scripts\single_application_debug\debugger_nqueens_comblock-default.tcl'
19:26:17 INFO  : Checking for BSP changes to sync application flags for project 'nqueens_comblock'...
19:26:23 ERROR : (XSDB Server)ERROR: [Hsi 55-1571] The design file C:/Users/mlabadm/Desktop/Github/FPGA/nqueens/nqueens_comblock/design_1_wrapper/export/design_1_wrapper/hw/design_1_wrapper.xsa is already opened

19:26:33 INFO  : Connected to target on host '127.0.0.1' and port '3121'.
19:26:33 INFO  : Jtag cable 'Digilent Zed 210248A49CA4' is selected.
19:26:33 INFO  : 'jtag frequency' command is executed.
19:26:33 INFO  : Context for 'APU' is selected.
19:26:33 INFO  : System reset is completed.
19:26:36 INFO  : 'after 3000' command is executed.
19:26:36 INFO  : 'targets -set -filter {jtag_cable_name =~ "Digilent Zed 210248A49CA4" && level==0} -index 1' command is executed.
19:26:38 INFO  : FPGA configured successfully with bitstream "C:/Users/mlabadm/Desktop/Github/FPGA/nqueens/nqueens_comblock/nqueens_comblock/_ide/bitstream/design_1_wrapper.bit"
19:26:38 INFO  : Context for 'APU' is selected.
19:26:38 INFO  : Hardware design information is loaded from 'C:/Users/mlabadm/Desktop/Github/FPGA/nqueens/nqueens_comblock/design_1_wrapper/export/design_1_wrapper/hw/design_1_wrapper.xsa'.
19:26:38 INFO  : 'configparams force-mem-access 1' command is executed.
19:26:38 INFO  : Context for 'APU' is selected.
19:26:38 INFO  : Sourcing of 'C:/Users/mlabadm/Desktop/Github/FPGA/nqueens/nqueens_comblock/nqueens_comblock/_ide/psinit/ps7_init.tcl' is done.
19:26:39 INFO  : 'ps7_init' command is executed.
19:26:39 INFO  : 'ps7_post_config' command is executed.
19:26:39 INFO  : Context for processor 'ps7_cortexa9_0' is selected.
19:26:39 INFO  : The application 'C:/Users/mlabadm/Desktop/Github/FPGA/nqueens/nqueens_comblock/nqueens_comblock/Debug/nqueens_comblock.elf' is downloaded to processor 'ps7_cortexa9_0'.
19:26:39 INFO  : 'configparams force-mem-access 0' command is executed.
19:26:39 INFO  : ----------------XSDB Script----------------
connect -url tcp:127.0.0.1:3121
targets -set -nocase -filter {name =~"APU*"}
rst -system
after 3000
targets -set -filter {jtag_cable_name =~ "Digilent Zed 210248A49CA4" && level==0} -index 1
fpga -file C:/Users/mlabadm/Desktop/Github/FPGA/nqueens/nqueens_comblock/nqueens_comblock/_ide/bitstream/design_1_wrapper.bit
targets -set -nocase -filter {name =~"APU*"}
loadhw -hw C:/Users/mlabadm/Desktop/Github/FPGA/nqueens/nqueens_comblock/design_1_wrapper/export/design_1_wrapper/hw/design_1_wrapper.xsa -mem-ranges [list {0x40000000 0xbfffffff}]
configparams force-mem-access 1
targets -set -nocase -filter {name =~"APU*"}
source C:/Users/mlabadm/Desktop/Github/FPGA/nqueens/nqueens_comblock/nqueens_comblock/_ide/psinit/ps7_init.tcl
ps7_init
ps7_post_config
targets -set -nocase -filter {name =~ "*A9*#0"}
dow C:/Users/mlabadm/Desktop/Github/FPGA/nqueens/nqueens_comblock/nqueens_comblock/Debug/nqueens_comblock.elf
configparams force-mem-access 0
----------------End of Script----------------

19:26:39 INFO  : Memory regions updated for context APU
19:26:39 INFO  : Context for processor 'ps7_cortexa9_0' is selected.
19:26:39 INFO  : 'con' command is executed.
19:26:39 INFO  : ----------------XSDB Script (After Launch)----------------
targets -set -nocase -filter {name =~ "*A9*#0"}
con
----------------End of Script----------------

19:26:39 INFO  : Launch script is exported to file 'C:\Users\mlabadm\Desktop\Github\FPGA\nqueens\nqueens_comblock\.sdk\launch_scripts\single_application_debug\systemdebugger_nqueens_comblock_system_standalone.tcl'
19:27:24 INFO  : Checking for BSP changes to sync application flags for project 'nqueens_comblock'...
19:27:42 INFO  : Disconnected from the channel tcfchan#2.
19:27:43 INFO  : Connected to target on host '127.0.0.1' and port '3121'.
19:27:43 INFO  : Jtag cable 'Digilent Zed 210248A49CA4' is selected.
19:27:43 INFO  : 'jtag frequency' command is executed.
19:27:43 INFO  : Context for 'APU' is selected.
19:27:43 INFO  : System reset is completed.
19:27:46 INFO  : 'after 3000' command is executed.
19:27:46 INFO  : 'targets -set -filter {jtag_cable_name =~ "Digilent Zed 210248A49CA4" && level==0} -index 1' command is executed.
19:27:49 INFO  : FPGA configured successfully with bitstream "C:/Users/mlabadm/Desktop/Github/FPGA/nqueens/nqueens_comblock/nqueens_comblock/_ide/bitstream/design_1_wrapper.bit"
19:27:49 INFO  : Context for 'APU' is selected.
19:27:51 INFO  : Hardware design information is loaded from 'C:/Users/mlabadm/Desktop/Github/FPGA/nqueens/nqueens_comblock/design_1_wrapper/export/design_1_wrapper/hw/design_1_wrapper.xsa'.
19:27:51 INFO  : 'configparams force-mem-access 1' command is executed.
19:27:51 INFO  : Context for 'APU' is selected.
19:27:51 INFO  : Sourcing of 'C:/Users/mlabadm/Desktop/Github/FPGA/nqueens/nqueens_comblock/nqueens_comblock/_ide/psinit/ps7_init.tcl' is done.
19:27:51 INFO  : 'ps7_init' command is executed.
19:27:51 INFO  : 'ps7_post_config' command is executed.
19:27:51 INFO  : Context for processor 'ps7_cortexa9_0' is selected.
19:27:51 INFO  : The application 'C:/Users/mlabadm/Desktop/Github/FPGA/nqueens/nqueens_comblock/nqueens_comblock/Debug/nqueens_comblock.elf' is downloaded to processor 'ps7_cortexa9_0'.
19:27:51 INFO  : 'configparams force-mem-access 0' command is executed.
19:27:51 INFO  : ----------------XSDB Script----------------
connect -url tcp:127.0.0.1:3121
targets -set -nocase -filter {name =~"APU*"}
rst -system
after 3000
targets -set -filter {jtag_cable_name =~ "Digilent Zed 210248A49CA4" && level==0} -index 1
fpga -file C:/Users/mlabadm/Desktop/Github/FPGA/nqueens/nqueens_comblock/nqueens_comblock/_ide/bitstream/design_1_wrapper.bit
targets -set -nocase -filter {name =~"APU*"}
loadhw -hw C:/Users/mlabadm/Desktop/Github/FPGA/nqueens/nqueens_comblock/design_1_wrapper/export/design_1_wrapper/hw/design_1_wrapper.xsa -mem-ranges [list {0x40000000 0xbfffffff}]
configparams force-mem-access 1
targets -set -nocase -filter {name =~"APU*"}
source C:/Users/mlabadm/Desktop/Github/FPGA/nqueens/nqueens_comblock/nqueens_comblock/_ide/psinit/ps7_init.tcl
ps7_init
ps7_post_config
targets -set -nocase -filter {name =~ "*A9*#0"}
dow C:/Users/mlabadm/Desktop/Github/FPGA/nqueens/nqueens_comblock/nqueens_comblock/Debug/nqueens_comblock.elf
configparams force-mem-access 0
----------------End of Script----------------

19:27:51 INFO  : Memory regions updated for context APU
19:27:51 INFO  : Context for processor 'ps7_cortexa9_0' is selected.
19:27:51 INFO  : 'con' command is executed.
19:27:51 INFO  : ----------------XSDB Script (After Launch)----------------
targets -set -nocase -filter {name =~ "*A9*#0"}
con
----------------End of Script----------------

19:27:51 INFO  : Launch script is exported to file 'C:\Users\mlabadm\Desktop\Github\FPGA\nqueens\nqueens_comblock\.sdk\launch_scripts\single_application_debug\debugger_nqueens_comblock-default.tcl'
19:37:43 INFO  : Disconnected from the channel tcfchan#4.
19:37:44 INFO  : Connected to target on host '127.0.0.1' and port '3121'.
19:37:44 INFO  : Jtag cable 'Digilent Zed 210248A49CA4' is selected.
19:37:44 INFO  : 'jtag frequency' command is executed.
19:37:44 INFO  : Context for 'APU' is selected.
19:37:44 INFO  : System reset is completed.
19:37:47 INFO  : 'after 3000' command is executed.
19:37:48 INFO  : 'targets -set -filter {jtag_cable_name =~ "Digilent Zed 210248A49CA4" && level==0} -index 1' command is executed.
19:37:50 INFO  : FPGA configured successfully with bitstream "C:/Users/mlabadm/Desktop/Github/FPGA/nqueens/nqueens_comblock/nqueens_comblock/_ide/bitstream/design_1_wrapper.bit"
19:37:50 INFO  : Context for 'APU' is selected.
19:37:52 INFO  : Hardware design information is loaded from 'C:/Users/mlabadm/Desktop/Github/FPGA/nqueens/nqueens_comblock/design_1_wrapper/export/design_1_wrapper/hw/design_1_wrapper.xsa'.
19:37:52 INFO  : 'configparams force-mem-access 1' command is executed.
19:37:52 INFO  : Context for 'APU' is selected.
19:37:52 INFO  : Sourcing of 'C:/Users/mlabadm/Desktop/Github/FPGA/nqueens/nqueens_comblock/nqueens_comblock/_ide/psinit/ps7_init.tcl' is done.
19:37:52 INFO  : 'ps7_init' command is executed.
19:37:52 INFO  : 'ps7_post_config' command is executed.
19:37:52 INFO  : Context for processor 'ps7_cortexa9_0' is selected.
19:37:52 INFO  : The application 'C:/Users/mlabadm/Desktop/Github/FPGA/nqueens/nqueens_comblock/nqueens_comblock/Debug/nqueens_comblock.elf' is downloaded to processor 'ps7_cortexa9_0'.
19:37:52 INFO  : 'configparams force-mem-access 0' command is executed.
19:37:52 INFO  : ----------------XSDB Script----------------
connect -url tcp:127.0.0.1:3121
targets -set -nocase -filter {name =~"APU*"}
rst -system
after 3000
targets -set -filter {jtag_cable_name =~ "Digilent Zed 210248A49CA4" && level==0} -index 1
fpga -file C:/Users/mlabadm/Desktop/Github/FPGA/nqueens/nqueens_comblock/nqueens_comblock/_ide/bitstream/design_1_wrapper.bit
targets -set -nocase -filter {name =~"APU*"}
loadhw -hw C:/Users/mlabadm/Desktop/Github/FPGA/nqueens/nqueens_comblock/design_1_wrapper/export/design_1_wrapper/hw/design_1_wrapper.xsa -mem-ranges [list {0x40000000 0xbfffffff}]
configparams force-mem-access 1
targets -set -nocase -filter {name =~"APU*"}
source C:/Users/mlabadm/Desktop/Github/FPGA/nqueens/nqueens_comblock/nqueens_comblock/_ide/psinit/ps7_init.tcl
ps7_init
ps7_post_config
targets -set -nocase -filter {name =~ "*A9*#0"}
dow C:/Users/mlabadm/Desktop/Github/FPGA/nqueens/nqueens_comblock/nqueens_comblock/Debug/nqueens_comblock.elf
configparams force-mem-access 0
----------------End of Script----------------

19:37:52 INFO  : Memory regions updated for context APU
19:37:53 INFO  : Context for processor 'ps7_cortexa9_0' is selected.
19:37:53 INFO  : 'con' command is executed.
19:37:53 INFO  : ----------------XSDB Script (After Launch)----------------
targets -set -nocase -filter {name =~ "*A9*#0"}
con
----------------End of Script----------------

19:37:53 INFO  : Launch script is exported to file 'C:\Users\mlabadm\Desktop\Github\FPGA\nqueens\nqueens_comblock\.sdk\launch_scripts\single_application_debug\debugger_nqueens_comblock-default.tcl'
19:37:55 INFO  : Checking for BSP changes to sync application flags for project 'nqueens_comblock'...
19:38:03 INFO  : Disconnected from the channel tcfchan#5.
19:38:04 INFO  : Connected to target on host '127.0.0.1' and port '3121'.
19:38:04 INFO  : Jtag cable 'Digilent Zed 210248A49CA4' is selected.
19:38:04 INFO  : 'jtag frequency' command is executed.
19:38:04 INFO  : Context for 'APU' is selected.
19:38:04 INFO  : System reset is completed.
19:38:07 INFO  : 'after 3000' command is executed.
19:38:07 INFO  : 'targets -set -filter {jtag_cable_name =~ "Digilent Zed 210248A49CA4" && level==0} -index 1' command is executed.
19:38:09 INFO  : FPGA configured successfully with bitstream "C:/Users/mlabadm/Desktop/Github/FPGA/nqueens/nqueens_comblock/nqueens_comblock/_ide/bitstream/design_1_wrapper.bit"
19:38:09 INFO  : Context for 'APU' is selected.
19:38:11 INFO  : Hardware design information is loaded from 'C:/Users/mlabadm/Desktop/Github/FPGA/nqueens/nqueens_comblock/design_1_wrapper/export/design_1_wrapper/hw/design_1_wrapper.xsa'.
19:38:11 INFO  : 'configparams force-mem-access 1' command is executed.
19:38:11 INFO  : Context for 'APU' is selected.
19:38:11 INFO  : Sourcing of 'C:/Users/mlabadm/Desktop/Github/FPGA/nqueens/nqueens_comblock/nqueens_comblock/_ide/psinit/ps7_init.tcl' is done.
19:38:12 INFO  : 'ps7_init' command is executed.
19:38:12 INFO  : 'ps7_post_config' command is executed.
19:38:12 INFO  : Context for processor 'ps7_cortexa9_0' is selected.
19:38:12 INFO  : The application 'C:/Users/mlabadm/Desktop/Github/FPGA/nqueens/nqueens_comblock/nqueens_comblock/Debug/nqueens_comblock.elf' is downloaded to processor 'ps7_cortexa9_0'.
19:38:12 INFO  : 'configparams force-mem-access 0' command is executed.
19:38:12 INFO  : ----------------XSDB Script----------------
connect -url tcp:127.0.0.1:3121
targets -set -nocase -filter {name =~"APU*"}
rst -system
after 3000
targets -set -filter {jtag_cable_name =~ "Digilent Zed 210248A49CA4" && level==0} -index 1
fpga -file C:/Users/mlabadm/Desktop/Github/FPGA/nqueens/nqueens_comblock/nqueens_comblock/_ide/bitstream/design_1_wrapper.bit
targets -set -nocase -filter {name =~"APU*"}
loadhw -hw C:/Users/mlabadm/Desktop/Github/FPGA/nqueens/nqueens_comblock/design_1_wrapper/export/design_1_wrapper/hw/design_1_wrapper.xsa -mem-ranges [list {0x40000000 0xbfffffff}]
configparams force-mem-access 1
targets -set -nocase -filter {name =~"APU*"}
source C:/Users/mlabadm/Desktop/Github/FPGA/nqueens/nqueens_comblock/nqueens_comblock/_ide/psinit/ps7_init.tcl
ps7_init
ps7_post_config
targets -set -nocase -filter {name =~ "*A9*#0"}
dow C:/Users/mlabadm/Desktop/Github/FPGA/nqueens/nqueens_comblock/nqueens_comblock/Debug/nqueens_comblock.elf
configparams force-mem-access 0
----------------End of Script----------------

19:38:12 INFO  : Memory regions updated for context APU
19:38:12 INFO  : Context for processor 'ps7_cortexa9_0' is selected.
19:38:12 INFO  : 'con' command is executed.
19:38:12 INFO  : ----------------XSDB Script (After Launch)----------------
targets -set -nocase -filter {name =~ "*A9*#0"}
con
----------------End of Script----------------

19:38:12 INFO  : Launch script is exported to file 'C:\Users\mlabadm\Desktop\Github\FPGA\nqueens\nqueens_comblock\.sdk\launch_scripts\single_application_debug\debugger_nqueens_comblock-default.tcl'
19:38:19 INFO  : Disconnected from the channel tcfchan#6.
19:38:20 INFO  : Connected to target on host '127.0.0.1' and port '3121'.
19:38:20 INFO  : Jtag cable 'Digilent Zed 210248A49CA4' is selected.
19:38:20 INFO  : 'jtag frequency' command is executed.
19:38:20 INFO  : Context for 'APU' is selected.
19:38:20 INFO  : System reset is completed.
19:38:23 INFO  : 'after 3000' command is executed.
19:38:23 INFO  : 'targets -set -filter {jtag_cable_name =~ "Digilent Zed 210248A49CA4" && level==0} -index 1' command is executed.
19:38:26 INFO  : FPGA configured successfully with bitstream "C:/Users/mlabadm/Desktop/Github/FPGA/nqueens/nqueens_comblock/nqueens_comblock/_ide/bitstream/design_1_wrapper.bit"
19:38:26 INFO  : Context for 'APU' is selected.
19:38:28 INFO  : Hardware design information is loaded from 'C:/Users/mlabadm/Desktop/Github/FPGA/nqueens/nqueens_comblock/design_1_wrapper/export/design_1_wrapper/hw/design_1_wrapper.xsa'.
19:38:28 INFO  : 'configparams force-mem-access 1' command is executed.
19:38:28 INFO  : Context for 'APU' is selected.
19:38:28 INFO  : Sourcing of 'C:/Users/mlabadm/Desktop/Github/FPGA/nqueens/nqueens_comblock/nqueens_comblock/_ide/psinit/ps7_init.tcl' is done.
19:38:28 INFO  : 'ps7_init' command is executed.
19:38:28 INFO  : 'ps7_post_config' command is executed.
19:38:28 INFO  : Context for processor 'ps7_cortexa9_0' is selected.
19:38:29 INFO  : The application 'C:/Users/mlabadm/Desktop/Github/FPGA/nqueens/nqueens_comblock/nqueens_comblock/Debug/nqueens_comblock.elf' is downloaded to processor 'ps7_cortexa9_0'.
19:38:29 INFO  : 'configparams force-mem-access 0' command is executed.
19:38:29 INFO  : ----------------XSDB Script----------------
connect -url tcp:127.0.0.1:3121
targets -set -nocase -filter {name =~"APU*"}
rst -system
after 3000
targets -set -filter {jtag_cable_name =~ "Digilent Zed 210248A49CA4" && level==0} -index 1
fpga -file C:/Users/mlabadm/Desktop/Github/FPGA/nqueens/nqueens_comblock/nqueens_comblock/_ide/bitstream/design_1_wrapper.bit
targets -set -nocase -filter {name =~"APU*"}
loadhw -hw C:/Users/mlabadm/Desktop/Github/FPGA/nqueens/nqueens_comblock/design_1_wrapper/export/design_1_wrapper/hw/design_1_wrapper.xsa -mem-ranges [list {0x40000000 0xbfffffff}]
configparams force-mem-access 1
targets -set -nocase -filter {name =~"APU*"}
source C:/Users/mlabadm/Desktop/Github/FPGA/nqueens/nqueens_comblock/nqueens_comblock/_ide/psinit/ps7_init.tcl
ps7_init
ps7_post_config
targets -set -nocase -filter {name =~ "*A9*#0"}
dow C:/Users/mlabadm/Desktop/Github/FPGA/nqueens/nqueens_comblock/nqueens_comblock/Debug/nqueens_comblock.elf
configparams force-mem-access 0
----------------End of Script----------------

19:38:29 INFO  : Memory regions updated for context APU
19:38:29 INFO  : Context for processor 'ps7_cortexa9_0' is selected.
19:38:29 INFO  : 'con' command is executed.
19:38:29 INFO  : ----------------XSDB Script (After Launch)----------------
targets -set -nocase -filter {name =~ "*A9*#0"}
con
----------------End of Script----------------

19:38:29 INFO  : Launch script is exported to file 'C:\Users\mlabadm\Desktop\Github\FPGA\nqueens\nqueens_comblock\.sdk\launch_scripts\single_application_debug\debugger_nqueens_comblock-default.tcl'
19:38:35 INFO  : Disconnected from the channel tcfchan#7.
19:38:36 INFO  : Connected to target on host '127.0.0.1' and port '3121'.
19:38:36 INFO  : Jtag cable 'Digilent Zed 210248A49CA4' is selected.
19:38:36 INFO  : 'jtag frequency' command is executed.
19:38:36 INFO  : Context for 'APU' is selected.
19:38:36 INFO  : System reset is completed.
19:38:39 INFO  : 'after 3000' command is executed.
19:38:39 INFO  : 'targets -set -filter {jtag_cable_name =~ "Digilent Zed 210248A49CA4" && level==0} -index 1' command is executed.
19:38:42 INFO  : FPGA configured successfully with bitstream "C:/Users/mlabadm/Desktop/Github/FPGA/nqueens/nqueens_comblock/nqueens_comblock/_ide/bitstream/design_1_wrapper.bit"
19:38:42 INFO  : Context for 'APU' is selected.
19:38:44 INFO  : Hardware design information is loaded from 'C:/Users/mlabadm/Desktop/Github/FPGA/nqueens/nqueens_comblock/design_1_wrapper/export/design_1_wrapper/hw/design_1_wrapper.xsa'.
19:38:44 INFO  : 'configparams force-mem-access 1' command is executed.
19:38:44 INFO  : Context for 'APU' is selected.
19:38:44 INFO  : Sourcing of 'C:/Users/mlabadm/Desktop/Github/FPGA/nqueens/nqueens_comblock/nqueens_comblock/_ide/psinit/ps7_init.tcl' is done.
19:38:44 INFO  : 'ps7_init' command is executed.
19:38:44 INFO  : 'ps7_post_config' command is executed.
19:38:44 INFO  : Context for processor 'ps7_cortexa9_0' is selected.
19:38:44 INFO  : The application 'C:/Users/mlabadm/Desktop/Github/FPGA/nqueens/nqueens_comblock/nqueens_comblock/Debug/nqueens_comblock.elf' is downloaded to processor 'ps7_cortexa9_0'.
19:38:44 INFO  : 'configparams force-mem-access 0' command is executed.
19:38:44 INFO  : ----------------XSDB Script----------------
connect -url tcp:127.0.0.1:3121
targets -set -nocase -filter {name =~"APU*"}
rst -system
after 3000
targets -set -filter {jtag_cable_name =~ "Digilent Zed 210248A49CA4" && level==0} -index 1
fpga -file C:/Users/mlabadm/Desktop/Github/FPGA/nqueens/nqueens_comblock/nqueens_comblock/_ide/bitstream/design_1_wrapper.bit
targets -set -nocase -filter {name =~"APU*"}
loadhw -hw C:/Users/mlabadm/Desktop/Github/FPGA/nqueens/nqueens_comblock/design_1_wrapper/export/design_1_wrapper/hw/design_1_wrapper.xsa -mem-ranges [list {0x40000000 0xbfffffff}]
configparams force-mem-access 1
targets -set -nocase -filter {name =~"APU*"}
source C:/Users/mlabadm/Desktop/Github/FPGA/nqueens/nqueens_comblock/nqueens_comblock/_ide/psinit/ps7_init.tcl
ps7_init
ps7_post_config
targets -set -nocase -filter {name =~ "*A9*#0"}
dow C:/Users/mlabadm/Desktop/Github/FPGA/nqueens/nqueens_comblock/nqueens_comblock/Debug/nqueens_comblock.elf
configparams force-mem-access 0
----------------End of Script----------------

19:38:44 INFO  : Memory regions updated for context APU
19:38:44 INFO  : Context for processor 'ps7_cortexa9_0' is selected.
19:38:44 INFO  : 'con' command is executed.
19:38:44 INFO  : ----------------XSDB Script (After Launch)----------------
targets -set -nocase -filter {name =~ "*A9*#0"}
con
----------------End of Script----------------

19:38:44 INFO  : Launch script is exported to file 'C:\Users\mlabadm\Desktop\Github\FPGA\nqueens\nqueens_comblock\.sdk\launch_scripts\single_application_debug\debugger_nqueens_comblock-default.tcl'
19:38:50 INFO  : Disconnected from the channel tcfchan#8.
19:38:51 INFO  : Connected to target on host '127.0.0.1' and port '3121'.
19:38:51 INFO  : Jtag cable 'Digilent Zed 210248A49CA4' is selected.
19:38:51 INFO  : 'jtag frequency' command is executed.
19:38:51 INFO  : Context for 'APU' is selected.
19:38:51 INFO  : System reset is completed.
19:38:54 INFO  : 'after 3000' command is executed.
19:38:54 INFO  : 'targets -set -filter {jtag_cable_name =~ "Digilent Zed 210248A49CA4" && level==0} -index 1' command is executed.
19:38:57 INFO  : FPGA configured successfully with bitstream "C:/Users/mlabadm/Desktop/Github/FPGA/nqueens/nqueens_comblock/nqueens_comblock/_ide/bitstream/design_1_wrapper.bit"
19:38:57 INFO  : Context for 'APU' is selected.
19:38:59 INFO  : Hardware design information is loaded from 'C:/Users/mlabadm/Desktop/Github/FPGA/nqueens/nqueens_comblock/design_1_wrapper/export/design_1_wrapper/hw/design_1_wrapper.xsa'.
19:38:59 INFO  : 'configparams force-mem-access 1' command is executed.
19:38:59 INFO  : Context for 'APU' is selected.
19:38:59 INFO  : Sourcing of 'C:/Users/mlabadm/Desktop/Github/FPGA/nqueens/nqueens_comblock/nqueens_comblock/_ide/psinit/ps7_init.tcl' is done.
19:38:59 INFO  : 'ps7_init' command is executed.
19:38:59 INFO  : 'ps7_post_config' command is executed.
19:38:59 INFO  : Context for processor 'ps7_cortexa9_0' is selected.
19:38:59 INFO  : The application 'C:/Users/mlabadm/Desktop/Github/FPGA/nqueens/nqueens_comblock/nqueens_comblock/Debug/nqueens_comblock.elf' is downloaded to processor 'ps7_cortexa9_0'.
19:38:59 INFO  : 'configparams force-mem-access 0' command is executed.
19:38:59 INFO  : ----------------XSDB Script----------------
connect -url tcp:127.0.0.1:3121
targets -set -nocase -filter {name =~"APU*"}
rst -system
after 3000
targets -set -filter {jtag_cable_name =~ "Digilent Zed 210248A49CA4" && level==0} -index 1
fpga -file C:/Users/mlabadm/Desktop/Github/FPGA/nqueens/nqueens_comblock/nqueens_comblock/_ide/bitstream/design_1_wrapper.bit
targets -set -nocase -filter {name =~"APU*"}
loadhw -hw C:/Users/mlabadm/Desktop/Github/FPGA/nqueens/nqueens_comblock/design_1_wrapper/export/design_1_wrapper/hw/design_1_wrapper.xsa -mem-ranges [list {0x40000000 0xbfffffff}]
configparams force-mem-access 1
targets -set -nocase -filter {name =~"APU*"}
source C:/Users/mlabadm/Desktop/Github/FPGA/nqueens/nqueens_comblock/nqueens_comblock/_ide/psinit/ps7_init.tcl
ps7_init
ps7_post_config
targets -set -nocase -filter {name =~ "*A9*#0"}
dow C:/Users/mlabadm/Desktop/Github/FPGA/nqueens/nqueens_comblock/nqueens_comblock/Debug/nqueens_comblock.elf
configparams force-mem-access 0
----------------End of Script----------------

19:39:00 INFO  : Memory regions updated for context APU
19:39:00 INFO  : Context for processor 'ps7_cortexa9_0' is selected.
19:39:00 INFO  : 'con' command is executed.
19:39:00 INFO  : ----------------XSDB Script (After Launch)----------------
targets -set -nocase -filter {name =~ "*A9*#0"}
con
----------------End of Script----------------

19:39:00 INFO  : Launch script is exported to file 'C:\Users\mlabadm\Desktop\Github\FPGA\nqueens\nqueens_comblock\.sdk\launch_scripts\single_application_debug\debugger_nqueens_comblock-default.tcl'
19:40:00 INFO  : Checking for BSP changes to sync application flags for project 'nqueens_comblock'...
19:41:52 INFO  : Checking for BSP changes to sync application flags for project 'nqueens_comblock'...
19:42:02 INFO  : Disconnected from the channel tcfchan#9.
19:42:03 INFO  : Connected to target on host '127.0.0.1' and port '3121'.
19:42:03 INFO  : Jtag cable 'Digilent Zed 210248A49CA4' is selected.
19:42:03 INFO  : 'jtag frequency' command is executed.
19:42:03 INFO  : Context for 'APU' is selected.
19:42:03 INFO  : System reset is completed.
19:42:06 INFO  : 'after 3000' command is executed.
19:42:06 INFO  : 'targets -set -filter {jtag_cable_name =~ "Digilent Zed 210248A49CA4" && level==0} -index 1' command is executed.
19:42:08 INFO  : FPGA configured successfully with bitstream "C:/Users/mlabadm/Desktop/Github/FPGA/nqueens/nqueens_comblock/nqueens_comblock/_ide/bitstream/design_1_wrapper.bit"
19:42:08 INFO  : Context for 'APU' is selected.
19:42:10 INFO  : Hardware design information is loaded from 'C:/Users/mlabadm/Desktop/Github/FPGA/nqueens/nqueens_comblock/design_1_wrapper/export/design_1_wrapper/hw/design_1_wrapper.xsa'.
19:42:10 INFO  : 'configparams force-mem-access 1' command is executed.
19:42:11 INFO  : Context for 'APU' is selected.
19:42:11 INFO  : Sourcing of 'C:/Users/mlabadm/Desktop/Github/FPGA/nqueens/nqueens_comblock/nqueens_comblock/_ide/psinit/ps7_init.tcl' is done.
19:42:11 INFO  : 'ps7_init' command is executed.
19:42:11 INFO  : 'ps7_post_config' command is executed.
19:42:11 INFO  : Context for processor 'ps7_cortexa9_0' is selected.
19:42:11 INFO  : The application 'C:/Users/mlabadm/Desktop/Github/FPGA/nqueens/nqueens_comblock/nqueens_comblock/Debug/nqueens_comblock.elf' is downloaded to processor 'ps7_cortexa9_0'.
19:42:11 INFO  : 'configparams force-mem-access 0' command is executed.
19:42:11 INFO  : ----------------XSDB Script----------------
connect -url tcp:127.0.0.1:3121
targets -set -nocase -filter {name =~"APU*"}
rst -system
after 3000
targets -set -filter {jtag_cable_name =~ "Digilent Zed 210248A49CA4" && level==0} -index 1
fpga -file C:/Users/mlabadm/Desktop/Github/FPGA/nqueens/nqueens_comblock/nqueens_comblock/_ide/bitstream/design_1_wrapper.bit
targets -set -nocase -filter {name =~"APU*"}
loadhw -hw C:/Users/mlabadm/Desktop/Github/FPGA/nqueens/nqueens_comblock/design_1_wrapper/export/design_1_wrapper/hw/design_1_wrapper.xsa -mem-ranges [list {0x40000000 0xbfffffff}]
configparams force-mem-access 1
targets -set -nocase -filter {name =~"APU*"}
source C:/Users/mlabadm/Desktop/Github/FPGA/nqueens/nqueens_comblock/nqueens_comblock/_ide/psinit/ps7_init.tcl
ps7_init
ps7_post_config
targets -set -nocase -filter {name =~ "*A9*#0"}
dow C:/Users/mlabadm/Desktop/Github/FPGA/nqueens/nqueens_comblock/nqueens_comblock/Debug/nqueens_comblock.elf
configparams force-mem-access 0
----------------End of Script----------------

19:42:11 INFO  : Memory regions updated for context APU
19:42:11 INFO  : Context for processor 'ps7_cortexa9_0' is selected.
19:42:11 INFO  : 'con' command is executed.
19:42:11 INFO  : ----------------XSDB Script (After Launch)----------------
targets -set -nocase -filter {name =~ "*A9*#0"}
con
----------------End of Script----------------

19:42:11 INFO  : Launch script is exported to file 'C:\Users\mlabadm\Desktop\Github\FPGA\nqueens\nqueens_comblock\.sdk\launch_scripts\single_application_debug\debugger_nqueens_comblock-default.tcl'
19:46:49 INFO  : Checking for BSP changes to sync application flags for project 'nqueens_comblock'...
19:46:58 INFO  : Disconnected from the channel tcfchan#10.
19:46:59 INFO  : Connected to target on host '127.0.0.1' and port '3121'.
19:46:59 INFO  : Jtag cable 'Digilent Zed 210248A49CA4' is selected.
19:46:59 INFO  : 'jtag frequency' command is executed.
19:46:59 INFO  : Context for 'APU' is selected.
19:46:59 INFO  : System reset is completed.
19:47:02 INFO  : 'after 3000' command is executed.
19:47:02 INFO  : 'targets -set -filter {jtag_cable_name =~ "Digilent Zed 210248A49CA4" && level==0} -index 1' command is executed.
19:47:04 INFO  : FPGA configured successfully with bitstream "C:/Users/mlabadm/Desktop/Github/FPGA/nqueens/nqueens_comblock/nqueens_comblock/_ide/bitstream/design_1_wrapper.bit"
19:47:04 INFO  : Context for 'APU' is selected.
19:47:06 INFO  : Hardware design information is loaded from 'C:/Users/mlabadm/Desktop/Github/FPGA/nqueens/nqueens_comblock/design_1_wrapper/export/design_1_wrapper/hw/design_1_wrapper.xsa'.
19:47:06 INFO  : 'configparams force-mem-access 1' command is executed.
19:47:06 INFO  : Context for 'APU' is selected.
19:47:06 INFO  : Sourcing of 'C:/Users/mlabadm/Desktop/Github/FPGA/nqueens/nqueens_comblock/nqueens_comblock/_ide/psinit/ps7_init.tcl' is done.
19:47:06 INFO  : 'ps7_init' command is executed.
19:47:06 INFO  : 'ps7_post_config' command is executed.
19:47:06 INFO  : Context for processor 'ps7_cortexa9_0' is selected.
19:47:07 INFO  : The application 'C:/Users/mlabadm/Desktop/Github/FPGA/nqueens/nqueens_comblock/nqueens_comblock/Debug/nqueens_comblock.elf' is downloaded to processor 'ps7_cortexa9_0'.
19:47:07 INFO  : 'configparams force-mem-access 0' command is executed.
19:47:07 INFO  : ----------------XSDB Script----------------
connect -url tcp:127.0.0.1:3121
targets -set -nocase -filter {name =~"APU*"}
rst -system
after 3000
targets -set -filter {jtag_cable_name =~ "Digilent Zed 210248A49CA4" && level==0} -index 1
fpga -file C:/Users/mlabadm/Desktop/Github/FPGA/nqueens/nqueens_comblock/nqueens_comblock/_ide/bitstream/design_1_wrapper.bit
targets -set -nocase -filter {name =~"APU*"}
loadhw -hw C:/Users/mlabadm/Desktop/Github/FPGA/nqueens/nqueens_comblock/design_1_wrapper/export/design_1_wrapper/hw/design_1_wrapper.xsa -mem-ranges [list {0x40000000 0xbfffffff}]
configparams force-mem-access 1
targets -set -nocase -filter {name =~"APU*"}
source C:/Users/mlabadm/Desktop/Github/FPGA/nqueens/nqueens_comblock/nqueens_comblock/_ide/psinit/ps7_init.tcl
ps7_init
ps7_post_config
targets -set -nocase -filter {name =~ "*A9*#0"}
dow C:/Users/mlabadm/Desktop/Github/FPGA/nqueens/nqueens_comblock/nqueens_comblock/Debug/nqueens_comblock.elf
configparams force-mem-access 0
----------------End of Script----------------

19:47:07 INFO  : Memory regions updated for context APU
19:47:07 INFO  : Context for processor 'ps7_cortexa9_0' is selected.
19:47:07 INFO  : 'con' command is executed.
19:47:07 INFO  : ----------------XSDB Script (After Launch)----------------
targets -set -nocase -filter {name =~ "*A9*#0"}
con
----------------End of Script----------------

19:47:07 INFO  : Launch script is exported to file 'C:\Users\mlabadm\Desktop\Github\FPGA\nqueens\nqueens_comblock\.sdk\launch_scripts\single_application_debug\debugger_nqueens_comblock-default.tcl'
19:47:57 INFO  : Checking for BSP changes to sync application flags for project 'nqueens_comblock'...
19:49:07 INFO  : Checking for BSP changes to sync application flags for project 'nqueens_comblock'...
19:49:16 INFO  : Disconnected from the channel tcfchan#11.
19:49:17 INFO  : Connected to target on host '127.0.0.1' and port '3121'.
19:49:17 INFO  : Jtag cable 'Digilent Zed 210248A49CA4' is selected.
19:49:17 INFO  : 'jtag frequency' command is executed.
19:49:17 INFO  : Context for 'APU' is selected.
19:49:17 INFO  : System reset is completed.
19:49:20 INFO  : 'after 3000' command is executed.
19:49:20 INFO  : 'targets -set -filter {jtag_cable_name =~ "Digilent Zed 210248A49CA4" && level==0} -index 1' command is executed.
19:49:23 INFO  : FPGA configured successfully with bitstream "C:/Users/mlabadm/Desktop/Github/FPGA/nqueens/nqueens_comblock/nqueens_comblock/_ide/bitstream/design_1_wrapper.bit"
19:49:23 INFO  : Context for 'APU' is selected.
19:49:24 INFO  : Hardware design information is loaded from 'C:/Users/mlabadm/Desktop/Github/FPGA/nqueens/nqueens_comblock/design_1_wrapper/export/design_1_wrapper/hw/design_1_wrapper.xsa'.
19:49:24 INFO  : 'configparams force-mem-access 1' command is executed.
19:49:24 INFO  : Context for 'APU' is selected.
19:49:24 INFO  : Sourcing of 'C:/Users/mlabadm/Desktop/Github/FPGA/nqueens/nqueens_comblock/nqueens_comblock/_ide/psinit/ps7_init.tcl' is done.
19:49:25 INFO  : 'ps7_init' command is executed.
19:49:25 INFO  : 'ps7_post_config' command is executed.
19:49:25 INFO  : Context for processor 'ps7_cortexa9_0' is selected.
19:49:25 INFO  : The application 'C:/Users/mlabadm/Desktop/Github/FPGA/nqueens/nqueens_comblock/nqueens_comblock/Debug/nqueens_comblock.elf' is downloaded to processor 'ps7_cortexa9_0'.
19:49:25 INFO  : 'configparams force-mem-access 0' command is executed.
19:49:25 INFO  : ----------------XSDB Script----------------
connect -url tcp:127.0.0.1:3121
targets -set -nocase -filter {name =~"APU*"}
rst -system
after 3000
targets -set -filter {jtag_cable_name =~ "Digilent Zed 210248A49CA4" && level==0} -index 1
fpga -file C:/Users/mlabadm/Desktop/Github/FPGA/nqueens/nqueens_comblock/nqueens_comblock/_ide/bitstream/design_1_wrapper.bit
targets -set -nocase -filter {name =~"APU*"}
loadhw -hw C:/Users/mlabadm/Desktop/Github/FPGA/nqueens/nqueens_comblock/design_1_wrapper/export/design_1_wrapper/hw/design_1_wrapper.xsa -mem-ranges [list {0x40000000 0xbfffffff}]
configparams force-mem-access 1
targets -set -nocase -filter {name =~"APU*"}
source C:/Users/mlabadm/Desktop/Github/FPGA/nqueens/nqueens_comblock/nqueens_comblock/_ide/psinit/ps7_init.tcl
ps7_init
ps7_post_config
targets -set -nocase -filter {name =~ "*A9*#0"}
dow C:/Users/mlabadm/Desktop/Github/FPGA/nqueens/nqueens_comblock/nqueens_comblock/Debug/nqueens_comblock.elf
configparams force-mem-access 0
----------------End of Script----------------

19:49:25 INFO  : Memory regions updated for context APU
19:49:25 INFO  : Context for processor 'ps7_cortexa9_0' is selected.
19:49:25 INFO  : 'con' command is executed.
19:49:25 INFO  : ----------------XSDB Script (After Launch)----------------
targets -set -nocase -filter {name =~ "*A9*#0"}
con
----------------End of Script----------------

19:49:25 INFO  : Launch script is exported to file 'C:\Users\mlabadm\Desktop\Github\FPGA\nqueens\nqueens_comblock\.sdk\launch_scripts\single_application_debug\debugger_nqueens_comblock-default.tcl'
19:53:05 INFO  : Checking for BSP changes to sync application flags for project 'nqueens_comblock'...
19:53:51 INFO  : Checking for BSP changes to sync application flags for project 'nqueens_comblock'...
19:54:15 INFO  : Checking for BSP changes to sync application flags for project 'nqueens_comblock'...
19:54:27 INFO  : Disconnected from the channel tcfchan#12.
19:54:28 INFO  : Connected to target on host '127.0.0.1' and port '3121'.
19:54:28 INFO  : Jtag cable 'Digilent Zed 210248A49CA4' is selected.
19:54:28 INFO  : 'jtag frequency' command is executed.
19:54:28 INFO  : Context for 'APU' is selected.
19:54:28 INFO  : System reset is completed.
19:54:31 INFO  : 'after 3000' command is executed.
19:54:31 INFO  : 'targets -set -filter {jtag_cable_name =~ "Digilent Zed 210248A49CA4" && level==0} -index 1' command is executed.
19:54:33 INFO  : FPGA configured successfully with bitstream "C:/Users/mlabadm/Desktop/Github/FPGA/nqueens/nqueens_comblock/nqueens_comblock/_ide/bitstream/design_1_wrapper.bit"
19:54:33 INFO  : Context for 'APU' is selected.
19:54:36 INFO  : Hardware design information is loaded from 'C:/Users/mlabadm/Desktop/Github/FPGA/nqueens/nqueens_comblock/design_1_wrapper/export/design_1_wrapper/hw/design_1_wrapper.xsa'.
19:54:36 INFO  : 'configparams force-mem-access 1' command is executed.
19:54:36 INFO  : Context for 'APU' is selected.
19:54:36 INFO  : Sourcing of 'C:/Users/mlabadm/Desktop/Github/FPGA/nqueens/nqueens_comblock/nqueens_comblock/_ide/psinit/ps7_init.tcl' is done.
19:54:36 INFO  : 'ps7_init' command is executed.
19:54:36 INFO  : 'ps7_post_config' command is executed.
19:54:36 INFO  : Context for processor 'ps7_cortexa9_0' is selected.
19:54:36 INFO  : The application 'C:/Users/mlabadm/Desktop/Github/FPGA/nqueens/nqueens_comblock/nqueens_comblock/Debug/nqueens_comblock.elf' is downloaded to processor 'ps7_cortexa9_0'.
19:54:36 INFO  : 'configparams force-mem-access 0' command is executed.
19:54:36 INFO  : ----------------XSDB Script----------------
connect -url tcp:127.0.0.1:3121
targets -set -nocase -filter {name =~"APU*"}
rst -system
after 3000
targets -set -filter {jtag_cable_name =~ "Digilent Zed 210248A49CA4" && level==0} -index 1
fpga -file C:/Users/mlabadm/Desktop/Github/FPGA/nqueens/nqueens_comblock/nqueens_comblock/_ide/bitstream/design_1_wrapper.bit
targets -set -nocase -filter {name =~"APU*"}
loadhw -hw C:/Users/mlabadm/Desktop/Github/FPGA/nqueens/nqueens_comblock/design_1_wrapper/export/design_1_wrapper/hw/design_1_wrapper.xsa -mem-ranges [list {0x40000000 0xbfffffff}]
configparams force-mem-access 1
targets -set -nocase -filter {name =~"APU*"}
source C:/Users/mlabadm/Desktop/Github/FPGA/nqueens/nqueens_comblock/nqueens_comblock/_ide/psinit/ps7_init.tcl
ps7_init
ps7_post_config
targets -set -nocase -filter {name =~ "*A9*#0"}
dow C:/Users/mlabadm/Desktop/Github/FPGA/nqueens/nqueens_comblock/nqueens_comblock/Debug/nqueens_comblock.elf
configparams force-mem-access 0
----------------End of Script----------------

19:54:36 INFO  : Memory regions updated for context APU
19:54:36 INFO  : Context for processor 'ps7_cortexa9_0' is selected.
19:54:36 INFO  : 'con' command is executed.
19:54:36 INFO  : ----------------XSDB Script (After Launch)----------------
targets -set -nocase -filter {name =~ "*A9*#0"}
con
----------------End of Script----------------

19:54:36 INFO  : Launch script is exported to file 'C:\Users\mlabadm\Desktop\Github\FPGA\nqueens\nqueens_comblock\.sdk\launch_scripts\single_application_debug\debugger_nqueens_comblock-default.tcl'
19:54:48 INFO  : Checking for BSP changes to sync application flags for project 'nqueens_comblock'...
19:54:56 INFO  : Disconnected from the channel tcfchan#13.
19:54:57 INFO  : Connected to target on host '127.0.0.1' and port '3121'.
19:54:57 INFO  : Jtag cable 'Digilent Zed 210248A49CA4' is selected.
19:54:57 INFO  : 'jtag frequency' command is executed.
19:54:57 INFO  : Context for 'APU' is selected.
19:54:57 INFO  : System reset is completed.
19:55:00 INFO  : 'after 3000' command is executed.
19:55:00 INFO  : 'targets -set -filter {jtag_cable_name =~ "Digilent Zed 210248A49CA4" && level==0} -index 1' command is executed.
19:55:03 INFO  : FPGA configured successfully with bitstream "C:/Users/mlabadm/Desktop/Github/FPGA/nqueens/nqueens_comblock/nqueens_comblock/_ide/bitstream/design_1_wrapper.bit"
19:55:03 INFO  : Context for 'APU' is selected.
19:55:05 INFO  : Hardware design information is loaded from 'C:/Users/mlabadm/Desktop/Github/FPGA/nqueens/nqueens_comblock/design_1_wrapper/export/design_1_wrapper/hw/design_1_wrapper.xsa'.
19:55:05 INFO  : 'configparams force-mem-access 1' command is executed.
19:55:05 INFO  : Context for 'APU' is selected.
19:55:05 INFO  : Sourcing of 'C:/Users/mlabadm/Desktop/Github/FPGA/nqueens/nqueens_comblock/nqueens_comblock/_ide/psinit/ps7_init.tcl' is done.
19:55:05 INFO  : 'ps7_init' command is executed.
19:55:05 INFO  : 'ps7_post_config' command is executed.
19:55:05 INFO  : Context for processor 'ps7_cortexa9_0' is selected.
19:55:05 INFO  : The application 'C:/Users/mlabadm/Desktop/Github/FPGA/nqueens/nqueens_comblock/nqueens_comblock/Debug/nqueens_comblock.elf' is downloaded to processor 'ps7_cortexa9_0'.
19:55:05 INFO  : 'configparams force-mem-access 0' command is executed.
19:55:05 INFO  : ----------------XSDB Script----------------
connect -url tcp:127.0.0.1:3121
targets -set -nocase -filter {name =~"APU*"}
rst -system
after 3000
targets -set -filter {jtag_cable_name =~ "Digilent Zed 210248A49CA4" && level==0} -index 1
fpga -file C:/Users/mlabadm/Desktop/Github/FPGA/nqueens/nqueens_comblock/nqueens_comblock/_ide/bitstream/design_1_wrapper.bit
targets -set -nocase -filter {name =~"APU*"}
loadhw -hw C:/Users/mlabadm/Desktop/Github/FPGA/nqueens/nqueens_comblock/design_1_wrapper/export/design_1_wrapper/hw/design_1_wrapper.xsa -mem-ranges [list {0x40000000 0xbfffffff}]
configparams force-mem-access 1
targets -set -nocase -filter {name =~"APU*"}
source C:/Users/mlabadm/Desktop/Github/FPGA/nqueens/nqueens_comblock/nqueens_comblock/_ide/psinit/ps7_init.tcl
ps7_init
ps7_post_config
targets -set -nocase -filter {name =~ "*A9*#0"}
dow C:/Users/mlabadm/Desktop/Github/FPGA/nqueens/nqueens_comblock/nqueens_comblock/Debug/nqueens_comblock.elf
configparams force-mem-access 0
----------------End of Script----------------

19:55:05 INFO  : Memory regions updated for context APU
19:55:05 INFO  : Context for processor 'ps7_cortexa9_0' is selected.
19:55:05 INFO  : 'con' command is executed.
19:55:05 INFO  : ----------------XSDB Script (After Launch)----------------
targets -set -nocase -filter {name =~ "*A9*#0"}
con
----------------End of Script----------------

19:55:05 INFO  : Launch script is exported to file 'C:\Users\mlabadm\Desktop\Github\FPGA\nqueens\nqueens_comblock\.sdk\launch_scripts\single_application_debug\debugger_nqueens_comblock-default.tcl'
19:55:13 INFO  : Checking for BSP changes to sync application flags for project 'nqueens_comblock'...
19:55:20 INFO  : Disconnected from the channel tcfchan#14.
19:55:21 INFO  : Connected to target on host '127.0.0.1' and port '3121'.
19:55:21 INFO  : Jtag cable 'Digilent Zed 210248A49CA4' is selected.
19:55:21 INFO  : 'jtag frequency' command is executed.
19:55:21 INFO  : Context for 'APU' is selected.
19:55:21 INFO  : System reset is completed.
19:55:24 INFO  : 'after 3000' command is executed.
19:55:24 INFO  : 'targets -set -filter {jtag_cable_name =~ "Digilent Zed 210248A49CA4" && level==0} -index 1' command is executed.
19:55:27 INFO  : FPGA configured successfully with bitstream "C:/Users/mlabadm/Desktop/Github/FPGA/nqueens/nqueens_comblock/nqueens_comblock/_ide/bitstream/design_1_wrapper.bit"
19:55:27 INFO  : Context for 'APU' is selected.
19:55:29 INFO  : Hardware design information is loaded from 'C:/Users/mlabadm/Desktop/Github/FPGA/nqueens/nqueens_comblock/design_1_wrapper/export/design_1_wrapper/hw/design_1_wrapper.xsa'.
19:55:29 INFO  : 'configparams force-mem-access 1' command is executed.
19:55:29 INFO  : Context for 'APU' is selected.
19:55:29 INFO  : Sourcing of 'C:/Users/mlabadm/Desktop/Github/FPGA/nqueens/nqueens_comblock/nqueens_comblock/_ide/psinit/ps7_init.tcl' is done.
19:55:29 INFO  : 'ps7_init' command is executed.
19:55:29 INFO  : 'ps7_post_config' command is executed.
19:55:29 INFO  : Context for processor 'ps7_cortexa9_0' is selected.
19:55:29 INFO  : The application 'C:/Users/mlabadm/Desktop/Github/FPGA/nqueens/nqueens_comblock/nqueens_comblock/Debug/nqueens_comblock.elf' is downloaded to processor 'ps7_cortexa9_0'.
19:55:30 INFO  : 'configparams force-mem-access 0' command is executed.
19:55:30 INFO  : ----------------XSDB Script----------------
connect -url tcp:127.0.0.1:3121
targets -set -nocase -filter {name =~"APU*"}
rst -system
after 3000
targets -set -filter {jtag_cable_name =~ "Digilent Zed 210248A49CA4" && level==0} -index 1
fpga -file C:/Users/mlabadm/Desktop/Github/FPGA/nqueens/nqueens_comblock/nqueens_comblock/_ide/bitstream/design_1_wrapper.bit
targets -set -nocase -filter {name =~"APU*"}
loadhw -hw C:/Users/mlabadm/Desktop/Github/FPGA/nqueens/nqueens_comblock/design_1_wrapper/export/design_1_wrapper/hw/design_1_wrapper.xsa -mem-ranges [list {0x40000000 0xbfffffff}]
configparams force-mem-access 1
targets -set -nocase -filter {name =~"APU*"}
source C:/Users/mlabadm/Desktop/Github/FPGA/nqueens/nqueens_comblock/nqueens_comblock/_ide/psinit/ps7_init.tcl
ps7_init
ps7_post_config
targets -set -nocase -filter {name =~ "*A9*#0"}
dow C:/Users/mlabadm/Desktop/Github/FPGA/nqueens/nqueens_comblock/nqueens_comblock/Debug/nqueens_comblock.elf
configparams force-mem-access 0
----------------End of Script----------------

19:55:30 INFO  : Memory regions updated for context APU
19:55:30 INFO  : Context for processor 'ps7_cortexa9_0' is selected.
19:55:30 INFO  : 'con' command is executed.
19:55:30 INFO  : ----------------XSDB Script (After Launch)----------------
targets -set -nocase -filter {name =~ "*A9*#0"}
con
----------------End of Script----------------

19:55:30 INFO  : Launch script is exported to file 'C:\Users\mlabadm\Desktop\Github\FPGA\nqueens\nqueens_comblock\.sdk\launch_scripts\single_application_debug\debugger_nqueens_comblock-default.tcl'
19:55:43 INFO  : Checking for BSP changes to sync application flags for project 'nqueens_comblock'...
19:55:50 INFO  : Disconnected from the channel tcfchan#15.
19:55:51 INFO  : Connected to target on host '127.0.0.1' and port '3121'.
19:55:51 INFO  : Jtag cable 'Digilent Zed 210248A49CA4' is selected.
19:55:51 INFO  : 'jtag frequency' command is executed.
19:55:51 INFO  : Context for 'APU' is selected.
19:55:51 INFO  : System reset is completed.
19:55:54 INFO  : 'after 3000' command is executed.
19:55:54 INFO  : 'targets -set -filter {jtag_cable_name =~ "Digilent Zed 210248A49CA4" && level==0} -index 1' command is executed.
19:55:56 INFO  : FPGA configured successfully with bitstream "C:/Users/mlabadm/Desktop/Github/FPGA/nqueens/nqueens_comblock/nqueens_comblock/_ide/bitstream/design_1_wrapper.bit"
19:55:56 INFO  : Context for 'APU' is selected.
