Copyright 1986-2019 Xilinx, Inc. All Rights Reserved.
---------------------------------------------------------------------------------------------
| Tool Version : Vivado v.2019.2 (win64) Build 2708876 Wed Nov  6 21:40:23 MST 2019
| Date         : Wed Nov  3 16:18:50 2021
| Host         : hp6g4-mlab-2 running 64-bit major release  (build 9200)
| Command      : report_control_sets -verbose -file design_1_wrapper_control_sets_placed.rpt
| Design       : design_1_wrapper
| Device       : xc7z020
---------------------------------------------------------------------------------------------

Control Set Information

Table of Contents
-----------------
1. Summary
2. Histogram
3. Flip-Flop Distribution
4. Detailed Control Set Information

1. Summary
----------

+----------------------------------------------------------+-------+
|                          Status                          | Count |
+----------------------------------------------------------+-------+
| Total control sets                                       |   127 |
|    Minimum number of control sets                        |   127 |
|    Addition due to synthesis replication                 |     0 |
|    Addition due to physical synthesis replication        |     0 |
| Unused register locations in slices containing registers |   577 |
+----------------------------------------------------------+-------+
* Control sets can be merged at opt_design using control_set_merge or merge_equivalent_drivers
** Run report_qor_suggestions for automated merging and remapping suggestions


2. Histogram
------------

+--------------------+-------+
|       Fanout       | Count |
+--------------------+-------+
| Total control sets |   127 |
| >= 0 to < 4        |    53 |
| >= 4 to < 6        |    40 |
| >= 6 to < 8        |     4 |
| >= 8 to < 10       |     5 |
| >= 10 to < 12      |     2 |
| >= 12 to < 14      |     4 |
| >= 14 to < 16      |     3 |
| >= 16              |    16 |
+--------------------+-------+
* Control sets can be remapped at either synth_design or opt_design


3. Flip-Flop Distribution
-------------------------

+--------------+-----------------------+------------------------+-----------------+--------------+
| Clock Enable | Synchronous Set/Reset | Asynchronous Set/Reset | Total Registers | Total Slices |
+--------------+-----------------------+------------------------+-----------------+--------------+
| No           | No                    | No                     |             386 |          142 |
| No           | No                    | Yes                    |              18 |           13 |
| No           | Yes                   | No                     |              40 |           19 |
| Yes          | No                    | No                     |             256 |           59 |
| Yes          | No                    | Yes                    |             120 |           39 |
| Yes          | Yes                   | No                     |              91 |           33 |
+--------------+-----------------------+------------------------+-----------------+--------------+


4. Detailed Control Set Information
-----------------------------------

+------------------------------------------------------------------+----------------------------------------------------------------------------------------------------------------------------------------------------------------+-------------------------------------------------------------------------------------------------------------------------------------------------------+------------------+----------------+
|                           Clock Signal                           |                                                                          Enable Signal                                                                         |                                                                    Set/Reset Signal                                                                   | Slice Load Count | Bel Load Count |
+------------------------------------------------------------------+----------------------------------------------------------------------------------------------------------------------------------------------------------------+-------------------------------------------------------------------------------------------------------------------------------------------------------+------------------+----------------+
|  design_1_i/top_nqueens_0/U0/fsm_4/ce_reg_i_1__6_n_0             |                                                                                                                                                                |                                                                                                                                                       |                1 |              1 |
|  design_1_i/top_nqueens_0/U0/fsm_4/acks_out_reg_i_1__6_n_0       |                                                                                                                                                                |                                                                                                                                                       |                1 |              1 |
|  design_1_i/top_nqueens_0/U0/fsm_8/ce_reg_i_1__2_n_0             |                                                                                                                                                                |                                                                                                                                                       |                1 |              1 |
|  design_1_i/top_nqueens_0/U0/fsm_4/reset_control_reg_i_1__4_n_0  |                                                                                                                                                                |                                                                                                                                                       |                1 |              1 |
|  design_1_i/top_nqueens_0/U0/fsm_5/logic/FSM_onehot_state_reg[1] |                                                                                                                                                                |                                                                                                                                                       |                1 |              1 |
|  design_1_i/top_nqueens_0/U0/fsm_5/acks_out                      |                                                                                                                                                                |                                                                                                                                                       |                1 |              1 |
|  design_1_i/top_nqueens_0/U0/fsm_5/ce_reg_i_1__7_n_0             |                                                                                                                                                                |                                                                                                                                                       |                1 |              1 |
|  design_1_i/top_nqueens_0/U0/fsm_8/acks_out                      |                                                                                                                                                                |                                                                                                                                                       |                1 |              1 |
|  design_1_i/top_nqueens_0/U0/fsm_5/reset_control_reg_i_1__3_n_0  |                                                                                                                                                                |                                                                                                                                                       |                1 |              1 |
|  design_1_i/top_nqueens_0/U0/fsm_6/logic/FSM_onehot_state_reg[1] |                                                                                                                                                                |                                                                                                                                                       |                1 |              1 |
|  design_1_i/top_nqueens_0/U0/fsm_6/acks_out                      |                                                                                                                                                                |                                                                                                                                                       |                1 |              1 |
|  design_1_i/top_nqueens_0/U0/fsm_6/ce_reg_i_1__5_n_0             |                                                                                                                                                                |                                                                                                                                                       |                1 |              1 |
|  design_1_i/top_nqueens_0/U0/fsm_8/logic/FSM_onehot_state_reg[1] |                                                                                                                                                                |                                                                                                                                                       |                1 |              1 |
|  design_1_i/top_nqueens_0/U0/fsm_6/reset_control_reg_i_1__2_n_0  |                                                                                                                                                                |                                                                                                                                                       |                1 |              1 |
|  design_1_i/top_nqueens_0/U0/fsm_7/logic/FSM_onehot_state_reg[1] |                                                                                                                                                                |                                                                                                                                                       |                1 |              1 |
|  design_1_i/top_nqueens_0/U0/fsm_1/ce_reg_i_1_n_0                |                                                                                                                                                                |                                                                                                                                                       |                1 |              1 |
|  design_1_i/top_nqueens_0/U0/flag_s_reg_i_1_n_0                  |                                                                                                                                                                |                                                                                                                                                       |                1 |              1 |
|  design_1_i/top_nqueens_0/U0/fsm_9/reset_control_reg_i_1_n_0     |                                                                                                                                                                |                                                                                                                                                       |                1 |              1 |
|  design_1_i/processing_system7_0/inst/FCLK_CLK0                  | design_1_i/top_nqueens_0/U0/fsm_1/logic/j0                                                                                                                     | design_1_i/top_nqueens_0/U0/fsm_1/reset_control                                                                                                       |                1 |              1 |
|  design_1_i/top_nqueens_0/U0/fsm_9/acks_out                      |                                                                                                                                                                |                                                                                                                                                       |                1 |              1 |
|  design_1_i/top_nqueens_0/U0/fsm_4/logic/FSM_onehot_state_reg[1] |                                                                                                                                                                |                                                                                                                                                       |                1 |              1 |
|  design_1_i/top_nqueens_0/U0/fsm_3/reset_control_reg_i_1__5_n_0  |                                                                                                                                                                |                                                                                                                                                       |                1 |              1 |
|  design_1_i/top_nqueens_0/U0/fsm_7/reset_control_reg_i_1__1_n_0  |                                                                                                                                                                |                                                                                                                                                       |                1 |              1 |
|  design_1_i/top_nqueens_0/U0/fsm_9/ce_reg_i_1__0_n_0             |                                                                                                                                                                |                                                                                                                                                       |                1 |              1 |
|  design_1_i/top_nqueens_0/U0/fsm_9/logic/FSM_onehot_state_reg[0] |                                                                                                                                                                |                                                                                                                                                       |                1 |              1 |
|  design_1_i/top_nqueens_0/U0/fsm_8/reset_control_reg_i_1__0_n_0  |                                                                                                                                                                |                                                                                                                                                       |                1 |              1 |
|  design_1_i/top_nqueens_0/U0/fsm_3/logic/FSM_onehot_state_reg[1] |                                                                                                                                                                |                                                                                                                                                       |                1 |              1 |
|  design_1_i/top_nqueens_0/U0/fsm_7/ce_reg_i_1__4_n_0             |                                                                                                                                                                |                                                                                                                                                       |                1 |              1 |
|  design_1_i/top_nqueens_0/U0/fsm_3/ce_reg_i_1__3_n_0             |                                                                                                                                                                |                                                                                                                                                       |                1 |              1 |
|  design_1_i/top_nqueens_0/U0/fsm_3/acks_out_reg_i_1__3_n_0       |                                                                                                                                                                |                                                                                                                                                       |                1 |              1 |
|  design_1_i/top_nqueens_0/U0/fsm_7/acks_out                      |                                                                                                                                                                |                                                                                                                                                       |                1 |              1 |
|  design_1_i/top_nqueens_0/U0/fsm_2/reset_control_reg_i_1__6_n_0  |                                                                                                                                                                |                                                                                                                                                       |                1 |              1 |
|  design_1_i/top_nqueens_0/U0/fsm_2/acks_out_reg_i_1__1_n_0       |                                                                                                                                                                |                                                                                                                                                       |                1 |              1 |
|  design_1_i/top_nqueens_0/U0/fsm_2/ce_reg_i_1__1_n_0             |                                                                                                                                                                |                                                                                                                                                       |                1 |              1 |
|  design_1_i/top_nqueens_0/U0/fsm_2/logic/FSM_onehot_state_reg[1] |                                                                                                                                                                |                                                                                                                                                       |                1 |              1 |
|  design_1_i/top_nqueens_0/U0/fsm_1/done_s                        |                                                                                                                                                                |                                                                                                                                                       |                1 |              1 |
|  design_1_i/top_nqueens_0/U0/fsm_1/reset_control_reg_i_1__7_n_0  |                                                                                                                                                                |                                                                                                                                                       |                1 |              1 |
|  design_1_i/top_nqueens_0/U0/fsm_1/FSM_onehot_state_reg[4]_0     |                                                                                                                                                                |                                                                                                                                                       |                1 |              1 |
|  design_1_i/top_nqueens_0/U0/fsm_1/acks_out_reg_i_1_n_0          |                                                                                                                                                                |                                                                                                                                                       |                1 |              1 |
|  design_1_i/top_nqueens_0/U0/fsm_1/logic/FSM_onehot_state_reg[1] |                                                                                                                                                                |                                                                                                                                                       |                1 |              1 |
|  design_1_i/processing_system7_0/inst/FCLK_CLK0                  |                                                                                                                                                                | design_1_i/top_nqueens_0/U0/fsm_4/reset_control                                                                                                       |                2 |              2 |
|  design_1_i/processing_system7_0/inst/FCLK_CLK0                  |                                                                                                                                                                | design_1_i/top_nqueens_0/U0/fsm_5/reset_control                                                                                                       |                2 |              2 |
|  design_1_i/processing_system7_0/inst/FCLK_CLK0                  |                                                                                                                                                                | design_1_i/top_nqueens_0/U0/fsm_6/reset_control                                                                                                       |                1 |              2 |
|  design_1_i/processing_system7_0/inst/FCLK_CLK0                  | design_1_i/top_nqueens_0/U0/fsm_2/logic/j0                                                                                                                     | design_1_i/top_nqueens_0/U0/fsm_2/reset_control                                                                                                       |                1 |              2 |
|  design_1_i/processing_system7_0/inst/FCLK_CLK0                  |                                                                                                                                                                | design_1_i/top_nqueens_0/U0/fsm_7/reset_control                                                                                                       |                2 |              2 |
|  design_1_i/processing_system7_0/inst/FCLK_CLK0                  |                                                                                                                                                                | design_1_i/top_nqueens_0/U0/fsm_8/reset_control                                                                                                       |                2 |              2 |
|  design_1_i/processing_system7_0/inst/FCLK_CLK0                  |                                                                                                                                                                | design_1_i/top_nqueens_0/U0/fsm_9/reset_control                                                                                                       |                1 |              2 |
|  design_1_i/processing_system7_0/inst/FCLK_CLK0                  |                                                                                                                                                                | design_1_i/top_nqueens_0/U0/fsm_2/reset_control                                                                                                       |                1 |              2 |
|  design_1_i/processing_system7_0/inst/FCLK_CLK0                  |                                                                                                                                                                | design_1_i/top_nqueens_0/U0/fsm_1/reset_control                                                                                                       |                1 |              2 |
|  design_1_i/processing_system7_0/inst/FCLK_CLK0                  | design_1_i/ps7_0_axi_periph/s00_couplers/auto_pc/inst/gen_axilite.gen_b2s_conv.axilite_b2s/WR.b_channel_0/bid_fifo_0/bresp_push                                |                                                                                                                                                       |                1 |              2 |
|  design_1_i/processing_system7_0/inst/FCLK_CLK0                  |                                                                                                                                                                | design_1_i/top_nqueens_0/U0/fsm_3/reset_control                                                                                                       |                1 |              2 |
|  design_1_i/processing_system7_0/inst/FCLK_CLK0                  | design_1_i/top_nqueens_0/U0/fsm_3/logic/j0                                                                                                                     | design_1_i/top_nqueens_0/U0/fsm_3/reset_control                                                                                                       |                1 |              3 |
|  design_1_i/processing_system7_0/inst/FCLK_CLK0                  | design_1_i/top_nqueens_0/U0/fsm_4/logic/j0                                                                                                                     | design_1_i/top_nqueens_0/U0/fsm_4/reset_control                                                                                                       |                3 |              3 |
|  design_1_i/processing_system7_0/inst/FCLK_CLK0                  | design_1_i/top_nqueens_0/U0/fsm_6/logic/j0                                                                                                                     | design_1_i/top_nqueens_0/U0/fsm_6/reset_control                                                                                                       |                1 |              4 |
|  design_1_i/processing_system7_0/inst/FCLK_CLK0                  | design_1_i/top_nqueens_0/U0/fsm_7/logic/j0                                                                                                                     | design_1_i/top_nqueens_0/U0/fsm_7/reset_control                                                                                                       |                3 |              4 |
|  design_1_i/processing_system7_0/inst/FCLK_CLK0                  | design_1_i/top_nqueens_0/U0/fsm_8/logic/j0                                                                                                                     | design_1_i/top_nqueens_0/U0/fsm_8/reset_control                                                                                                       |                1 |              4 |
|  design_1_i/processing_system7_0/inst/FCLK_CLK0                  |                                                                                                                                                                | design_1_i/ps7_0_axi_periph/s00_couplers/auto_pc/inst/gen_axilite.gen_b2s_conv.axilite_b2s/SI_REG/ar.ar_pipe/aresetn_d_reg[1]_inv_0                   |                2 |              4 |
|  design_1_i/processing_system7_0/inst/FCLK_CLK0                  |                                                                                                                                                                | design_1_i/rst_ps7_0_100M/U0/EXT_LPF/lpf_int                                                                                                          |                3 |              4 |
|  design_1_i/processing_system7_0/inst/FCLK_CLK0                  |                                                                                                                                                                | design_1_i/ps7_0_axi_periph/s00_couplers/auto_pc/inst/gen_axilite.gen_b2s_conv.axilite_b2s/SI_REG/aw.aw_pipe/aresetn_d_reg[0]_0                       |                3 |              4 |
|  design_1_i/processing_system7_0/inst/FCLK_CLK0                  | design_1_i/top_nqueens_0/U0/fsm_5/logic/j0                                                                                                                     | design_1_i/top_nqueens_0/U0/fsm_5/reset_control                                                                                                       |                1 |              4 |
|  design_1_i/processing_system7_0/inst/FCLK_CLK0                  | design_1_i/top_nqueens_0/U0/fsm_9/ce                                                                                                                           | design_1_i/top_nqueens_0/U0/fsm_8/AR[0]                                                                                                               |                2 |              5 |
|  design_1_i/processing_system7_0/inst/FCLK_CLK0                  | design_1_i/top_nqueens_0/U0/fsm_9/logic/count                                                                                                                  | design_1_i/top_nqueens_0/U0/fsm_9/reset_control                                                                                                       |                1 |              5 |
|  design_1_i/processing_system7_0/inst/FCLK_CLK0                  | design_1_i/top_nqueens_0/U0/fsm_8/ce                                                                                                                           | design_1_i/top_nqueens_0/U0/fsm_7/AR[0]                                                                                                               |                1 |              5 |
|  design_1_i/processing_system7_0/inst/FCLK_CLK0                  | design_1_i/top_nqueens_0/U0/fsm_8/logic/E[0]                                                                                                                   | design_1_i/top_nqueens_0/U0/fsm_7/SR[0]                                                                                                               |                2 |              5 |
|  design_1_i/processing_system7_0/inst/FCLK_CLK0                  | design_1_i/top_nqueens_0/U0/fsm_1/logic/count                                                                                                                  | design_1_i/top_nqueens_0/U0/fsm_1/reset_control                                                                                                       |                1 |              5 |
|  design_1_i/processing_system7_0/inst/FCLK_CLK0                  | design_1_i/top_nqueens_0/U0/fsm_1/logic/E[0]                                                                                                                   | design_1_i/top_nqueens_0/U0/fsm_1/FSM_onehot_state[4]_i_1__7_n_0                                                                                      |                3 |              5 |
|  design_1_i/processing_system7_0/inst/FCLK_CLK0                  | design_1_i/top_nqueens_0/U0/fsm_1/ce                                                                                                                           | design_1_i/top_nqueens_0/U0/ack_in_1                                                                                                                  |                2 |              5 |
|  design_1_i/processing_system7_0/inst/FCLK_CLK0                  | design_1_i/top_nqueens_0/U0/fsm_2/logic/count                                                                                                                  | design_1_i/top_nqueens_0/U0/fsm_2/reset_control                                                                                                       |                2 |              5 |
|  design_1_i/processing_system7_0/inst/FCLK_CLK0                  | design_1_i/top_nqueens_0/U0/fsm_9/logic/j0                                                                                                                     | design_1_i/top_nqueens_0/U0/fsm_9/reset_control                                                                                                       |                2 |              5 |
|  design_1_i/processing_system7_0/inst/FCLK_CLK0                  | design_1_i/top_nqueens_0/U0/fsm_2/logic/E[0]                                                                                                                   | design_1_i/top_nqueens_0/U0/fsm_1/SR[0]                                                                                                               |                1 |              5 |
|  design_1_i/processing_system7_0/inst/FCLK_CLK0                  | design_1_i/top_nqueens_0/U0/fsm_2/ce                                                                                                                           | design_1_i/top_nqueens_0/U0/fsm_1/AR[0]                                                                                                               |                1 |              5 |
|  design_1_i/processing_system7_0/inst/FCLK_CLK0                  | design_1_i/top_nqueens_0/U0/fsm_3/logic/count                                                                                                                  | design_1_i/top_nqueens_0/U0/fsm_3/reset_control                                                                                                       |                1 |              5 |
|  design_1_i/processing_system7_0/inst/FCLK_CLK0                  | design_1_i/top_nqueens_0/U0/fsm_9/logic/E[0]                                                                                                                   | design_1_i/top_nqueens_0/U0/fsm_8/SR[0]                                                                                                               |                2 |              5 |
|  design_1_i/processing_system7_0/inst/FCLK_CLK0                  | design_1_i/top_nqueens_0/U0/fsm_3/logic/E[0]                                                                                                                   | design_1_i/top_nqueens_0/U0/fsm_2/SR[0]                                                                                                               |                4 |              5 |
|  design_1_i/processing_system7_0/inst/FCLK_CLK0                  | design_1_i/top_nqueens_0/U0/fsm_3/ce                                                                                                                           | design_1_i/top_nqueens_0/U0/fsm_2/AR[0]                                                                                                               |                1 |              5 |
|  design_1_i/processing_system7_0/inst/FCLK_CLK0                  | design_1_i/top_nqueens_0/U0/fsm_4/logic/count                                                                                                                  | design_1_i/top_nqueens_0/U0/fsm_4/reset_control                                                                                                       |                2 |              5 |
|  design_1_i/processing_system7_0/inst/FCLK_CLK0                  | design_1_i/top_nqueens_0/U0/fsm_8/logic/count                                                                                                                  | design_1_i/top_nqueens_0/U0/fsm_8/reset_control                                                                                                       |                1 |              5 |
|  design_1_i/processing_system7_0/inst/FCLK_CLK0                  | design_1_i/top_nqueens_0/U0/fsm_4/logic/E[0]                                                                                                                   | design_1_i/top_nqueens_0/U0/fsm_3/SR[0]                                                                                                               |                1 |              5 |
|  design_1_i/processing_system7_0/inst/FCLK_CLK0                  | design_1_i/top_nqueens_0/U0/fsm_7/ce                                                                                                                           | design_1_i/top_nqueens_0/U0/fsm_6/AR[0]                                                                                                               |                1 |              5 |
|  design_1_i/processing_system7_0/inst/FCLK_CLK0                  | design_1_i/ps7_0_axi_periph/s00_couplers/auto_pc/inst/gen_axilite.gen_b2s_conv.axilite_b2s/WR.aw_channel_0/aw_cmd_fsm_0/m_valid_i_reg_0                        | design_1_i/ps7_0_axi_periph/s00_couplers/auto_pc/inst/gen_axilite.gen_b2s_conv.axilite_b2s/WR.aw_channel_0/aw_cmd_fsm_0/m_valid_i_reg                 |                2 |              5 |
|  design_1_i/top_nqueens_0/U0/a_in_1_reg[4]_i_2_n_0               |                                                                                                                                                                |                                                                                                                                                       |                2 |              5 |
|  design_1_i/processing_system7_0/inst/FCLK_CLK0                  | design_1_i/top_nqueens_0/U0/fsm_6/logic/count                                                                                                                  | design_1_i/top_nqueens_0/U0/fsm_6/reset_control                                                                                                       |                1 |              5 |
|  design_1_i/processing_system7_0/inst/FCLK_CLK0                  | design_1_i/top_nqueens_0/U0/fsm_7/logic/E[0]                                                                                                                   | design_1_i/top_nqueens_0/U0/fsm_6/SR[0]                                                                                                               |                1 |              5 |
|  design_1_i/processing_system7_0/inst/FCLK_CLK0                  | design_1_i/top_nqueens_0/U0/fsm_7/logic/count                                                                                                                  | design_1_i/top_nqueens_0/U0/fsm_7/reset_control                                                                                                       |                2 |              5 |
|  design_1_i/processing_system7_0/inst/FCLK_CLK0                  | design_1_i/top_nqueens_0/U0/fsm_6/ce                                                                                                                           | design_1_i/top_nqueens_0/U0/fsm_5/AR[0]                                                                                                               |                2 |              5 |
|  design_1_i/processing_system7_0/inst/FCLK_CLK0                  | design_1_i/ps7_0_axi_periph/s00_couplers/auto_pc/inst/gen_axilite.gen_b2s_conv.axilite_b2s/RD.ar_channel_0/ar_cmd_fsm_0/m_axi_arready_0                        | design_1_i/ps7_0_axi_periph/s00_couplers/auto_pc/inst/gen_axilite.gen_b2s_conv.axilite_b2s/RD.ar_channel_0/ar_cmd_fsm_0/FSM_sequential_state_reg[1]_0 |                2 |              5 |
|  design_1_i/processing_system7_0/inst/FCLK_CLK0                  | design_1_i/top_nqueens_0/U0/fsm_6/logic/E[0]                                                                                                                   | design_1_i/top_nqueens_0/U0/fsm_5/SR[0]                                                                                                               |                2 |              5 |
|  design_1_i/processing_system7_0/inst/FCLK_CLK0                  | design_1_i/top_nqueens_0/U0/fsm_5/ce                                                                                                                           | design_1_i/top_nqueens_0/U0/fsm_4/AR[0]                                                                                                               |                1 |              5 |
|  design_1_i/processing_system7_0/inst/FCLK_CLK0                  | design_1_i/top_nqueens_0/U0/fsm_5/logic/E[0]                                                                                                                   | design_1_i/top_nqueens_0/U0/fsm_4/SR[0]                                                                                                               |                1 |              5 |
|  design_1_i/processing_system7_0/inst/FCLK_CLK0                  | design_1_i/top_nqueens_0/U0/fsm_5/logic/count                                                                                                                  | design_1_i/top_nqueens_0/U0/fsm_5/reset_control                                                                                                       |                1 |              5 |
|  design_1_i/processing_system7_0/inst/FCLK_CLK0                  | design_1_i/ps7_0_axi_periph/s00_couplers/auto_pc/inst/gen_axilite.gen_b2s_conv.axilite_b2s/RD.r_channel_0/transaction_fifo_0/cnt_read[4]_i_1__0_n_0            | design_1_i/ps7_0_axi_periph/s00_couplers/auto_pc/inst/gen_axilite.gen_b2s_conv.axilite_b2s/areset_d1                                                  |                2 |              5 |
|  design_1_i/processing_system7_0/inst/FCLK_CLK0                  | design_1_i/ps7_0_axi_periph/s00_couplers/auto_pc/inst/gen_axilite.gen_b2s_conv.axilite_b2s/RD.r_channel_0/transaction_fifo_0/E[0]                              | design_1_i/ps7_0_axi_periph/s00_couplers/auto_pc/inst/gen_axilite.gen_b2s_conv.axilite_b2s/areset_d1                                                  |                2 |              5 |
|  design_1_i/processing_system7_0/inst/FCLK_CLK0                  | design_1_i/top_nqueens_0/U0/fsm_4/ce                                                                                                                           | design_1_i/top_nqueens_0/U0/fsm_3/AR[0]                                                                                                               |                2 |              5 |
|  design_1_i/processing_system7_0/inst/FCLK_CLK0                  | design_1_i/rst_ps7_0_100M/U0/SEQ/seq_cnt_en                                                                                                                    | design_1_i/rst_ps7_0_100M/U0/SEQ/SEQ_COUNTER/clear                                                                                                    |                1 |              6 |
|  design_1_i/processing_system7_0/inst/FCLK_CLK0                  |                                                                                                                                                                | design_1_i/comblock_0/U0/AXIL_inst/p_0_in                                                                                                             |                3 |              6 |
|  design_1_i/processing_system7_0/inst/FCLK_CLK0                  | design_1_i/comblock_0/U0/AXIL_inst/axi_arready0                                                                                                                | design_1_i/comblock_0/U0/AXIL_inst/p_0_in                                                                                                             |                2 |              6 |
|  design_1_i/processing_system7_0/inst/FCLK_CLK0                  | design_1_i/comblock_0/U0/AXIL_inst/axi_awready0                                                                                                                | design_1_i/comblock_0/U0/AXIL_inst/p_0_in                                                                                                             |                2 |              6 |
|  design_1_i/processing_system7_0/inst/FCLK_CLK0                  | design_1_i/ps7_0_axi_periph/s00_couplers/auto_pc/inst/gen_axilite.gen_b2s_conv.axilite_b2s/RD.ar_channel_0/ar_cmd_fsm_0/E[0]                                   |                                                                                                                                                       |                5 |              8 |
|  design_1_i/processing_system7_0/inst/FCLK_CLK0                  | design_1_i/ps7_0_axi_periph/s00_couplers/auto_pc/inst/gen_axilite.gen_b2s_conv.axilite_b2s/WR.aw_channel_0/cmd_translator_0/incr_cmd_0/axaddr_incr[11]_i_1_n_0 |                                                                                                                                                       |                2 |              8 |
|  design_1_i/processing_system7_0/inst/FCLK_CLK0                  | design_1_i/ps7_0_axi_periph/s00_couplers/auto_pc/inst/gen_axilite.gen_b2s_conv.axilite_b2s/RD.ar_channel_0/ar_cmd_fsm_0/sel_first_reg[0]                       |                                                                                                                                                       |                2 |              8 |
|  design_1_i/processing_system7_0/inst/FCLK_CLK0                  | design_1_i/ps7_0_axi_periph/s00_couplers/auto_pc/inst/gen_axilite.gen_b2s_conv.axilite_b2s/WR.b_channel_0/mhandshake_r                                         | design_1_i/ps7_0_axi_periph/s00_couplers/auto_pc/inst/gen_axilite.gen_b2s_conv.axilite_b2s/WR.b_channel_0/bid_fifo_0/SR[0]                            |                3 |              8 |
|  design_1_i/processing_system7_0/inst/FCLK_CLK0                  | design_1_i/ps7_0_axi_periph/s00_couplers/auto_pc/inst/gen_axilite.gen_b2s_conv.axilite_b2s/WR.aw_channel_0/aw_cmd_fsm_0/E[0]                                   |                                                                                                                                                       |                3 |              8 |
|  design_1_i/processing_system7_0/inst/FCLK_CLK0                  |                                                                                                                                                                | design_1_i/ps7_0_axi_periph/s00_couplers/auto_pc/inst/gen_axilite.gen_b2s_conv.axilite_b2s/areset_d1                                                  |                4 |             10 |
|  design_1_i/top_nqueens_0/U0/fsm_1/asout_array[1]_8              |                                                                                                                                                                |                                                                                                                                                       |                4 |             10 |
|  design_1_i/processing_system7_0/inst/FCLK_CLK0                  |                                                                                                                                                                | design_1_i/comblock_0/U0/AXIL_inst/axi_rdata[11]_i_1_n_0                                                                                              |                4 |             12 |
| ~design_1_i/top_nqueens_0/U0/fsm_9/ack_out_9                     |                                                                                                                                                                |                                                                                                                                                       |                3 |             12 |
|  design_1_i/processing_system7_0/inst/FCLK_CLK0                  | design_1_i/ps7_0_axi_periph/s00_couplers/auto_pc/inst/gen_axilite.gen_b2s_conv.axilite_b2s/RD.r_channel_0/rd_data_fifo_0/wr_en0                                |                                                                                                                                                       |                3 |             12 |
|  design_1_i/processing_system7_0/inst/FCLK_CLK0                  | design_1_i/ps7_0_axi_periph/s00_couplers/auto_pc/inst/gen_axilite.gen_b2s_conv.axilite_b2s/RD.r_channel_0/r_push_r                                             |                                                                                                                                                       |                4 |             13 |
|  design_1_i/processing_system7_0/inst/FCLK_CLK0                  | design_1_i/ps7_0_axi_periph/s00_couplers/auto_pc/inst/gen_axilite.gen_b2s_conv.axilite_b2s/SI_REG/b.b_pipe/p_1_in                                              |                                                                                                                                                       |                2 |             14 |
|  design_1_i/processing_system7_0/inst/FCLK_CLK0                  | design_1_i/ps7_0_axi_periph/s00_couplers/auto_pc/inst/gen_axilite.gen_b2s_conv.axilite_b2s/SI_REG/b.b_pipe/s_ready_i_reg_0                                     |                                                                                                                                                       |                2 |             14 |
|  design_1_i/top_nqueens_0/U0/fsm_2/asout_array[2]_7              |                                                                                                                                                                |                                                                                                                                                       |                5 |             15 |
|  design_1_i/processing_system7_0/inst/FCLK_CLK0                  | design_1_i/ps7_0_axi_periph/s00_couplers/auto_pc/inst/gen_axilite.gen_b2s_conv.axilite_b2s/WR.aw_channel_0/aw_cmd_fsm_0/b_push                                 |                                                                                                                                                       |                3 |             16 |
|  design_1_i/processing_system7_0/inst/FCLK_CLK0                  | design_1_i/ps7_0_axi_periph/s00_couplers/auto_pc/inst/gen_axilite.gen_b2s_conv.axilite_b2s/RD.ar_channel_0/ar_cmd_fsm_0/m_axi_arready_0                        |                                                                                                                                                       |                5 |             17 |
|  design_1_i/processing_system7_0/inst/FCLK_CLK0                  | design_1_i/ps7_0_axi_periph/s00_couplers/auto_pc/inst/gen_axilite.gen_b2s_conv.axilite_b2s/WR.aw_channel_0/aw_cmd_fsm_0/m_valid_i_reg_0                        |                                                                                                                                                       |                6 |             17 |
|  design_1_i/top_nqueens_0/U0/fsm_3/asout_array[3]_6              |                                                                                                                                                                |                                                                                                                                                       |                5 |             20 |
|  design_1_i/top_nqueens_0/U0/fsm_4/asout_array[4]_5              |                                                                                                                                                                |                                                                                                                                                       |                8 |             25 |
|  design_1_i/processing_system7_0/inst/FCLK_CLK0                  | design_1_i/ps7_0_axi_periph/s00_couplers/auto_pc/inst/gen_axilite.gen_b2s_conv.axilite_b2s/SI_REG/r.r_pipe/s_ready_i_reg_0                                     |                                                                                                                                                       |                4 |             25 |
|  design_1_i/processing_system7_0/inst/FCLK_CLK0                  | design_1_i/ps7_0_axi_periph/s00_couplers/auto_pc/inst/gen_axilite.gen_b2s_conv.axilite_b2s/SI_REG/r.r_pipe/p_1_in                                              |                                                                                                                                                       |                4 |             25 |
|  design_1_i/processing_system7_0/inst/FCLK_CLK0                  | design_1_i/ps7_0_axi_periph/s00_couplers/auto_pc/inst/gen_axilite.gen_b2s_conv.axilite_b2s/SI_REG/ar.ar_pipe/s_ready_i_reg_0                                   |                                                                                                                                                       |                7 |             28 |
|  design_1_i/processing_system7_0/inst/FCLK_CLK0                  | design_1_i/ps7_0_axi_periph/s00_couplers/auto_pc/inst/gen_axilite.gen_b2s_conv.axilite_b2s/SI_REG/aw.aw_pipe/s_ready_i_reg_0                                   |                                                                                                                                                       |                7 |             28 |
|  design_1_i/processing_system7_0/inst/FCLK_CLK0                  | design_1_i/ps7_0_axi_periph/s00_couplers/auto_pc/inst/gen_axilite.gen_b2s_conv.axilite_b2s/RD.ar_channel_0/ar_cmd_fsm_0/FSM_sequential_state_reg[1]_1[0]       |                                                                                                                                                       |                5 |             28 |
|  design_1_i/processing_system7_0/inst/FCLK_CLK0                  | design_1_i/ps7_0_axi_periph/s00_couplers/auto_pc/inst/gen_axilite.gen_b2s_conv.axilite_b2s/WR.aw_channel_0/aw_cmd_fsm_0/m_valid_i_reg_1[0]                     |                                                                                                                                                       |                5 |             28 |
|  design_1_i/top_nqueens_0/U0/fsm_5/asout_array[5]_4_BUFG         |                                                                                                                                                                |                                                                                                                                                       |                9 |             30 |
|  design_1_i/top_nqueens_0/U0/fsm_6/asout_array[6]_3_BUFG         |                                                                                                                                                                |                                                                                                                                                       |               11 |             35 |
|  design_1_i/top_nqueens_0/U0/fsm_7/asout_array[7]_2_BUFG         |                                                                                                                                                                |                                                                                                                                                       |               11 |             40 |
|  design_1_i/top_nqueens_0/U0/fsm_8/asout_array[8]_1_BUFG         |                                                                                                                                                                |                                                                                                                                                       |               16 |             45 |
|  design_1_i/processing_system7_0/inst/FCLK_CLK0                  |                                                                                                                                                                |                                                                                                                                                       |               30 |            111 |
+------------------------------------------------------------------+----------------------------------------------------------------------------------------------------------------------------------------------------------------+-------------------------------------------------------------------------------------------------------------------------------------------------------+------------------+----------------+


