18:57:01 INFO  : Launching XSCT server: xsct.bat -n  -interactive C:\Users\aguss\Desktop\Github\FPGA\paper_routing\hopfield_vitis\hopfield_vivado\temp_xsdb_launch_script.tcl
18:57:09 INFO  : XSCT server has started successfully.
18:57:09 INFO  : plnx-install-location is set to ''
18:57:09 INFO  : Successfully done setting XSCT server connection channel  
18:57:09 INFO  : Successfully done query RDI_DATADIR 
18:57:09 INFO  : Successfully done setting workspace for the tool. 
18:57:12 INFO  : Registering command handlers for Vitis TCF services
16:53:30 INFO  : Launching XSCT server: xsct.bat -n  -interactive C:\Users\aguss\Desktop\Github\FPGA\paper_routing\hopfield_vitis\hopfield_vivado\temp_xsdb_launch_script.tcl
16:53:43 INFO  : XSCT server has started successfully.
16:53:43 INFO  : plnx-install-location is set to ''
16:53:43 INFO  : Successfully done setting XSCT server connection channel  
16:53:43 INFO  : Successfully done setting workspace for the tool. 
16:54:00 INFO  : Registering command handlers for Vitis TCF services
16:54:09 INFO  : Successfully done query RDI_DATADIR 
16:31:29 INFO  : Launching XSCT server: xsct.bat -n  -interactive C:\Users\aguss\Desktop\Github\FPGA\paper_routing\hopfield_vitis\hopfield_vivado\temp_xsdb_launch_script.tcl
16:31:45 INFO  : XSCT server has started successfully.
16:31:45 INFO  : plnx-install-location is set to ''
16:31:45 INFO  : Successfully done setting XSCT server connection channel  
16:31:45 INFO  : Successfully done setting workspace for the tool. 
16:32:11 INFO  : Registering command handlers for Vitis TCF services
16:32:46 INFO  : Successfully done query RDI_DATADIR 
14:53:50 INFO  : Checking for BSP changes to sync application flags for project 'hopfield_vitis'...
14:56:49 INFO  : Checking for BSP changes to sync application flags for project 'hopfield_vitis'...
14:58:26 INFO  : Checking for BSP changes to sync application flags for project 'hopfield_vitis'...
15:00:26 INFO  : Checking for BSP changes to sync application flags for project 'hopfield_vitis'...
15:03:13 INFO  : Checking for BSP changes to sync application flags for project 'hopfield_vitis'...
15:05:55 INFO  : Checking for BSP changes to sync application flags for project 'hopfield_vitis'...
15:08:32 INFO  : Checking for BSP changes to sync application flags for project 'hopfield_vitis'...
