#-----------------------------------------------------------
# xsim v2019.2 (64-bit)
# SW Build 2708876 on Wed Nov  6 21:40:23 MST 2019
# IP Build 2700528 on Thu Nov  7 00:09:20 MST 2019
# Start of session at: Sat Aug 14 11:15:00 2021
# Process ID: 6708
# Current directory: C:/Users/aguss/Desktop/Github/FPGA/ultrascale/VQFTAXIBUS/solution1/sim/vhdl
# Command line: xsim.exe -mode tcl -source {xsim.dir/VQFTAXIBUS/xsim_script.tcl}
# Log file: C:/Users/aguss/Desktop/Github/FPGA/ultrascale/VQFTAXIBUS/solution1/sim/vhdl/xsim.log
# Journal file: C:/Users/aguss/Desktop/Github/FPGA/ultrascale/VQFTAXIBUS/solution1/sim/vhdl\xsim.jou
#-----------------------------------------------------------
source xsim.dir/VQFTAXIBUS/xsim_script.tcl
# xsim {VQFTAXIBUS} -autoloadwcfg -tclbatch {VQFTAXIBUS.tcl}
Vivado Simulator 2019.2
Time resolution is 1 ps
source VQFTAXIBUS.tcl
## run all
Warning: OPMODE Input Warning : The OPMODE 0110X0X with CARRYINSEL  000 to DSP48E1 instance is invalid.
Time: 100010 ps  Iteration: 0  Process: /apatb_VQFTAXIBUS_top/AESL_inst_VQFTAXIBUS/VQFTAXIBUS_faddfsbkb_U8/VQFTAXIBUS_ap_faddfsub_2_full_dsp_32_u/U0/i_synth/addsub_op/ADDSUB/dsp/OP/dsp48e1_body/ALIGN_ADD/DSP2/DSP/prcs_opmode_drc  File: C:\Xilinx\Vivado\2019.2\data/vhdl/src/unisims/primitive/DSP48E1.vhd
Warning: OPMODE Input Warning : The OPMODE 0110X0X with CARRYINSEL  000 to DSP48E1 instance is invalid.
Time: 100010 ps  Iteration: 0  Process: /apatb_VQFTAXIBUS_top/AESL_inst_VQFTAXIBUS/VQFTAXIBUS_faddfsbkb_U7/VQFTAXIBUS_ap_faddfsub_2_full_dsp_32_u/U0/i_synth/addsub_op/ADDSUB/dsp/OP/dsp48e1_body/ALIGN_ADD/DSP2/DSP/prcs_opmode_drc  File: C:\Xilinx\Vivado\2019.2\data/vhdl/src/unisims/primitive/DSP48E1.vhd
Warning: OPMODE Input Warning : The OPMODE 0110X0X with CARRYINSEL  000 to DSP48E1 instance is invalid.
Time: 100010 ps  Iteration: 0  Process: /apatb_VQFTAXIBUS_top/AESL_inst_VQFTAXIBUS/VQFTAXIBUS_faddfsbkb_U6/VQFTAXIBUS_ap_faddfsub_2_full_dsp_32_u/U0/i_synth/addsub_op/ADDSUB/dsp/OP/dsp48e1_body/ALIGN_ADD/DSP2/DSP/prcs_opmode_drc  File: C:\Xilinx\Vivado\2019.2\data/vhdl/src/unisims/primitive/DSP48E1.vhd
Warning: OPMODE Input Warning : The OPMODE 0110X0X with CARRYINSEL  000 to DSP48E1 instance is invalid.
Time: 100010 ps  Iteration: 0  Process: /apatb_VQFTAXIBUS_top/AESL_inst_VQFTAXIBUS/VQFTAXIBUS_faddfsbkb_U5/VQFTAXIBUS_ap_faddfsub_2_full_dsp_32_u/U0/i_synth/addsub_op/ADDSUB/dsp/OP/dsp48e1_body/ALIGN_ADD/DSP2/DSP/prcs_opmode_drc  File: C:\Xilinx\Vivado\2019.2\data/vhdl/src/unisims/primitive/DSP48E1.vhd
Warning: OPMODE Input Warning : The OPMODE 0110X0X with CARRYINSEL  000 to DSP48E1 instance is invalid.
Time: 100010 ps  Iteration: 0  Process: /apatb_VQFTAXIBUS_top/AESL_inst_VQFTAXIBUS/VQFTAXIBUS_faddfsbkb_U4/VQFTAXIBUS_ap_faddfsub_2_full_dsp_32_u/U0/i_synth/addsub_op/ADDSUB/dsp/OP/dsp48e1_body/ALIGN_ADD/DSP2/DSP/prcs_opmode_drc  File: C:\Xilinx\Vivado\2019.2\data/vhdl/src/unisims/primitive/DSP48E1.vhd
Warning: OPMODE Input Warning : The OPMODE 0110X0X with CARRYINSEL  000 to DSP48E1 instance is invalid.
Time: 100010 ps  Iteration: 0  Process: /apatb_VQFTAXIBUS_top/AESL_inst_VQFTAXIBUS/VQFTAXIBUS_faddfsbkb_U3/VQFTAXIBUS_ap_faddfsub_2_full_dsp_32_u/U0/i_synth/addsub_op/ADDSUB/dsp/OP/dsp48e1_body/ALIGN_ADD/DSP2/DSP/prcs_opmode_drc  File: C:\Xilinx\Vivado\2019.2\data/vhdl/src/unisims/primitive/DSP48E1.vhd
Warning: OPMODE Input Warning : The OPMODE 0110X0X with CARRYINSEL  000 to DSP48E1 instance is invalid.
Time: 100010 ps  Iteration: 0  Process: /apatb_VQFTAXIBUS_top/AESL_inst_VQFTAXIBUS/VQFTAXIBUS_faddfsbkb_U2/VQFTAXIBUS_ap_faddfsub_2_full_dsp_32_u/U0/i_synth/addsub_op/ADDSUB/dsp/OP/dsp48e1_body/ALIGN_ADD/DSP2/DSP/prcs_opmode_drc  File: C:\Xilinx\Vivado\2019.2\data/vhdl/src/unisims/primitive/DSP48E1.vhd
Warning: OPMODE Input Warning : The OPMODE 0110X0X with CARRYINSEL  000 to DSP48E1 instance is invalid.
Time: 100010 ps  Iteration: 0  Process: /apatb_VQFTAXIBUS_top/AESL_inst_VQFTAXIBUS/VQFTAXIBUS_faddfsbkb_U1/VQFTAXIBUS_ap_faddfsub_2_full_dsp_32_u/U0/i_synth/addsub_op/ADDSUB/dsp/OP/dsp48e1_body/ALIGN_ADD/DSP2/DSP/prcs_opmode_drc  File: C:\Xilinx\Vivado\2019.2\data/vhdl/src/unisims/primitive/DSP48E1.vhd
Warning: OPMODE Input Warning : The OPMODE 0110X0X with CARRYINSEL  000 to DSP48E1 instance is invalid.
Time: 5115 ns  Iteration: 14  Process: /apatb_VQFTAXIBUS_top/AESL_inst_VQFTAXIBUS/VQFTAXIBUS_faddfsbkb_U1/VQFTAXIBUS_ap_faddfsub_2_full_dsp_32_u/U0/i_synth/addsub_op/ADDSUB/dsp/OP/dsp48e1_body/ALIGN_ADD/DSP2/DSP/prcs_opmode_drc  File: C:\Xilinx\Vivado\2019.2\data/vhdl/src/unisims/primitive/DSP48E1.vhd
Warning: OPMODE Input Warning : The OPMODE 0110X0X with CARRYINSEL  000 to DSP48E1 instance is invalid.
Time: 5195 ns  Iteration: 14  Process: /apatb_VQFTAXIBUS_top/AESL_inst_VQFTAXIBUS/VQFTAXIBUS_faddfsbkb_U2/VQFTAXIBUS_ap_faddfsub_2_full_dsp_32_u/U0/i_synth/addsub_op/ADDSUB/dsp/OP/dsp48e1_body/ALIGN_ADD/DSP2/DSP/prcs_opmode_drc  File: C:\Xilinx\Vivado\2019.2\data/vhdl/src/unisims/primitive/DSP48E1.vhd
Warning: OPMODE Input Warning : The OPMODE 0110X0X with CARRYINSEL  000 to DSP48E1 instance is invalid.
Time: 5195 ns  Iteration: 14  Process: /apatb_VQFTAXIBUS_top/AESL_inst_VQFTAXIBUS/VQFTAXIBUS_faddfsbkb_U3/VQFTAXIBUS_ap_faddfsub_2_full_dsp_32_u/U0/i_synth/addsub_op/ADDSUB/dsp/OP/dsp48e1_body/ALIGN_ADD/DSP2/DSP/prcs_opmode_drc  File: C:\Xilinx\Vivado\2019.2\data/vhdl/src/unisims/primitive/DSP48E1.vhd
Warning: OPMODE Input Warning : The OPMODE 0110X0X with CARRYINSEL  000 to DSP48E1 instance is invalid.
Time: 5195 ns  Iteration: 14  Process: /apatb_VQFTAXIBUS_top/AESL_inst_VQFTAXIBUS/VQFTAXIBUS_faddfsbkb_U4/VQFTAXIBUS_ap_faddfsub_2_full_dsp_32_u/U0/i_synth/addsub_op/ADDSUB/dsp/OP/dsp48e1_body/ALIGN_ADD/DSP2/DSP/prcs_opmode_drc  File: C:\Xilinx\Vivado\2019.2\data/vhdl/src/unisims/primitive/DSP48E1.vhd
Warning: OPMODE Input Warning : The OPMODE 0110X0X with CARRYINSEL  000 to DSP48E1 instance is invalid.
Time: 5195 ns  Iteration: 14  Process: /apatb_VQFTAXIBUS_top/AESL_inst_VQFTAXIBUS/VQFTAXIBUS_faddfsbkb_U5/VQFTAXIBUS_ap_faddfsub_2_full_dsp_32_u/U0/i_synth/addsub_op/ADDSUB/dsp/OP/dsp48e1_body/ALIGN_ADD/DSP2/DSP/prcs_opmode_drc  File: C:\Xilinx\Vivado\2019.2\data/vhdl/src/unisims/primitive/DSP48E1.vhd
Warning: OPMODE Input Warning : The OPMODE 0110X0X with CARRYINSEL  000 to DSP48E1 instance is invalid.
Time: 5195 ns  Iteration: 14  Process: /apatb_VQFTAXIBUS_top/AESL_inst_VQFTAXIBUS/VQFTAXIBUS_faddfsbkb_U6/VQFTAXIBUS_ap_faddfsub_2_full_dsp_32_u/U0/i_synth/addsub_op/ADDSUB/dsp/OP/dsp48e1_body/ALIGN_ADD/DSP2/DSP/prcs_opmode_drc  File: C:\Xilinx\Vivado\2019.2\data/vhdl/src/unisims/primitive/DSP48E1.vhd
Warning: OPMODE Input Warning : The OPMODE 0110X0X with CARRYINSEL  000 to DSP48E1 instance is invalid.
Time: 5195 ns  Iteration: 14  Process: /apatb_VQFTAXIBUS_top/AESL_inst_VQFTAXIBUS/VQFTAXIBUS_faddfsbkb_U7/VQFTAXIBUS_ap_faddfsub_2_full_dsp_32_u/U0/i_synth/addsub_op/ADDSUB/dsp/OP/dsp48e1_body/ALIGN_ADD/DSP2/DSP/prcs_opmode_drc  File: C:\Xilinx\Vivado\2019.2\data/vhdl/src/unisims/primitive/DSP48E1.vhd
Warning: OPMODE Input Warning : The OPMODE 0110X0X with CARRYINSEL  000 to DSP48E1 instance is invalid.
Time: 5195 ns  Iteration: 14  Process: /apatb_VQFTAXIBUS_top/AESL_inst_VQFTAXIBUS/VQFTAXIBUS_faddfsbkb_U8/VQFTAXIBUS_ap_faddfsub_2_full_dsp_32_u/U0/i_synth/addsub_op/ADDSUB/dsp/OP/dsp48e1_body/ALIGN_ADD/DSP2/DSP/prcs_opmode_drc  File: C:\Xilinx\Vivado\2019.2\data/vhdl/src/unisims/primitive/DSP48E1.vhd
Warning: OPMODE Input Warning : The OPMODE 0110X0X with CARRYINSEL  000 to DSP48E1 instance is invalid.
Time: 6375 ns  Iteration: 14  Process: /apatb_VQFTAXIBUS_top/AESL_inst_VQFTAXIBUS/VQFTAXIBUS_faddfsbkb_U1/VQFTAXIBUS_ap_faddfsub_2_full_dsp_32_u/U0/i_synth/addsub_op/ADDSUB/dsp/OP/dsp48e1_body/ALIGN_ADD/DSP2/DSP/prcs_opmode_drc  File: C:\Xilinx\Vivado\2019.2\data/vhdl/src/unisims/primitive/DSP48E1.vhd
Warning: OPMODE Input Warning : The OPMODE 0110X0X with CARRYINSEL  000 to DSP48E1 instance is invalid.
Time: 6375 ns  Iteration: 14  Process: /apatb_VQFTAXIBUS_top/AESL_inst_VQFTAXIBUS/VQFTAXIBUS_faddfsbkb_U2/VQFTAXIBUS_ap_faddfsub_2_full_dsp_32_u/U0/i_synth/addsub_op/ADDSUB/dsp/OP/dsp48e1_body/ALIGN_ADD/DSP2/DSP/prcs_opmode_drc  File: C:\Xilinx\Vivado\2019.2\data/vhdl/src/unisims/primitive/DSP48E1.vhd
Warning: OPMODE Input Warning : The OPMODE 0110X0X with CARRYINSEL  000 to DSP48E1 instance is invalid.
Time: 6375 ns  Iteration: 14  Process: /apatb_VQFTAXIBUS_top/AESL_inst_VQFTAXIBUS/VQFTAXIBUS_faddfsbkb_U3/VQFTAXIBUS_ap_faddfsub_2_full_dsp_32_u/U0/i_synth/addsub_op/ADDSUB/dsp/OP/dsp48e1_body/ALIGN_ADD/DSP2/DSP/prcs_opmode_drc  File: C:\Xilinx\Vivado\2019.2\data/vhdl/src/unisims/primitive/DSP48E1.vhd
Warning: OPMODE Input Warning : The OPMODE 0110X0X with CARRYINSEL  000 to DSP48E1 instance is invalid.
Time: 6375 ns  Iteration: 14  Process: /apatb_VQFTAXIBUS_top/AESL_inst_VQFTAXIBUS/VQFTAXIBUS_faddfsbkb_U4/VQFTAXIBUS_ap_faddfsub_2_full_dsp_32_u/U0/i_synth/addsub_op/ADDSUB/dsp/OP/dsp48e1_body/ALIGN_ADD/DSP2/DSP/prcs_opmode_drc  File: C:\Xilinx\Vivado\2019.2\data/vhdl/src/unisims/primitive/DSP48E1.vhd
Warning: OPMODE Input Warning : The OPMODE 0110X0X with CARRYINSEL  000 to DSP48E1 instance is invalid.
Time: 6375 ns  Iteration: 14  Process: /apatb_VQFTAXIBUS_top/AESL_inst_VQFTAXIBUS/VQFTAXIBUS_faddfsbkb_U5/VQFTAXIBUS_ap_faddfsub_2_full_dsp_32_u/U0/i_synth/addsub_op/ADDSUB/dsp/OP/dsp48e1_body/ALIGN_ADD/DSP2/DSP/prcs_opmode_drc  File: C:\Xilinx\Vivado\2019.2\data/vhdl/src/unisims/primitive/DSP48E1.vhd
Warning: OPMODE Input Warning : The OPMODE 0110X0X with CARRYINSEL  000 to DSP48E1 instance is invalid.
Time: 6375 ns  Iteration: 14  Process: /apatb_VQFTAXIBUS_top/AESL_inst_VQFTAXIBUS/VQFTAXIBUS_faddfsbkb_U6/VQFTAXIBUS_ap_faddfsub_2_full_dsp_32_u/U0/i_synth/addsub_op/ADDSUB/dsp/OP/dsp48e1_body/ALIGN_ADD/DSP2/DSP/prcs_opmode_drc  File: C:\Xilinx\Vivado\2019.2\data/vhdl/src/unisims/primitive/DSP48E1.vhd
Warning: OPMODE Input Warning : The OPMODE 0110X0X with CARRYINSEL  000 to DSP48E1 instance is invalid.
Time: 6375 ns  Iteration: 14  Process: /apatb_VQFTAXIBUS_top/AESL_inst_VQFTAXIBUS/VQFTAXIBUS_faddfsbkb_U7/VQFTAXIBUS_ap_faddfsub_2_full_dsp_32_u/U0/i_synth/addsub_op/ADDSUB/dsp/OP/dsp48e1_body/ALIGN_ADD/DSP2/DSP/prcs_opmode_drc  File: C:\Xilinx\Vivado\2019.2\data/vhdl/src/unisims/primitive/DSP48E1.vhd
Warning: OPMODE Input Warning : The OPMODE 0110X0X with CARRYINSEL  000 to DSP48E1 instance is invalid.
Time: 6375 ns  Iteration: 14  Process: /apatb_VQFTAXIBUS_top/AESL_inst_VQFTAXIBUS/VQFTAXIBUS_faddfsbkb_U8/VQFTAXIBUS_ap_faddfsub_2_full_dsp_32_u/U0/i_synth/addsub_op/ADDSUB/dsp/OP/dsp48e1_body/ALIGN_ADD/DSP2/DSP/prcs_opmode_drc  File: C:\Xilinx\Vivado\2019.2\data/vhdl/src/unisims/primitive/DSP48E1.vhd
Warning: OPMODE Input Warning : The OPMODE 0110X0X with CARRYINSEL  000 to DSP48E1 instance is invalid.
Time: 6415 ns  Iteration: 14  Process: /apatb_VQFTAXIBUS_top/AESL_inst_VQFTAXIBUS/VQFTAXIBUS_faddfsbkb_U1/VQFTAXIBUS_ap_faddfsub_2_full_dsp_32_u/U0/i_synth/addsub_op/ADDSUB/dsp/OP/dsp48e1_body/ALIGN_ADD/DSP2/DSP/prcs_opmode_drc  File: C:\Xilinx\Vivado\2019.2\data/vhdl/src/unisims/primitive/DSP48E1.vhd
Warning: OPMODE Input Warning : The OPMODE 0110X0X with CARRYINSEL  000 to DSP48E1 instance is invalid.
Time: 6415 ns  Iteration: 14  Process: /apatb_VQFTAXIBUS_top/AESL_inst_VQFTAXIBUS/VQFTAXIBUS_faddfsbkb_U2/VQFTAXIBUS_ap_faddfsub_2_full_dsp_32_u/U0/i_synth/addsub_op/ADDSUB/dsp/OP/dsp48e1_body/ALIGN_ADD/DSP2/DSP/prcs_opmode_drc  File: C:\Xilinx\Vivado\2019.2\data/vhdl/src/unisims/primitive/DSP48E1.vhd
Warning: OPMODE Input Warning : The OPMODE 0110X0X with CARRYINSEL  000 to DSP48E1 instance is invalid.
Time: 6415 ns  Iteration: 14  Process: /apatb_VQFTAXIBUS_top/AESL_inst_VQFTAXIBUS/VQFTAXIBUS_faddfsbkb_U3/VQFTAXIBUS_ap_faddfsub_2_full_dsp_32_u/U0/i_synth/addsub_op/ADDSUB/dsp/OP/dsp48e1_body/ALIGN_ADD/DSP2/DSP/prcs_opmode_drc  File: C:\Xilinx\Vivado\2019.2\data/vhdl/src/unisims/primitive/DSP48E1.vhd
Warning: OPMODE Input Warning : The OPMODE 0110X0X with CARRYINSEL  000 to DSP48E1 instance is invalid.
Time: 6415 ns  Iteration: 14  Process: /apatb_VQFTAXIBUS_top/AESL_inst_VQFTAXIBUS/VQFTAXIBUS_faddfsbkb_U4/VQFTAXIBUS_ap_faddfsub_2_full_dsp_32_u/U0/i_synth/addsub_op/ADDSUB/dsp/OP/dsp48e1_body/ALIGN_ADD/DSP2/DSP/prcs_opmode_drc  File: C:\Xilinx\Vivado\2019.2\data/vhdl/src/unisims/primitive/DSP48E1.vhd
Warning: OPMODE Input Warning : The OPMODE 0110X0X with CARRYINSEL  000 to DSP48E1 instance is invalid.
Time: 6415 ns  Iteration: 14  Process: /apatb_VQFTAXIBUS_top/AESL_inst_VQFTAXIBUS/VQFTAXIBUS_faddfsbkb_U5/VQFTAXIBUS_ap_faddfsub_2_full_dsp_32_u/U0/i_synth/addsub_op/ADDSUB/dsp/OP/dsp48e1_body/ALIGN_ADD/DSP2/DSP/prcs_opmode_drc  File: C:\Xilinx\Vivado\2019.2\data/vhdl/src/unisims/primitive/DSP48E1.vhd
Warning: OPMODE Input Warning : The OPMODE 0110X0X with CARRYINSEL  000 to DSP48E1 instance is invalid.
Time: 6415 ns  Iteration: 14  Process: /apatb_VQFTAXIBUS_top/AESL_inst_VQFTAXIBUS/VQFTAXIBUS_faddfsbkb_U6/VQFTAXIBUS_ap_faddfsub_2_full_dsp_32_u/U0/i_synth/addsub_op/ADDSUB/dsp/OP/dsp48e1_body/ALIGN_ADD/DSP2/DSP/prcs_opmode_drc  File: C:\Xilinx\Vivado\2019.2\data/vhdl/src/unisims/primitive/DSP48E1.vhd
Warning: OPMODE Input Warning : The OPMODE 0110X0X with CARRYINSEL  000 to DSP48E1 instance is invalid.
Time: 6415 ns  Iteration: 14  Process: /apatb_VQFTAXIBUS_top/AESL_inst_VQFTAXIBUS/VQFTAXIBUS_faddfsbkb_U7/VQFTAXIBUS_ap_faddfsub_2_full_dsp_32_u/U0/i_synth/addsub_op/ADDSUB/dsp/OP/dsp48e1_body/ALIGN_ADD/DSP2/DSP/prcs_opmode_drc  File: C:\Xilinx\Vivado\2019.2\data/vhdl/src/unisims/primitive/DSP48E1.vhd
Warning: OPMODE Input Warning : The OPMODE 0110X0X with CARRYINSEL  000 to DSP48E1 instance is invalid.
Time: 6415 ns  Iteration: 14  Process: /apatb_VQFTAXIBUS_top/AESL_inst_VQFTAXIBUS/VQFTAXIBUS_faddfsbkb_U8/VQFTAXIBUS_ap_faddfsub_2_full_dsp_32_u/U0/i_synth/addsub_op/ADDSUB/dsp/OP/dsp48e1_body/ALIGN_ADD/DSP2/DSP/prcs_opmode_drc  File: C:\Xilinx\Vivado\2019.2\data/vhdl/src/unisims/primitive/DSP48E1.vhd
Note: simulation done!
Time: 11865 ns  Iteration: 1  Process: /apatb_VQFTAXIBUS_top/generate_sim_done_proc  File: C:/Users/aguss/Desktop/Github/FPGA/ultrascale/VQFTAXIBUS/solution1/sim/vhdl/VQFTAXIBUS.autotb.vhd
Failure: NORMAL EXIT (note: failure is to force the simulator to stop)
Time: 11865 ns  Iteration: 1  Process: /apatb_VQFTAXIBUS_top/generate_sim_done_proc  File: C:/Users/aguss/Desktop/Github/FPGA/ultrascale/VQFTAXIBUS/solution1/sim/vhdl/VQFTAXIBUS.autotb.vhd
$finish called at time : 11865 ns
## quit
INFO: [Common 17-206] Exiting xsim at Sat Aug 14 11:15:14 2021...
