
*** Running vivado
    with args -log VQFTAXIBUS_wrapper.vds -m64 -product Vivado -mode batch -messageDb vivado.pb -notrace -source VQFTAXIBUS_wrapper.tcl


****** Vivado v2019.2 (64-bit)
  **** SW Build 2708876 on Wed Nov  6 21:40:23 MST 2019
  **** IP Build 2700528 on Thu Nov  7 00:09:20 MST 2019
    ** Copyright 1986-2019 Xilinx, Inc. All Rights Reserved.

source VQFTAXIBUS_wrapper.tcl -notrace
INFO: [IP_Flow 19-234] Refreshing IP repositories
INFO: [IP_Flow 19-1700] Loaded user IP repository 'c:/Users/aguss/Desktop/Github/FPGA/ultrascale/VQFTAXIBUS/solution1'.
INFO: [IP_Flow 19-2313] Loaded Vivado IP repository 'C:/Xilinx/Vivado/2019.2/data/ip'.
WARNING: [IP_Flow 19-4995] The host OS only allows 260 characters in a normal path. The IP cache path is more than 80 characters. If you experience issues with IP caching, please consider changing the IP cache to a location with a shorter path. Alternately consider using the OS subst command to map part of the path to a drive letter. 
Current IP cache path is c:/Users/aguss/Desktop/Github/FPGA/ultrascale/VQFTAXIBUS/VQFTAXIBUS/VQFTAXIBUS.cache/ip 
add_files: Time (s): cpu = 00:00:04 ; elapsed = 00:00:06 . Memory (MB): peak = 431.410 ; gain = 1.273
Command: synth_design -top VQFTAXIBUS_wrapper -part xczu9eg-ffvb1156-2-e
Starting synth_design
Attempting to get a license for feature 'Synthesis' and/or device 'xczu9eg'
INFO: [Common 17-349] Got license for feature 'Synthesis' and/or device 'xczu9eg'
INFO: [Common 17-1540] The version limit for your license is '2020.04' and has expired for new software. A version limit expiration means that, although you may be able to continue to use the current version of tools or IP with this license, you will not be eligible for any updates or new releases.
INFO: [Device 21-403] Loading part xczu9eg-ffvb1156-2-e
INFO: Launching helper process for spawning children vivado processes
INFO: Helper process launched with PID 6656 
---------------------------------------------------------------------------------
Starting RTL Elaboration : Time (s): cpu = 00:00:09 ; elapsed = 00:00:08 . Memory (MB): peak = 1491.563 ; gain = 65.324
---------------------------------------------------------------------------------
INFO: [Synth 8-638] synthesizing module 'VQFTAXIBUS_wrapper' [C:/Users/aguss/Desktop/Github/FPGA/ultrascale/VQFTAXIBUS/VQFTAXIBUS/VQFTAXIBUS.srcs/sources_1/bd/VQFTAXIBUS/hdl/VQFTAXIBUS_wrapper.vhd:17]
INFO: [Synth 8-3491] module 'VQFTAXIBUS' declared at 'C:/Users/aguss/Desktop/Github/FPGA/ultrascale/VQFTAXIBUS/VQFTAXIBUS/VQFTAXIBUS.srcs/sources_1/bd/VQFTAXIBUS/synth/VQFTAXIBUS.vhd:1744' bound to instance 'VQFTAXIBUS_i' of component 'VQFTAXIBUS' [C:/Users/aguss/Desktop/Github/FPGA/ultrascale/VQFTAXIBUS/VQFTAXIBUS/VQFTAXIBUS.srcs/sources_1/bd/VQFTAXIBUS/hdl/VQFTAXIBUS_wrapper.vhd:21]
INFO: [Synth 8-638] synthesizing module 'VQFTAXIBUS' [C:/Users/aguss/Desktop/Github/FPGA/ultrascale/VQFTAXIBUS/VQFTAXIBUS/VQFTAXIBUS.srcs/sources_1/bd/VQFTAXIBUS/synth/VQFTAXIBUS.vhd:1751]
INFO: [Synth 8-3491] module 'VQFTAXIBUS_VQFTAXIBUS_0_0' declared at 'C:/Users/aguss/Desktop/Github/FPGA/ultrascale/VQFTAXIBUS/VQFTAXIBUS/VQFTAXIBUS.runs/synth_1/.Xil/Vivado-8256-DESKTOP-UCL1PSP/realtime/VQFTAXIBUS_VQFTAXIBUS_0_0_stub.vhdl:5' bound to instance 'VQFTAXIBUS_0' of component 'VQFTAXIBUS_VQFTAXIBUS_0_0' [C:/Users/aguss/Desktop/Github/FPGA/ultrascale/VQFTAXIBUS/VQFTAXIBUS/VQFTAXIBUS.srcs/sources_1/bd/VQFTAXIBUS/synth/VQFTAXIBUS.vhd:1981]
INFO: [Synth 8-638] synthesizing module 'VQFTAXIBUS_VQFTAXIBUS_0_0' [C:/Users/aguss/Desktop/Github/FPGA/ultrascale/VQFTAXIBUS/VQFTAXIBUS/VQFTAXIBUS.runs/synth_1/.Xil/Vivado-8256-DESKTOP-UCL1PSP/realtime/VQFTAXIBUS_VQFTAXIBUS_0_0_stub.vhdl:31]
INFO: [Synth 8-638] synthesizing module 'VQFTAXIBUS_ps8_0_axi_periph_0' [C:/Users/aguss/Desktop/Github/FPGA/ultrascale/VQFTAXIBUS/VQFTAXIBUS/VQFTAXIBUS.srcs/sources_1/bd/VQFTAXIBUS/synth/VQFTAXIBUS.vhd:1221]
INFO: [Synth 8-638] synthesizing module 'm00_couplers_imp_IMKTNG' [C:/Users/aguss/Desktop/Github/FPGA/ultrascale/VQFTAXIBUS/VQFTAXIBUS/VQFTAXIBUS.srcs/sources_1/bd/VQFTAXIBUS/synth/VQFTAXIBUS.vhd:57]
INFO: [Synth 8-256] done synthesizing module 'm00_couplers_imp_IMKTNG' (1#1) [C:/Users/aguss/Desktop/Github/FPGA/ultrascale/VQFTAXIBUS/VQFTAXIBUS/VQFTAXIBUS.srcs/sources_1/bd/VQFTAXIBUS/synth/VQFTAXIBUS.vhd:57]
INFO: [Synth 8-638] synthesizing module 's00_couplers_imp_99NBOD' [C:/Users/aguss/Desktop/Github/FPGA/ultrascale/VQFTAXIBUS/VQFTAXIBUS/VQFTAXIBUS.srcs/sources_1/bd/VQFTAXIBUS/synth/VQFTAXIBUS.vhd:180]
INFO: [Synth 8-3491] module 'VQFTAXIBUS_auto_ds_0' declared at 'C:/Users/aguss/Desktop/Github/FPGA/ultrascale/VQFTAXIBUS/VQFTAXIBUS/VQFTAXIBUS.runs/synth_1/.Xil/Vivado-8256-DESKTOP-UCL1PSP/realtime/VQFTAXIBUS_auto_ds_0_stub.vhdl:5' bound to instance 'auto_ds' of component 'VQFTAXIBUS_auto_ds_0' [C:/Users/aguss/Desktop/Github/FPGA/ultrascale/VQFTAXIBUS/VQFTAXIBUS/VQFTAXIBUS.srcs/sources_1/bd/VQFTAXIBUS/synth/VQFTAXIBUS.vhd:473]
INFO: [Synth 8-638] synthesizing module 'VQFTAXIBUS_auto_ds_0' [C:/Users/aguss/Desktop/Github/FPGA/ultrascale/VQFTAXIBUS/VQFTAXIBUS/VQFTAXIBUS.runs/synth_1/.Xil/Vivado-8256-DESKTOP-UCL1PSP/realtime/VQFTAXIBUS_auto_ds_0_stub.vhdl:87]
INFO: [Synth 8-3491] module 'VQFTAXIBUS_auto_pc_0' declared at 'C:/Users/aguss/Desktop/Github/FPGA/ultrascale/VQFTAXIBUS/VQFTAXIBUS/VQFTAXIBUS.runs/synth_1/.Xil/Vivado-8256-DESKTOP-UCL1PSP/realtime/VQFTAXIBUS_auto_pc_0_stub.vhdl:5' bound to instance 'auto_pc' of component 'VQFTAXIBUS_auto_pc_0' [C:/Users/aguss/Desktop/Github/FPGA/ultrascale/VQFTAXIBUS/VQFTAXIBUS/VQFTAXIBUS.srcs/sources_1/bd/VQFTAXIBUS/synth/VQFTAXIBUS.vhd:552]
INFO: [Synth 8-638] synthesizing module 'VQFTAXIBUS_auto_pc_0' [C:/Users/aguss/Desktop/Github/FPGA/ultrascale/VQFTAXIBUS/VQFTAXIBUS/VQFTAXIBUS.runs/synth_1/.Xil/Vivado-8256-DESKTOP-UCL1PSP/realtime/VQFTAXIBUS_auto_pc_0_stub.vhdl:67]
INFO: [Synth 8-256] done synthesizing module 's00_couplers_imp_99NBOD' (2#1) [C:/Users/aguss/Desktop/Github/FPGA/ultrascale/VQFTAXIBUS/VQFTAXIBUS/VQFTAXIBUS.srcs/sources_1/bd/VQFTAXIBUS/synth/VQFTAXIBUS.vhd:180]
INFO: [Synth 8-638] synthesizing module 's01_couplers_imp_IV8PZV' [C:/Users/aguss/Desktop/Github/FPGA/ultrascale/VQFTAXIBUS/VQFTAXIBUS/VQFTAXIBUS.srcs/sources_1/bd/VQFTAXIBUS/synth/VQFTAXIBUS.vhd:681]
INFO: [Synth 8-3491] module 'VQFTAXIBUS_auto_ds_1' declared at 'C:/Users/aguss/Desktop/Github/FPGA/ultrascale/VQFTAXIBUS/VQFTAXIBUS/VQFTAXIBUS.runs/synth_1/.Xil/Vivado-8256-DESKTOP-UCL1PSP/realtime/VQFTAXIBUS_auto_ds_1_stub.vhdl:5' bound to instance 'auto_ds' of component 'VQFTAXIBUS_auto_ds_1' [C:/Users/aguss/Desktop/Github/FPGA/ultrascale/VQFTAXIBUS/VQFTAXIBUS/VQFTAXIBUS.srcs/sources_1/bd/VQFTAXIBUS/synth/VQFTAXIBUS.vhd:974]
INFO: [Synth 8-638] synthesizing module 'VQFTAXIBUS_auto_ds_1' [C:/Users/aguss/Desktop/Github/FPGA/ultrascale/VQFTAXIBUS/VQFTAXIBUS/VQFTAXIBUS.runs/synth_1/.Xil/Vivado-8256-DESKTOP-UCL1PSP/realtime/VQFTAXIBUS_auto_ds_1_stub.vhdl:87]
INFO: [Synth 8-3491] module 'VQFTAXIBUS_auto_pc_1' declared at 'C:/Users/aguss/Desktop/Github/FPGA/ultrascale/VQFTAXIBUS/VQFTAXIBUS/VQFTAXIBUS.runs/synth_1/.Xil/Vivado-8256-DESKTOP-UCL1PSP/realtime/VQFTAXIBUS_auto_pc_1_stub.vhdl:5' bound to instance 'auto_pc' of component 'VQFTAXIBUS_auto_pc_1' [C:/Users/aguss/Desktop/Github/FPGA/ultrascale/VQFTAXIBUS/VQFTAXIBUS/VQFTAXIBUS.srcs/sources_1/bd/VQFTAXIBUS/synth/VQFTAXIBUS.vhd:1053]
INFO: [Synth 8-638] synthesizing module 'VQFTAXIBUS_auto_pc_1' [C:/Users/aguss/Desktop/Github/FPGA/ultrascale/VQFTAXIBUS/VQFTAXIBUS/VQFTAXIBUS.runs/synth_1/.Xil/Vivado-8256-DESKTOP-UCL1PSP/realtime/VQFTAXIBUS_auto_pc_1_stub.vhdl:67]
INFO: [Synth 8-256] done synthesizing module 's01_couplers_imp_IV8PZV' (3#1) [C:/Users/aguss/Desktop/Github/FPGA/ultrascale/VQFTAXIBUS/VQFTAXIBUS/VQFTAXIBUS.srcs/sources_1/bd/VQFTAXIBUS/synth/VQFTAXIBUS.vhd:681]
INFO: [Synth 8-3491] module 'VQFTAXIBUS_xbar_0' declared at 'C:/Users/aguss/Desktop/Github/FPGA/ultrascale/VQFTAXIBUS/VQFTAXIBUS/VQFTAXIBUS.runs/synth_1/.Xil/Vivado-8256-DESKTOP-UCL1PSP/realtime/VQFTAXIBUS_xbar_0_stub.vhdl:5' bound to instance 'xbar' of component 'VQFTAXIBUS_xbar_0' [C:/Users/aguss/Desktop/Github/FPGA/ultrascale/VQFTAXIBUS/VQFTAXIBUS/VQFTAXIBUS.srcs/sources_1/bd/VQFTAXIBUS/synth/VQFTAXIBUS.vhd:1677]
INFO: [Synth 8-638] synthesizing module 'VQFTAXIBUS_xbar_0' [C:/Users/aguss/Desktop/Github/FPGA/ultrascale/VQFTAXIBUS/VQFTAXIBUS/VQFTAXIBUS.runs/synth_1/.Xil/Vivado-8256-DESKTOP-UCL1PSP/realtime/VQFTAXIBUS_xbar_0_stub.vhdl:51]
INFO: [Synth 8-256] done synthesizing module 'VQFTAXIBUS_ps8_0_axi_periph_0' (4#1) [C:/Users/aguss/Desktop/Github/FPGA/ultrascale/VQFTAXIBUS/VQFTAXIBUS/VQFTAXIBUS.srcs/sources_1/bd/VQFTAXIBUS/synth/VQFTAXIBUS.vhd:1221]
INFO: [Synth 8-3491] module 'VQFTAXIBUS_rst_ps8_0_99M_0' declared at 'C:/Users/aguss/Desktop/Github/FPGA/ultrascale/VQFTAXIBUS/VQFTAXIBUS/VQFTAXIBUS.runs/synth_1/.Xil/Vivado-8256-DESKTOP-UCL1PSP/realtime/VQFTAXIBUS_rst_ps8_0_99M_0_stub.vhdl:5' bound to instance 'rst_ps8_0_99M' of component 'VQFTAXIBUS_rst_ps8_0_99M_0' [C:/Users/aguss/Desktop/Github/FPGA/ultrascale/VQFTAXIBUS/VQFTAXIBUS/VQFTAXIBUS.srcs/sources_1/bd/VQFTAXIBUS/synth/VQFTAXIBUS.vhd:2106]
INFO: [Synth 8-638] synthesizing module 'VQFTAXIBUS_rst_ps8_0_99M_0' [C:/Users/aguss/Desktop/Github/FPGA/ultrascale/VQFTAXIBUS/VQFTAXIBUS/VQFTAXIBUS.runs/synth_1/.Xil/Vivado-8256-DESKTOP-UCL1PSP/realtime/VQFTAXIBUS_rst_ps8_0_99M_0_stub.vhdl:21]
INFO: [Synth 8-3491] module 'VQFTAXIBUS_zynq_ultra_ps_e_0_0' declared at 'C:/Users/aguss/Desktop/Github/FPGA/ultrascale/VQFTAXIBUS/VQFTAXIBUS/VQFTAXIBUS.runs/synth_1/.Xil/Vivado-8256-DESKTOP-UCL1PSP/realtime/VQFTAXIBUS_zynq_ultra_ps_e_0_0_stub.vhdl:5' bound to instance 'zynq_ultra_ps_e_0' of component 'VQFTAXIBUS_zynq_ultra_ps_e_0_0' [C:/Users/aguss/Desktop/Github/FPGA/ultrascale/VQFTAXIBUS/VQFTAXIBUS/VQFTAXIBUS.srcs/sources_1/bd/VQFTAXIBUS/synth/VQFTAXIBUS.vhd:2119]
INFO: [Synth 8-638] synthesizing module 'VQFTAXIBUS_zynq_ultra_ps_e_0_0' [C:/Users/aguss/Desktop/Github/FPGA/ultrascale/VQFTAXIBUS/VQFTAXIBUS/VQFTAXIBUS.runs/synth_1/.Xil/Vivado-8256-DESKTOP-UCL1PSP/realtime/VQFTAXIBUS_zynq_ultra_ps_e_0_0_stub.vhdl:94]
INFO: [Synth 8-256] done synthesizing module 'VQFTAXIBUS' (5#1) [C:/Users/aguss/Desktop/Github/FPGA/ultrascale/VQFTAXIBUS/VQFTAXIBUS/VQFTAXIBUS.srcs/sources_1/bd/VQFTAXIBUS/synth/VQFTAXIBUS.vhd:1751]
INFO: [Synth 8-256] done synthesizing module 'VQFTAXIBUS_wrapper' (6#1) [C:/Users/aguss/Desktop/Github/FPGA/ultrascale/VQFTAXIBUS/VQFTAXIBUS/VQFTAXIBUS.srcs/sources_1/bd/VQFTAXIBUS/hdl/VQFTAXIBUS_wrapper.vhd:17]
WARNING: [Synth 8-3331] design s01_couplers_imp_IV8PZV has unconnected port M_ACLK
WARNING: [Synth 8-3331] design s01_couplers_imp_IV8PZV has unconnected port M_ARESETN
WARNING: [Synth 8-3331] design s00_couplers_imp_99NBOD has unconnected port M_ACLK
WARNING: [Synth 8-3331] design s00_couplers_imp_99NBOD has unconnected port M_ARESETN
WARNING: [Synth 8-3331] design m00_couplers_imp_IMKTNG has unconnected port M_ACLK
WARNING: [Synth 8-3331] design m00_couplers_imp_IMKTNG has unconnected port M_ARESETN
WARNING: [Synth 8-3331] design m00_couplers_imp_IMKTNG has unconnected port S_ACLK
WARNING: [Synth 8-3331] design m00_couplers_imp_IMKTNG has unconnected port S_ARESETN
WARNING: [Synth 8-3331] design VQFTAXIBUS_ps8_0_axi_periph_0 has unconnected port M00_ACLK
WARNING: [Synth 8-3331] design VQFTAXIBUS_ps8_0_axi_periph_0 has unconnected port M00_ARESETN
WARNING: [Synth 8-3331] design VQFTAXIBUS_ps8_0_axi_periph_0 has unconnected port S00_ACLK
WARNING: [Synth 8-3331] design VQFTAXIBUS_ps8_0_axi_periph_0 has unconnected port S00_ARESETN
WARNING: [Synth 8-3331] design VQFTAXIBUS_ps8_0_axi_periph_0 has unconnected port S01_ACLK
WARNING: [Synth 8-3331] design VQFTAXIBUS_ps8_0_axi_periph_0 has unconnected port S01_ARESETN
---------------------------------------------------------------------------------
Finished RTL Elaboration : Time (s): cpu = 00:00:11 ; elapsed = 00:00:11 . Memory (MB): peak = 1569.430 ; gain = 143.191
---------------------------------------------------------------------------------

Report Check Netlist: 
+------+------------------+-------+---------+-------+------------------+
|      |Item              |Errors |Warnings |Status |Description       |
+------+------------------+-------+---------+-------+------------------+
|1     |multi_driven_nets |      0|        0|Passed |Multi driven nets |
+------+------------------+-------+---------+-------+------------------+
---------------------------------------------------------------------------------
Start Handling Custom Attributes
---------------------------------------------------------------------------------
---------------------------------------------------------------------------------
Finished Handling Custom Attributes : Time (s): cpu = 00:00:12 ; elapsed = 00:00:12 . Memory (MB): peak = 1569.430 ; gain = 143.191
---------------------------------------------------------------------------------
---------------------------------------------------------------------------------
Finished RTL Optimization Phase 1 : Time (s): cpu = 00:00:12 ; elapsed = 00:00:12 . Memory (MB): peak = 1569.430 ; gain = 143.191
---------------------------------------------------------------------------------
Netlist sorting complete. Time (s): cpu = 00:00:00 ; elapsed = 00:00:00.078 . Memory (MB): peak = 1569.430 ; gain = 0.000
INFO: [Project 1-570] Preparing netlist for logic optimization

Processing XDC Constraints
Initializing timing engine
Parsing XDC File [c:/Users/aguss/Desktop/Github/FPGA/ultrascale/VQFTAXIBUS/VQFTAXIBUS/VQFTAXIBUS.srcs/sources_1/bd/VQFTAXIBUS/ip/VQFTAXIBUS_VQFTAXIBUS_0_0/VQFTAXIBUS_VQFTAXIBUS_0_0/VQFTAXIBUS_VQFTAXIBUS_0_0_in_context.xdc] for cell 'VQFTAXIBUS_i/VQFTAXIBUS_0'
Finished Parsing XDC File [c:/Users/aguss/Desktop/Github/FPGA/ultrascale/VQFTAXIBUS/VQFTAXIBUS/VQFTAXIBUS.srcs/sources_1/bd/VQFTAXIBUS/ip/VQFTAXIBUS_VQFTAXIBUS_0_0/VQFTAXIBUS_VQFTAXIBUS_0_0/VQFTAXIBUS_VQFTAXIBUS_0_0_in_context.xdc] for cell 'VQFTAXIBUS_i/VQFTAXIBUS_0'
Parsing XDC File [c:/Users/aguss/Desktop/Github/FPGA/ultrascale/VQFTAXIBUS/VQFTAXIBUS/VQFTAXIBUS.srcs/sources_1/bd/VQFTAXIBUS/ip/VQFTAXIBUS_zynq_ultra_ps_e_0_0/VQFTAXIBUS_zynq_ultra_ps_e_0_0/VQFTAXIBUS_zynq_ultra_ps_e_0_0_in_context.xdc] for cell 'VQFTAXIBUS_i/zynq_ultra_ps_e_0'
create_clock: Time (s): cpu = 00:00:08 ; elapsed = 00:00:09 . Memory (MB): peak = 1623.492 ; gain = 13.324
Finished Parsing XDC File [c:/Users/aguss/Desktop/Github/FPGA/ultrascale/VQFTAXIBUS/VQFTAXIBUS/VQFTAXIBUS.srcs/sources_1/bd/VQFTAXIBUS/ip/VQFTAXIBUS_zynq_ultra_ps_e_0_0/VQFTAXIBUS_zynq_ultra_ps_e_0_0/VQFTAXIBUS_zynq_ultra_ps_e_0_0_in_context.xdc] for cell 'VQFTAXIBUS_i/zynq_ultra_ps_e_0'
Parsing XDC File [c:/Users/aguss/Desktop/Github/FPGA/ultrascale/VQFTAXIBUS/VQFTAXIBUS/VQFTAXIBUS.srcs/sources_1/bd/VQFTAXIBUS/ip/VQFTAXIBUS_xbar_0/VQFTAXIBUS_xbar_0/VQFTAXIBUS_xbar_0_in_context.xdc] for cell 'VQFTAXIBUS_i/ps8_0_axi_periph/xbar'
Finished Parsing XDC File [c:/Users/aguss/Desktop/Github/FPGA/ultrascale/VQFTAXIBUS/VQFTAXIBUS/VQFTAXIBUS.srcs/sources_1/bd/VQFTAXIBUS/ip/VQFTAXIBUS_xbar_0/VQFTAXIBUS_xbar_0/VQFTAXIBUS_xbar_0_in_context.xdc] for cell 'VQFTAXIBUS_i/ps8_0_axi_periph/xbar'
Parsing XDC File [c:/Users/aguss/Desktop/Github/FPGA/ultrascale/VQFTAXIBUS/VQFTAXIBUS/VQFTAXIBUS.srcs/sources_1/bd/VQFTAXIBUS/ip/VQFTAXIBUS_auto_ds_0/VQFTAXIBUS_auto_ds_0/VQFTAXIBUS_auto_ds_0_in_context.xdc] for cell 'VQFTAXIBUS_i/ps8_0_axi_periph/s00_couplers/auto_ds'
Finished Parsing XDC File [c:/Users/aguss/Desktop/Github/FPGA/ultrascale/VQFTAXIBUS/VQFTAXIBUS/VQFTAXIBUS.srcs/sources_1/bd/VQFTAXIBUS/ip/VQFTAXIBUS_auto_ds_0/VQFTAXIBUS_auto_ds_0/VQFTAXIBUS_auto_ds_0_in_context.xdc] for cell 'VQFTAXIBUS_i/ps8_0_axi_periph/s00_couplers/auto_ds'
Parsing XDC File [c:/Users/aguss/Desktop/Github/FPGA/ultrascale/VQFTAXIBUS/VQFTAXIBUS/VQFTAXIBUS.srcs/sources_1/bd/VQFTAXIBUS/ip/VQFTAXIBUS_auto_pc_0/VQFTAXIBUS_auto_pc_0/VQFTAXIBUS_auto_pc_1_in_context.xdc] for cell 'VQFTAXIBUS_i/ps8_0_axi_periph/s00_couplers/auto_pc'
Finished Parsing XDC File [c:/Users/aguss/Desktop/Github/FPGA/ultrascale/VQFTAXIBUS/VQFTAXIBUS/VQFTAXIBUS.srcs/sources_1/bd/VQFTAXIBUS/ip/VQFTAXIBUS_auto_pc_0/VQFTAXIBUS_auto_pc_0/VQFTAXIBUS_auto_pc_1_in_context.xdc] for cell 'VQFTAXIBUS_i/ps8_0_axi_periph/s00_couplers/auto_pc'
Parsing XDC File [c:/Users/aguss/Desktop/Github/FPGA/ultrascale/VQFTAXIBUS/VQFTAXIBUS/VQFTAXIBUS.srcs/sources_1/bd/VQFTAXIBUS/ip/VQFTAXIBUS_auto_ds_1/VQFTAXIBUS_auto_ds_1/VQFTAXIBUS_auto_ds_0_in_context.xdc] for cell 'VQFTAXIBUS_i/ps8_0_axi_periph/s01_couplers/auto_ds'
Finished Parsing XDC File [c:/Users/aguss/Desktop/Github/FPGA/ultrascale/VQFTAXIBUS/VQFTAXIBUS/VQFTAXIBUS.srcs/sources_1/bd/VQFTAXIBUS/ip/VQFTAXIBUS_auto_ds_1/VQFTAXIBUS_auto_ds_1/VQFTAXIBUS_auto_ds_0_in_context.xdc] for cell 'VQFTAXIBUS_i/ps8_0_axi_periph/s01_couplers/auto_ds'
Parsing XDC File [c:/Users/aguss/Desktop/Github/FPGA/ultrascale/VQFTAXIBUS/VQFTAXIBUS/VQFTAXIBUS.srcs/sources_1/bd/VQFTAXIBUS/ip/VQFTAXIBUS_auto_pc_1/VQFTAXIBUS_auto_pc_1/VQFTAXIBUS_auto_pc_1_in_context.xdc] for cell 'VQFTAXIBUS_i/ps8_0_axi_periph/s01_couplers/auto_pc'
Finished Parsing XDC File [c:/Users/aguss/Desktop/Github/FPGA/ultrascale/VQFTAXIBUS/VQFTAXIBUS/VQFTAXIBUS.srcs/sources_1/bd/VQFTAXIBUS/ip/VQFTAXIBUS_auto_pc_1/VQFTAXIBUS_auto_pc_1/VQFTAXIBUS_auto_pc_1_in_context.xdc] for cell 'VQFTAXIBUS_i/ps8_0_axi_periph/s01_couplers/auto_pc'
Parsing XDC File [c:/Users/aguss/Desktop/Github/FPGA/ultrascale/VQFTAXIBUS/VQFTAXIBUS/VQFTAXIBUS.srcs/sources_1/bd/VQFTAXIBUS/ip/VQFTAXIBUS_rst_ps8_0_99M_0/VQFTAXIBUS_rst_ps8_0_99M_0/VQFTAXIBUS_rst_ps8_0_99M_0_in_context.xdc] for cell 'VQFTAXIBUS_i/rst_ps8_0_99M'
Finished Parsing XDC File [c:/Users/aguss/Desktop/Github/FPGA/ultrascale/VQFTAXIBUS/VQFTAXIBUS/VQFTAXIBUS.srcs/sources_1/bd/VQFTAXIBUS/ip/VQFTAXIBUS_rst_ps8_0_99M_0/VQFTAXIBUS_rst_ps8_0_99M_0/VQFTAXIBUS_rst_ps8_0_99M_0_in_context.xdc] for cell 'VQFTAXIBUS_i/rst_ps8_0_99M'
Parsing XDC File [C:/Users/aguss/Desktop/Github/FPGA/ultrascale/VQFTAXIBUS/VQFTAXIBUS/VQFTAXIBUS.runs/synth_1/dont_touch.xdc]
Finished Parsing XDC File [C:/Users/aguss/Desktop/Github/FPGA/ultrascale/VQFTAXIBUS/VQFTAXIBUS/VQFTAXIBUS.runs/synth_1/dont_touch.xdc]
Completed Processing XDC Constraints

Netlist sorting complete. Time (s): cpu = 00:00:00 ; elapsed = 00:00:00 . Memory (MB): peak = 1623.492 ; gain = 0.000
INFO: [Project 1-111] Unisim Transformation Summary:
No Unisim elements were transformed.

Constraint Validation Runtime : Time (s): cpu = 00:00:01 ; elapsed = 00:00:00.027 . Memory (MB): peak = 1623.492 ; gain = 0.000
---------------------------------------------------------------------------------
Finished Constraint Validation : Time (s): cpu = 00:00:33 ; elapsed = 00:00:34 . Memory (MB): peak = 1623.492 ; gain = 197.254
---------------------------------------------------------------------------------
---------------------------------------------------------------------------------
Start Loading Part and Timing Information
---------------------------------------------------------------------------------
Loading part: xczu9eg-ffvb1156-2-e
INFO: [Synth 8-6742] Reading net delay rules and data
---------------------------------------------------------------------------------
Finished Loading Part and Timing Information : Time (s): cpu = 00:00:34 ; elapsed = 00:00:34 . Memory (MB): peak = 1623.492 ; gain = 197.254
---------------------------------------------------------------------------------
---------------------------------------------------------------------------------
Start Applying 'set_property' XDC Constraints
---------------------------------------------------------------------------------
Applied set_property DONT_TOUCH = true for VQFTAXIBUS_i. (constraint file  auto generated constraint, line ).
Applied set_property DONT_TOUCH = true for VQFTAXIBUS_i/VQFTAXIBUS_0. (constraint file  auto generated constraint, line ).
Applied set_property DONT_TOUCH = true for VQFTAXIBUS_i/zynq_ultra_ps_e_0. (constraint file  auto generated constraint, line ).
Applied set_property DONT_TOUCH = true for VQFTAXIBUS_i/ps8_0_axi_periph/xbar. (constraint file  auto generated constraint, line ).
Applied set_property DONT_TOUCH = true for VQFTAXIBUS_i/ps8_0_axi_periph/s00_couplers/auto_ds. (constraint file  auto generated constraint, line ).
Applied set_property DONT_TOUCH = true for VQFTAXIBUS_i/ps8_0_axi_periph/s00_couplers/auto_pc. (constraint file  auto generated constraint, line ).
Applied set_property DONT_TOUCH = true for VQFTAXIBUS_i/ps8_0_axi_periph/s01_couplers/auto_ds. (constraint file  auto generated constraint, line ).
Applied set_property DONT_TOUCH = true for VQFTAXIBUS_i/ps8_0_axi_periph/s01_couplers/auto_pc. (constraint file  auto generated constraint, line ).
Applied set_property DONT_TOUCH = true for VQFTAXIBUS_i/ps8_0_axi_periph. (constraint file  auto generated constraint, line ).
Applied set_property DONT_TOUCH = true for VQFTAXIBUS_i/rst_ps8_0_99M. (constraint file  auto generated constraint, line ).
---------------------------------------------------------------------------------
Finished applying 'set_property' XDC Constraints : Time (s): cpu = 00:00:34 ; elapsed = 00:00:34 . Memory (MB): peak = 1623.492 ; gain = 197.254
---------------------------------------------------------------------------------
---------------------------------------------------------------------------------
Finished RTL Optimization Phase 2 : Time (s): cpu = 00:00:34 ; elapsed = 00:00:35 . Memory (MB): peak = 1623.492 ; gain = 197.254
---------------------------------------------------------------------------------

Report RTL Partitions: 
+-+--------------+------------+----------+
| |RTL Partition |Replication |Instances |
+-+--------------+------------+----------+
+-+--------------+------------+----------+
---------------------------------------------------------------------------------
Start RTL Component Statistics 
---------------------------------------------------------------------------------
Detailed RTL Component Info : 
---------------------------------------------------------------------------------
Finished RTL Component Statistics 
---------------------------------------------------------------------------------
---------------------------------------------------------------------------------
Start RTL Hierarchical Component Statistics 
---------------------------------------------------------------------------------
Hierarchical RTL Component report 
---------------------------------------------------------------------------------
Finished RTL Hierarchical Component Statistics
---------------------------------------------------------------------------------
---------------------------------------------------------------------------------
Start Part Resource Summary
---------------------------------------------------------------------------------
Part Resources:
DSPs: 2520 (col length:168)
BRAMs: 1824 (col length: RAMB18 168 RAMB36 84)
---------------------------------------------------------------------------------
Finished Part Resource Summary
---------------------------------------------------------------------------------
---------------------------------------------------------------------------------
Start Cross Boundary and Area Optimization
---------------------------------------------------------------------------------
Warning: Parallel synthesis criteria is not met 
WARNING: [Synth 8-3331] design VQFTAXIBUS_ps8_0_axi_periph_0 has unconnected port M00_ACLK
WARNING: [Synth 8-3331] design VQFTAXIBUS_ps8_0_axi_periph_0 has unconnected port M00_ARESETN
WARNING: [Synth 8-3331] design VQFTAXIBUS_ps8_0_axi_periph_0 has unconnected port S00_ACLK
WARNING: [Synth 8-3331] design VQFTAXIBUS_ps8_0_axi_periph_0 has unconnected port S00_ARESETN
WARNING: [Synth 8-3331] design VQFTAXIBUS_ps8_0_axi_periph_0 has unconnected port S01_ACLK
WARNING: [Synth 8-3331] design VQFTAXIBUS_ps8_0_axi_periph_0 has unconnected port S01_ARESETN
---------------------------------------------------------------------------------
Finished Cross Boundary and Area Optimization : Time (s): cpu = 00:00:37 ; elapsed = 00:00:38 . Memory (MB): peak = 1623.492 ; gain = 197.254
---------------------------------------------------------------------------------

Report RTL Partitions: 
+-+--------------+------------+----------+
| |RTL Partition |Replication |Instances |
+-+--------------+------------+----------+
+-+--------------+------------+----------+
---------------------------------------------------------------------------------
Start Applying XDC Timing Constraints
---------------------------------------------------------------------------------
---------------------------------------------------------------------------------
Finished Applying XDC Timing Constraints : Time (s): cpu = 00:01:00 ; elapsed = 00:01:03 . Memory (MB): peak = 2265.355 ; gain = 839.117
---------------------------------------------------------------------------------
---------------------------------------------------------------------------------
Start Timing Optimization
---------------------------------------------------------------------------------
---------------------------------------------------------------------------------
Finished Timing Optimization : Time (s): cpu = 00:01:00 ; elapsed = 00:01:03 . Memory (MB): peak = 2265.430 ; gain = 839.191
---------------------------------------------------------------------------------

Report RTL Partitions: 
+-+--------------+------------+----------+
| |RTL Partition |Replication |Instances |
+-+--------------+------------+----------+
+-+--------------+------------+----------+
---------------------------------------------------------------------------------
Start Technology Mapping
---------------------------------------------------------------------------------
---------------------------------------------------------------------------------
Finished Technology Mapping : Time (s): cpu = 00:01:00 ; elapsed = 00:01:03 . Memory (MB): peak = 2276.113 ; gain = 849.875
---------------------------------------------------------------------------------

Report RTL Partitions: 
+-+--------------+------------+----------+
| |RTL Partition |Replication |Instances |
+-+--------------+------------+----------+
+-+--------------+------------+----------+
---------------------------------------------------------------------------------
Start IO Insertion
---------------------------------------------------------------------------------
---------------------------------------------------------------------------------
Start Flattening Before IO Insertion
---------------------------------------------------------------------------------
---------------------------------------------------------------------------------
Finished Flattening Before IO Insertion
---------------------------------------------------------------------------------
---------------------------------------------------------------------------------
Start Final Netlist Cleanup
---------------------------------------------------------------------------------
---------------------------------------------------------------------------------
Finished Final Netlist Cleanup
---------------------------------------------------------------------------------
---------------------------------------------------------------------------------
Finished IO Insertion : Time (s): cpu = 00:01:09 ; elapsed = 00:01:12 . Memory (MB): peak = 2289.910 ; gain = 863.672
---------------------------------------------------------------------------------
---------------------------------------------------------------------------------
Start Renaming Generated Instances
---------------------------------------------------------------------------------
---------------------------------------------------------------------------------
Finished Renaming Generated Instances : Time (s): cpu = 00:01:09 ; elapsed = 00:01:12 . Memory (MB): peak = 2289.910 ; gain = 863.672
---------------------------------------------------------------------------------

Report RTL Partitions: 
+-+--------------+------------+----------+
| |RTL Partition |Replication |Instances |
+-+--------------+------------+----------+
+-+--------------+------------+----------+

Report Check Netlist: 
+------+------------------+-------+---------+-------+------------------+
|      |Item              |Errors |Warnings |Status |Description       |
+------+------------------+-------+---------+-------+------------------+
|1     |multi_driven_nets |      0|        0|Passed |Multi driven nets |
+------+------------------+-------+---------+-------+------------------+
---------------------------------------------------------------------------------
Start Rebuilding User Hierarchy
---------------------------------------------------------------------------------
---------------------------------------------------------------------------------
Finished Rebuilding User Hierarchy : Time (s): cpu = 00:01:09 ; elapsed = 00:01:12 . Memory (MB): peak = 2289.910 ; gain = 863.672
---------------------------------------------------------------------------------
---------------------------------------------------------------------------------
Start Renaming Generated Ports
---------------------------------------------------------------------------------
---------------------------------------------------------------------------------
Finished Renaming Generated Ports : Time (s): cpu = 00:01:09 ; elapsed = 00:01:12 . Memory (MB): peak = 2289.910 ; gain = 863.672
---------------------------------------------------------------------------------
---------------------------------------------------------------------------------
Start Handling Custom Attributes
---------------------------------------------------------------------------------
---------------------------------------------------------------------------------
Finished Handling Custom Attributes : Time (s): cpu = 00:01:09 ; elapsed = 00:01:12 . Memory (MB): peak = 2289.910 ; gain = 863.672
---------------------------------------------------------------------------------
---------------------------------------------------------------------------------
Start Renaming Generated Nets
---------------------------------------------------------------------------------
---------------------------------------------------------------------------------
Finished Renaming Generated Nets : Time (s): cpu = 00:01:09 ; elapsed = 00:01:12 . Memory (MB): peak = 2289.910 ; gain = 863.672
---------------------------------------------------------------------------------
---------------------------------------------------------------------------------
Start Writing Synthesis Report
---------------------------------------------------------------------------------

Report BlackBoxes: 
+------+-------------------------------+----------+
|      |BlackBox name                  |Instances |
+------+-------------------------------+----------+
|1     |VQFTAXIBUS_xbar_0              |         1|
|2     |VQFTAXIBUS_auto_ds_0           |         1|
|3     |VQFTAXIBUS_auto_pc_0           |         1|
|4     |VQFTAXIBUS_auto_ds_1           |         1|
|5     |VQFTAXIBUS_auto_pc_1           |         1|
|6     |VQFTAXIBUS_VQFTAXIBUS_0_0      |         1|
|7     |VQFTAXIBUS_rst_ps8_0_99M_0     |         1|
|8     |VQFTAXIBUS_zynq_ultra_ps_e_0_0 |         1|
+------+-------------------------------+----------+

Report Cell Usage: 
+------+--------------------------------------+------+
|      |Cell                                  |Count |
+------+--------------------------------------+------+
|1     |VQFTAXIBUS_VQFTAXIBUS_0_0_bbox_0      |     1|
|2     |VQFTAXIBUS_auto_ds_0_bbox_1           |     1|
|3     |VQFTAXIBUS_auto_ds_1_bbox_3           |     1|
|4     |VQFTAXIBUS_auto_pc_0_bbox_2           |     1|
|5     |VQFTAXIBUS_auto_pc_1_bbox_4           |     1|
|6     |VQFTAXIBUS_rst_ps8_0_99M_0_bbox_6     |     1|
|7     |VQFTAXIBUS_xbar_0_bbox_5              |     1|
|8     |VQFTAXIBUS_zynq_ultra_ps_e_0_0_bbox_7 |     1|
+------+--------------------------------------+------+

Report Instance Areas: 
+------+---------------------+------------------------------+------+
|      |Instance             |Module                        |Cells |
+------+---------------------+------------------------------+------+
|1     |top                  |                              |  1984|
|2     |  VQFTAXIBUS_i       |VQFTAXIBUS                    |  1984|
|3     |    ps8_0_axi_periph |VQFTAXIBUS_ps8_0_axi_periph_0 |  1247|
|4     |      s00_couplers   |s00_couplers_imp_99NBOD       |   519|
|5     |      s01_couplers   |s01_couplers_imp_IV8PZV       |   519|
+------+---------------------+------------------------------+------+
---------------------------------------------------------------------------------
Finished Writing Synthesis Report : Time (s): cpu = 00:01:09 ; elapsed = 00:01:12 . Memory (MB): peak = 2289.910 ; gain = 863.672
---------------------------------------------------------------------------------
Synthesis finished with 0 errors, 0 critical warnings and 6 warnings.
Synthesis Optimization Runtime : Time (s): cpu = 00:00:44 ; elapsed = 00:00:58 . Memory (MB): peak = 2289.910 ; gain = 809.609
Synthesis Optimization Complete : Time (s): cpu = 00:01:10 ; elapsed = 00:01:12 . Memory (MB): peak = 2289.910 ; gain = 863.672
INFO: [Project 1-571] Translating synthesized netlist
Netlist sorting complete. Time (s): cpu = 00:00:00 ; elapsed = 00:00:00.074 . Memory (MB): peak = 2289.910 ; gain = 0.000
INFO: [Project 1-570] Preparing netlist for logic optimization
INFO: [Opt 31-138] Pushed 0 inverter(s) to 0 load pin(s).
Netlist sorting complete. Time (s): cpu = 00:00:00 ; elapsed = 00:00:00 . Memory (MB): peak = 2333.719 ; gain = 0.000
INFO: [Project 1-111] Unisim Transformation Summary:
No Unisim elements were transformed.

INFO: [Common 17-83] Releasing license: Synthesis
43 Infos, 21 Warnings, 0 Critical Warnings and 0 Errors encountered.
synth_design completed successfully
synth_design: Time (s): cpu = 00:01:25 ; elapsed = 00:01:30 . Memory (MB): peak = 2339.758 ; gain = 1908.348
Netlist sorting complete. Time (s): cpu = 00:00:00 ; elapsed = 00:00:00 . Memory (MB): peak = 2339.758 ; gain = 0.000
WARNING: [Constraints 18-5210] No constraints selected for write.
Resolution: This message can indicate that there are no constraints for the design, or it can indicate that the used_in flags are set such that the constraints are ignored. This later case is used when running synth_design to not write synthesis constraints to the resulting checkpoint. Instead, project constraints are read when the synthesized design is opened.
INFO: [Common 17-1381] The checkpoint 'C:/Users/aguss/Desktop/Github/FPGA/ultrascale/VQFTAXIBUS/VQFTAXIBUS/VQFTAXIBUS.runs/synth_1/VQFTAXIBUS_wrapper.dcp' has been generated.
INFO: [runtcl-4] Executing : report_utilization -file VQFTAXIBUS_wrapper_utilization_synth.rpt -pb VQFTAXIBUS_wrapper_utilization_synth.pb
INFO: [Common 17-206] Exiting Vivado at Sat Aug 14 11:42:03 2021...
