
*** Running vivado
    with args -log fsm.vds -m64 -product Vivado -mode batch -messageDb vivado.pb -notrace -source fsm.tcl


****** Vivado v2019.2 (64-bit)
  **** SW Build 2708876 on Wed Nov  6 21:40:23 MST 2019
  **** IP Build 2700528 on Thu Nov  7 00:09:20 MST 2019
    ** Copyright 1986-2019 Xilinx, Inc. All Rights Reserved.

source fsm.tcl -notrace
INFO: [IP_Flow 19-234] Refreshing IP repositories
INFO: [IP_Flow 19-1700] Loaded user IP repository 'c:/Users/mlabadm/Desktop/Github/core-comblock-master'.
INFO: [IP_Flow 19-2313] Loaded Vivado IP repository 'C:/Xilinx/Vivado/2019.2/data/ip'.
Command: synth_design -top fsm -part xczu9eg-ffvb1156-2-e
Starting synth_design
Attempting to get a license for feature 'Synthesis' and/or device 'xczu9eg'
INFO: [Common 17-349] Got license for feature 'Synthesis' and/or device 'xczu9eg'
INFO: [Common 17-1540] The version limit for your license is '2020.04' and has expired for new software. A version limit expiration means that, although you may be able to continue to use the current version of tools or IP with this license, you will not be eligible for any updates or new releases.
INFO: Launching helper process for spawning children vivado processes
INFO: Helper process launched with PID 7308 
---------------------------------------------------------------------------------
Starting Synthesize : Time (s): cpu = 00:00:03 ; elapsed = 00:00:04 . Memory (MB): peak = 660.738 ; gain = 234.426
---------------------------------------------------------------------------------
INFO: [Synth 8-638] synthesizing module 'fsm' [C:/Users/mlabadm/Desktop/Github/FPGA/nqueens/nqueens_vhdl/nqueens_vhdl.srcs/sources_1/new/fsm.vhd:20]
ERROR: [Synth 8-78] a value must be associated with generic K [C:/Users/mlabadm/Desktop/Github/FPGA/nqueens/nqueens_vhdl/nqueens_vhdl.srcs/sources_1/new/fsm.vhd:6]
ERROR: [Synth 8-78] a value must be associated with generic M [C:/Users/mlabadm/Desktop/Github/FPGA/nqueens/nqueens_vhdl/nqueens_vhdl.srcs/sources_1/new/fsm.vhd:7]
ERROR: [Synth 8-78] a value must be associated with generic N [C:/Users/mlabadm/Desktop/Github/FPGA/nqueens/nqueens_vhdl/nqueens_vhdl.srcs/sources_1/new/fsm.vhd:8]
ERROR: [Synth 8-285] failed synthesizing module 'fsm' [C:/Users/mlabadm/Desktop/Github/FPGA/nqueens/nqueens_vhdl/nqueens_vhdl.srcs/sources_1/new/fsm.vhd:20]
---------------------------------------------------------------------------------
Finished Synthesize : Time (s): cpu = 00:00:04 ; elapsed = 00:00:05 . Memory (MB): peak = 734.035 ; gain = 307.723
---------------------------------------------------------------------------------
synthesize failed
INFO: [Common 17-83] Releasing license: Synthesis
7 Infos, 0 Warnings, 0 Critical Warnings and 5 Errors encountered.
synth_design failed
ERROR: [Common 17-69] Command failed: Vivado Synthesis failed
INFO: [Common 17-206] Exiting Vivado at Thu Sep 30 17:50:08 2021...
