14:41:05 INFO  : Launching XSCT server: xsct.bat -n  -interactive C:\Users\mlabadm\Desktop\Github\FPGA\nqueens\nqueens_final\temp_xsdb_launch_script.tcl
14:41:09 INFO  : XSCT server has started successfully.
14:41:09 INFO  : Successfully done setting XSCT server connection channel  
14:41:09 INFO  : plnx-install-location is set to ''
14:41:12 INFO  : Registering command handlers for Vitis TCF services
14:41:16 INFO  : Successfully done setting workspace for the tool. 
14:41:16 INFO  : Successfully done query RDI_DATADIR 
14:43:13 INFO  : Launching XSCT server: xsct.bat -n  -interactive C:\Users\mlabadm\Desktop\Github\FPGA\nqueens\nqueens_final\temp_xsdb_launch_script.tcl
14:43:15 INFO  : XSCT server has started successfully.
14:43:15 INFO  : Successfully done setting XSCT server connection channel  
14:43:15 INFO  : plnx-install-location is set to ''
14:43:15 INFO  : Successfully done setting workspace for the tool. 
14:43:15 INFO  : Successfully done query RDI_DATADIR 
14:43:16 INFO  : Registering command handlers for Vitis TCF services
14:43:32 ERROR : (XSDB Server)ERROR: [HDF 64-4] C:/Users/mlabadm/Desktop/Github/FPGA/nqueens/nqueens_final/design_1_wrapper.xsa is not valid Hardware Handoff File

14:43:32 ERROR : (XSDB Server)ERROR: [Hsi 55-1451] Error: running open_hw_design.

14:43:32 ERROR : Failed to openhw "C:/Users/mlabadm/Desktop/Github/FPGA/nqueens/nqueens_final/design_1_wrapper.xsa"
Reason: ERROR: [Common 17-39] 'hsi::open_hw_design' failed due to earlier errors.

14:43:32 ERROR : (XSDB Server)ERROR: [HDF 64-4] C:/Users/mlabadm/Desktop/Github/FPGA/nqueens/nqueens_final/design_1_wrapper.xsa is not valid Hardware Handoff File

14:43:32 ERROR : (XSDB Server)ERROR: [Hsi 55-1451] Error: running open_hw_design.

14:43:32 ERROR : Failed to openhw "C:/Users/mlabadm/Desktop/Github/FPGA/nqueens/nqueens_final/design_1_wrapper.xsa"
Reason: ERROR: [Common 17-39] 'hsi::open_hw_design' failed due to earlier errors.

14:43:32 ERROR : (XSDB Server)ERROR: [HDF 64-4] C:/Users/mlabadm/Desktop/Github/FPGA/nqueens/nqueens_final/design_1_wrapper.xsa is not valid Hardware Handoff File

14:43:32 ERROR : (XSDB Server)ERROR: [Hsi 55-1451] Error: running open_hw_design.

14:43:32 ERROR : Failed to openhw "C:/Users/mlabadm/Desktop/Github/FPGA/nqueens/nqueens_final/design_1_wrapper.xsa"
Reason: ERROR: [Common 17-39] 'hsi::open_hw_design' failed due to earlier errors.

14:43:32 ERROR : (XSDB Server)ERROR: [HDF 64-4] C:/Users/mlabadm/Desktop/Github/FPGA/nqueens/nqueens_final/design_1_wrapper.xsa is not valid Hardware Handoff File

14:43:32 ERROR : (XSDB Server)ERROR: [Hsi 55-1451] Error: running open_hw_design.

14:43:32 ERROR : Failed to openhw "C:/Users/mlabadm/Desktop/Github/FPGA/nqueens/nqueens_final/design_1_wrapper.xsa"
Reason: ERROR: [Common 17-39] 'hsi::open_hw_design' failed due to earlier errors.

14:43:36 ERROR : (XSDB Server)ERROR: [HDF 64-4] C:/Users/mlabadm/Desktop/Github/FPGA/nqueens/nqueens_final/design_1_wrapper.xsa is not valid Hardware Handoff File

14:43:36 ERROR : Failed to openhw "C:/Users/mlabadm/Desktop/Github/FPGA/nqueens/nqueens_final/design_1_wrapper.xsa"
Reason: ERROR: [Common 17-39] 'hsi::open_hw_design' failed due to earlier errors.

14:43:36 ERROR : (XSDB Server)ERROR: [Hsi 55-1451] Error: running open_hw_design.

14:43:45 ERROR : (XSDB Server)ERROR: [HDF 64-4] C:/Users/mlabadm/Desktop/Github/FPGA/nqueens/nqueens_final/design_1_wrapper.xsa is not valid Hardware Handoff File

14:43:45 ERROR : Failed to openhw "C:/Users/mlabadm/Desktop/Github/FPGA/nqueens/nqueens_final/design_1_wrapper.xsa"
Reason: ERROR: [Common 17-39] 'hsi::open_hw_design' failed due to earlier errors.

14:43:45 ERROR : (XSDB Server)ERROR: [Hsi 55-1451] Error: running open_hw_design.

14:43:45 ERROR : (XSDB Server)ERROR: [HDF 64-4] C:/Users/mlabadm/Desktop/Github/FPGA/nqueens/nqueens_final/design_1_wrapper.xsa is not valid Hardware Handoff File

14:43:45 ERROR : (XSDB Server)ERROR: [Hsi 55-1451] Error: running open_hw_design.

14:43:45 ERROR : Failed to openhw "C:/Users/mlabadm/Desktop/Github/FPGA/nqueens/nqueens_final/design_1_wrapper.xsa"
Reason: ERROR: [Common 17-39] 'hsi::open_hw_design' failed due to earlier errors.

14:43:45 ERROR : (XSDB Server)ERROR: [HDF 64-4] C:/Users/mlabadm/Desktop/Github/FPGA/nqueens/nqueens_final/design_1_wrapper.xsa is not valid Hardware Handoff File

14:43:45 ERROR : (XSDB Server)ERROR: [Hsi 55-1451] Error: running open_hw_design.

14:43:45 ERROR : Failed to openhw "C:/Users/mlabadm/Desktop/Github/FPGA/nqueens/nqueens_final/design_1_wrapper.xsa"
Reason: ERROR: [Common 17-39] 'hsi::open_hw_design' failed due to earlier errors.

14:43:45 ERROR : (XSDB Server)ERROR: [HDF 64-4] C:/Users/mlabadm/Desktop/Github/FPGA/nqueens/nqueens_final/design_1_wrapper.xsa is not valid Hardware Handoff File

14:43:45 ERROR : (XSDB Server)ERROR: [Hsi 55-1451] Error: running open_hw_design.

14:43:45 ERROR : Failed to openhw "C:/Users/mlabadm/Desktop/Github/FPGA/nqueens/nqueens_final/design_1_wrapper.xsa"
Reason: ERROR: [Common 17-39] 'hsi::open_hw_design' failed due to earlier errors.

14:44:53 ERROR : (XSDB Server)ERROR: [HDF 64-4] C:/Users/mlabadm/Desktop/Github/FPGA/nqueens/nqueens_final/design_1_wrapper.xsa is not valid Hardware Handoff File

14:44:53 ERROR : Failed to openhw "C:/Users/mlabadm/Desktop/Github/FPGA/nqueens/nqueens_final/design_1_wrapper.xsa"
Reason: ERROR: [Common 17-39] 'hsi::open_hw_design' failed due to earlier errors.

14:44:53 ERROR : (XSDB Server)ERROR: [Hsi 55-1451] Error: running open_hw_design.

14:44:53 ERROR : (XSDB Server)ERROR: [HDF 64-4] C:/Users/mlabadm/Desktop/Github/FPGA/nqueens/nqueens_final/design_1_wrapper.xsa is not valid Hardware Handoff File

14:44:53 ERROR : (XSDB Server)ERROR: [Hsi 55-1451] Error: running open_hw_design.

14:44:53 ERROR : Failed to openhw "C:/Users/mlabadm/Desktop/Github/FPGA/nqueens/nqueens_final/design_1_wrapper.xsa"
Reason: ERROR: [Common 17-39] 'hsi::open_hw_design' failed due to earlier errors.

14:44:53 ERROR : (XSDB Server)ERROR: [HDF 64-4] C:/Users/mlabadm/Desktop/Github/FPGA/nqueens/nqueens_final/design_1_wrapper.xsa is not valid Hardware Handoff File

14:44:53 ERROR : (XSDB Server)ERROR: [Hsi 55-1451] Error: running open_hw_design.

14:44:53 ERROR : Failed to openhw "C:/Users/mlabadm/Desktop/Github/FPGA/nqueens/nqueens_final/design_1_wrapper.xsa"
Reason: ERROR: [Common 17-39] 'hsi::open_hw_design' failed due to earlier errors.

14:44:53 ERROR : (XSDB Server)ERROR: [HDF 64-4] C:/Users/mlabadm/Desktop/Github/FPGA/nqueens/nqueens_final/design_1_wrapper.xsa is not valid Hardware Handoff File

14:44:53 ERROR : (XSDB Server)ERROR: [Hsi 55-1451] Error: running open_hw_design.

14:44:53 ERROR : Failed to openhw "C:/Users/mlabadm/Desktop/Github/FPGA/nqueens/nqueens_final/design_1_wrapper.xsa"
Reason: ERROR: [Common 17-39] 'hsi::open_hw_design' failed due to earlier errors.

14:45:02 ERROR : (XSDB Server)ERROR: [HDF 64-4] C:/Users/mlabadm/Desktop/Github/FPGA/nqueens/nqueens_final/design_1_wrapper.xsa is not valid Hardware Handoff File

14:45:02 ERROR : Failed to openhw "C:/Users/mlabadm/Desktop/Github/FPGA/nqueens/nqueens_final/design_1_wrapper.xsa"
Reason: ERROR: [Common 17-39] 'hsi::open_hw_design' failed due to earlier errors.

14:45:02 ERROR : (XSDB Server)ERROR: [Hsi 55-1451] Error: running open_hw_design.

14:45:07 ERROR : (XSDB Server)ERROR: [HDF 64-4] C:/Users/mlabadm/Desktop/Github/FPGA/nqueens/nqueens_final/design_1_wrapper.xsa is not valid Hardware Handoff File

14:45:07 ERROR : Failed to openhw "C:/Users/mlabadm/Desktop/Github/FPGA/nqueens/nqueens_final/design_1_wrapper.xsa"
Reason: ERROR: [Common 17-39] 'hsi::open_hw_design' failed due to earlier errors.

14:45:07 ERROR : (XSDB Server)ERROR: [Hsi 55-1451] Error: running open_hw_design.

14:45:07 ERROR : (XSDB Server)ERROR: [HDF 64-4] C:/Users/mlabadm/Desktop/Github/FPGA/nqueens/nqueens_final/design_1_wrapper.xsa is not valid Hardware Handoff File

14:45:07 ERROR : (XSDB Server)ERROR: [Hsi 55-1451] Error: running open_hw_design.

14:45:07 ERROR : Failed to openhw "C:/Users/mlabadm/Desktop/Github/FPGA/nqueens/nqueens_final/design_1_wrapper.xsa"
Reason: ERROR: [Common 17-39] 'hsi::open_hw_design' failed due to earlier errors.

14:45:07 ERROR : (XSDB Server)ERROR: [HDF 64-4] C:/Users/mlabadm/Desktop/Github/FPGA/nqueens/nqueens_final/design_1_wrapper.xsa is not valid Hardware Handoff File

14:45:07 ERROR : (XSDB Server)ERROR: [Hsi 55-1451] Error: running open_hw_design.

14:45:07 ERROR : Failed to openhw "C:/Users/mlabadm/Desktop/Github/FPGA/nqueens/nqueens_final/design_1_wrapper.xsa"
Reason: ERROR: [Common 17-39] 'hsi::open_hw_design' failed due to earlier errors.

14:45:07 ERROR : (XSDB Server)ERROR: [HDF 64-4] C:/Users/mlabadm/Desktop/Github/FPGA/nqueens/nqueens_final/design_1_wrapper.xsa is not valid Hardware Handoff File

14:45:07 ERROR : (XSDB Server)ERROR: [Hsi 55-1451] Error: running open_hw_design.

14:45:07 ERROR : Failed to openhw "C:/Users/mlabadm/Desktop/Github/FPGA/nqueens/nqueens_final/design_1_wrapper.xsa"
Reason: ERROR: [Common 17-39] 'hsi::open_hw_design' failed due to earlier errors.

14:45:28 ERROR : (XSDB Server)ERROR: [HDF 64-4] C:/Users/mlabadm/Desktop/Github/FPGA/nqueens/nqueens_final/design_1_wrapper.xsa is not valid Hardware Handoff File

14:45:28 ERROR : Failed to openhw "C:/Users/mlabadm/Desktop/Github/FPGA/nqueens/nqueens_final/design_1_wrapper.xsa"
Reason: ERROR: [Common 17-39] 'hsi::open_hw_design' failed due to earlier errors.

14:45:28 ERROR : (XSDB Server)ERROR: [Hsi 55-1451] Error: running open_hw_design.

14:45:28 ERROR : (XSDB Server)ERROR: [HDF 64-4] C:/Users/mlabadm/Desktop/Github/FPGA/nqueens/nqueens_final/design_1_wrapper.xsa is not valid Hardware Handoff File

14:45:28 ERROR : (XSDB Server)ERROR: [Hsi 55-1451] Error: running open_hw_design.

14:45:28 ERROR : Failed to openhw "C:/Users/mlabadm/Desktop/Github/FPGA/nqueens/nqueens_final/design_1_wrapper.xsa"
Reason: ERROR: [Common 17-39] 'hsi::open_hw_design' failed due to earlier errors.

14:45:28 ERROR : (XSDB Server)ERROR: [HDF 64-4] C:/Users/mlabadm/Desktop/Github/FPGA/nqueens/nqueens_final/design_1_wrapper.xsa is not valid Hardware Handoff File

14:45:28 ERROR : (XSDB Server)ERROR: [Hsi 55-1451] Error: running open_hw_design.

14:45:28 ERROR : Failed to openhw "C:/Users/mlabadm/Desktop/Github/FPGA/nqueens/nqueens_final/design_1_wrapper.xsa"
Reason: ERROR: [Common 17-39] 'hsi::open_hw_design' failed due to earlier errors.

14:45:28 ERROR : (XSDB Server)ERROR: [HDF 64-4] C:/Users/mlabadm/Desktop/Github/FPGA/nqueens/nqueens_final/design_1_wrapper.xsa is not valid Hardware Handoff File

14:45:28 ERROR : (XSDB Server)ERROR: [Hsi 55-1451] Error: running open_hw_design.

14:45:28 ERROR : Failed to openhw "C:/Users/mlabadm/Desktop/Github/FPGA/nqueens/nqueens_final/design_1_wrapper.xsa"
Reason: ERROR: [Common 17-39] 'hsi::open_hw_design' failed due to earlier errors.

14:45:36 ERROR : (XSDB Server)ERROR: [HDF 64-4] C:/Users/mlabadm/Desktop/Github/FPGA/nqueens/nqueens_final/design_1_wrapper.xsa is not valid Hardware Handoff File

14:45:36 ERROR : Failed to openhw "C:/Users/mlabadm/Desktop/Github/FPGA/nqueens/nqueens_final/design_1_wrapper.xsa"
Reason: ERROR: [Common 17-39] 'hsi::open_hw_design' failed due to earlier errors.

14:45:36 ERROR : (XSDB Server)ERROR: [Hsi 55-1451] Error: running open_hw_design.

14:45:41 ERROR : (XSDB Server)ERROR: [HDF 64-4] C:/Users/mlabadm/Desktop/Github/FPGA/nqueens/nqueens_final/design_1_wrapper.xsa is not valid Hardware Handoff File

14:45:41 ERROR : Failed to openhw "C:/Users/mlabadm/Desktop/Github/FPGA/nqueens/nqueens_final/design_1_wrapper.xsa"
Reason: ERROR: [Common 17-39] 'hsi::open_hw_design' failed due to earlier errors.

14:45:41 ERROR : (XSDB Server)ERROR: [Hsi 55-1451] Error: running open_hw_design.

14:45:42 ERROR : (XSDB Server)ERROR: [HDF 64-4] C:/Users/mlabadm/Desktop/Github/FPGA/nqueens/nqueens_final/design_1_wrapper.xsa is not valid Hardware Handoff File

14:45:42 ERROR : (XSDB Server)ERROR: [Hsi 55-1451] Error: running open_hw_design.

14:45:42 ERROR : Failed to openhw "C:/Users/mlabadm/Desktop/Github/FPGA/nqueens/nqueens_final/design_1_wrapper.xsa"
Reason: ERROR: [Common 17-39] 'hsi::open_hw_design' failed due to earlier errors.

14:45:42 ERROR : (XSDB Server)ERROR: [HDF 64-4] C:/Users/mlabadm/Desktop/Github/FPGA/nqueens/nqueens_final/design_1_wrapper.xsa is not valid Hardware Handoff File

14:45:42 ERROR : (XSDB Server)ERROR: [Hsi 55-1451] Error: running open_hw_design.

14:45:42 ERROR : Failed to openhw "C:/Users/mlabadm/Desktop/Github/FPGA/nqueens/nqueens_final/design_1_wrapper.xsa"
Reason: ERROR: [Common 17-39] 'hsi::open_hw_design' failed due to earlier errors.

14:45:42 ERROR : (XSDB Server)ERROR: [HDF 64-4] C:/Users/mlabadm/Desktop/Github/FPGA/nqueens/nqueens_final/design_1_wrapper.xsa is not valid Hardware Handoff File

14:45:42 ERROR : (XSDB Server)ERROR: [Hsi 55-1451] Error: running open_hw_design.

14:45:42 ERROR : Failed to openhw "C:/Users/mlabadm/Desktop/Github/FPGA/nqueens/nqueens_final/design_1_wrapper.xsa"
Reason: ERROR: [Common 17-39] 'hsi::open_hw_design' failed due to earlier errors.

14:47:06 INFO  : Launching XSCT server: xsct.bat -n  -interactive C:\Users\mlabadm\Desktop\Github\FPGA\nqueens\nqueens_final\temp_xsdb_launch_script.tcl
14:47:08 INFO  : XSCT server has started successfully.
14:47:08 INFO  : Successfully done setting XSCT server connection channel  
14:47:09 INFO  : plnx-install-location is set to ''
14:47:09 INFO  : Successfully done setting workspace for the tool. 
14:47:09 INFO  : Successfully done query RDI_DATADIR 
14:47:10 INFO  : Registering command handlers for Vitis TCF services
14:47:28 ERROR : (XSDB Server)ERROR: [HDF 64-4] C:/Users/mlabadm/Desktop/Github/FPGA/nqueens/nqueens_final/design_1_wrapper.xsa is not valid Hardware Handoff File

14:47:28 ERROR : (XSDB Server)ERROR: [Hsi 55-1451] Error: running open_hw_design.

14:47:28 ERROR : Failed to openhw "C:/Users/mlabadm/Desktop/Github/FPGA/nqueens/nqueens_final/design_1_wrapper.xsa"
Reason: ERROR: [Common 17-39] 'hsi::open_hw_design' failed due to earlier errors.

14:47:29 ERROR : (XSDB Server)ERROR: [HDF 64-4] C:/Users/mlabadm/Desktop/Github/FPGA/nqueens/nqueens_final/design_1_wrapper.xsa is not valid Hardware Handoff File

14:47:29 ERROR : (XSDB Server)ERROR: [Hsi 55-1451] Error: running open_hw_design.

14:47:29 ERROR : Failed to openhw "C:/Users/mlabadm/Desktop/Github/FPGA/nqueens/nqueens_final/design_1_wrapper.xsa"
Reason: ERROR: [Common 17-39] 'hsi::open_hw_design' failed due to earlier errors.

14:47:29 ERROR : (XSDB Server)ERROR: [HDF 64-4] C:/Users/mlabadm/Desktop/Github/FPGA/nqueens/nqueens_final/design_1_wrapper.xsa is not valid Hardware Handoff File

14:47:29 ERROR : (XSDB Server)ERROR: [Hsi 55-1451] Error: running open_hw_design.

14:47:29 ERROR : Failed to openhw "C:/Users/mlabadm/Desktop/Github/FPGA/nqueens/nqueens_final/design_1_wrapper.xsa"
Reason: ERROR: [Common 17-39] 'hsi::open_hw_design' failed due to earlier errors.

14:47:29 ERROR : (XSDB Server)ERROR: [HDF 64-4] C:/Users/mlabadm/Desktop/Github/FPGA/nqueens/nqueens_final/design_1_wrapper.xsa is not valid Hardware Handoff File

14:47:29 ERROR : (XSDB Server)ERROR: [Hsi 55-1451] Error: running open_hw_design.

14:47:29 ERROR : Failed to openhw "C:/Users/mlabadm/Desktop/Github/FPGA/nqueens/nqueens_final/design_1_wrapper.xsa"
Reason: ERROR: [Common 17-39] 'hsi::open_hw_design' failed due to earlier errors.

