19:15:16 INFO  : Platform repository initialization has completed.
19:15:16 INFO  : Launching XSCT server: xsct -n  -interactive /home/agustinsilva447/Escritorio/Github/FPGA/pynq/pynq_nqueens_3/temp_xsdb_launch_script.tcl
19:15:17 INFO  : Registering command handlers for Vitis TCF services
19:15:24 INFO  : XSCT server has started successfully.
19:15:24 INFO  : Successfully done setting XSCT server connection channel  
19:15:24 INFO  : plnx-install-location is set to ''
19:15:24 INFO  : Successfully done setting workspace for the tool. 
19:15:24 INFO  : Successfully done query RDI_DATADIR 
19:17:55 INFO  : Result from executing command 'getProjects': design_1_wrapper
19:17:55 INFO  : Result from executing command 'getPlatforms': 
19:17:55 WARN  : An unexpected exception occurred in the module 'platform project logging'
19:17:55 INFO  : Platform 'design_1_wrapper' is added to custom repositories.
19:18:13 INFO  : Platform 'design_1_wrapper' is added to custom repositories.
19:20:05 INFO  : Result from executing command 'getProjects': design_1_wrapper
19:20:05 INFO  : Result from executing command 'getPlatforms': design_1_wrapper|/home/agustinsilva447/Escritorio/Github/FPGA/pynq/pynq_nqueens_3/design_1_wrapper/export/design_1_wrapper/design_1_wrapper.xpfm
19:20:08 INFO  : Checking for BSP changes to sync application flags for project 'pynq_nqueens'...
19:21:17 INFO  : Checking for BSP changes to sync application flags for project 'pynq_nqueens'...
19:28:52 INFO  : Checking for BSP changes to sync application flags for project 'pynq_nqueens'...
19:37:20 INFO  : Hardware specification for platform project 'design_1_wrapper' is updated.
19:37:31 INFO  : Result from executing command 'getProjects': design_1_wrapper
19:37:31 INFO  : Result from executing command 'getPlatforms': design_1_wrapper|/home/agustinsilva447/Escritorio/Github/FPGA/pynq/pynq_nqueens_3/design_1_wrapper/export/design_1_wrapper/design_1_wrapper.xpfm
19:38:09 INFO  : The hardware specification used by project 'pynq_nqueens' is out of sync with the platform. Resource files extracted from the hardware specification will be updated.
19:38:09 INFO  : The file '/home/agustinsilva447/Escritorio/Github/FPGA/pynq/pynq_nqueens_3/pynq_nqueens/_ide/bitstream/design_1_wrapper.bit' stored in project is removed.
19:38:09 INFO  : The updated bitstream files are copied from platform to folder '/home/agustinsilva447/Escritorio/Github/FPGA/pynq/pynq_nqueens_3/pynq_nqueens/_ide/bitstream' in project 'pynq_nqueens'.
19:38:09 INFO  : The file '/home/agustinsilva447/Escritorio/Github/FPGA/pynq/pynq_nqueens_3/pynq_nqueens/_ide/psinit/ps7_init.tcl' stored in project is removed.
19:38:21 INFO  : The updated ps init files are copied from platform to folder '/home/agustinsilva447/Escritorio/Github/FPGA/pynq/pynq_nqueens_3/pynq_nqueens/_ide/psinit' in project 'pynq_nqueens'.
19:38:23 INFO  : Connected to target on host '127.0.0.1' and port '3121'.
19:38:41 INFO  : ----------------XSDB Script----------------
connect -url tcp:127.0.0.1:3121
----------------End of Script----------------

19:38:41 ERROR : Could not find ARM device on the board for connection 'Local'.
Check if the target is in:
1. Split JTAG - No operations are possible with ARM DAP.
2. Non JTAG bootmode - Bootrom may need time to enable DAP.
Please try again.


Troubleshooting hints:
1. Check whether board is connected to system properly.
2. In case of zynq board, check whether Digilent/Xilinx cable switch settings are correct.
3. If you are using Xilinx Platform Cable USB, ensure that status LED is green.
19:39:43 INFO  : Connected to target on host '127.0.0.1' and port '3121'.
19:39:43 INFO  : 'targets -set -filter {jtag_cable_name =~ "Xilinx TUL 1234-tulA" && level==0 && jtag_device_ctx=="jsn-TUL-1234-tulA-23727093-0"}' command is executed.
19:39:45 INFO  : Device configured successfully with "/home/agustinsilva447/Escritorio/Github/FPGA/pynq/pynq_nqueens_3/pynq_nqueens/_ide/bitstream/design_1_wrapper.bit"
19:39:56 INFO  : Connected to target on host '127.0.0.1' and port '3121'.
19:39:57 INFO  : Jtag cable 'Xilinx TUL 1234-tulA' is selected.
19:39:57 INFO  : 'jtag frequency' command is executed.
19:39:57 INFO  : Context for 'APU' is selected.
19:39:57 INFO  : System reset is completed.
19:40:00 INFO  : 'after 3000' command is executed.
19:40:00 INFO  : 'targets -set -filter {jtag_cable_name =~ "Xilinx TUL 1234-tulA" && level==0 && jtag_device_ctx=="jsn-TUL-1234-tulA-23727093-0"}' command is executed.
19:40:02 INFO  : Device configured successfully with "/home/agustinsilva447/Escritorio/Github/FPGA/pynq/pynq_nqueens_3/pynq_nqueens/_ide/bitstream/design_1_wrapper.bit"
19:40:02 INFO  : Context for 'APU' is selected.
19:40:02 INFO  : Hardware design and registers information is loaded from '/home/agustinsilva447/Escritorio/Github/FPGA/pynq/pynq_nqueens_3/design_1_wrapper/export/design_1_wrapper/hw/design_1_wrapper.xsa'.
19:40:02 INFO  : 'configparams force-mem-access 1' command is executed.
19:40:02 INFO  : Context for 'APU' is selected.
19:40:02 INFO  : Sourcing of '/home/agustinsilva447/Escritorio/Github/FPGA/pynq/pynq_nqueens_3/pynq_nqueens/_ide/psinit/ps7_init.tcl' is done.
19:40:03 INFO  : 'ps7_init' command is executed.
19:40:03 INFO  : 'ps7_post_config' command is executed.
19:40:03 INFO  : Context for processor 'ps7_cortexa9_0' is selected.
19:40:03 INFO  : The application '/home/agustinsilva447/Escritorio/Github/FPGA/pynq/pynq_nqueens_3/pynq_nqueens/Debug/pynq_nqueens.elf' is downloaded to processor 'ps7_cortexa9_0'.
19:40:03 INFO  : 'configparams force-mem-access 0' command is executed.
19:40:03 INFO  : ----------------XSDB Script----------------
connect -url tcp:127.0.0.1:3121
targets -set -nocase -filter {name =~"APU*"}
rst -system
after 3000
targets -set -filter {jtag_cable_name =~ "Xilinx TUL 1234-tulA" && level==0 && jtag_device_ctx=="jsn-TUL-1234-tulA-23727093-0"}
fpga -file /home/agustinsilva447/Escritorio/Github/FPGA/pynq/pynq_nqueens_3/pynq_nqueens/_ide/bitstream/design_1_wrapper.bit
targets -set -nocase -filter {name =~"APU*"}
loadhw -hw /home/agustinsilva447/Escritorio/Github/FPGA/pynq/pynq_nqueens_3/design_1_wrapper/export/design_1_wrapper/hw/design_1_wrapper.xsa -mem-ranges [list {0x40000000 0xbfffffff}] -regs
configparams force-mem-access 1
targets -set -nocase -filter {name =~"APU*"}
source /home/agustinsilva447/Escritorio/Github/FPGA/pynq/pynq_nqueens_3/pynq_nqueens/_ide/psinit/ps7_init.tcl
ps7_init
ps7_post_config
targets -set -nocase -filter {name =~ "*A9*#0"}
dow /home/agustinsilva447/Escritorio/Github/FPGA/pynq/pynq_nqueens_3/pynq_nqueens/Debug/pynq_nqueens.elf
configparams force-mem-access 0
----------------End of Script----------------

19:40:03 INFO  : Context for processor 'ps7_cortexa9_0' is selected.
19:40:03 INFO  : 'con' command is executed.
19:40:03 INFO  : ----------------XSDB Script (After Launch)----------------
targets -set -nocase -filter {name =~ "*A9*#0"}
con
----------------End of Script----------------

19:40:03 INFO  : Launch script is exported to file '/home/agustinsilva447/Escritorio/Github/FPGA/pynq/pynq_nqueens_3/pynq_nqueens_system/_ide/scripts/debugger_pynq_nqueens-default.tcl'
19:40:59 INFO  : Disconnected from the channel tcfchan#3.
19:41:00 INFO  : Connected to target on host '127.0.0.1' and port '3121'.
19:41:00 INFO  : Jtag cable 'Xilinx TUL 1234-tulA' is selected.
19:41:00 INFO  : 'jtag frequency' command is executed.
19:41:00 INFO  : Context for 'APU' is selected.
19:41:00 INFO  : System reset is completed.
19:41:03 INFO  : 'after 3000' command is executed.
19:41:03 INFO  : 'targets -set -filter {jtag_cable_name =~ "Xilinx TUL 1234-tulA" && level==0 && jtag_device_ctx=="jsn-TUL-1234-tulA-23727093-0"}' command is executed.
19:41:05 INFO  : Device configured successfully with "/home/agustinsilva447/Escritorio/Github/FPGA/pynq/pynq_nqueens_3/pynq_nqueens/_ide/bitstream/design_1_wrapper.bit"
19:41:06 INFO  : Context for 'APU' is selected.
19:41:06 INFO  : Hardware design and registers information is loaded from '/home/agustinsilva447/Escritorio/Github/FPGA/pynq/pynq_nqueens_3/design_1_wrapper/export/design_1_wrapper/hw/design_1_wrapper.xsa'.
19:41:06 INFO  : 'configparams force-mem-access 1' command is executed.
19:41:06 INFO  : Context for 'APU' is selected.
19:41:06 INFO  : Sourcing of '/home/agustinsilva447/Escritorio/Github/FPGA/pynq/pynq_nqueens_3/pynq_nqueens/_ide/psinit/ps7_init.tcl' is done.
19:41:06 INFO  : 'ps7_init' command is executed.
19:41:06 INFO  : 'ps7_post_config' command is executed.
19:41:06 INFO  : Context for processor 'ps7_cortexa9_0' is selected.
19:41:06 INFO  : The application '/home/agustinsilva447/Escritorio/Github/FPGA/pynq/pynq_nqueens_3/pynq_nqueens/Debug/pynq_nqueens.elf' is downloaded to processor 'ps7_cortexa9_0'.
19:41:06 INFO  : 'configparams force-mem-access 0' command is executed.
19:41:06 INFO  : ----------------XSDB Script----------------
connect -url tcp:127.0.0.1:3121
targets -set -nocase -filter {name =~"APU*"}
rst -system
after 3000
targets -set -filter {jtag_cable_name =~ "Xilinx TUL 1234-tulA" && level==0 && jtag_device_ctx=="jsn-TUL-1234-tulA-23727093-0"}
fpga -file /home/agustinsilva447/Escritorio/Github/FPGA/pynq/pynq_nqueens_3/pynq_nqueens/_ide/bitstream/design_1_wrapper.bit
targets -set -nocase -filter {name =~"APU*"}
loadhw -hw /home/agustinsilva447/Escritorio/Github/FPGA/pynq/pynq_nqueens_3/design_1_wrapper/export/design_1_wrapper/hw/design_1_wrapper.xsa -mem-ranges [list {0x40000000 0xbfffffff}] -regs
configparams force-mem-access 1
targets -set -nocase -filter {name =~"APU*"}
source /home/agustinsilva447/Escritorio/Github/FPGA/pynq/pynq_nqueens_3/pynq_nqueens/_ide/psinit/ps7_init.tcl
ps7_init
ps7_post_config
targets -set -nocase -filter {name =~ "*A9*#0"}
dow /home/agustinsilva447/Escritorio/Github/FPGA/pynq/pynq_nqueens_3/pynq_nqueens/Debug/pynq_nqueens.elf
configparams force-mem-access 0
----------------End of Script----------------

19:41:06 INFO  : Context for processor 'ps7_cortexa9_0' is selected.
19:41:07 INFO  : 'con' command is executed.
19:41:07 INFO  : ----------------XSDB Script (After Launch)----------------
targets -set -nocase -filter {name =~ "*A9*#0"}
con
----------------End of Script----------------

19:41:07 INFO  : Launch script is exported to file '/home/agustinsilva447/Escritorio/Github/FPGA/pynq/pynq_nqueens_3/pynq_nqueens_system/_ide/scripts/debugger_pynq_nqueens-default.tcl'
19:42:22 INFO  : Disconnected from the channel tcfchan#4.
19:42:23 INFO  : Connected to target on host '127.0.0.1' and port '3121'.
19:42:26 INFO  : Jtag cable 'Xilinx TUL 1234-tulA' is selected.
19:42:26 INFO  : 'jtag frequency' command is executed.
19:42:26 INFO  : Context for 'APU' is selected.
19:42:26 INFO  : System reset is completed.
19:42:29 INFO  : 'after 3000' command is executed.
19:42:29 INFO  : 'targets -set -filter {jtag_cable_name =~ "Xilinx TUL 1234-tulA" && level==0 && jtag_device_ctx=="jsn-TUL-1234-tulA-23727093-0"}' command is executed.
19:42:31 INFO  : Device configured successfully with "/home/agustinsilva447/Escritorio/Github/FPGA/pynq/pynq_nqueens_3/pynq_nqueens/_ide/bitstream/design_1_wrapper.bit"
19:42:31 INFO  : Context for 'APU' is selected.
19:42:31 INFO  : Hardware design and registers information is loaded from '/home/agustinsilva447/Escritorio/Github/FPGA/pynq/pynq_nqueens_3/design_1_wrapper/export/design_1_wrapper/hw/design_1_wrapper.xsa'.
19:42:31 INFO  : 'configparams force-mem-access 1' command is executed.
19:42:31 INFO  : Context for 'APU' is selected.
19:42:31 INFO  : Sourcing of '/home/agustinsilva447/Escritorio/Github/FPGA/pynq/pynq_nqueens_3/pynq_nqueens/_ide/psinit/ps7_init.tcl' is done.
19:42:32 INFO  : 'ps7_init' command is executed.
19:42:32 INFO  : 'ps7_post_config' command is executed.
19:42:32 INFO  : Context for processor 'ps7_cortexa9_0' is selected.
19:42:32 INFO  : The application '/home/agustinsilva447/Escritorio/Github/FPGA/pynq/pynq_nqueens_3/pynq_nqueens/Debug/pynq_nqueens.elf' is downloaded to processor 'ps7_cortexa9_0'.
19:42:32 INFO  : 'configparams force-mem-access 0' command is executed.
19:42:32 INFO  : ----------------XSDB Script----------------
connect -url tcp:127.0.0.1:3121
targets -set -nocase -filter {name =~"APU*"}
rst -system
after 3000
targets -set -filter {jtag_cable_name =~ "Xilinx TUL 1234-tulA" && level==0 && jtag_device_ctx=="jsn-TUL-1234-tulA-23727093-0"}
fpga -file /home/agustinsilva447/Escritorio/Github/FPGA/pynq/pynq_nqueens_3/pynq_nqueens/_ide/bitstream/design_1_wrapper.bit
targets -set -nocase -filter {name =~"APU*"}
loadhw -hw /home/agustinsilva447/Escritorio/Github/FPGA/pynq/pynq_nqueens_3/design_1_wrapper/export/design_1_wrapper/hw/design_1_wrapper.xsa -mem-ranges [list {0x40000000 0xbfffffff}] -regs
configparams force-mem-access 1
targets -set -nocase -filter {name =~"APU*"}
source /home/agustinsilva447/Escritorio/Github/FPGA/pynq/pynq_nqueens_3/pynq_nqueens/_ide/psinit/ps7_init.tcl
ps7_init
ps7_post_config
targets -set -nocase -filter {name =~ "*A9*#0"}
dow /home/agustinsilva447/Escritorio/Github/FPGA/pynq/pynq_nqueens_3/pynq_nqueens/Debug/pynq_nqueens.elf
configparams force-mem-access 0
----------------End of Script----------------

19:42:32 INFO  : Context for processor 'ps7_cortexa9_0' is selected.
19:42:32 INFO  : 'con' command is executed.
19:42:32 INFO  : ----------------XSDB Script (After Launch)----------------
targets -set -nocase -filter {name =~ "*A9*#0"}
con
----------------End of Script----------------

19:42:32 INFO  : Launch script is exported to file '/home/agustinsilva447/Escritorio/Github/FPGA/pynq/pynq_nqueens_3/pynq_nqueens_system/_ide/scripts/debugger_pynq_nqueens-default.tcl'
19:45:06 INFO  : Checking for BSP changes to sync application flags for project 'pynq_nqueens'...
19:45:23 INFO  : Disconnected from the channel tcfchan#5.
19:45:24 INFO  : Connected to target on host '127.0.0.1' and port '3121'.
19:45:33 INFO  : ----------------XSDB Script----------------
connect -url tcp:127.0.0.1:3121
----------------End of Script----------------

19:45:33 ERROR : Could not find ARM device on the board for connection 'Local'.
Check if the target is in:
1. Split JTAG - No operations are possible with ARM DAP.
2. Non JTAG bootmode - Bootrom may need time to enable DAP.
Please try again.


Troubleshooting hints:
1. Check whether board is connected to system properly.
2. In case of zynq board, check whether Digilent/Xilinx cable switch settings are correct.
3. If you are using Xilinx Platform Cable USB, ensure that status LED is green.
19:45:49 INFO  : Connected to target on host '127.0.0.1' and port '3121'.
19:45:49 INFO  : Jtag cable 'Xilinx TUL 1234-tulA' is selected.
19:45:49 INFO  : 'jtag frequency' command is executed.
19:45:49 INFO  : Context for 'APU' is selected.
19:45:49 INFO  : System reset is completed.
19:45:52 INFO  : 'after 3000' command is executed.
19:45:53 INFO  : 'targets -set -filter {jtag_cable_name =~ "Xilinx TUL 1234-tulA" && level==0 && jtag_device_ctx=="jsn-TUL-1234-tulA-23727093-0"}' command is executed.
19:45:55 INFO  : Device configured successfully with "/home/agustinsilva447/Escritorio/Github/FPGA/pynq/pynq_nqueens_3/pynq_nqueens/_ide/bitstream/design_1_wrapper.bit"
19:45:55 INFO  : Context for 'APU' is selected.
19:45:55 INFO  : Hardware design and registers information is loaded from '/home/agustinsilva447/Escritorio/Github/FPGA/pynq/pynq_nqueens_3/design_1_wrapper/export/design_1_wrapper/hw/design_1_wrapper.xsa'.
19:45:55 INFO  : 'configparams force-mem-access 1' command is executed.
19:45:55 INFO  : Context for 'APU' is selected.
19:45:55 INFO  : Sourcing of '/home/agustinsilva447/Escritorio/Github/FPGA/pynq/pynq_nqueens_3/pynq_nqueens/_ide/psinit/ps7_init.tcl' is done.
19:45:56 INFO  : 'ps7_init' command is executed.
19:45:56 INFO  : 'ps7_post_config' command is executed.
19:45:56 INFO  : Context for processor 'ps7_cortexa9_0' is selected.
19:45:56 INFO  : The application '/home/agustinsilva447/Escritorio/Github/FPGA/pynq/pynq_nqueens_3/pynq_nqueens/Debug/pynq_nqueens.elf' is downloaded to processor 'ps7_cortexa9_0'.
19:45:56 INFO  : 'configparams force-mem-access 0' command is executed.
19:45:56 INFO  : ----------------XSDB Script----------------
connect -url tcp:127.0.0.1:3121
targets -set -nocase -filter {name =~"APU*"}
rst -system
after 3000
targets -set -filter {jtag_cable_name =~ "Xilinx TUL 1234-tulA" && level==0 && jtag_device_ctx=="jsn-TUL-1234-tulA-23727093-0"}
fpga -file /home/agustinsilva447/Escritorio/Github/FPGA/pynq/pynq_nqueens_3/pynq_nqueens/_ide/bitstream/design_1_wrapper.bit
targets -set -nocase -filter {name =~"APU*"}
loadhw -hw /home/agustinsilva447/Escritorio/Github/FPGA/pynq/pynq_nqueens_3/design_1_wrapper/export/design_1_wrapper/hw/design_1_wrapper.xsa -mem-ranges [list {0x40000000 0xbfffffff}] -regs
configparams force-mem-access 1
targets -set -nocase -filter {name =~"APU*"}
source /home/agustinsilva447/Escritorio/Github/FPGA/pynq/pynq_nqueens_3/pynq_nqueens/_ide/psinit/ps7_init.tcl
ps7_init
ps7_post_config
targets -set -nocase -filter {name =~ "*A9*#0"}
dow /home/agustinsilva447/Escritorio/Github/FPGA/pynq/pynq_nqueens_3/pynq_nqueens/Debug/pynq_nqueens.elf
configparams force-mem-access 0
----------------End of Script----------------

19:45:56 INFO  : Context for processor 'ps7_cortexa9_0' is selected.
19:45:56 INFO  : 'con' command is executed.
19:45:56 INFO  : ----------------XSDB Script (After Launch)----------------
targets -set -nocase -filter {name =~ "*A9*#0"}
con
----------------End of Script----------------

19:45:56 INFO  : Launch script is exported to file '/home/agustinsilva447/Escritorio/Github/FPGA/pynq/pynq_nqueens_3/pynq_nqueens_system/_ide/scripts/debugger_pynq_nqueens-default.tcl'
19:46:13 INFO  : Disconnected from the channel tcfchan#6.
19:46:14 INFO  : Connected to target on host '127.0.0.1' and port '3121'.
19:46:23 INFO  : ----------------XSDB Script----------------
connect -url tcp:127.0.0.1:3121
----------------End of Script----------------

19:46:23 ERROR : Could not find ARM device on the board for connection 'Local'.
Check if the target is in:
1. Split JTAG - No operations are possible with ARM DAP.
2. Non JTAG bootmode - Bootrom may need time to enable DAP.
Please try again.


Troubleshooting hints:
1. Check whether board is connected to system properly.
2. In case of zynq board, check whether Digilent/Xilinx cable switch settings are correct.
3. If you are using Xilinx Platform Cable USB, ensure that status LED is green.
19:46:49 INFO  : Connected to target on host '127.0.0.1' and port '3121'.
19:46:50 INFO  : Jtag cable 'Xilinx TUL 1234-tulA' is selected.
19:46:50 INFO  : 'jtag frequency' command is executed.
19:46:50 INFO  : Context for 'APU' is selected.
19:46:50 INFO  : System reset is completed.
19:46:53 INFO  : 'after 3000' command is executed.
19:46:53 INFO  : 'targets -set -filter {jtag_cable_name =~ "Xilinx TUL 1234-tulA" && level==0 && jtag_device_ctx=="jsn-TUL-1234-tulA-23727093-0"}' command is executed.
19:46:55 INFO  : Device configured successfully with "/home/agustinsilva447/Escritorio/Github/FPGA/pynq/pynq_nqueens_3/pynq_nqueens/_ide/bitstream/design_1_wrapper.bit"
19:46:55 INFO  : Context for 'APU' is selected.
19:46:55 INFO  : Hardware design and registers information is loaded from '/home/agustinsilva447/Escritorio/Github/FPGA/pynq/pynq_nqueens_3/design_1_wrapper/export/design_1_wrapper/hw/design_1_wrapper.xsa'.
19:46:55 INFO  : 'configparams force-mem-access 1' command is executed.
19:46:55 INFO  : Context for 'APU' is selected.
19:46:55 INFO  : Sourcing of '/home/agustinsilva447/Escritorio/Github/FPGA/pynq/pynq_nqueens_3/pynq_nqueens/_ide/psinit/ps7_init.tcl' is done.
19:46:56 INFO  : 'ps7_init' command is executed.
19:46:56 INFO  : 'ps7_post_config' command is executed.
19:46:56 INFO  : Context for processor 'ps7_cortexa9_0' is selected.
19:46:56 INFO  : The application '/home/agustinsilva447/Escritorio/Github/FPGA/pynq/pynq_nqueens_3/pynq_nqueens/Debug/pynq_nqueens.elf' is downloaded to processor 'ps7_cortexa9_0'.
19:46:56 INFO  : 'configparams force-mem-access 0' command is executed.
19:46:56 INFO  : ----------------XSDB Script----------------
connect -url tcp:127.0.0.1:3121
targets -set -nocase -filter {name =~"APU*"}
rst -system
after 3000
targets -set -filter {jtag_cable_name =~ "Xilinx TUL 1234-tulA" && level==0 && jtag_device_ctx=="jsn-TUL-1234-tulA-23727093-0"}
fpga -file /home/agustinsilva447/Escritorio/Github/FPGA/pynq/pynq_nqueens_3/pynq_nqueens/_ide/bitstream/design_1_wrapper.bit
targets -set -nocase -filter {name =~"APU*"}
loadhw -hw /home/agustinsilva447/Escritorio/Github/FPGA/pynq/pynq_nqueens_3/design_1_wrapper/export/design_1_wrapper/hw/design_1_wrapper.xsa -mem-ranges [list {0x40000000 0xbfffffff}] -regs
configparams force-mem-access 1
targets -set -nocase -filter {name =~"APU*"}
source /home/agustinsilva447/Escritorio/Github/FPGA/pynq/pynq_nqueens_3/pynq_nqueens/_ide/psinit/ps7_init.tcl
ps7_init
ps7_post_config
targets -set -nocase -filter {name =~ "*A9*#0"}
dow /home/agustinsilva447/Escritorio/Github/FPGA/pynq/pynq_nqueens_3/pynq_nqueens/Debug/pynq_nqueens.elf
configparams force-mem-access 0
----------------End of Script----------------

19:46:56 INFO  : Context for processor 'ps7_cortexa9_0' is selected.
19:46:56 INFO  : 'con' command is executed.
19:46:56 INFO  : ----------------XSDB Script (After Launch)----------------
targets -set -nocase -filter {name =~ "*A9*#0"}
con
----------------End of Script----------------

19:46:56 INFO  : Launch script is exported to file '/home/agustinsilva447/Escritorio/Github/FPGA/pynq/pynq_nqueens_3/pynq_nqueens_system/_ide/scripts/debugger_pynq_nqueens-default.tcl'
19:47:47 INFO  : Checking for BSP changes to sync application flags for project 'pynq_nqueens'...
19:47:59 INFO  : Disconnected from the channel tcfchan#7.
19:48:00 INFO  : Connected to target on host '127.0.0.1' and port '3121'.
19:48:09 INFO  : ----------------XSDB Script----------------
connect -url tcp:127.0.0.1:3121
----------------End of Script----------------

19:48:09 ERROR : Could not find ARM device on the board for connection 'Local'.
Check if the target is in:
1. Split JTAG - No operations are possible with ARM DAP.
2. Non JTAG bootmode - Bootrom may need time to enable DAP.
Please try again.


Troubleshooting hints:
1. Check whether board is connected to system properly.
2. In case of zynq board, check whether Digilent/Xilinx cable switch settings are correct.
3. If you are using Xilinx Platform Cable USB, ensure that status LED is green.
19:48:24 INFO  : Connected to target on host '127.0.0.1' and port '3121'.
19:48:24 INFO  : Jtag cable 'Xilinx TUL 1234-tulA' is selected.
19:48:24 INFO  : 'jtag frequency' command is executed.
19:48:24 INFO  : Context for 'APU' is selected.
19:48:24 INFO  : System reset is completed.
19:48:27 INFO  : 'after 3000' command is executed.
19:48:27 INFO  : 'targets -set -filter {jtag_cable_name =~ "Xilinx TUL 1234-tulA" && level==0 && jtag_device_ctx=="jsn-TUL-1234-tulA-23727093-0"}' command is executed.
19:48:29 INFO  : Device configured successfully with "/home/agustinsilva447/Escritorio/Github/FPGA/pynq/pynq_nqueens_3/pynq_nqueens/_ide/bitstream/design_1_wrapper.bit"
19:48:29 INFO  : Context for 'APU' is selected.
19:48:30 INFO  : Hardware design and registers information is loaded from '/home/agustinsilva447/Escritorio/Github/FPGA/pynq/pynq_nqueens_3/design_1_wrapper/export/design_1_wrapper/hw/design_1_wrapper.xsa'.
19:48:30 INFO  : 'configparams force-mem-access 1' command is executed.
19:48:30 INFO  : Context for 'APU' is selected.
19:48:30 INFO  : Sourcing of '/home/agustinsilva447/Escritorio/Github/FPGA/pynq/pynq_nqueens_3/pynq_nqueens/_ide/psinit/ps7_init.tcl' is done.
19:48:30 INFO  : 'ps7_init' command is executed.
19:48:30 INFO  : 'ps7_post_config' command is executed.
19:48:30 INFO  : Context for processor 'ps7_cortexa9_0' is selected.
19:48:30 INFO  : The application '/home/agustinsilva447/Escritorio/Github/FPGA/pynq/pynq_nqueens_3/pynq_nqueens/Debug/pynq_nqueens.elf' is downloaded to processor 'ps7_cortexa9_0'.
19:48:30 INFO  : 'configparams force-mem-access 0' command is executed.
19:48:30 INFO  : ----------------XSDB Script----------------
connect -url tcp:127.0.0.1:3121
targets -set -nocase -filter {name =~"APU*"}
rst -system
after 3000
targets -set -filter {jtag_cable_name =~ "Xilinx TUL 1234-tulA" && level==0 && jtag_device_ctx=="jsn-TUL-1234-tulA-23727093-0"}
fpga -file /home/agustinsilva447/Escritorio/Github/FPGA/pynq/pynq_nqueens_3/pynq_nqueens/_ide/bitstream/design_1_wrapper.bit
targets -set -nocase -filter {name =~"APU*"}
loadhw -hw /home/agustinsilva447/Escritorio/Github/FPGA/pynq/pynq_nqueens_3/design_1_wrapper/export/design_1_wrapper/hw/design_1_wrapper.xsa -mem-ranges [list {0x40000000 0xbfffffff}] -regs
configparams force-mem-access 1
targets -set -nocase -filter {name =~"APU*"}
source /home/agustinsilva447/Escritorio/Github/FPGA/pynq/pynq_nqueens_3/pynq_nqueens/_ide/psinit/ps7_init.tcl
ps7_init
ps7_post_config
targets -set -nocase -filter {name =~ "*A9*#0"}
dow /home/agustinsilva447/Escritorio/Github/FPGA/pynq/pynq_nqueens_3/pynq_nqueens/Debug/pynq_nqueens.elf
configparams force-mem-access 0
----------------End of Script----------------

19:48:30 INFO  : Context for processor 'ps7_cortexa9_0' is selected.
19:48:30 INFO  : 'con' command is executed.
19:48:30 INFO  : ----------------XSDB Script (After Launch)----------------
targets -set -nocase -filter {name =~ "*A9*#0"}
con
----------------End of Script----------------

19:48:30 INFO  : Launch script is exported to file '/home/agustinsilva447/Escritorio/Github/FPGA/pynq/pynq_nqueens_3/pynq_nqueens_system/_ide/scripts/debugger_pynq_nqueens-default.tcl'
19:51:19 INFO  : Disconnected from the channel tcfchan#8.
