20:38:26 INFO  : Launching XSCT server: xsct.bat -n  -interactive C:\Users\aguss\Desktop\hnn_fpga\hnn_fpga\temp_xsdb_launch_script.tcl
20:38:33 INFO  : XSCT server has started successfully.
20:38:33 INFO  : plnx-install-location is set to ''
20:38:41 INFO  : Registering command handlers for Vitis TCF services
20:38:47 INFO  : Successfully done setting XSCT server connection channel  
20:38:47 INFO  : Successfully done query RDI_DATADIR 
20:38:47 INFO  : Successfully done setting workspace for the tool. 
21:41:21 ERROR : (XSDB Server)In file included from usleep.c:54:
xtime_l.h:85:9: note: #pragma message: For the sleep routines, Global timer is being used
 #pragma message ("For the sleep routines, Global timer is being used")
         ^~~~~~~

21:41:26 ERROR : (XSDB Server)In file included from xil_sleeptimer.c:52:
xtime_l.h:85:9: note: #pragma message: For the sleep routines, Global timer is being used
 #pragma message ("For the sleep routines, Global timer is being used")
         ^~~~~~~

21:41:27 ERROR : (XSDB Server)In file included from xtime_l.c:47:
xtime_l.h:85:9: note: #pragma message: For the sleep routines, Global timer is being used
 #pragma message ("For the sleep routines, Global timer is being used")
         ^~~~~~~

21:41:29 ERROR : (XSDB Server)In file included from sleep.c:51:
xtime_l.h:85:9: note: #pragma message: For the sleep routines, Global timer is being used
 #pragma message ("For the sleep routines, Global timer is being used")
         ^~~~~~~

21:41:50 ERROR : (XSDB Server)In file included from main.c:135:
zynq_fsbl_bsp/ps7_cortexa9_0/include/xtime_l.h:85:9: note: #pragma message: For the sleep routines, Global timer is being used
 #pragma message ("For the sleep routines, Global timer is being used")
         ^~~~~~~

21:41:51 ERROR : (XSDB Server)In file included from pcap.c:98:
zynq_fsbl_bsp/ps7_cortexa9_0/include/xtime_l.h:85:9: note: #pragma message: For the sleep routines, Global timer is being used
 #pragma message ("For the sleep routines, Global timer is being used")
         ^~~~~~~

21:41:59 ERROR : (XSDB Server)arm-none-eabi-ar: creating ../../../lib/libxil.a

21:42:26 ERROR : (XSDB Server)In file included from usleep.c:54:
xtime_l.h:85:9: note: #pragma message: For the sleep routines, Global timer is being used
 #pragma message ("For the sleep routines, Global timer is being used")
         ^~~~~~~

21:42:30 ERROR : (XSDB Server)In file included from xil_sleeptimer.c:52:
xtime_l.h:85:9: note: #pragma message: For the sleep routines, Global timer is being used
 #pragma message ("For the sleep routines, Global timer is being used")
         ^~~~~~~

21:42:31 ERROR : (XSDB Server)In file included from xtime_l.c:47:
xtime_l.h:85:9: note: #pragma message: For the sleep routines, Global timer is being used
 #pragma message ("For the sleep routines, Global timer is being used")
         ^~~~~~~

21:42:33 ERROR : (XSDB Server)In file included from sleep.c:51:
xtime_l.h:85:9: note: #pragma message: For the sleep routines, Global timer is being used
 #pragma message ("For the sleep routines, Global timer is being used")
         ^~~~~~~

21:46:47 INFO  : Checking for BSP changes to sync application flags for project 'hnn_fpga'...
22:00:12 INFO  : Checking for BSP changes to sync application flags for project 'hnn_fpga'...
22:01:21 INFO  : Checking for BSP changes to sync application flags for project 'hnn_fpga'...
22:11:25 INFO  : Checking for BSP changes to sync application flags for project 'hnn_fpga'...
22:11:57 INFO  : Checking for BSP changes to sync application flags for project 'hnn_fpga'...
22:12:38 INFO  : Checking for BSP changes to sync application flags for project 'hnn_fpga'...
22:14:00 INFO  : Checking for BSP changes to sync application flags for project 'hnn_fpga'...
22:14:35 INFO  : Checking for BSP changes to sync application flags for project 'hnn_fpga'...
22:15:53 INFO  : Checking for BSP changes to sync application flags for project 'hnn_fpga'...
22:25:02 INFO  : Checking for BSP changes to sync application flags for project 'hnn_fpga'...
22:27:18 INFO  : Connected to target on host '127.0.0.1' and port '3121'.
22:27:19 INFO  : Jtag cable 'Digilent Zed 210248AA56D1' is selected.
22:27:19 INFO  : 'jtag frequency' command is executed.
22:27:19 INFO  : Context for 'APU' is selected.
22:27:20 INFO  : System reset is completed.
22:27:23 INFO  : 'after 3000' command is executed.
22:27:23 INFO  : 'targets -set -filter {jtag_cable_name =~ "Digilent Zed 210248AA56D1" && level==0} -index 1' command is executed.
22:27:25 INFO  : FPGA configured successfully with bitstream "C:/Users/aguss/Desktop/hnn_fpga/hnn_fpga/hnn_fpga/_ide/bitstream/hnn_fpga_wrapper.bit"
22:27:25 INFO  : Context for 'APU' is selected.
22:27:25 INFO  : Hardware design information is loaded from 'C:/Users/aguss/Desktop/hnn_fpga/hnn_fpga/hnn_fpga_wrapper/export/hnn_fpga_wrapper/hw/hnn_fpga_wrapper.xsa'.
22:27:25 INFO  : 'configparams force-mem-access 1' command is executed.
22:27:26 INFO  : Context for 'APU' is selected.
22:27:26 INFO  : Sourcing of 'C:/Users/aguss/Desktop/hnn_fpga/hnn_fpga/hnn_fpga/_ide/psinit/ps7_init.tcl' is done.
22:27:26 INFO  : 'ps7_init' command is executed.
22:27:26 INFO  : 'ps7_post_config' command is executed.
22:27:26 INFO  : Context for processor 'ps7_cortexa9_0' is selected.
22:27:27 INFO  : The application 'C:/Users/aguss/Desktop/hnn_fpga/hnn_fpga/hnn_fpga/Debug/hnn_fpga.elf' is downloaded to processor 'ps7_cortexa9_0'.
22:27:27 INFO  : 'configparams force-mem-access 0' command is executed.
22:27:27 INFO  : ----------------XSDB Script----------------
connect -url tcp:127.0.0.1:3121
targets -set -nocase -filter {name =~"APU*"}
rst -system
after 3000
targets -set -filter {jtag_cable_name =~ "Digilent Zed 210248AA56D1" && level==0} -index 1
fpga -file C:/Users/aguss/Desktop/hnn_fpga/hnn_fpga/hnn_fpga/_ide/bitstream/hnn_fpga_wrapper.bit
targets -set -nocase -filter {name =~"APU*"}
loadhw -hw C:/Users/aguss/Desktop/hnn_fpga/hnn_fpga/hnn_fpga_wrapper/export/hnn_fpga_wrapper/hw/hnn_fpga_wrapper.xsa -mem-ranges [list {0x40000000 0xbfffffff}]
configparams force-mem-access 1
targets -set -nocase -filter {name =~"APU*"}
source C:/Users/aguss/Desktop/hnn_fpga/hnn_fpga/hnn_fpga/_ide/psinit/ps7_init.tcl
ps7_init
ps7_post_config
targets -set -nocase -filter {name =~ "*A9*#0"}
dow C:/Users/aguss/Desktop/hnn_fpga/hnn_fpga/hnn_fpga/Debug/hnn_fpga.elf
configparams force-mem-access 0
----------------End of Script----------------

22:27:27 INFO  : Context for processor 'ps7_cortexa9_0' is selected.
22:27:27 INFO  : 'con' command is executed.
22:27:27 INFO  : ----------------XSDB Script (After Launch)----------------
targets -set -nocase -filter {name =~ "*A9*#0"}
con
----------------End of Script----------------

22:27:27 INFO  : Disconnected from the channel tcfchan#13.
15:23:02 INFO  : Launching XSCT server: xsct.bat -n  -interactive C:\Users\aguss\Desktop\hnn_fpga\hnn_fpga\temp_xsdb_launch_script.tcl
15:23:25 INFO  : XSCT server has started successfully.
15:23:25 INFO  : plnx-install-location is set to ''
15:23:25 INFO  : Successfully done setting XSCT server connection channel  
15:23:26 INFO  : Successfully done setting workspace for the tool. 
15:23:32 INFO  : Registering command handlers for Vitis TCF services
15:24:15 INFO  : Successfully done query RDI_DATADIR 
13:09:34 INFO  : Checking for BSP changes to sync application flags for project 'hnn_fpga'...
13:10:07 ERROR : (XSDB Server)ERROR: [Hsi 55-1571] The desig
13:10:07 ERROR : (XSDB Server)n
13:10:07 ERROR : (XSDB Server) file C:/Users/aguss/Desktop/hnn_fpga/hnn_fpga/hnn_fpga
13:10:07 ERROR : (XSDB Server)_wrapper/export/hnn_fpga_wrapper/hw/hnn_fpga_wrapper.xsa is already opened

13:10:59 INFO  : Connected to target on host '127.0.0.1' and port '3121'.
13:11:01 INFO  : Jtag cable 'Digilent Zed 210248AA56D1' is selected.
13:11:01 INFO  : 'jtag frequency' command is executed.
13:11:01 INFO  : Context for 'APU' is selected.
13:11:01 INFO  : System reset is completed.
13:11:04 INFO  : 'after 3000' command is executed.
13:11:04 INFO  : 'targets -set -filter {jtag_cable_name =~ "Digilent Zed 210248AA56D1" && level==0} -index 1' command is executed.
13:11:07 INFO  : FPGA configured successfully with bitstream "C:/Users/aguss/Desktop/hnn_fpga/hnn_fpga/hnn_fpga/_ide/bitstream/hnn_fpga_wrapper.bit"
13:11:07 INFO  : Context for 'APU' is selected.
13:11:07 INFO  : Hardware design information is loaded from 'C:/Users/aguss/Desktop/hnn_fpga/hnn_fpga/hnn_fpga_wrapper/export/hnn_fpga_wrapper/hw/hnn_fpga_wrapper.xsa'.
13:11:07 INFO  : 'configparams force-mem-access 1' command is executed.
13:11:07 INFO  : Context for 'APU' is selected.
13:11:07 INFO  : Sourcing of 'C:/Users/aguss/Desktop/hnn_fpga/hnn_fpga/hnn_fpga/_ide/psinit/ps7_init.tcl' is done.
13:11:08 INFO  : 'ps7_init' command is executed.
13:11:08 INFO  : 'ps7_post_config' command is executed.
13:11:08 INFO  : Context for processor 'ps7_cortexa9_0' is selected.
13:11:08 INFO  : The application 'C:/Users/aguss/Desktop/hnn_fpga/hnn_fpga/hnn_fpga/Debug/hnn_fpga.elf' is downloaded to processor 'ps7_cortexa9_0'.
13:11:08 INFO  : 'configparams force-mem-access 0' command is executed.
13:11:08 INFO  : ----------------XSDB Script----------------
connect -url tcp:127.0.0.1:3121
targets -set -nocase -filter {name =~"APU*"}
rst -system
after 3000
targets -set -filter {jtag_cable_name =~ "Digilent Zed 210248AA56D1" && level==0} -index 1
fpga -file C:/Users/aguss/Desktop/hnn_fpga/hnn_fpga/hnn_fpga/_ide/bitstream/hnn_fpga_wrapper.bit
targets -set -nocase -filter {name =~"APU*"}
loadhw -hw C:/Users/aguss/Desktop/hnn_fpga/hnn_fpga/hnn_fpga_wrapper/export/hnn_fpga_wrapper/hw/hnn_fpga_wrapper.xsa -mem-ranges [list {0x40000000 0xbfffffff}]
configparams force-mem-access 1
targets -set -nocase -filter {name =~"APU*"}
source C:/Users/aguss/Desktop/hnn_fpga/hnn_fpga/hnn_fpga/_ide/psinit/ps7_init.tcl
ps7_init
ps7_post_config
targets -set -nocase -filter {name =~ "*A9*#0"}
dow C:/Users/aguss/Desktop/hnn_fpga/hnn_fpga/hnn_fpga/Debug/hnn_fpga.elf
configparams force-mem-access 0
----------------End of Script----------------

13:11:08 INFO  : Context for processor 'ps7_cortexa9_0' is selected.
13:11:08 INFO  : 'con' command is executed.
13:11:08 INFO  : ----------------XSDB Script (After Launch)----------------
targets -set -nocase -filter {name =~ "*A9*#0"}
con
----------------End of Script----------------

13:11:08 INFO  : Disconnected from the channel tcfchan#2.
13:18:49 INFO  : Checking for BSP changes to sync application flags for project 'hnn_fpga'...
13:19:01 ERROR : (XSDB Server)ERROR: [Hsi 55-1571] 
13:19:01 ERROR : (XSDB Server)The design file C:/Users/aguss/Desktop/hnn_fpga/hnn_fpga/hnn_fpga_wrapper/export/hnn_fpga_wra
13:19:01 ERROR : (XSDB Server)pper/hw/hnn_fpga_wrapper.xsa is already opened

13:19:27 INFO  : Connected to target on host '127.0.0.1' and port '3121'.
13:19:28 INFO  : Jtag cable 'Digilent Zed 210248AA56D1' is selected.
13:19:28 INFO  : 'jtag frequency' command is executed.
13:19:28 INFO  : Context for 'APU' is selected.
13:19:28 INFO  : System reset is completed.
13:19:31 INFO  : 'after 3000' command is executed.
13:19:31 INFO  : 'targets -set -filter {jtag_cable_name =~ "Digilent Zed 210248AA56D1" && level==0} -index 1' command is executed.
13:19:33 INFO  : FPGA configured successfully with bitstream "C:/Users/aguss/Desktop/hnn_fpga/hnn_fpga/hnn_fpga/_ide/bitstream/hnn_fpga_wrapper.bit"
13:19:34 INFO  : Context for 'APU' is selected.
13:19:34 INFO  : Hardware design information is loaded from 'C:/Users/aguss/Desktop/hnn_fpga/hnn_fpga/hnn_fpga_wrapper/export/hnn_fpga_wrapper/hw/hnn_fpga_wrapper.xsa'.
13:19:34 INFO  : 'configparams force-mem-access 1' command is executed.
13:19:34 INFO  : Context for 'APU' is selected.
13:19:34 INFO  : Sourcing of 'C:/Users/aguss/Desktop/hnn_fpga/hnn_fpga/hnn_fpga/_ide/psinit/ps7_init.tcl' is done.
13:19:34 INFO  : 'ps7_init' command is executed.
13:19:34 INFO  : 'ps7_post_config' command is executed.
13:19:34 INFO  : Context for processor 'ps7_cortexa9_0' is selected.
13:19:35 INFO  : The application 'C:/Users/aguss/Desktop/hnn_fpga/hnn_fpga/hnn_fpga/Debug/hnn_fpga.elf' is downloaded to processor 'ps7_cortexa9_0'.
13:19:35 INFO  : 'configparams force-mem-access 0' command is executed.
13:19:35 INFO  : ----------------XSDB Script----------------
connect -url tcp:127.0.0.1:3121
targets -set -nocase -filter {name =~"APU*"}
rst -system
after 3000
targets -set -filter {jtag_cable_name =~ "Digilent Zed 210248AA56D1" && level==0} -index 1
fpga -file C:/Users/aguss/Desktop/hnn_fpga/hnn_fpga/hnn_fpga/_ide/bitstream/hnn_fpga_wrapper.bit
targets -set -nocase -filter {name =~"APU*"}
loadhw -hw C:/Users/aguss/Desktop/hnn_fpga/hnn_fpga/hnn_fpga_wrapper/export/hnn_fpga_wrapper/hw/hnn_fpga_wrapper.xsa -mem-ranges [list {0x40000000 0xbfffffff}]
configparams force-mem-access 1
targets -set -nocase -filter {name =~"APU*"}
source C:/Users/aguss/Desktop/hnn_fpga/hnn_fpga/hnn_fpga/_ide/psinit/ps7_init.tcl
ps7_init
ps7_post_config
targets -set -nocase -filter {name =~ "*A9*#0"}
dow C:/Users/aguss/Desktop/hnn_fpga/hnn_fpga/hnn_fpga/Debug/hnn_fpga.elf
configparams force-mem-access 0
----------------End of Script----------------

13:19:35 INFO  : Context for processor 'ps7_cortexa9_0' is selected.
13:19:35 INFO  : 'con' command is executed.
13:19:35 INFO  : ----------------XSDB Script (After Launch)----------------
targets -set -nocase -filter {name =~ "*A9*#0"}
con
----------------End of Script----------------

13:19:35 INFO  : Disconnected from the channel tcfchan#4.
13:20:35 INFO  : Connected to target on host '127.0.0.1' and port '3121'.
13:20:36 INFO  : Jtag cable 'Digilent Zed 210248AA56D1' is selected.
13:20:36 INFO  : 'jtag frequency' command is executed.
13:20:36 INFO  : Context for 'APU' is selected.
13:20:36 INFO  : System reset is completed.
13:20:39 INFO  : 'after 3000' command is executed.
13:20:39 INFO  : 'targets -set -filter {jtag_cable_name =~ "Digilent Zed 210248AA56D1" && level==0} -index 1' command is executed.
13:20:41 INFO  : FPGA configured successfully with bitstream "C:/Users/aguss/Desktop/hnn_fpga/hnn_fpga/hnn_fpga/_ide/bitstream/hnn_fpga_wrapper.bit"
13:20:42 INFO  : Context for 'APU' is selected.
13:20:48 INFO  : Hardware design information is loaded from 'C:/Users/aguss/Desktop/hnn_fpga/hnn_fpga/hnn_fpga_wrapper/export/hnn_fpga_wrapper/hw/hnn_fpga_wrapper.xsa'.
13:20:48 INFO  : 'configparams force-mem-access 1' command is executed.
13:20:48 INFO  : Context for 'APU' is selected.
13:20:48 INFO  : Sourcing of 'C:/Users/aguss/Desktop/hnn_fpga/hnn_fpga/hnn_fpga/_ide/psinit/ps7_init.tcl' is done.
13:20:50 INFO  : 'ps7_init' command is executed.
13:20:50 INFO  : 'ps7_post_config' command is executed.
13:20:50 INFO  : Context for processor 'ps7_cortexa9_0' is selected.
13:20:50 INFO  : The application 'C:/Users/aguss/Desktop/hnn_fpga/hnn_fpga/hnn_fpga/Debug/hnn_fpga.elf' is downloaded to processor 'ps7_cortexa9_0'.
13:20:50 INFO  : 'configparams force-mem-access 0' command is executed.
13:20:50 INFO  : ----------------XSDB Script----------------
connect -url tcp:127.0.0.1:3121
targets -set -nocase -filter {name =~"APU*"}
rst -system
after 3000
targets -set -filter {jtag_cable_name =~ "Digilent Zed 210248AA56D1" && level==0} -index 1
fpga -file C:/Users/aguss/Desktop/hnn_fpga/hnn_fpga/hnn_fpga/_ide/bitstream/hnn_fpga_wrapper.bit
targets -set -nocase -filter {name =~"APU*"}
loadhw -hw C:/Users/aguss/Desktop/hnn_fpga/hnn_fpga/hnn_fpga_wrapper/export/hnn_fpga_wrapper/hw/hnn_fpga_wrapper.xsa -mem-ranges [list {0x40000000 0xbfffffff}]
configparams force-mem-access 1
targets -set -nocase -filter {name =~"APU*"}
source C:/Users/aguss/Desktop/hnn_fpga/hnn_fpga/hnn_fpga/_ide/psinit/ps7_init.tcl
ps7_init
ps7_post_config
targets -set -nocase -filter {name =~ "*A9*#0"}
dow C:/Users/aguss/Desktop/hnn_fpga/hnn_fpga/hnn_fpga/Debug/hnn_fpga.elf
configparams force-mem-access 0
----------------End of Script----------------

13:20:51 INFO  : Context for processor 'ps7_cortexa9_0' is selected.
13:20:51 INFO  : 'con' command is executed.
13:20:51 INFO  : ----------------XSDB Script (After Launch)----------------
targets -set -nocase -filter {name =~ "*A9*#0"}
con
----------------End of Script----------------

13:20:51 INFO  : Disconnected from the channel tcfchan#5.
13:22:52 INFO  : Checking for BSP changes to sync application flags for project 'hnn_fpga'...
13:23:05 ERROR : (XSDB Server)ERROR: [Hsi 55-1571] The design file C:/Users/aguss/Desktop/hnn_fpga/hnn_fpga/hnn_fpga_wrapper/export/hnn_fpga_wrapper/hw/hnn_fpga_wrapper.xsa is already opened

13:23:30 INFO  : Connected to target on host '127.0.0.1' and port '3121'.
13:23:30 INFO  : Jtag cable 'Digilent Zed 210248AA56D1' is selected.
13:23:30 INFO  : 'jtag frequency' command is executed.
13:23:30 INFO  : Context for 'APU' is selected.
13:23:30 INFO  : System reset is completed.
13:23:33 INFO  : 'after 3000' command is executed.
13:23:33 INFO  : 'targets -set -filter {jtag_cable_name =~ "Digilent Zed 210248AA56D1" && level==0} -index 1' command is executed.
13:23:36 INFO  : FPGA configured successfully with bitstream "C:/Users/aguss/Desktop/hnn_fpga/hnn_fpga/hnn_fpga/_ide/bitstream/hnn_fpga_wrapper.bit"
13:23:36 INFO  : Context for 'APU' is selected.
13:23:36 INFO  : Hardware design information is loaded from 'C:/Users/aguss/Desktop/hnn_fpga/hnn_fpga/hnn_fpga_wrapper/export/hnn_fpga_wrapper/hw/hnn_fpga_wrapper.xsa'.
13:23:36 INFO  : 'configparams force-mem-access 1' command is executed.
13:23:36 INFO  : Context for 'APU' is selected.
13:23:36 INFO  : Sourcing of 'C:/Users/aguss/Desktop/hnn_fpga/hnn_fpga/hnn_fpga/_ide/psinit/ps7_init.tcl' is done.
13:23:37 INFO  : 'ps7_init' command is executed.
13:23:37 INFO  : 'ps7_post_config' command is executed.
13:23:37 INFO  : Context for processor 'ps7_cortexa9_0' is selected.
13:23:37 INFO  : The application 'C:/Users/aguss/Desktop/hnn_fpga/hnn_fpga/hnn_fpga/Debug/hnn_fpga.elf' is downloaded to processor 'ps7_cortexa9_0'.
13:23:37 INFO  : 'configparams force-mem-access 0' command is executed.
13:23:37 INFO  : ----------------XSDB Script----------------
connect -url tcp:127.0.0.1:3121
targets -set -nocase -filter {name =~"APU*"}
rst -system
after 3000
targets -set -filter {jtag_cable_name =~ "Digilent Zed 210248AA56D1" && level==0} -index 1
fpga -file C:/Users/aguss/Desktop/hnn_fpga/hnn_fpga/hnn_fpga/_ide/bitstream/hnn_fpga_wrapper.bit
targets -set -nocase -filter {name =~"APU*"}
loadhw -hw C:/Users/aguss/Desktop/hnn_fpga/hnn_fpga/hnn_fpga_wrapper/export/hnn_fpga_wrapper/hw/hnn_fpga_wrapper.xsa -mem-ranges [list {0x40000000 0xbfffffff}]
configparams force-mem-access 1
targets -set -nocase -filter {name =~"APU*"}
source C:/Users/aguss/Desktop/hnn_fpga/hnn_fpga/hnn_fpga/_ide/psinit/ps7_init.tcl
ps7_init
ps7_post_config
targets -set -nocase -filter {name =~ "*A9*#0"}
dow C:/Users/aguss/Desktop/hnn_fpga/hnn_fpga/hnn_fpga/Debug/hnn_fpga.elf
configparams force-mem-access 0
----------------End of Script----------------

13:23:37 INFO  : Context for processor 'ps7_cortexa9_0' is selected.
13:23:38 INFO  : 'con' command is executed.
13:23:38 INFO  : ----------------XSDB Script (After Launch)----------------
targets -set -nocase -filter {name =~ "*A9*#0"}
con
----------------End of Script----------------

13:23:38 INFO  : Disconnected from the channel tcfchan#7.
13:24:43 INFO  : Checking for BSP changes to sync application flags for project 'hnn_fpga'...
13:24:53 ERROR : (XSDB Server)ERROR: [Hsi 55-1571] The design file C:/Users/aguss/Desktop/hnn_fpga/hnn_fpga/hnn_fpga_wrapper/export/hnn_fpga_wrapper/hw/hnn_fpga_wrapper.xsa is already opened

13:25:19 INFO  : Checking for BSP changes to sync application flags for project 'hnn_fpga'...
13:25:25 ERROR : (XSDB Server)ERROR: [Hsi 55-1571] The design file C:/Users/aguss/Desktop/hnn_fpga/hnn_fpga/hnn_fpga_wrapper/export/hnn_fpga_wrapper/hw/hnn_fpga_wrapper.xsa is already opened

13:25:52 INFO  : Connected to target on host '127.0.0.1' and port '3121'.
13:25:53 INFO  : Jtag cable 'Digilent Zed 210248AA56D1' is selected.
13:25:53 INFO  : 'jtag frequency' command is executed.
13:25:53 INFO  : Context for 'APU' is selected.
13:25:53 INFO  : System reset is completed.
13:25:56 INFO  : 'after 3000' command is executed.
13:25:56 INFO  : 'targets -set -filter {jtag_cable_name =~ "Digilent Zed 210248AA56D1" && level==0} -index 1' command is executed.
13:25:59 INFO  : FPGA configured successfully with bitstream "C:/Users/aguss/Desktop/hnn_fpga/hnn_fpga/hnn_fpga/_ide/bitstream/hnn_fpga_wrapper.bit"
13:25:59 INFO  : Context for 'APU' is selected.
13:25:59 INFO  : Hardware design information is loaded from 'C:/Users/aguss/Desktop/hnn_fpga/hnn_fpga/hnn_fpga_wrapper/export/hnn_fpga_wrapper/hw/hnn_fpga_wrapper.xsa'.
13:25:59 INFO  : 'configparams force-mem-access 1' command is executed.
13:25:59 INFO  : Context for 'APU' is selected.
13:25:59 INFO  : Sourcing of 'C:/Users/aguss/Desktop/hnn_fpga/hnn_fpga/hnn_fpga/_ide/psinit/ps7_init.tcl' is done.
13:26:00 INFO  : 'ps7_init' command is executed.
13:26:00 INFO  : 'ps7_post_config' command is executed.
13:26:00 INFO  : Context for processor 'ps7_cortexa9_0' is selected.
13:26:00 INFO  : The application 'C:/Users/aguss/Desktop/hnn_fpga/hnn_fpga/hnn_fpga/Debug/hnn_fpga.elf' is downloaded to processor 'ps7_cortexa9_0'.
13:26:00 INFO  : 'configparams force-mem-access 0' command is executed.
13:26:00 INFO  : ----------------XSDB Script----------------
connect -url tcp:127.0.0.1:3121
targets -set -nocase -filter {name =~"APU*"}
rst -system
after 3000
targets -set -filter {jtag_cable_name =~ "Digilent Zed 210248AA56D1" && level==0} -index 1
fpga -file C:/Users/aguss/Desktop/hnn_fpga/hnn_fpga/hnn_fpga/_ide/bitstream/hnn_fpga_wrapper.bit
targets -set -nocase -filter {name =~"APU*"}
loadhw -hw C:/Users/aguss/Desktop/hnn_fpga/hnn_fpga/hnn_fpga_wrapper/export/hnn_fpga_wrapper/hw/hnn_fpga_wrapper.xsa -mem-ranges [list {0x40000000 0xbfffffff}]
configparams force-mem-access 1
targets -set -nocase -filter {name =~"APU*"}
source C:/Users/aguss/Desktop/hnn_fpga/hnn_fpga/hnn_fpga/_ide/psinit/ps7_init.tcl
ps7_init
ps7_post_config
targets -set -nocase -filter {name =~ "*A9*#0"}
dow C:/Users/aguss/Desktop/hnn_fpga/hnn_fpga/hnn_fpga/Debug/hnn_fpga.elf
configparams force-mem-access 0
----------------End of Script----------------

13:26:00 INFO  : Context for processor 'ps7_cortexa9_0' is selected.
13:26:00 INFO  : 'con' command is executed.
13:26:00 INFO  : ----------------XSDB Script (After Launch)----------------
targets -set -nocase -filter {name =~ "*A9*#0"}
con
----------------End of Script----------------

13:26:00 INFO  : Disconnected from the channel tcfchan#10.
13:26:31 INFO  : Checking for BSP changes to sync application flags for project 'hnn_fpga'...
13:26:43 ERROR : (XSDB Server)ERROR: [Hsi 55-1571] The design file C:/Users/aguss/Desktop/hnn_fpga/hnn_fpga/hnn_fpga_wrapper/export/hnn_fpga_wrapper/hw/hnn_fpga_wrapper.xsa is already opened

13:26:58 INFO  : Connected to target on host '127.0.0.1' and port '3121'.
13:26:59 INFO  : Jtag cable 'Digilent Zed 210248AA56D1' is selected.
13:26:59 INFO  : 'jtag frequency' command is executed.
13:26:59 INFO  : Context for 'APU' is selected.
13:26:59 INFO  : System reset is completed.
13:27:02 INFO  : 'after 3000' command is executed.
13:27:02 INFO  : 'targets -set -filter {jtag_cable_name =~ "Digilent Zed 210248AA56D1" && level==0} -index 1' command is executed.
13:27:05 INFO  : FPGA configured successfully with bitstream "C:/Users/aguss/Desktop/hnn_fpga/hnn_fpga/hnn_fpga/_ide/bitstream/hnn_fpga_wrapper.bit"
13:27:05 INFO  : Context for 'APU' is selected.
13:27:05 INFO  : Hardware design information is loaded from 'C:/Users/aguss/Desktop/hnn_fpga/hnn_fpga/hnn_fpga_wrapper/export/hnn_fpga_wrapper/hw/hnn_fpga_wrapper.xsa'.
13:27:05 INFO  : 'configparams force-mem-access 1' command is executed.
13:27:05 INFO  : Context for 'APU' is selected.
13:27:05 INFO  : Sourcing of 'C:/Users/aguss/Desktop/hnn_fpga/hnn_fpga/hnn_fpga/_ide/psinit/ps7_init.tcl' is done.
13:27:06 INFO  : 'ps7_init' command is executed.
13:27:06 INFO  : 'ps7_post_config' command is executed.
13:27:06 INFO  : Context for processor 'ps7_cortexa9_0' is selected.
13:27:06 INFO  : The application 'C:/Users/aguss/Desktop/hnn_fpga/hnn_fpga/hnn_fpga/Debug/hnn_fpga.elf' is downloaded to processor 'ps7_cortexa9_0'.
13:27:06 INFO  : 'configparams force-mem-access 0' command is executed.
13:27:06 INFO  : ----------------XSDB Script----------------
connect -url tcp:127.0.0.1:3121
targets -set -nocase -filter {name =~"APU*"}
rst -system
after 3000
targets -set -filter {jtag_cable_name =~ "Digilent Zed 210248AA56D1" && level==0} -index 1
fpga -file C:/Users/aguss/Desktop/hnn_fpga/hnn_fpga/hnn_fpga/_ide/bitstream/hnn_fpga_wrapper.bit
targets -set -nocase -filter {name =~"APU*"}
loadhw -hw C:/Users/aguss/Desktop/hnn_fpga/hnn_fpga/hnn_fpga_wrapper/export/hnn_fpga_wrapper/hw/hnn_fpga_wrapper.xsa -mem-ranges [list {0x40000000 0xbfffffff}]
configparams force-mem-access 1
targets -set -nocase -filter {name =~"APU*"}
source C:/Users/aguss/Desktop/hnn_fpga/hnn_fpga/hnn_fpga/_ide/psinit/ps7_init.tcl
ps7_init
ps7_post_config
targets -set -nocase -filter {name =~ "*A9*#0"}
dow C:/Users/aguss/Desktop/hnn_fpga/hnn_fpga/hnn_fpga/Debug/hnn_fpga.elf
configparams force-mem-access 0
----------------End of Script----------------

13:27:06 INFO  : Context for processor 'ps7_cortexa9_0' is selected.
13:27:06 INFO  : 'con' command is executed.
13:27:06 INFO  : ----------------XSDB Script (After Launch)----------------
targets -set -nocase -filter {name =~ "*A9*#0"}
con
----------------End of Script----------------

13:27:06 INFO  : Disconnected from the channel tcfchan#12.
13:29:46 INFO  : Checking for BSP changes to sync application flags for project 'hnn_fpga'...
13:29:58 ERROR : (XSDB Server)ERROR: [Hsi 55-1571] The design file C:/Users/aguss/Desktop/hnn_fpga/hnn_fpga/hnn_fpga_wrapper/export/hnn_fpga_wrapper/hw/hnn_fpga_wrapper.xsa is already opened

13:30:21 INFO  : Connected to target on host '127.0.0.1' and port '3121'.
13:30:21 INFO  : Jtag cable 'Digilent Zed 210248AA56D1' is selected.
13:30:21 INFO  : 'jtag frequency' command is executed.
13:30:21 INFO  : Context for 'APU' is selected.
13:30:21 INFO  : System reset is completed.
13:30:24 INFO  : 'after 3000' command is executed.
13:30:25 INFO  : 'targets -set -filter {jtag_cable_name =~ "Digilent Zed 210248AA56D1" && level==0} -index 1' command is executed.
13:30:27 INFO  : FPGA configured successfully with bitstream "C:/Users/aguss/Desktop/hnn_fpga/hnn_fpga/hnn_fpga/_ide/bitstream/hnn_fpga_wrapper.bit"
13:30:27 INFO  : Context for 'APU' is selected.
13:30:27 INFO  : Hardware design information is loaded from 'C:/Users/aguss/Desktop/hnn_fpga/hnn_fpga/hnn_fpga_wrapper/export/hnn_fpga_wrapper/hw/hnn_fpga_wrapper.xsa'.
13:30:27 INFO  : 'configparams force-mem-access 1' command is executed.
13:30:27 INFO  : Context for 'APU' is selected.
13:30:27 INFO  : Sourcing of 'C:/Users/aguss/Desktop/hnn_fpga/hnn_fpga/hnn_fpga/_ide/psinit/ps7_init.tcl' is done.
13:30:28 INFO  : 'ps7_init' command is executed.
13:30:28 INFO  : 'ps7_post_config' command is executed.
13:30:28 INFO  : Context for processor 'ps7_cortexa9_0' is selected.
13:30:28 INFO  : The application 'C:/Users/aguss/Desktop/hnn_fpga/hnn_fpga/hnn_fpga/Debug/hnn_fpga.elf' is downloaded to processor 'ps7_cortexa9_0'.
13:30:28 INFO  : 'configparams force-mem-access 0' command is executed.
13:30:28 INFO  : ----------------XSDB Script----------------
connect -url tcp:127.0.0.1:3121
targets -set -nocase -filter {name =~"APU*"}
rst -system
after 3000
targets -set -filter {jtag_cable_name =~ "Digilent Zed 210248AA56D1" && level==0} -index 1
fpga -file C:/Users/aguss/Desktop/hnn_fpga/hnn_fpga/hnn_fpga/_ide/bitstream/hnn_fpga_wrapper.bit
targets -set -nocase -filter {name =~"APU*"}
loadhw -hw C:/Users/aguss/Desktop/hnn_fpga/hnn_fpga/hnn_fpga_wrapper/export/hnn_fpga_wrapper/hw/hnn_fpga_wrapper.xsa -mem-ranges [list {0x40000000 0xbfffffff}]
configparams force-mem-access 1
targets -set -nocase -filter {name =~"APU*"}
source C:/Users/aguss/Desktop/hnn_fpga/hnn_fpga/hnn_fpga/_ide/psinit/ps7_init.tcl
ps7_init
ps7_post_config
targets -set -nocase -filter {name =~ "*A9*#0"}
dow C:/Users/aguss/Desktop/hnn_fpga/hnn_fpga/hnn_fpga/Debug/hnn_fpga.elf
configparams force-mem-access 0
----------------End of Script----------------

13:30:28 INFO  : Context for processor 'ps7_cortexa9_0' is selected.
13:30:28 INFO  : 'con' command is executed.
13:30:28 INFO  : ----------------XSDB Script (After Launch)----------------
targets -set -nocase -filter {name =~ "*A9*#0"}
con
----------------End of Script----------------

13:30:28 INFO  : Disconnected from the channel tcfchan#14.
13:31:05 INFO  : Checking for BSP changes to sync application flags for project 'hnn_fpga'...
13:31:17 ERROR : (XSDB Server)ERROR: [Hsi 55-1571] The design file C:/Users/aguss/Desktop/hnn_fpga/hnn_fpga/hnn_fpga_wrapper/export/hnn_fpga_wrapper/hw/hnn_fpga_wrapper.xsa is already opened

13:31:33 INFO  : Connected to target on host '127.0.0.1' and port '3121'.
13:31:34 INFO  : Jtag cable 'Digilent Zed 210248AA56D1' is selected.
13:31:34 INFO  : 'jtag frequency' command is executed.
13:31:34 INFO  : Context for 'APU' is selected.
13:31:34 INFO  : System reset is completed.
13:31:37 INFO  : 'after 3000' command is executed.
13:31:37 INFO  : 'targets -set -filter {jtag_cable_name =~ "Digilent Zed 210248AA56D1" && level==0} -index 1' command is executed.
13:31:40 INFO  : FPGA configured successfully with bitstream "C:/Users/aguss/Desktop/hnn_fpga/hnn_fpga/hnn_fpga/_ide/bitstream/hnn_fpga_wrapper.bit"
13:31:40 INFO  : Context for 'APU' is selected.
13:31:40 INFO  : Hardware design information is loaded from 'C:/Users/aguss/Desktop/hnn_fpga/hnn_fpga/hnn_fpga_wrapper/export/hnn_fpga_wrapper/hw/hnn_fpga_wrapper.xsa'.
13:31:40 INFO  : 'configparams force-mem-access 1' command is executed.
13:31:40 INFO  : Context for 'APU' is selected.
13:31:40 INFO  : Sourcing of 'C:/Users/aguss/Desktop/hnn_fpga/hnn_fpga/hnn_fpga/_ide/psinit/ps7_init.tcl' is done.
13:31:41 INFO  : 'ps7_init' command is executed.
13:31:41 INFO  : 'ps7_post_config' command is executed.
13:31:41 INFO  : Context for processor 'ps7_cortexa9_0' is selected.
13:31:41 INFO  : The application 'C:/Users/aguss/Desktop/hnn_fpga/hnn_fpga/hnn_fpga/Debug/hnn_fpga.elf' is downloaded to processor 'ps7_cortexa9_0'.
13:31:41 INFO  : 'configparams force-mem-access 0' command is executed.
13:31:41 INFO  : ----------------XSDB Script----------------
connect -url tcp:127.0.0.1:3121
targets -set -nocase -filter {name =~"APU*"}
rst -system
after 3000
targets -set -filter {jtag_cable_name =~ "Digilent Zed 210248AA56D1" && level==0} -index 1
fpga -file C:/Users/aguss/Desktop/hnn_fpga/hnn_fpga/hnn_fpga/_ide/bitstream/hnn_fpga_wrapper.bit
targets -set -nocase -filter {name =~"APU*"}
loadhw -hw C:/Users/aguss/Desktop/hnn_fpga/hnn_fpga/hnn_fpga_wrapper/export/hnn_fpga_wrapper/hw/hnn_fpga_wrapper.xsa -mem-ranges [list {0x40000000 0xbfffffff}]
configparams force-mem-access 1
targets -set -nocase -filter {name =~"APU*"}
source C:/Users/aguss/Desktop/hnn_fpga/hnn_fpga/hnn_fpga/_ide/psinit/ps7_init.tcl
ps7_init
ps7_post_config
targets -set -nocase -filter {name =~ "*A9*#0"}
dow C:/Users/aguss/Desktop/hnn_fpga/hnn_fpga/hnn_fpga/Debug/hnn_fpga.elf
configparams force-mem-access 0
----------------End of Script----------------

13:31:41 INFO  : Context for processor 'ps7_cortexa9_0' is selected.
13:31:41 INFO  : 'con' command is executed.
13:31:41 INFO  : ----------------XSDB Script (After Launch)----------------
targets -set -nocase -filter {name =~ "*A9*#0"}
con
----------------End of Script----------------

13:31:41 INFO  : Disconnected from the channel tcfchan#16.
13:33:19 INFO  : Checking for BSP changes to sync application flags for project 'hnn_fpga'...
13:33:30 ERROR : (XSDB Server)ERROR: [Hsi 55-1571] The design file C:/Users/aguss/Desktop/hnn_fpga/hnn_fpga/hnn_fpga_wrapper/export/hnn_fpga_wrapper/hw/hnn_fpga_wrapper.xsa is already opened

13:33:47 INFO  : Connected to target on host '127.0.0.1' and port '3121'.
13:33:47 INFO  : Jtag cable 'Digilent Zed 210248AA56D1' is selected.
13:33:47 INFO  : 'jtag frequency' command is executed.
13:33:47 INFO  : Context for 'APU' is selected.
13:33:47 INFO  : System reset is completed.
13:33:50 INFO  : 'after 3000' command is executed.
13:33:51 INFO  : 'targets -set -filter {jtag_cable_name =~ "Digilent Zed 210248AA56D1" && level==0} -index 1' command is executed.
13:33:53 INFO  : FPGA configured successfully with bitstream "C:/Users/aguss/Desktop/hnn_fpga/hnn_fpga/hnn_fpga/_ide/bitstream/hnn_fpga_wrapper.bit"
13:33:53 INFO  : Context for 'APU' is selected.
13:33:53 INFO  : Hardware design information is loaded from 'C:/Users/aguss/Desktop/hnn_fpga/hnn_fpga/hnn_fpga_wrapper/export/hnn_fpga_wrapper/hw/hnn_fpga_wrapper.xsa'.
13:33:53 INFO  : 'configparams force-mem-access 1' command is executed.
13:33:53 INFO  : Context for 'APU' is selected.
13:33:53 INFO  : Sourcing of 'C:/Users/aguss/Desktop/hnn_fpga/hnn_fpga/hnn_fpga/_ide/psinit/ps7_init.tcl' is done.
13:33:54 INFO  : 'ps7_init' command is executed.
13:33:54 INFO  : 'ps7_post_config' command is executed.
13:33:54 INFO  : Context for processor 'ps7_cortexa9_0' is selected.
13:33:54 INFO  : The application 'C:/Users/aguss/Desktop/hnn_fpga/hnn_fpga/hnn_fpga/Debug/hnn_fpga.elf' is downloaded to processor 'ps7_cortexa9_0'.
13:33:54 INFO  : 'configparams force-mem-access 0' command is executed.
13:33:54 INFO  : ----------------XSDB Script----------------
connect -url tcp:127.0.0.1:3121
targets -set -nocase -filter {name =~"APU*"}
rst -system
after 3000
targets -set -filter {jtag_cable_name =~ "Digilent Zed 210248AA56D1" && level==0} -index 1
fpga -file C:/Users/aguss/Desktop/hnn_fpga/hnn_fpga/hnn_fpga/_ide/bitstream/hnn_fpga_wrapper.bit
targets -set -nocase -filter {name =~"APU*"}
loadhw -hw C:/Users/aguss/Desktop/hnn_fpga/hnn_fpga/hnn_fpga_wrapper/export/hnn_fpga_wrapper/hw/hnn_fpga_wrapper.xsa -mem-ranges [list {0x40000000 0xbfffffff}]
configparams force-mem-access 1
targets -set -nocase -filter {name =~"APU*"}
source C:/Users/aguss/Desktop/hnn_fpga/hnn_fpga/hnn_fpga/_ide/psinit/ps7_init.tcl
ps7_init
ps7_post_config
targets -set -nocase -filter {name =~ "*A9*#0"}
dow C:/Users/aguss/Desktop/hnn_fpga/hnn_fpga/hnn_fpga/Debug/hnn_fpga.elf
configparams force-mem-access 0
----------------End of Script----------------

13:33:54 INFO  : Context for processor 'ps7_cortexa9_0' is selected.
13:33:54 INFO  : 'con' command is executed.
13:33:54 INFO  : ----------------XSDB Script (After Launch)----------------
targets -set -nocase -filter {name =~ "*A9*#0"}
con
----------------End of Script----------------

13:33:54 INFO  : Disconnected from the channel tcfchan#18.
13:34:16 INFO  : Checking for BSP changes to sync application flags for project 'hnn_fpga'...
13:34:28 ERROR : (XSDB Server)ERROR: [Hsi 55-1571] The design file C:/Users/aguss/Desktop/hnn_fpga/hnn_fpga/hnn_fpga_wrapper/export/hnn_fpga_wrapper/hw/hnn_fpga_wrapper.xsa is already opened

13:34:41 INFO  : Checking for BSP changes to sync application flags for project 'hnn_fpga'...
13:34:48 ERROR : (XSDB Server)ERROR: [Hsi 55-1571] The design file C:/Users/aguss/Desktop/hnn_fpga/hnn_fpga/hnn_fpga_wrapper/export/hnn_fpga_wrapper/hw/hnn_fpga_wrapper.xsa is already opened

13:35:02 INFO  : Connected to target on host '127.0.0.1' and port '3121'.
13:35:02 INFO  : Jtag cable 'Digilent Zed 210248AA56D1' is selected.
13:35:02 INFO  : 'jtag frequency' command is executed.
13:35:02 INFO  : Context for 'APU' is selected.
13:35:02 INFO  : System reset is completed.
13:35:05 INFO  : 'after 3000' command is executed.
13:35:05 INFO  : 'targets -set -filter {jtag_cable_name =~ "Digilent Zed 210248AA56D1" && level==0} -index 1' command is executed.
13:35:08 INFO  : FPGA configured successfully with bitstream "C:/Users/aguss/Desktop/hnn_fpga/hnn_fpga/hnn_fpga/_ide/bitstream/hnn_fpga_wrapper.bit"
13:35:08 INFO  : Context for 'APU' is selected.
13:35:08 INFO  : Hardware design information is loaded from 'C:/Users/aguss/Desktop/hnn_fpga/hnn_fpga/hnn_fpga_wrapper/export/hnn_fpga_wrapper/hw/hnn_fpga_wrapper.xsa'.
13:35:08 INFO  : 'configparams force-mem-access 1' command is executed.
13:35:08 INFO  : Context for 'APU' is selected.
13:35:08 INFO  : Sourcing of 'C:/Users/aguss/Desktop/hnn_fpga/hnn_fpga/hnn_fpga/_ide/psinit/ps7_init.tcl' is done.
13:35:09 INFO  : 'ps7_init' command is executed.
13:35:09 INFO  : 'ps7_post_config' command is executed.
13:35:09 INFO  : Context for processor 'ps7_cortexa9_0' is selected.
13:35:09 INFO  : The application 'C:/Users/aguss/Desktop/hnn_fpga/hnn_fpga/hnn_fpga/Debug/hnn_fpga.elf' is downloaded to processor 'ps7_cortexa9_0'.
13:35:09 INFO  : 'configparams force-mem-access 0' command is executed.
13:35:09 INFO  : ----------------XSDB Script----------------
connect -url tcp:127.0.0.1:3121
targets -set -nocase -filter {name =~"APU*"}
rst -system
after 3000
targets -set -filter {jtag_cable_name =~ "Digilent Zed 210248AA56D1" && level==0} -index 1
fpga -file C:/Users/aguss/Desktop/hnn_fpga/hnn_fpga/hnn_fpga/_ide/bitstream/hnn_fpga_wrapper.bit
targets -set -nocase -filter {name =~"APU*"}
loadhw -hw C:/Users/aguss/Desktop/hnn_fpga/hnn_fpga/hnn_fpga_wrapper/export/hnn_fpga_wrapper/hw/hnn_fpga_wrapper.xsa -mem-ranges [list {0x40000000 0xbfffffff}]
configparams force-mem-access 1
targets -set -nocase -filter {name =~"APU*"}
source C:/Users/aguss/Desktop/hnn_fpga/hnn_fpga/hnn_fpga/_ide/psinit/ps7_init.tcl
ps7_init
ps7_post_config
targets -set -nocase -filter {name =~ "*A9*#0"}
dow C:/Users/aguss/Desktop/hnn_fpga/hnn_fpga/hnn_fpga/Debug/hnn_fpga.elf
configparams force-mem-access 0
----------------End of Script----------------

13:35:09 INFO  : Context for processor 'ps7_cortexa9_0' is selected.
13:35:09 INFO  : 'con' command is executed.
13:35:09 INFO  : ----------------XSDB Script (After Launch)----------------
targets -set -nocase -filter {name =~ "*A9*#0"}
con
----------------End of Script----------------

13:35:09 INFO  : Disconnected from the channel tcfchan#21.
13:35:46 INFO  : Connected to target on host '127.0.0.1' and port '3121'.
13:35:46 INFO  : Jtag cable 'Digilent Zed 210248AA56D1' is selected.
13:35:46 INFO  : 'jtag frequency' command is executed.
13:35:46 INFO  : Context for 'APU' is selected.
13:35:47 INFO  : System reset is completed.
13:35:50 INFO  : 'after 3000' command is executed.
13:35:50 INFO  : 'targets -set -filter {jtag_cable_name =~ "Digilent Zed 210248AA56D1" && level==0} -index 1' command is executed.
13:35:52 INFO  : FPGA configured successfully with bitstream "C:/Users/aguss/Desktop/hnn_fpga/hnn_fpga/hnn_fpga/_ide/bitstream/hnn_fpga_wrapper.bit"
13:35:52 INFO  : Context for 'APU' is selected.
13:35:58 INFO  : Hardware design information is loaded from 'C:/Users/aguss/Desktop/hnn_fpga/hnn_fpga/hnn_fpga_wrapper/export/hnn_fpga_wrapper/hw/hnn_fpga_wrapper.xsa'.
13:35:58 INFO  : 'configparams force-mem-access 1' command is executed.
13:35:58 INFO  : Context for 'APU' is selected.
13:35:58 INFO  : Sourcing of 'C:/Users/aguss/Desktop/hnn_fpga/hnn_fpga/hnn_fpga/_ide/psinit/ps7_init.tcl' is done.
13:35:59 INFO  : 'ps7_init' command is executed.
13:35:59 INFO  : 'ps7_post_config' command is executed.
13:35:59 INFO  : Context for processor 'ps7_cortexa9_0' is selected.
13:35:59 INFO  : The application 'C:/Users/aguss/Desktop/hnn_fpga/hnn_fpga/hnn_fpga/Debug/hnn_fpga.elf' is downloaded to processor 'ps7_cortexa9_0'.
13:35:59 INFO  : 'configparams force-mem-access 0' command is executed.
13:35:59 INFO  : ----------------XSDB Script----------------
connect -url tcp:127.0.0.1:3121
targets -set -nocase -filter {name =~"APU*"}
rst -system
after 3000
targets -set -filter {jtag_cable_name =~ "Digilent Zed 210248AA56D1" && level==0} -index 1
fpga -file C:/Users/aguss/Desktop/hnn_fpga/hnn_fpga/hnn_fpga/_ide/bitstream/hnn_fpga_wrapper.bit
targets -set -nocase -filter {name =~"APU*"}
loadhw -hw C:/Users/aguss/Desktop/hnn_fpga/hnn_fpga/hnn_fpga_wrapper/export/hnn_fpga_wrapper/hw/hnn_fpga_wrapper.xsa -mem-ranges [list {0x40000000 0xbfffffff}]
configparams force-mem-access 1
targets -set -nocase -filter {name =~"APU*"}
source C:/Users/aguss/Desktop/hnn_fpga/hnn_fpga/hnn_fpga/_ide/psinit/ps7_init.tcl
ps7_init
ps7_post_config
targets -set -nocase -filter {name =~ "*A9*#0"}
dow C:/Users/aguss/Desktop/hnn_fpga/hnn_fpga/hnn_fpga/Debug/hnn_fpga.elf
configparams force-mem-access 0
----------------End of Script----------------

13:35:59 INFO  : Context for processor 'ps7_cortexa9_0' is selected.
13:36:00 INFO  : 'con' command is executed.
13:36:00 INFO  : ----------------XSDB Script (After Launch)----------------
targets -set -nocase -filter {name =~ "*A9*#0"}
con
----------------End of Script----------------

13:36:00 INFO  : Disconnected from the channel tcfchan#22.
13:37:08 INFO  : Checking for BSP changes to sync application flags for project 'hnn_fpga'...
13:37:20 ERROR : (XSDB Server)ERROR: [Hsi 55-1571] The
13:37:20 ERROR : (XSDB Server) design file C:/Users/aguss/Desktop/hnn_fpga/hnn_fpga/
13:37:20 ERROR : (XSDB Server)h
13:37:20 ERROR : (XSDB Server)n
13:37:20 ERROR : (XSDB Server)n
13:37:20 ERROR : (XSDB Server)_
13:37:20 ERROR : (XSDB Server)f
13:37:20 ERROR : (XSDB Server)pga_wra
13:37:20 ERROR : (XSDB Server)p
13:37:20 ERROR : (XSDB Server)p
13:37:20 ERROR : (XSDB Server)er/ex
13:37:20 ERROR : (XSDB Server)port/hnn_
13:37:20 ERROR : (XSDB Server)fpga_wrapper/hw/h
13:37:20 ERROR : (XSDB Server)nn_fpga_wrapper.xsa is already opened

13:37:35 INFO  : Connected to target on host '127.0.0.1' and port '3121'.
13:37:36 INFO  : Jtag cable 'Digilent Zed 210248AA56D1' is selected.
13:37:36 INFO  : 'jtag frequency' command is executed.
13:37:36 INFO  : Context for 'APU' is selected.
13:37:36 INFO  : System reset is completed.
13:37:39 INFO  : 'after 3000' command is executed.
13:37:39 INFO  : 'targets -set -filter {jtag_cable_name =~ "Digilent Zed 210248AA56D1" && level==0} -index 1' command is executed.
13:37:42 INFO  : FPGA configured successfully with bitstream "C:/Users/aguss/Desktop/hnn_fpga/hnn_fpga/hnn_fpga/_ide/bitstream/hnn_fpga_wrapper.bit"
13:37:42 INFO  : Context for 'APU' is selected.
13:37:42 INFO  : Hardware design information is loaded from 'C:/Users/aguss/Desktop/hnn_fpga/hnn_fpga/hnn_fpga_wrapper/export/hnn_fpga_wrapper/hw/hnn_fpga_wrapper.xsa'.
13:37:42 INFO  : 'configparams force-mem-access 1' command is executed.
13:37:42 INFO  : Context for 'APU' is selected.
13:37:42 INFO  : Sourcing of 'C:/Users/aguss/Desktop/hnn_fpga/hnn_fpga/hnn_fpga/_ide/psinit/ps7_init.tcl' is done.
13:37:43 INFO  : 'ps7_init' command is executed.
13:37:43 INFO  : 'ps7_post_config' command is executed.
13:37:43 INFO  : Context for processor 'ps7_cortexa9_0' is selected.
13:37:43 INFO  : The application 'C:/Users/aguss/Desktop/hnn_fpga/hnn_fpga/hnn_fpga/Debug/hnn_fpga.elf' is downloaded to processor 'ps7_cortexa9_0'.
13:37:43 INFO  : 'configparams force-mem-access 0' command is executed.
13:37:43 INFO  : ----------------XSDB Script----------------
connect -url tcp:127.0.0.1:3121
targets -set -nocase -filter {name =~"APU*"}
rst -system
after 3000
targets -set -filter {jtag_cable_name =~ "Digilent Zed 210248AA56D1" && level==0} -index 1
fpga -file C:/Users/aguss/Desktop/hnn_fpga/hnn_fpga/hnn_fpga/_ide/bitstream/hnn_fpga_wrapper.bit
targets -set -nocase -filter {name =~"APU*"}
loadhw -hw C:/Users/aguss/Desktop/hnn_fpga/hnn_fpga/hnn_fpga_wrapper/export/hnn_fpga_wrapper/hw/hnn_fpga_wrapper.xsa -mem-ranges [list {0x40000000 0xbfffffff}]
configparams force-mem-access 1
targets -set -nocase -filter {name =~"APU*"}
source C:/Users/aguss/Desktop/hnn_fpga/hnn_fpga/hnn_fpga/_ide/psinit/ps7_init.tcl
ps7_init
ps7_post_config
targets -set -nocase -filter {name =~ "*A9*#0"}
dow C:/Users/aguss/Desktop/hnn_fpga/hnn_fpga/hnn_fpga/Debug/hnn_fpga.elf
configparams force-mem-access 0
----------------End of Script----------------

13:37:43 INFO  : Context for processor 'ps7_cortexa9_0' is selected.
13:37:43 INFO  : 'con' command is executed.
13:37:43 INFO  : ----------------XSDB Script (After Launch)----------------
targets -set -nocase -filter {name =~ "*A9*#0"}
con
----------------End of Script----------------

13:37:43 INFO  : Disconnected from the channel tcfchan#24.
13:38:25 INFO  : Checking for BSP changes to sync application flags for project 'hnn_fpga'...
13:38:36 ERROR : (XSDB Server)ERROR: [Hsi 55-1571] The design file C:/Users/aguss/Desktop/hnn_fpga/hnn_fpga/hnn_fpga_wrapper/export/hnn_fpga_wrapper/hw/hnn_fpga_wrapper.xsa is already opened

13:38:52 INFO  : Connected to target on host '127.0.0.1' and port '3121'.
13:38:52 INFO  : Jtag cable 'Digilent Zed 210248AA56D1' is selected.
13:38:52 INFO  : 'jtag frequency' command is executed.
13:38:52 INFO  : Context for 'APU' is selected.
13:38:52 INFO  : System reset is completed.
13:38:55 INFO  : 'after 3000' command is executed.
13:38:56 INFO  : 'targets -set -filter {jtag_cable_name =~ "Digilent Zed 210248AA56D1" && level==0} -index 1' command is executed.
13:38:58 INFO  : FPGA configured successfully with bitstream "C:/Users/aguss/Desktop/hnn_fpga/hnn_fpga/hnn_fpga/_ide/bitstream/hnn_fpga_wrapper.bit"
13:38:58 INFO  : Context for 'APU' is selected.
13:38:58 INFO  : Hardware design information is loaded from 'C:/Users/aguss/Desktop/hnn_fpga/hnn_fpga/hnn_fpga_wrapper/export/hnn_fpga_wrapper/hw/hnn_fpga_wrapper.xsa'.
13:38:58 INFO  : 'configparams force-mem-access 1' command is executed.
13:38:58 INFO  : Context for 'APU' is selected.
13:38:58 INFO  : Sourcing of 'C:/Users/aguss/Desktop/hnn_fpga/hnn_fpga/hnn_fpga/_ide/psinit/ps7_init.tcl' is done.
13:38:59 INFO  : 'ps7_init' command is executed.
13:38:59 INFO  : 'ps7_post_config' command is executed.
13:38:59 INFO  : Context for processor 'ps7_cortexa9_0' is selected.
13:38:59 INFO  : The application 'C:/Users/aguss/Desktop/hnn_fpga/hnn_fpga/hnn_fpga/Debug/hnn_fpga.elf' is downloaded to processor 'ps7_cortexa9_0'.
13:38:59 INFO  : 'configparams force-mem-access 0' command is executed.
13:38:59 INFO  : ----------------XSDB Script----------------
connect -url tcp:127.0.0.1:3121
targets -set -nocase -filter {name =~"APU*"}
rst -system
after 3000
targets -set -filter {jtag_cable_name =~ "Digilent Zed 210248AA56D1" && level==0} -index 1
fpga -file C:/Users/aguss/Desktop/hnn_fpga/hnn_fpga/hnn_fpga/_ide/bitstream/hnn_fpga_wrapper.bit
targets -set -nocase -filter {name =~"APU*"}
loadhw -hw C:/Users/aguss/Desktop/hnn_fpga/hnn_fpga/hnn_fpga_wrapper/export/hnn_fpga_wrapper/hw/hnn_fpga_wrapper.xsa -mem-ranges [list {0x40000000 0xbfffffff}]
configparams force-mem-access 1
targets -set -nocase -filter {name =~"APU*"}
source C:/Users/aguss/Desktop/hnn_fpga/hnn_fpga/hnn_fpga/_ide/psinit/ps7_init.tcl
ps7_init
ps7_post_config
targets -set -nocase -filter {name =~ "*A9*#0"}
dow C:/Users/aguss/Desktop/hnn_fpga/hnn_fpga/hnn_fpga/Debug/hnn_fpga.elf
configparams force-mem-access 0
----------------End of Script----------------

13:38:59 INFO  : Context for processor 'ps7_cortexa9_0' is selected.
13:38:59 INFO  : 'con' command is executed.
13:38:59 INFO  : ----------------XSDB Script (After Launch)----------------
targets -set -nocase -filter {name =~ "*A9*#0"}
con
----------------End of Script----------------

13:38:59 INFO  : Disconnected from the channel tcfchan#26.
13:41:05 INFO  : Checking for BSP changes to sync application flags for project 'hnn_fpga'...
13:41:16 ERROR : (XSDB Server)ERROR: [Hsi 55-1571] Th
13:41:16 ERROR : (XSDB Server)e design file C:/Users/aguss/Desktop/hnn_f
13:41:16 ERROR : (XSDB Server)pga/hnn_fpga/h
13:41:16 ERROR : (XSDB Server)nn_fpga_wrapper/export/hnn_fpga_wra
13:41:16 ERROR : (XSDB Server)pper/hw/hnn_f
13:41:16 ERROR : (XSDB Server)p
13:41:16 ERROR : (XSDB Server)ga_wrapper.xsa is already o
13:41:16 ERROR : (XSDB Server)pened

13:41:31 INFO  : Connected to target on host '127.0.0.1' and port '3121'.
13:41:32 INFO  : Jtag cable 'Digilent Zed 210248AA56D1' is selected.
13:41:32 INFO  : 'jtag frequency' command is executed.
13:41:32 INFO  : Context for 'APU' is selected.
13:41:32 INFO  : System reset is completed.
13:41:35 INFO  : 'after 3000' command is executed.
13:41:35 INFO  : 'targets -set -filter {jtag_cable_name =~ "Digilent Zed 210248AA56D1" && level==0} -index 1' command is executed.
13:41:38 INFO  : FPGA configured successfully with bitstream "C:/Users/aguss/Desktop/hnn_fpga/hnn_fpga/hnn_fpga/_ide/bitstream/hnn_fpga_wrapper.bit"
13:41:38 INFO  : Context for 'APU' is selected.
13:41:38 INFO  : Hardware design information is loaded from 'C:/Users/aguss/Desktop/hnn_fpga/hnn_fpga/hnn_fpga_wrapper/export/hnn_fpga_wrapper/hw/hnn_fpga_wrapper.xsa'.
13:41:38 INFO  : 'configparams force-mem-access 1' command is executed.
13:41:38 INFO  : Context for 'APU' is selected.
13:41:38 INFO  : Sourcing of 'C:/Users/aguss/Desktop/hnn_fpga/hnn_fpga/hnn_fpga/_ide/psinit/ps7_init.tcl' is done.
13:41:38 INFO  : 'ps7_init' command is executed.
13:41:38 INFO  : 'ps7_post_config' command is executed.
13:41:38 INFO  : Context for processor 'ps7_cortexa9_0' is selected.
13:41:39 INFO  : The application 'C:/Users/aguss/Desktop/hnn_fpga/hnn_fpga/hnn_fpga/Debug/hnn_fpga.elf' is downloaded to processor 'ps7_cortexa9_0'.
13:41:39 INFO  : 'configparams force-mem-access 0' command is executed.
13:41:39 INFO  : ----------------XSDB Script----------------
connect -url tcp:127.0.0.1:3121
targets -set -nocase -filter {name =~"APU*"}
rst -system
after 3000
targets -set -filter {jtag_cable_name =~ "Digilent Zed 210248AA56D1" && level==0} -index 1
fpga -file C:/Users/aguss/Desktop/hnn_fpga/hnn_fpga/hnn_fpga/_ide/bitstream/hnn_fpga_wrapper.bit
targets -set -nocase -filter {name =~"APU*"}
loadhw -hw C:/Users/aguss/Desktop/hnn_fpga/hnn_fpga/hnn_fpga_wrapper/export/hnn_fpga_wrapper/hw/hnn_fpga_wrapper.xsa -mem-ranges [list {0x40000000 0xbfffffff}]
configparams force-mem-access 1
targets -set -nocase -filter {name =~"APU*"}
source C:/Users/aguss/Desktop/hnn_fpga/hnn_fpga/hnn_fpga/_ide/psinit/ps7_init.tcl
ps7_init
ps7_post_config
targets -set -nocase -filter {name =~ "*A9*#0"}
dow C:/Users/aguss/Desktop/hnn_fpga/hnn_fpga/hnn_fpga/Debug/hnn_fpga.elf
configparams force-mem-access 0
----------------End of Script----------------

13:41:39 INFO  : Context for processor 'ps7_cortexa9_0' is selected.
13:41:39 INFO  : 'con' command is executed.
13:41:39 INFO  : ----------------XSDB Script (After Launch)----------------
targets -set -nocase -filter {name =~ "*A9*#0"}
con
----------------End of Script----------------

13:41:39 INFO  : Disconnected from the channel tcfchan#28.
