21:32:28 **** Build of project vck190 ****
buildplatform.bat 57025 vck190  
XSDB Server Channel: tcfchan#1
Building the BSP Library for domain  - standalone_domain on processor psv_cortexa72_0
"Running Make include in psv_cortexa72_0/libsrc/canfd_v2_2/src"

make -C psv_cortexa72_0/libsrc/canfd_v2_2/src -s include  "SHELL=CMD" "COMPILER=aarch64-none-elf-gcc" "ARCHIVER=aarch64-none-el
f-ar" "COMPILER_FLAGS=  -O2 -c" "EXTRA_COMPILER_FLAGS=-g -Wall -Wextra -Dversal -DARMA72_EL3"

"Running Make include in psv_cortexa72_0/libsrc/cframe_v1_0/src"

make -C psv_cortexa72_0/libsrc/cframe_v1_0/src -s include  "SHELL=CMD" "COMPILER=aarch64-none-elf-gcc" "ARCHIVER=aarch64-none-e
lf-ar" "COMPILER_FLAGS=  -O2 -c" "EXTRA_COMPILER_FLAGS=-g -Wall -Wextra -Dversal -DARMA72_EL3"

"Running Make include in psv_cortexa72_0/libsrc/cfupmc_v1_0/src"

make -C psv_cortexa72_0/libsrc/cfupmc_v1_0/src -s include  "SHELL=CMD" "COMPILER=aarch64-none-elf-gcc" "ARCHIVER=aarch64-none-e
lf-ar" "COMPILER_FLAGS=  -O2 -c" "EXTRA_COMPILER_FLAGS=-g -Wall -Wextra -Dversal -DARMA72_EL3"

"Running Make include in psv_cortexa72_0/libsrc/coresightps_dcc_v1_6/src"

make -C psv_cortexa72_0/libsrc/coresightps_dcc_v1_6/src -s include  "SHELL=CMD" "COMPILER=aarch64-none-elf-gcc" "ARCHIVER=aarch
64-none-elf-ar" "COMPILER_FLAGS=  -O2 -c" "EXTRA_COMPILER_FLAGS=-g -Wall -Wextra -Dversal -DARMA72_EL3"

"Running Make include in psv_cortexa72_0/libsrc/cpu_cortexa72_v1_0/src"

make -C psv_cortexa72_0/libsrc/cpu_cortexa72_v1_0/src -s include  "SHELL=CMD" "COMPILER=aarch64-none-elf-gcc" "ARCHIVER=aarch64
-none-elf-ar" "COMPILER_FLAGS=  -O2 -c" "EXTRA_COMPILER_FLAGS=-g -Wall -Wextra -Dversal -DARMA72_EL3"

"Running Make include in psv_cortexa72_0/libsrc/csudma_v1_5/src"

make -C psv_cortexa72_0/libsrc/csudma_v1_5/src -s include  "SHELL=CMD" "COMPILER=aarch64-none-elf-gcc" "ARCHIVER=aarch64-none-e
lf-ar" "COMPILER_FLAGS=  -O2 -c" "EXTRA_COMPILER_FLAGS=-g -Wall -Wextra -Dversal -DARMA72_EL3"

"Running Make include in psv_cortexa72_0/libsrc/ddrpsv_v1_1/src"

make -C psv_cortexa72_0/libsrc/ddrpsv_v1_1/src -s include  "SHELL=CMD" "COMPILER=aarch64-none-elf-gcc" "ARCHIVER=aarch64-none-e
lf-ar" "COMPILER_FLAGS=  -O2 -c" "EXTRA_COMPILER_FLAGS=-g -Wall -Wextra -Dversal -DARMA72_EL3"

"Running Make include in psv_cortexa72_0/libsrc/emacps_v3_10/src"

make -C psv_cortexa72_0/libsrc/emacps_v3_10/src -s include  "SHELL=CMD" "COMPILER=aarch64-none-elf-gcc" "ARCHIVER=aarch64-none-
elf-ar" "COMPILER_FLAGS=  -O2 -c" "EXTRA_COMPILER_FLAGS=-g -Wall -Wextra -Dversal -DARMA72_EL3"

"Running Make include in psv_cortexa72_0/libsrc/iicps_v3_10/src"

make -C psv_cortexa72_0/libsrc/iicps_v3_10/src -s include  "SHELL=CMD" "COMPILER=aarch64-none-elf-gcc" "ARCHIVER=aarch64-none-e
lf-ar" "COMPILER_FLAGS=  -O2 -c" "EXTRA_COMPILER_FLAGS=-g -Wall -Wextra -Dversal -DARMA72_EL3"

"Running Make include in psv_cortexa72_0/libsrc/ipipsu_v2_5/src"

make -C psv_cortexa72_0/libsrc/ipipsu_v2_5/src -s include  "SHELL=CMD" "COMPILER=aarch64-none-elf-gcc" "ARCHIVER=aarch64-none-e
lf-ar" "COMPILER_FLAGS=  -O2 -c" "EXTRA_COMPILER_FLAGS=-g -Wall -Wextra -Dversal -DARMA72_EL3"

"Running Make include in psv_cortexa72_0/libsrc/qspipsu_v1_10/src"

make -C psv_cortexa72_0/libsrc/qspipsu_v1_10/src -s include  "SHELL=CMD" "COMPILER=aarch64-none-elf-gcc" "ARCHIVER=aarch64-none
-elf-ar" "COMPILER_FLAGS=  -O2 -c" "EXTRA_COMPILER_FLAGS=-g -Wall -Wextra -Dversal -DARMA72_EL3"

"Running Make include in psv_cortexa72_0/libsrc/rtcpsu_v1_8/src"

make -C psv_cortexa72_0/libsrc/rtcpsu_v1_8/src -s include  "SHELL=CMD" "COMPILER=aarch64-none-elf-gcc" "ARCHIVER=aarch64-none-e
lf-ar" "COMPILER_FLAGS=  -O2 -c" "EXTRA_COMPILER_FLAGS=-g -Wall -Wextra -Dversal -DARMA72_EL3"

"Running Make include in psv_cortexa72_0/libsrc/scugic_v4_1/src"

make -C psv_cortexa72_0/libsrc/scugic_v4_1/src -s include  "SHELL=CMD" "COMPILER=aarch64-none-elf-gcc" "ARCHIVER=aarch64-none-e
lf-ar" "COMPILER_FLAGS=  -O2 -c" "EXTRA_COMPILER_FLAGS=-g -Wall -Wextra -Dversal -DARMA72_EL3"

"Running Make include in psv_cortexa72_0/libsrc/sdps_v3_8/src"

make -C psv_cortexa72_0/libsrc/sdps_v3_8/src -s include  "SHELL=CMD" "COMPILER=aarch64-none-elf-gcc" "ARCHIVER=aarch64-none-elf
-ar" "COMPILER_FLAGS=  -O2 -c" "EXTRA_COMPILER_FLAGS=-g -Wall -Wextra -Dversal -DARMA72_EL3"

"Running Make include in psv_cortexa72_0/libsrc/standalone_v7_1/src"

make -C psv_cortexa72_0/libsrc/standalone_v7_1/src -s include  "SHELL=CMD" "COMPILER=aarch64-none-elf-gcc" "ARCHIVER=aarch64-no
ne-elf-ar" "COMPILER_FLAGS=  -O2 -c" "EXTRA_COMPILER_FLAGS=-g -Wall -Wextra -Dversal -DARMA72_EL3"

"Running Make include in psv_cortexa72_0/libsrc/sysmonpsv_v1_1/src"

make -C psv_cortexa72_0/libsrc/sysmonpsv_v1_1/src -s include  "SHELL=CMD" "COMPILER=aarch64-none-elf-gcc" "ARCHIVER=aarch64-non
e-elf-ar" "COMPILER_FLAGS=  -O2 -c" "EXTRA_COMPILER_FLAGS=-g -Wall -Wextra -Dversal -DARMA72_EL3"

"Running Make include in psv_cortexa72_0/libsrc/ttcps_v3_10/src"

make -C psv_cortexa72_0/libsrc/ttcps_v3_10/src -s include  "SHELL=CMD" "COMPILER=aarch64-none-elf-gcc" "ARCHIVER=aarch64-none-e
lf-ar" "COMPILER_FLAGS=  -O2 -c" "EXTRA_COMPILER_FLAGS=-g -Wall -Wextra -Dversal -DARMA72_EL3"

"Running Make include in psv_cortexa72_0/libsrc/uartlite_v3_3/src"

make -C psv_cortexa72_0/libsrc/uartlite_v3_3/src -s include  "SHELL=CMD" "COMPILER=aarch64-none-elf-gcc" "ARCHIVER=aarch64-none
-elf-ar" "COMPILER_FLAGS=  -O2 -c" "EXTRA_COMPILER_FLAGS=-g -Wall -Wextra -Dversal -DARMA72_EL3"

"Running Make include in psv_cortexa72_0/libsrc/uartpsv_v1_1/src"

make -C psv_cortexa72_0/libsrc/uartpsv_v1_1/src -s include  "SHELL=CMD" "COMPILER=aarch64-none-elf-gcc" "ARCHIVER=aarch64-none-
elf-ar" "COMPILER_FLAGS=  -O2 -c" "EXTRA_COMPILER_FLAGS=-g -Wall -Wextra -Dversal -DARMA72_EL3"

"Running Make include in psv_cortexa72_0/libsrc/usbpsu_v1_6/src"

make -C psv_cortexa72_0/libsrc/usbpsu_v1_6/src -s include  "SHELL=CMD" "COMPILER=aarch64-none-elf-gcc" "ARCHIVER=aarch64-none-e
lf-ar" "COMPILER_FLAGS=  -O2 -c" "EXTRA_COMPILER_FLAGS=-g -Wall -Wextra -Dversal -DARMA72_EL3"

"Running Make include in psv_cortexa72_0/libsrc/zdma_v1_8/src"

make -C psv_cortexa72_0/libsrc/zdma_v1_8/src -s include  "SHELL=CMD" "COMPILER=aarch64-none-elf-gcc" "ARCHIVER=aarch64-none-elf
-ar" "COMPILER_FLAGS=  -O2 -c" "EXTRA_COMPILER_FLAGS=-g -Wall -Wextra -Dversal -DARMA72_EL3"

"Running Make libs in psv_cortexa72_0/libsrc/canfd_v2_2/src"

make -C psv_cortexa72_0/libsrc/canfd_v2_2/src -s libs  "SHELL=CMD" "COMPILER=aarch64-none-elf-gcc" "ARCHIVER=aarch64-none-elf-a
r" "COMPILER_FLAGS=  -O2 -c" "EXTRA_COMPILER_FLAGS=-g -Wall -Wextra -Dversal -DARMA72_EL3"

"Compiling can"

aarch64-none-elf-ar: creating ../../../lib/libxil.a
"Running Make libs in psv_cortexa72_0/libsrc/cframe_v1_0/src"

make -C psv_cortexa72_0/libsrc/cframe_v1_0/src -s libs  "SHELL=CMD" "COMPILER=aarch64-none-elf-gcc" "ARCHIVER=aarch64-none-elf-
ar" "COMPILER_FLAGS=  -O2 -c" "EXTRA_COMPILER_FLAGS=-g -Wall -Wextra -Dversal -DARMA72_EL3"

"Compiling cframe"

"Running Make libs in psv_cortexa72_0/libsrc/cfupmc_v1_0/src"

make -C psv_cortexa72_0/libsrc/cfupmc_v1_0/src -s libs  "SHELL=CMD" "COMPILER=aarch64-none-elf-gcc" "ARCHIVER=aarch64-none-elf-
ar" "COMPILER_FLAGS=  -O2 -c" "EXTRA_COMPILER_FLAGS=-g -Wall -Wextra -Dversal -DARMA72_EL3"

"Compiling cfupmc"

"Running Make libs in psv_cortexa72_0/libsrc/coresightps_dcc_v1_6/src"

make -C psv_cortexa72_0/libsrc/coresightps_dcc_v1_6/src -s libs  "SHELL=CMD" "COMPILER=aarch64-none-elf-gcc" "ARCHIVER=aarch64-
none-elf-ar" "COMPILER_FLAGS=  -O2 -c" "EXTRA_COMPILER_FLAGS=-g -Wall -Wextra -Dversal -DARMA72_EL3"

"Compiling coresightps_dcc"

"Running Make libs in psv_cortexa72_0/libsrc/cpu_cortexa72_v1_0/src"

make -C psv_cortexa72_0/libsrc/cpu_cortexa72_v1_0/src -s libs  "SHELL=CMD" "COMPILER=aarch64-none-elf-gcc" "ARCHIVER=aarch64-no
ne-elf-ar" "COMPILER_FLAGS=  -O2 -c" "EXTRA_COMPILER_FLAGS=-g -Wall -Wextra -Dversal -DARMA72_EL3"

"Compiling cpu_cortexa72"

"Running Make libs in psv_cortexa72_0/libsrc/csudma_v1_5/src"

make -C psv_cortexa72_0/libsrc/csudma_v1_5/src -s libs  "SHELL=CMD" "COMPILER=aarch64-none-elf-gcc" "ARCHIVER=aarch64-none-elf-
ar" "COMPILER_FLAGS=  -O2 -c" "EXTRA_COMPILER_FLAGS=-g -Wall -Wextra -Dversal -DARMA72_EL3"

"Compiling csudma"

"Running Make libs in psv_cortexa72_0/libsrc/ddrpsv_v1_1/src"

make -C psv_cortexa72_0/libsrc/ddrpsv_v1_1/src -s libs  "SHELL=CMD" "COMPILER=aarch64-none-elf-gcc" "ARCHIVER=aarch64-none-elf-
ar" "COMPILER_FLAGS=  -O2 -c" "EXTRA_COMPILER_FLAGS=-g -Wall -Wextra -Dversal -DARMA72_EL3"

"Compiling ddrpsv"

"Running Make libs in psv_cortexa72_0/libsrc/emacps_v3_10/src"

make -C psv_cortexa72_0/libsrc/emacps_v3_10/src -s libs  "SHELL=CMD" "COMPILER=aarch64-none-elf-gcc" "ARCHIVER=aarch64-none-elf
-ar" "COMPILER_FLAGS=  -O2 -c" "EXTRA_COMPILER_FLAGS=-g -Wall -Wextra -Dversal -DARMA72_EL3"

"Compiling emacps"

"Running Make libs in psv_cortexa72_0/libsrc/iicps_v3_10/src"

make -C psv_cortexa72_0/libsrc/iicps_v3_10/src -s libs  "SHELL=CMD" "COMPILER=aarch64-none-elf-gcc" "ARCHIVER=aarch64-none-elf-
ar" "COMPILER_FLAGS=  -O2 -c" "EXTRA_COMPILER_FLAGS=-g -Wall -Wextra -Dversal -DARMA72_EL3"

"Compiling iicps"

"Running Make libs in psv_cortexa72_0/libsrc/ipipsu_v2_5/src"

make -C psv_cortexa72_0/libsrc/ipipsu_v2_5/src -s libs  "SHELL=CMD" "COMPILER=aarch64-none-elf-gcc" "ARCHIVER=aarch64-none-elf-
ar" "COMPILER_FLAGS=  -O2 -c" "EXTRA_COMPILER_FLAGS=-g -Wall -Wextra -Dversal -DARMA72_EL3"

"Compiling ipipsu"

"Running Make libs in psv_cortexa72_0/libsrc/qspipsu_v1_10/src"

make -C psv_cortexa72_0/libsrc/qspipsu_v1_10/src -s libs  "SHELL=CMD" "COMPILER=aarch64-none-elf-gcc" "ARCHIVER=aarch64-none-el
f-ar" "COMPILER_FLAGS=  -O2 -c" "EXTRA_COMPILER_FLAGS=-g -Wall -Wextra -Dversal -DARMA72_EL3"

"Compiling qspipsu"

"Running Make libs in psv_cortexa72_0/libsrc/rtcpsu_v1_8/src"

make -C psv_cortexa72_0/libsrc/rtcpsu_v1_8/src -s libs  "SHELL=CMD" "COMPILER=aarch64-none-elf-gcc" "ARCHIVER=aarch64-none-elf-
ar" "COMPILER_FLAGS=  -O2 -c" "EXTRA_COMPILER_FLAGS=-g -Wall -Wextra -Dversal -DARMA72_EL3"

"Compiling rtcpsu"

"Running Make libs in psv_cortexa72_0/libsrc/scugic_v4_1/src"

make -C psv_cortexa72_0/libsrc/scugic_v4_1/src -s libs  "SHELL=CMD" "COMPILER=aarch64-none-elf-gcc" "ARCHIVER=aarch64-none-elf-
ar" "COMPILER_FLAGS=  -O2 -c" "EXTRA_COMPILER_FLAGS=-g -Wall -Wextra -Dversal -DARMA72_EL3"

"Compiling scugic"

"Running Make libs in psv_cortexa72_0/libsrc/sdps_v3_8/src"

make -C psv_cortexa72_0/libsrc/sdps_v3_8/src -s libs  "SHELL=CMD" "COMPILER=aarch64-none-elf-gcc" "ARCHIVER=aarch64-none-elf-ar
" "COMPILER_FLAGS=  -O2 -c" "EXTRA_COMPILER_FLAGS=-g -Wall -Wextra -Dversal -DARMA72_EL3"

"Compiling sdps"

"Running Make libs in psv_cortexa72_0/libsrc/standalone_v7_1/src"

make -C psv_cortexa72_0/libsrc/standalone_v7_1/src -s libs  "SHELL=CMD" "COMPILER=aarch64-none-elf-gcc" "ARCHIVER=aarch64-none-
elf-ar" "COMPILER_FLAGS=  -O2 -c" "EXTRA_COMPILER_FLAGS=-g -Wall -Wextra -Dversal -DARMA72_EL3"

"Compiling standalone ARMv8 64 bit"

In file included from xil_sleeptimer.c:52:
xtime_l.h:85:9: note: #pragma message: For the sleep routines, Global timer is being used
 #pragma message ("For the sleep routines, Global timer is being used")
         ^~~~~~~
In file included from xtime_l.c:50:
xtime_l.h:85:9: note: #pragma message: For the sleep routines, Global timer is being used
 #pragma message ("For the sleep routines, Global timer is being used")
         ^~~~~~~
In file included from sleep.c:57:
xtime_l.h:85:9: note: #pragma message: For the sleep routines, Global timer is being used
 #pragma message ("For the sleep routines, Global timer is being used")
         ^~~~~~~
translation_table.S:172:2: warning: #warning "There's no DDR_1 in the HW design. MMU translation table marks 32 GB DDR address space as undefined" [-Wcpp]
 #warning "There's no DDR_1 in the HW design. MMU translation table marks 32 GB DDR address space as undefined"
  ^~~~~~~
translation_table.S:213:2: warning: #warning "There's no DDR_LOW_2 in the HW design. MMU translation table marks 256 GB DDR address space as undefined" [-Wcpp]
 #warning "There's no DDR_LOW_2 in the HW design. MMU translation table marks 256 GB DDR address space as undefined"
  ^~~~~~~
translation_table.S:240:2: warning: #warning "There's no DDR_LOW_3 in the HW design. MMU translation table marks 734 GB DDR address space as undefined" [-Wcpp]
 #warning "There's no DDR_LOW_3 in the HW design. MMU translation table marks 734 GB DDR address space as undefined"
  ^~~~~~~
translation_table.S:282:2: warning: #warning "There's no DDR_CH_1 in the HW design. MMU translation table marks 1 TB DDR address space as undefined" [-Wcpp]
 #warning "There's no DDR_CH_1 in the HW design. MMU translation table marks 1 TB DDR address space as undefined"
  ^~~~~~~
translation_table.S:309:2: warning: #warning "There's no DDR_CH_2 in the HW design. MMU translation table marks 1 TB DDR address space as undefined" [-Wcpp]
 #warning "There's no DDR_CH_2 in the HW design. MMU translation table marks 1 TB DDR address space as undefined"
  ^~~~~~~
translation_table.S:337:2: warning: #warning "There's no DDR_CH_3 in the HW design. MMU translation table marks 1 TB DDR address space as undefined" [-Wcpp]
 #warning "There's no DDR_CH_3 in the HW design. MMU translation table marks 1 TB DDR address space as undefined"
  ^~~~~~~
"Running Make libs in psv_cortexa72_0/libsrc/sysmonpsv_v1_1/src"

make -C psv_cortexa72_0/libsrc/sysmonpsv_v1_1/src -s libs  "SHELL=CMD" "COMPILER=aarch64-none-elf-gcc" "ARCHIVER=aarch64-none-e
lf-ar" "COMPILER_FLAGS=  -O2 -c" "EXTRA_COMPILER_FLAGS=-g -Wall -Wextra -Dversal -DARMA72_EL3"

"Compiling sysmonpsv"

"Running Make libs in psv_cortexa72_0/libsrc/ttcps_v3_10/src"

make -C psv_cortexa72_0/libsrc/ttcps_v3_10/src -s libs  "SHELL=CMD" "COMPILER=aarch64-none-elf-gcc" "ARCHIVER=aarch64-none-elf-
ar" "COMPILER_FLAGS=  -O2 -c" "EXTRA_COMPILER_FLAGS=-g -Wall -Wextra -Dversal -DARMA72_EL3"

"Compiling ttcps"

"Running Make libs in psv_cortexa72_0/libsrc/uartlite_v3_3/src"

make -C psv_cortexa72_0/libsrc/uartlite_v3_3/src -s libs  "SHELL=CMD" "COMPILER=aarch64-none-elf-gcc" "ARCHIVER=aarch64-none-el
f-ar" "COMPILER_FLAGS=  -O2 -c" "EXTRA_COMPILER_FLAGS=-g -Wall -Wextra -Dversal -DARMA72_EL3"

"Compiling uartlite"

"Running Make libs in psv_cortexa72_0/libsrc/uartpsv_v1_1/src"

make -C psv_cortexa72_0/libsrc/uartpsv_v1_1/src -s libs  "SHELL=CMD" "COMPILER=aarch64-none-elf-gcc" "ARCHIVER=aarch64-none-elf
-ar" "COMPILER_FLAGS=  -O2 -c" "EXTRA_COMPILER_FLAGS=-g -Wall -Wextra -Dversal -DARMA72_EL3"

"Compiling uartpsv"

"Running Make libs in psv_cortexa72_0/libsrc/usbpsu_v1_6/src"

make -C psv_cortexa72_0/libsrc/usbpsu_v1_6/src -s libs  "SHELL=CMD" "COMPILER=aarch64-none-elf-gcc" "ARCHIVER=aarch64-none-elf-
ar" "COMPILER_FLAGS=  -O2 -c" "EXTRA_COMPILER_FLAGS=-g -Wall -Wextra -Dversal -DARMA72_EL3"

"Compiling usbpsu"

"Running Make libs in psv_cortexa72_0/libsrc/zdma_v1_8/src"

make -C psv_cortexa72_0/libsrc/zdma_v1_8/src -s libs  "SHELL=CMD" "COMPILER=aarch64-none-elf-gcc" "ARCHIVER=aarch64-none-elf-ar
" "COMPILER_FLAGS=  -O2 -c" "EXTRA_COMPILER_FLAGS=-g -Wall -Wextra -Dversal -DARMA72_EL3"

"Compiling zdma"

'Finished building libraries'


21:33:57 Build Finished (took 1m:28s.985ms)

