Analysis & Synthesis report for bcd2bin
Thu Jul  1 15:07:11 2021
Quartus Prime Version 20.1.1 Build 720 11/11/2020 SJ Lite Edition


---------------------
; Table of Contents ;
---------------------
  1. Legal Notice
  2. Analysis & Synthesis Summary
  3. Analysis & Synthesis Settings
  4. Parallel Compilation
  5. Analysis & Synthesis Source Files Read
  6. Analysis & Synthesis Resource Usage Summary
  7. Analysis & Synthesis Resource Utilization by Entity
  8. User-Specified and Inferred Latches
  9. Registers Removed During Synthesis
 10. Removed Registers Triggering Further Register Optimizations
 11. General Register Statistics
 12. Post-Synthesis Netlist Statistics for Top Partition
 13. Elapsed Time Per Partition
 14. Analysis & Synthesis Messages



----------------
; Legal Notice ;
----------------
Copyright (C) 2020  Intel Corporation. All rights reserved.
Your use of Intel Corporation's design tools, logic functions 
and other software and tools, and any partner logic 
functions, and any output files from any of the foregoing 
(including device programming or simulation files), and any 
associated documentation or information are expressly subject 
to the terms and conditions of the Intel Program License 
Subscription Agreement, the Intel Quartus Prime License Agreement,
the Intel FPGA IP License Agreement, or other applicable license
agreement, including, without limitation, that your use is for
the sole purpose of programming logic devices manufactured by
Intel and sold by Intel or its authorized distributors.  Please
refer to the applicable agreement for further details, at
https://fpgasoftware.intel.com/eula.



+----------------------------------------------------------------------------------+
; Analysis & Synthesis Summary                                                     ;
+------------------------------------+---------------------------------------------+
; Analysis & Synthesis Status        ; Successful - Thu Jul  1 15:07:10 2021       ;
; Quartus Prime Version              ; 20.1.1 Build 720 11/11/2020 SJ Lite Edition ;
; Revision Name                      ; bcd2bin                                     ;
; Top-level Entity Name              ; bcd2bin                                     ;
; Family                             ; Cyclone IV E                                ;
; Total logic elements               ; 65                                          ;
;     Total combinational functions  ; 51                                          ;
;     Dedicated logic registers      ; 29                                          ;
; Total registers                    ; 29                                          ;
; Total pins                         ; 22                                          ;
; Total virtual pins                 ; 0                                           ;
; Total memory bits                  ; 0                                           ;
; Embedded Multiplier 9-bit elements ; 0                                           ;
; Total PLLs                         ; 0                                           ;
+------------------------------------+---------------------------------------------+


+------------------------------------------------------------------------------------------------------------+
; Analysis & Synthesis Settings                                                                              ;
+------------------------------------------------------------------+--------------------+--------------------+
; Option                                                           ; Setting            ; Default Value      ;
+------------------------------------------------------------------+--------------------+--------------------+
; Device                                                           ; EP4CE22F17C6       ;                    ;
; Top-level entity name                                            ; bcd2bin            ; bcd2bin            ;
; Family name                                                      ; Cyclone IV E       ; Cyclone V          ;
; Use smart compilation                                            ; Off                ; Off                ;
; Enable parallel Assembler and Timing Analyzer during compilation ; On                 ; On                 ;
; Enable compact report table                                      ; Off                ; Off                ;
; Restructure Multiplexers                                         ; Auto               ; Auto               ;
; Create Debugging Nodes for IP Cores                              ; Off                ; Off                ;
; Preserve fewer node names                                        ; On                 ; On                 ;
; Intel FPGA IP Evaluation Mode                                    ; Enable             ; Enable             ;
; Verilog Version                                                  ; Verilog_2001       ; Verilog_2001       ;
; VHDL Version                                                     ; VHDL_1993          ; VHDL_1993          ;
; State Machine Processing                                         ; Auto               ; Auto               ;
; Safe State Machine                                               ; Off                ; Off                ;
; Extract Verilog State Machines                                   ; On                 ; On                 ;
; Extract VHDL State Machines                                      ; On                 ; On                 ;
; Ignore Verilog initial constructs                                ; Off                ; Off                ;
; Iteration limit for constant Verilog loops                       ; 5000               ; 5000               ;
; Iteration limit for non-constant Verilog loops                   ; 250                ; 250                ;
; Add Pass-Through Logic to Inferred RAMs                          ; On                 ; On                 ;
; Infer RAMs from Raw Logic                                        ; On                 ; On                 ;
; Parallel Synthesis                                               ; On                 ; On                 ;
; DSP Block Balancing                                              ; Auto               ; Auto               ;
; NOT Gate Push-Back                                               ; On                 ; On                 ;
; Power-Up Don't Care                                              ; On                 ; On                 ;
; Remove Redundant Logic Cells                                     ; Off                ; Off                ;
; Remove Duplicate Registers                                       ; On                 ; On                 ;
; Ignore CARRY Buffers                                             ; Off                ; Off                ;
; Ignore CASCADE Buffers                                           ; Off                ; Off                ;
; Ignore GLOBAL Buffers                                            ; Off                ; Off                ;
; Ignore ROW GLOBAL Buffers                                        ; Off                ; Off                ;
; Ignore LCELL Buffers                                             ; Off                ; Off                ;
; Ignore SOFT Buffers                                              ; On                 ; On                 ;
; Limit AHDL Integers to 32 Bits                                   ; Off                ; Off                ;
; Optimization Technique                                           ; Balanced           ; Balanced           ;
; Carry Chain Length                                               ; 70                 ; 70                 ;
; Auto Carry Chains                                                ; On                 ; On                 ;
; Auto Open-Drain Pins                                             ; On                 ; On                 ;
; Perform WYSIWYG Primitive Resynthesis                            ; Off                ; Off                ;
; Auto ROM Replacement                                             ; On                 ; On                 ;
; Auto RAM Replacement                                             ; On                 ; On                 ;
; Auto DSP Block Replacement                                       ; On                 ; On                 ;
; Auto Shift Register Replacement                                  ; Auto               ; Auto               ;
; Allow Shift Register Merging across Hierarchies                  ; Auto               ; Auto               ;
; Auto Clock Enable Replacement                                    ; On                 ; On                 ;
; Strict RAM Replacement                                           ; Off                ; Off                ;
; Allow Synchronous Control Signals                                ; On                 ; On                 ;
; Force Use of Synchronous Clear Signals                           ; Off                ; Off                ;
; Auto RAM Block Balancing                                         ; On                 ; On                 ;
; Auto RAM to Logic Cell Conversion                                ; Off                ; Off                ;
; Auto Resource Sharing                                            ; Off                ; Off                ;
; Allow Any RAM Size For Recognition                               ; Off                ; Off                ;
; Allow Any ROM Size For Recognition                               ; Off                ; Off                ;
; Allow Any Shift Register Size For Recognition                    ; Off                ; Off                ;
; Use LogicLock Constraints during Resource Balancing              ; On                 ; On                 ;
; Ignore translate_off and synthesis_off directives                ; Off                ; Off                ;
; Timing-Driven Synthesis                                          ; On                 ; On                 ;
; Report Parameter Settings                                        ; On                 ; On                 ;
; Report Source Assignments                                        ; On                 ; On                 ;
; Report Connectivity Checks                                       ; On                 ; On                 ;
; Ignore Maximum Fan-Out Assignments                               ; Off                ; Off                ;
; Synchronization Register Chain Length                            ; 2                  ; 2                  ;
; Power Optimization During Synthesis                              ; Normal compilation ; Normal compilation ;
; HDL message level                                                ; Level2             ; Level2             ;
; Suppress Register Optimization Related Messages                  ; Off                ; Off                ;
; Number of Removed Registers Reported in Synthesis Report         ; 5000               ; 5000               ;
; Number of Swept Nodes Reported in Synthesis Report               ; 5000               ; 5000               ;
; Number of Inverted Registers Reported in Synthesis Report        ; 100                ; 100                ;
; Clock MUX Protection                                             ; On                 ; On                 ;
; Auto Gated Clock Conversion                                      ; Off                ; Off                ;
; Block Design Naming                                              ; Auto               ; Auto               ;
; SDC constraint protection                                        ; Off                ; Off                ;
; Synthesis Effort                                                 ; Auto               ; Auto               ;
; Shift Register Replacement - Allow Asynchronous Clear Signal     ; On                 ; On                 ;
; Pre-Mapping Resynthesis Optimization                             ; Off                ; Off                ;
; Analysis & Synthesis Message Level                               ; Medium             ; Medium             ;
; Disable Register Merging Across Hierarchies                      ; Auto               ; Auto               ;
; Resource Aware Inference For Block RAM                           ; On                 ; On                 ;
+------------------------------------------------------------------+--------------------+--------------------+


+------------------------------------------+
; Parallel Compilation                     ;
+----------------------------+-------------+
; Processors                 ; Number      ;
+----------------------------+-------------+
; Number detected on machine ; 8           ;
; Maximum allowed            ; 4           ;
;                            ;             ;
; Average used               ; 1.00        ;
; Maximum used               ; 4           ;
;                            ;             ;
; Usage by Processor         ; % Time Used ;
;     Processor 1            ; 100.0%      ;
;     Processor 2            ;   0.0%      ;
;     Processors 3-4         ;   0.0%      ;
+----------------------------+-------------+


+--------------------------------------------------------------------------------------------------------------------------------------------------+
; Analysis & Synthesis Source Files Read                                                                                                           ;
+----------------------------------+-----------------+-----------------------+-----------------------------------------------------------+---------+
; File Name with User-Entered Path ; Used in Netlist ; File Type             ; File Name with Absolute Path                              ; Library ;
+----------------------------------+-----------------+-----------------------+-----------------------------------------------------------+---------+
; bcd2bin.vhd                      ; yes             ; Auto-Found VHDL File  ; /home/agustin/Escritorio/FPGA UNMDP/proyecto3/bcd2bin.vhd ;         ;
+----------------------------------+-----------------+-----------------------+-----------------------------------------------------------+---------+


+-------------------------------------------------------------+
; Analysis & Synthesis Resource Usage Summary                 ;
+---------------------------------------------+---------------+
; Resource                                    ; Usage         ;
+---------------------------------------------+---------------+
; Estimated Total logic elements              ; 65            ;
;                                             ;               ;
; Total combinational functions               ; 51            ;
; Logic element usage by number of LUT inputs ;               ;
;     -- 4 input functions                    ; 28            ;
;     -- 3 input functions                    ; 19            ;
;     -- <=2 input functions                  ; 4             ;
;                                             ;               ;
; Logic elements by mode                      ;               ;
;     -- normal mode                          ; 51            ;
;     -- arithmetic mode                      ; 0             ;
;                                             ;               ;
; Total registers                             ; 29            ;
;     -- Dedicated logic registers            ; 29            ;
;     -- I/O registers                        ; 0             ;
;                                             ;               ;
; I/O pins                                    ; 22            ;
;                                             ;               ;
; Embedded Multiplier 9-bit elements          ; 0             ;
;                                             ;               ;
; Maximum fan-out node                        ; ninicio~input ;
; Maximum fan-out                             ; 42            ;
; Total fan-out                               ; 312           ;
; Average fan-out                             ; 2.52          ;
+---------------------------------------------+---------------+


+----------------------------------------------------------------------------------------------------------------------------------------------------------------------------------------------------------+
; Analysis & Synthesis Resource Utilization by Entity                                                                                                                                                      ;
+----------------------------+---------------------+---------------------------+-------------+--------------+---------+-----------+------+--------------+---------------------+-------------+--------------+
; Compilation Hierarchy Node ; Combinational ALUTs ; Dedicated Logic Registers ; Memory Bits ; DSP Elements ; DSP 9x9 ; DSP 18x18 ; Pins ; Virtual Pins ; Full Hierarchy Name ; Entity Name ; Library Name ;
+----------------------------+---------------------+---------------------------+-------------+--------------+---------+-----------+------+--------------+---------------------+-------------+--------------+
; |bcd2bin                   ; 51 (51)             ; 29 (29)                   ; 0           ; 0            ; 0       ; 0         ; 22   ; 0            ; |bcd2bin            ; bcd2bin     ; work         ;
+----------------------------+---------------------+---------------------------+-------------+--------------+---------+-----------+------+--------------+---------------------+-------------+--------------+
Note: For table entries with two numbers listed, the numbers in parentheses indicate the number of resources of the given type used by the specific entity alone. The numbers listed outside of parentheses indicate the total resources of the given type used by the specific entity and all of its sub-entities in the hierarchy.


+---------------------------------------------------------------------------------------------------+
; User-Specified and Inferred Latches                                                               ;
+----------------------------------------------------+---------------------+------------------------+
; Latch Name                                         ; Latch Enable Signal ; Free of Timing Hazards ;
+----------------------------------------------------+---------------------+------------------------+
; centenas[0]                                        ; GND                 ; yes                    ;
; centenas[1]                                        ; GND                 ; yes                    ;
; Number of user-specified and inferred latches = 2  ;                     ;                        ;
+----------------------------------------------------+---------------------+------------------------+
Note: All latches listed above may not be present at the end of synthesis due to various synthesis optimizations.


+--------------------------------------------------------------------------------+
; Registers Removed During Synthesis                                             ;
+---------------------------------------+----------------------------------------+
; Register name                         ; Reason for Removal                     ;
+---------------------------------------+----------------------------------------+
; datobcd[10,11]                        ; Stuck at GND due to stuck port data_in ;
; Total Number of Removed Registers = 2 ;                                        ;
+---------------------------------------+----------------------------------------+


+------------------------------------------------------------------------------------+
; Removed Registers Triggering Further Register Optimizations                        ;
+---------------+---------------------------+----------------------------------------+
; Register name ; Reason for Removal        ; Registers Removed due to This Register ;
+---------------+---------------------------+----------------------------------------+
; datobcd[11]   ; Stuck at GND              ; datobcd[10]                            ;
;               ; due to stuck port data_in ;                                        ;
+---------------+---------------------------+----------------------------------------+


+------------------------------------------------------+
; General Register Statistics                          ;
+----------------------------------------------+-------+
; Statistic                                    ; Value ;
+----------------------------------------------+-------+
; Total registers                              ; 29    ;
; Number of registers using Synchronous Clear  ; 0     ;
; Number of registers using Synchronous Load   ; 0     ;
; Number of registers using Asynchronous Clear ; 21    ;
; Number of registers using Asynchronous Load  ; 0     ;
; Number of registers using Clock Enable       ; 25    ;
; Number of registers using Preset             ; 0     ;
+----------------------------------------------+-------+


+-----------------------------------------------------+
; Post-Synthesis Netlist Statistics for Top Partition ;
+-----------------------+-----------------------------+
; Type                  ; Count                       ;
+-----------------------+-----------------------------+
; boundary_port         ; 22                          ;
; cycloneiii_ff         ; 29                          ;
;     CLR               ; 4                           ;
;     ENA               ; 8                           ;
;     ENA CLR           ; 17                          ;
; cycloneiii_lcell_comb ; 51                          ;
;     normal            ; 51                          ;
;         2 data inputs ; 4                           ;
;         3 data inputs ; 19                          ;
;         4 data inputs ; 28                          ;
;                       ;                             ;
; Max LUT depth         ; 4.00                        ;
; Average LUT depth     ; 2.40                        ;
+-----------------------+-----------------------------+


+-------------------------------+
; Elapsed Time Per Partition    ;
+----------------+--------------+
; Partition Name ; Elapsed Time ;
+----------------+--------------+
; Top            ; 00:00:00     ;
+----------------+--------------+


+-------------------------------+
; Analysis & Synthesis Messages ;
+-------------------------------+
Info: *******************************************************************
Info: Running Quartus Prime Analysis & Synthesis
    Info: Version 20.1.1 Build 720 11/11/2020 SJ Lite Edition
    Info: Processing started: Thu Jul  1 15:06:57 2021
Info: Command: quartus_map --read_settings_files=on --write_settings_files=off bcd2bin -c bcd2bin
Warning (18236): Number of processors has not been specified which may cause overloading on shared machines.  Set the global assignment NUM_PARALLEL_PROCESSORS in your QSF to an appropriate value for best performance.
Info (20030): Parallel compilation is enabled and will use 4 of the 4 processors detected
Warning (12125): Using design file bcd2bin.vhd, which is not specified as a design file for the current project, but contains definitions for 2 design units and 1 entities in project
    Info (12022): Found design unit 1: bcd2bin-a File: /home/agustin/Escritorio/FPGA UNMDP/proyecto3/bcd2bin.vhd Line: 14
    Info (12023): Found entity 1: bcd2bin File: /home/agustin/Escritorio/FPGA UNMDP/proyecto3/bcd2bin.vhd Line: 5
Info (12127): Elaborating entity "bcd2bin" for the top level hierarchy
Warning (10492): VHDL Process Statement warning at bcd2bin.vhd(39): signal "bcd" is read inside the Process Statement but isn't in the Process Statement's sensitivity list File: /home/agustin/Escritorio/FPGA UNMDP/proyecto3/bcd2bin.vhd Line: 39
Warning (10631): VHDL Process Statement warning at bcd2bin.vhd(18): inferring latch(es) for signal or variable "centenas", which holds its previous value in one or more paths through the process File: /home/agustin/Escritorio/FPGA UNMDP/proyecto3/bcd2bin.vhd Line: 18
Info (10041): Inferred latch for "centenas[0]" at bcd2bin.vhd(31) File: /home/agustin/Escritorio/FPGA UNMDP/proyecto3/bcd2bin.vhd Line: 31
Info (10041): Inferred latch for "centenas[1]" at bcd2bin.vhd(31) File: /home/agustin/Escritorio/FPGA UNMDP/proyecto3/bcd2bin.vhd Line: 31
Info (10041): Inferred latch for "centenas[2]" at bcd2bin.vhd(31) File: /home/agustin/Escritorio/FPGA UNMDP/proyecto3/bcd2bin.vhd Line: 31
Info (10041): Inferred latch for "centenas[3]" at bcd2bin.vhd(31) File: /home/agustin/Escritorio/FPGA UNMDP/proyecto3/bcd2bin.vhd Line: 31
Warning (13004): Presettable and clearable registers converted to equivalent circuits with latches. Registers power-up to an undefined state, and DEVCLRn places the registers in an undefined state.
    Warning (13310): Register "datobcd[0]" is converted into an equivalent circuit using register "datobcd[0]~_emulated" and latch "datobcd[0]~1" File: /home/agustin/Escritorio/FPGA UNMDP/proyecto3/bcd2bin.vhd Line: 35
    Warning (13310): Register "datobcd[1]" is converted into an equivalent circuit using register "datobcd[1]~_emulated" and latch "datobcd[1]~5" File: /home/agustin/Escritorio/FPGA UNMDP/proyecto3/bcd2bin.vhd Line: 35
    Warning (13310): Register "datobcd[4]" is converted into an equivalent circuit using register "datobcd[4]~_emulated" and latch "datobcd[4]~9" File: /home/agustin/Escritorio/FPGA UNMDP/proyecto3/bcd2bin.vhd Line: 35
    Warning (13310): Register "datobcd[3]" is converted into an equivalent circuit using register "datobcd[3]~_emulated" and latch "datobcd[3]~13" File: /home/agustin/Escritorio/FPGA UNMDP/proyecto3/bcd2bin.vhd Line: 35
    Warning (13310): Register "datobcd[2]" is converted into an equivalent circuit using register "datobcd[2]~_emulated" and latch "datobcd[2]~17" File: /home/agustin/Escritorio/FPGA UNMDP/proyecto3/bcd2bin.vhd Line: 35
    Warning (13310): Register "datobcd[5]" is converted into an equivalent circuit using register "datobcd[5]~_emulated" and latch "datobcd[5]~21" File: /home/agustin/Escritorio/FPGA UNMDP/proyecto3/bcd2bin.vhd Line: 35
    Warning (13310): Register "datobcd[8]" is converted into an equivalent circuit using register "datobcd[8]~_emulated" and latch "datobcd[8]~25" File: /home/agustin/Escritorio/FPGA UNMDP/proyecto3/bcd2bin.vhd Line: 35
    Warning (13310): Register "datobcd[7]" is converted into an equivalent circuit using register "datobcd[7]~_emulated" and latch "datobcd[7]~29" File: /home/agustin/Escritorio/FPGA UNMDP/proyecto3/bcd2bin.vhd Line: 35
    Warning (13310): Register "datobcd[6]" is converted into an equivalent circuit using register "datobcd[6]~_emulated" and latch "datobcd[6]~33" File: /home/agustin/Escritorio/FPGA UNMDP/proyecto3/bcd2bin.vhd Line: 35
    Warning (13310): Register "datobcd[9]" is converted into an equivalent circuit using register "datobcd[9]~_emulated" and latch "datobcd[9]~37" File: /home/agustin/Escritorio/FPGA UNMDP/proyecto3/bcd2bin.vhd Line: 35
Info (286030): Timing-Driven Synthesis is running
Info (16010): Generating hard_block partition "hard_block:auto_generated_inst"
    Info (16011): Adding 0 node(s), including 0 DDIO, 0 PLL, 0 transceiver and 0 LCELL
Info (21057): Implemented 89 device resources after synthesis - the final resource count might be different
    Info (21058): Implemented 13 input pins
    Info (21059): Implemented 9 output pins
    Info (21061): Implemented 67 logic cells
Info: Quartus Prime Analysis & Synthesis was successful. 0 errors, 15 warnings
    Info: Peak virtual memory: 440 megabytes
    Info: Processing ended: Thu Jul  1 15:07:11 2021
    Info: Elapsed time: 00:00:14
    Info: Total CPU time (on all processors): 00:00:34


