INFO-FLOW: Workspace /home/agustinsilva447/Escritorio/Github/FPGA/paper_routing/hopfield_hls/hopfield_routing/solution1 opened at Mon Jul 12 18:05:27 -03 2021
Execute     config_clock -quiet -name default -period 10 -default=false 
INFO: [SYN 201-201] Setting up clock 'default' with a period of 10ns.
Execute     open_platform DefaultPlatform 
Execute     import_lib /home/agustinsilva447/Vivado/Vivado/2019.2/common/technology/xilinx/zynq/zynq 
Execute       source /home/agustinsilva447/Vivado/Vivado/2019.2/common/technology/xilinx/common/xilinx.lib 
Execute         source /home/agustinsilva447/Vivado/Vivado/2019.2/common/technology/xilinx/interface/xilinx_interface.lib 
Execute           source /home/agustinsilva447/Vivado/Vivado/2019.2/common/technology/xilinx/interface/plb46.lib 
Execute           source /home/agustinsilva447/Vivado/Vivado/2019.2/common/technology/xilinx/interface/fsl.lib 
Execute           source /home/agustinsilva447/Vivado/Vivado/2019.2/common/technology/xilinx/interface/axi4.lib 
Execute           source /home/agustinsilva447/Vivado/Vivado/2019.2/common/technology/xilinx/interface/maxi.lib 
Execute           source /home/agustinsilva447/Vivado/Vivado/2019.2/common/technology/xilinx/interface/saxilite.lib 
Execute         source /home/agustinsilva447/Vivado/Vivado/2019.2/common/technology/xilinx/common/dsp48.lib 
Execute         source /home/agustinsilva447/Vivado/Vivado/2019.2/common/technology/xilinx/ip/xfir.lib 
Execute         source /home/agustinsilva447/Vivado/Vivado/2019.2/common/technology/xilinx/ip/xfft.lib 
Execute         source /home/agustinsilva447/Vivado/Vivado/2019.2/common/technology/xilinx/ip/dds_compiler.lib 
Execute       source /home/agustinsilva447/Vivado/Vivado/2019.2/common/technology/xilinx/common/xilinx.hlp 
Execute         source /home/agustinsilva447/Vivado/Vivado/2019.2/common/technology/xilinx/common/target_info.tcl 
Execute         source /home/agustinsilva447/Vivado/Vivado/2019.2/common/technology/xilinx/interface/xilinx_interface.hlp 
Execute           source /home/agustinsilva447/Vivado/Vivado/2019.2/common/technology/xilinx/interface/maxi.hlp 
Execute           source /home/agustinsilva447/Vivado/Vivado/2019.2/common/technology/xilinx/interface/saxilite.hlp 
Execute         source /home/agustinsilva447/Vivado/Vivado/2019.2/common/technology/xilinx/common/dsp48.hlp 
Execute       source /home/agustinsilva447/Vivado/Vivado/2019.2/common/technology/xilinx/zynq/dsp48e1.hlp 
Execute       source /home/agustinsilva447/Vivado/Vivado/2019.2/common/technology/xilinx/common/xilinx.hlp 
Execute         source /home/agustinsilva447/Vivado/Vivado/2019.2/common/technology/xilinx/common/target_info.tcl 
Execute         source /home/agustinsilva447/Vivado/Vivado/2019.2/common/technology/xilinx/interface/xilinx_interface.hlp 
Execute           source /home/agustinsilva447/Vivado/Vivado/2019.2/common/technology/xilinx/interface/maxi.hlp 
Execute           source /home/agustinsilva447/Vivado/Vivado/2019.2/common/technology/xilinx/interface/saxilite.hlp 
Execute         source /home/agustinsilva447/Vivado/Vivado/2019.2/common/technology/xilinx/common/dsp48.hlp 
Execute     source /home/agustinsilva447/Vivado/Vivado/2019.2/common/technology/xilinx/zynq/zynq.gen 
Execute       source /home/agustinsilva447/Vivado/Vivado/2019.2/common/technology/xilinx/common/xilinx.gen 
Execute         source /home/agustinsilva447/Vivado/Vivado/2019.2/common/technology/xilinx/interface/plb46.gen 
Execute         source /home/agustinsilva447/Vivado/Vivado/2019.2/common/technology/xilinx/interface/fsl.gen 
Execute         source /home/agustinsilva447/Vivado/Vivado/2019.2/common/technology/xilinx/interface/axi4.gen 
Execute         source /home/agustinsilva447/Vivado/Vivado/2019.2/common/technology/xilinx/interface/nativeAXI4.gen 
Execute           source /home/agustinsilva447/Vivado/Vivado/2019.2/common/technology/xilinx/interface/saxilite.gen 
Execute           source /home/agustinsilva447/Vivado/Vivado/2019.2/common/technology/xilinx/interface/maxi.gen 
Execute         source /home/agustinsilva447/Vivado/Vivado/2019.2/common/technology/xilinx/scripts/xilinxcoregen.gen 
Execute         source /home/agustinsilva447/Vivado/Vivado/2019.2/common/technology/xilinx/interface/XilEDKCoreGen.gen 
Execute         source /home/agustinsilva447/Vivado/Vivado/2019.2/common/technology/xilinx/ip/dds_compiler.gen 
Execute         source /home/agustinsilva447/Vivado/Vivado/2019.2/common/technology/xilinx/ip/util.gen 
Execute         source /home/agustinsilva447/Vivado/Vivado/2019.2/common/technology/xilinx/ip/xfft.gen 
Command         ap_source done; 0.13 sec.
Execute         source /home/agustinsilva447/Vivado/Vivado/2019.2/common/technology/xilinx/ip/xfir.gen 
Execute         source /home/agustinsilva447/Vivado/Vivado/2019.2/common/technology/xilinx/common/dsp48.gen 
Command       ap_source done; 0.2 sec.
Command     ap_source done; 0.2 sec.
Execute     open_platform DefaultPlatform 
Execute     import_lib /home/agustinsilva447/Vivado/Vivado/2019.2/common/technology/xilinx/zynq/zynq_fpv6 
Execute       source /home/agustinsilva447/Vivado/Vivado/2019.2/common/technology/xilinx/common/xilinx_fp.lib 
Execute       source /home/agustinsilva447/Vivado/Vivado/2019.2/common/technology/xilinx/common/xilinx_fp.hlp 
Execute         source /home/agustinsilva447/Vivado/Vivado/2019.2/common/technology/xilinx/common/xilinx.hlp 
Execute           source /home/agustinsilva447/Vivado/Vivado/2019.2/common/technology/xilinx/common/target_info.tcl 
Execute           source /home/agustinsilva447/Vivado/Vivado/2019.2/common/technology/xilinx/interface/xilinx_interface.hlp 
Execute             source /home/agustinsilva447/Vivado/Vivado/2019.2/common/technology/xilinx/interface/maxi.hlp 
Execute             source /home/agustinsilva447/Vivado/Vivado/2019.2/common/technology/xilinx/interface/saxilite.hlp 
Execute           source /home/agustinsilva447/Vivado/Vivado/2019.2/common/technology/xilinx/common/dsp48.hlp 
Execute     source /home/agustinsilva447/Vivado/Vivado/2019.2/common/technology/xilinx/zynq/zynq_fpv6.gen 
Execute       source /home/agustinsilva447/Vivado/Vivado/2019.2/common/technology/xilinx/common/xilinx_fp.gen 
Execute     set_part xc7z020-clg484-1 
Execute       ap_part_info -name xc7z020-clg484-1 -data single -quiet 
Command       ap_part_info done; 3.44 sec.
Execute       ap_part_info -name xc7z020-clg484-1 -data info 
Execute       add_library xilinx/zynq/zynq:xc7z020:-clg484:-1 
Execute         get_default_platform 
Execute         ap_part_info -data single -name xc7z020-clg484-1 
Execute         ap_part_info -name xc7z020-clg484-1 -data resources 
Execute         ap_part_info -name xc7z020-clg484-1 -data info 
Execute         ap_part_info -name xc7z020-clg484-1 -data info 
Execute         config_chip_info -quiet -resource {SLICE 13300} {LUT 53200} {FF 106400} {DSP48E 220} {BRAM 280} {URAM 0} 
Execute         ap_part_info -name xc7z020-clg484-1 -data info 
Execute         config_chip_info -quiet -speed slow 
Command       add_library done; 0.11 sec.
Execute       add_library xilinx/zynq/zynq_fpv6 
Execute         get_default_platform 
INFO: [HLS 200-10] Setting target device to 'xc7z020-clg484-1'
Execute       ap_part_info -name xc7z020-clg484-1 -data info 
Execute       get_default_platform 
Command     set_part done; 3.74 sec.
Execute     ap_part_info -data single -name xc7z020-clg484-1 
Execute     ap_part_info -name xc7z020-clg484-1 -data resources 
Execute     ap_part_info -name xc7z020-clg484-1 -data info 
Execute     ap_part_info -name xc7z020-clg484-1 -data info 
Execute     config_chip_info -quiet -resource {SLICE 13300} {LUT 53200} {FF 106400} {DSP48E 220} {BRAM 280} {URAM 0} 
Execute     ap_part_info -name xc7z020-clg484-1 -data info 
Execute     config_chip_info -quiet -speed slow 
Command   open_solution done; 4.12 sec.
Execute   set_part xc7z020-clg484-1 
Execute     ap_part_info -name xc7z020-clg484-1 -data single -quiet 
Execute     ap_part_info -name xc7z020-clg484-1 -data info 
Execute     add_library xilinx/zynq/zynq:xc7z020:-clg484:-1 
Execute       get_default_platform 
Execute       ap_part_info -data single -name xc7z020-clg484-1 
Execute       ap_part_info -name xc7z020-clg484-1 -data resources 
Execute       ap_part_info -name xc7z020-clg484-1 -data info 
Execute       ap_part_info -name xc7z020-clg484-1 -data info 
Execute       config_chip_info -quiet -resource {SLICE 13300} {LUT 53200} {FF 106400} {DSP48E 220} {BRAM 280} {URAM 0} 
Execute       ap_part_info -name xc7z020-clg484-1 -data info 
Execute       config_chip_info -quiet -speed slow 
Execute     add_library xilinx/zynq/zynq_fpv6 
Execute       get_default_platform 
Execute     ap_part_info -name xc7z020-clg484-1 -data info 
Execute     get_default_platform 
Command   set_part done; 0.28 sec.
Execute   create_clock -period 10 -name default 
Execute   csynth_design 
Execute     get_config_compile -dump_cfg 
Execute     get_config_compile -effort 
Execute     get_config_compile -enable_clang39 
Execute     get_config_compile -g 
Execute     get_config_compile -ng 
Execute     get_config_compile -opt_fp 
Execute     get_config_compile -skip_cdt 
Execute     get_config_compile -skip_syncheck 
Execute     get_config_compile -skip_transform 
Execute     get_config_compile -keep_printf 
Execute     elaborate -effort=medium -skip_syncheck=0 -keep_printf=0 -skip_cdt=0 -skip_transform=0 -ng=0 -g=0 -opt_fp=0 -from_csynth_design=1 
Execute       get_config_schedule -relax_ii_for_timing 
INFO: [SCHED 204-61] Option 'relax_ii_for_timing' is enabled, will increase II to preserve clock frequency constraints.
Execute       get_config_schedule -suppress_dependence_error_break 
INFO: [HLS 200-10] Analyzing design file 'hopfield_routing.cpp' ... 
INFO-FLOW: Compiling one TU...
Execute       is_m_axi_addr64 
INFO-FLOW: Handling hopfield_routing.cpp as C++
Execute       ap_part_info -name xc7z020-clg484-1 -data info 
Execute       is_encrypted hopfield_routing.cpp 
Execute       ap_part_info -name xc7z020-clg484-1 -data info 
INFO-FLOW: Running: GCC PP
INFO-FLOW: Source preprocessing
Execute       clang  -fno-limit-debug-info -gcc-toolchain "/home/agustinsilva447/Vivado/Vivado/2019.2/lnx64/tools/gcc" -hls  -fno-exceptions  -D__llvm__  -E "hopfield_routing.cpp"     -fno-math-errno -c -emit-llvm -O0  -mllvm -disable-llvm-optzns -fno-threadsafe-statics  -fno-use-cxa-atexit  -fno-threadsafe-statics -fno-use-cxa-atexit -D__CLANG_3_1__ -DAESL_SYN -D__SYNTHESIS__ -D__HLS_SYN__ -I "/home/agustinsilva447/Vivado/Vivado/2019.2/common/technology/autopilot" -I "/home/agustinsilva447/Vivado/Vivado/2019.2/common/technology/autopilot/ap_sysc" -include etc/autopilot_ssdm_op.h -D__DSP48E1__  -o "/home/agustinsilva447/Escritorio/Github/FPGA/paper_routing/hopfield_hls/hopfield_routing/solution1/.autopilot/db/hopfield_routing.pp.0.cpp" 
INFO-FLOW: exec /home/agustinsilva447/Vivado/Vivado/2019.2/lnx64/tools/clang/bin/clang -fno-limit-debug-info -gcc-toolchain /home/agustinsilva447/Vivado/Vivado/2019.2/lnx64/tools/gcc -hls -fno-exceptions -D__llvm__ -E hopfield_routing.cpp -fno-math-errno -c -emit-llvm -O0 -mllvm -disable-llvm-optzns -fno-threadsafe-statics -fno-use-cxa-atexit -fno-threadsafe-statics -fno-use-cxa-atexit -D__CLANG_3_1__ -DAESL_SYN -D__SYNTHESIS__ -D__HLS_SYN__ -I /home/agustinsilva447/Vivado/Vivado/2019.2/common/technology/autopilot -I /home/agustinsilva447/Vivado/Vivado/2019.2/common/technology/autopilot/ap_sysc -include etc/autopilot_ssdm_op.h -D__DSP48E1__ -o /home/agustinsilva447/Escritorio/Github/FPGA/paper_routing/hopfield_hls/hopfield_routing/solution1/.autopilot/db/hopfield_routing.pp.0.cpp
Command       clang done; 4.22 sec.
Execute       tidy_31 xilinx-xfmat-array-geometry /home/agustinsilva447/Escritorio/Github/FPGA/paper_routing/hopfield_hls/hopfield_routing/solution1/.autopilot/db/hopfield_routing.pp.0.cpp std=gnu++98 
INFO-FLOW: exec /home/agustinsilva447/Vivado/Vivado/2019.2/lnx64/tools/clang-3.9-csynth/bin/tidy-3.1 -header-filter=.* -checks=-*,xilinx-xfmat-array-geometry -quiet -fix /home/agustinsilva447/Escritorio/Github/FPGA/paper_routing/hopfield_hls/hopfield_routing/solution1/.autopilot/db/hopfield_routing.pp.0.cpp -- -std=gnu++98 -fhls -ferror-limit=0
Command       tidy_31 done; 10.95 sec.
INFO-FLOW: Syntax Checking before pre-processing...
Execute       clang -syntaxcheck -src /home/agustinsilva447/Escritorio/Github/FPGA/paper_routing/hopfield_hls/hopfield_routing/solution1/.autopilot/db/hopfield_routing.pp.0.cpp  -fno-limit-debug-info -gcc-toolchain "/home/agustinsilva447/Vivado/Vivado/2019.2/lnx64/tools/gcc" -hls    -fno-math-errno -c -emit-llvm -O0  -mllvm -disable-llvm-optzns -fno-threadsafe-statics  -fno-use-cxa-atexit  -fno-threadsafe-statics -fno-use-cxa-atexit -D__CLANG_3_1__ -DAESL_SYN -D__SYNTHESIS__ -D__HLS_SYN__ -I "/home/agustinsilva447/Vivado/Vivado/2019.2/common/technology/autopilot" -I "/home/agustinsilva447/Vivado/Vivado/2019.2/common/technology/autopilot/ap_sysc" -include etc/autopilot_ssdm_op.h -D__DSP48E1__  "/home/agustinsilva447/Escritorio/Github/FPGA/paper_routing/hopfield_hls/hopfield_routing/solution1/.autopilot/db/hopfield_routing.pp.0.cpp"  -o "/home/agustinsilva447/Escritorio/Github/FPGA/paper_routing/hopfield_hls/hopfield_routing/solution1/.autopilot/db/useless.bc"  
INFO-FLOW: exec /home/agustinsilva447/Vivado/Vivado/2019.2/lnx64/tools/clang/bin/clang -fno-limit-debug-info -gcc-toolchain /home/agustinsilva447/Vivado/Vivado/2019.2/lnx64/tools/gcc -hls -fno-math-errno -c -emit-llvm -O0 -mllvm -disable-llvm-optzns -fno-threadsafe-statics -fno-use-cxa-atexit -fno-threadsafe-statics -fno-use-cxa-atexit -D__CLANG_3_1__ -DAESL_SYN -D__SYNTHESIS__ -D__HLS_SYN__ -I /home/agustinsilva447/Vivado/Vivado/2019.2/common/technology/autopilot -I /home/agustinsilva447/Vivado/Vivado/2019.2/common/technology/autopilot/ap_sysc -include etc/autopilot_ssdm_op.h -D__DSP48E1__ /home/agustinsilva447/Escritorio/Github/FPGA/paper_routing/hopfield_hls/hopfield_routing/solution1/.autopilot/db/hopfield_routing.pp.0.cpp -o /home/agustinsilva447/Escritorio/Github/FPGA/paper_routing/hopfield_hls/hopfield_routing/solution1/.autopilot/db/useless.bc
Command       clang done; 10.02 sec.
INFO-FLOW: Done: GCC PP time: 25.2 seconds per iteration
Execute       source /home/agustinsilva447/Vivado/Vivado/2019.2/tps/tcl/tcllib1.11.1/yaml/huddle.tcl 
Execute       source /home/agustinsilva447/Vivado/Vivado/2019.2/tps/tcl/tcllib1.11.1/yaml/json2huddle.tcl 
Execute         source /home/agustinsilva447/Vivado/Vivado/2019.2/tps/tcl/tcllib1.11.1/try/try.tcl 
Execute       list_core -type functional_unit 
Execute       tidy_31 xilinx-systemc-detector /home/agustinsilva447/Escritorio/Github/FPGA/paper_routing/hopfield_hls/hopfield_routing/solution1/.autopilot/db/hopfield_routing.pp.0.cpp std=gnu++98 -directive=/home/agustinsilva447/Escritorio/Github/FPGA/paper_routing/hopfield_hls/hopfield_routing/solution1/.autopilot/db/.systemc_flag 
INFO-FLOW: exec /home/agustinsilva447/Vivado/Vivado/2019.2/lnx64/tools/clang-3.9-csynth/bin/tidy-3.1 -header-filter=.* -checks=-*,xilinx-systemc-detector -import-directive=/home/agustinsilva447/Escritorio/Github/FPGA/paper_routing/hopfield_hls/hopfield_routing/solution1/.autopilot/db/.systemc_flag -quiet -fix-errors /home/agustinsilva447/Escritorio/Github/FPGA/paper_routing/hopfield_hls/hopfield_routing/solution1/.autopilot/db/hopfield_routing.pp.0.cpp -- -std=gnu++98 -fhls -ferror-limit=0
Command       tidy_31 done; 9.01 sec.
INFO-FLOW: Running: tidy-3.1 CDT preprocess
Execute       tidy_31 xilinx-directive2pragma /home/agustinsilva447/Escritorio/Github/FPGA/paper_routing/hopfield_hls/hopfield_routing/solution1/.autopilot/db/hopfield_routing.pp.0.cpp std=gnu++98 -directive=/home/agustinsilva447/Escritorio/Github/FPGA/paper_routing/hopfield_hls/hopfield_routing/solution1/.autopilot/db/all.directive.json 
INFO-FLOW: exec /home/agustinsilva447/Vivado/Vivado/2019.2/lnx64/tools/clang-3.9-csynth/bin/tidy-3.1 -header-filter=.* -checks=-*,xilinx-directive2pragma -import-directive=/home/agustinsilva447/Escritorio/Github/FPGA/paper_routing/hopfield_hls/hopfield_routing/solution1/.autopilot/db/all.directive.json -quiet -fix-errors /home/agustinsilva447/Escritorio/Github/FPGA/paper_routing/hopfield_hls/hopfield_routing/solution1/.autopilot/db/hopfield_routing.pp.0.cpp -- -std=gnu++98 -fhls -ferror-limit=0
Command       tidy_31 done; 8.25 sec.
Execute       get_config_dataflow -strict_mode 
Execute       ap_eval exec -ignorestderr /home/agustinsilva447/Vivado/Vivado/2019.2/lnx64/tools/clang-3.9-csynth/bin/xilinx-dataflow-lawyer -export-fixes=/home/agustinsilva447/Escritorio/Github/FPGA/paper_routing/hopfield_hls/hopfield_routing/solution1/.autopilot/db/xilinx-dataflow-lawyer.hopfield_routing.pp.0.cpp.diag.yml /home/agustinsilva447/Escritorio/Github/FPGA/paper_routing/hopfield_hls/hopfield_routing/solution1/.autopilot/db/hopfield_routing.pp.0.cpp -- -std=gnu++98 -fhls -ferror-limit=0 -fstrict-dataflow > /home/agustinsilva447/Escritorio/Github/FPGA/paper_routing/hopfield_hls/hopfield_routing/solution1/.autopilot/db/xilinx-dataflow-lawyer.hopfield_routing.pp.0.cpp.out.log 2> /home/agustinsilva447/Escritorio/Github/FPGA/paper_routing/hopfield_hls/hopfield_routing/solution1/.autopilot/db/xilinx-dataflow-lawyer.hopfield_routing.pp.0.cpp.err.log 
Command       ap_eval done; 10.97 sec.
Execute       tidy_31 -errorcheck xilinx-constantarray-param,xilinx-resource-pragma-transformer,xilinx-xfmat-array-geometry /home/agustinsilva447/Escritorio/Github/FPGA/paper_routing/hopfield_hls/hopfield_routing/solution1/.autopilot/db/hopfield_routing.pp.0.cpp std=gnu++98 
Execute         ap_eval exec -ignorestderr /home/agustinsilva447/Vivado/Vivado/2019.2/lnx64/tools/clang-3.9-csynth/bin/tidy-3.1 -export-fixes=/home/agustinsilva447/Escritorio/Github/FPGA/paper_routing/hopfield_hls/hopfield_routing/solution1/.autopilot/db/tidy-3.1.hopfield_routing.pp.0.cpp.diag.yml -header-filter=.* -checks=-*,xilinx-constantarray-param,xilinx-resource-pragma-transformer,xilinx-xfmat-array-geometry -quiet -fix-errors /home/agustinsilva447/Escritorio/Github/FPGA/paper_routing/hopfield_hls/hopfield_routing/solution1/.autopilot/db/hopfield_routing.pp.0.cpp -- -std=gnu++98 -fhls -ferror-limit=0 > /home/agustinsilva447/Escritorio/Github/FPGA/paper_routing/hopfield_hls/hopfield_routing/solution1/.autopilot/db/tidy-3.1.hopfield_routing.pp.0.cpp.out.log 2> /home/agustinsilva447/Escritorio/Github/FPGA/paper_routing/hopfield_hls/hopfield_routing/solution1/.autopilot/db/tidy-3.1.hopfield_routing.pp.0.cpp.err.log 
Command         ap_eval done; 16.29 sec.
Execute         source /home/agustinsilva447/Vivado/Vivado/2019.2/tps/tcl/tcllib1.11.1/yaml/yaml.tcl 
Execute           source /home/agustinsilva447/Vivado/Vivado/2019.2/tps/tcl/tcllib1.11.1/cmdline/cmdline.tcl 
Execute         ap_eval exec -ignorestderr /home/agustinsilva447/Vivado/Vivado/2019.2/lnx64/tools/clang-3.9-csynth/bin/xilinx-legacy-rewriter /home/agustinsilva447/Escritorio/Github/FPGA/paper_routing/hopfield_hls/hopfield_routing/solution1/.autopilot/db/hopfield_routing.pp.0.cpp -- -std=gnu++98 -fhls -ferror-limit=0 > /home/agustinsilva447/Escritorio/Github/FPGA/paper_routing/hopfield_hls/hopfield_routing/solution1/.autopilot/db/xilinx-legacy-rewriter.hopfield_routing.pp.0.cpp.out.log 2> /home/agustinsilva447/Escritorio/Github/FPGA/paper_routing/hopfield_hls/hopfield_routing/solution1/.autopilot/db/xilinx-legacy-rewriter.hopfield_routing.pp.0.cpp.err.log 
Command         ap_eval done; 7.11 sec.
Command       tidy_31 done; 24.63 sec.
INFO-FLOW: Done: tidy-3.1 CDT preprocess time: 43.9 seconds per iteration
INFO-FLOW: Pragma Handling...
Execute       tidy_31 xilinx-ssdm-intrinsics-arguments /home/agustinsilva447/Escritorio/Github/FPGA/paper_routing/hopfield_hls/hopfield_routing/solution1/.autopilot/db/hopfield_routing.pragma.1.cpp std=gnu++98 
INFO-FLOW: exec /home/agustinsilva447/Vivado/Vivado/2019.2/lnx64/tools/clang-3.9-csynth/bin/tidy-3.1 -header-filter=.* -checks=-*,xilinx-ssdm-intrinsics-arguments -quiet -fix-errors /home/agustinsilva447/Escritorio/Github/FPGA/paper_routing/hopfield_hls/hopfield_routing/solution1/.autopilot/db/hopfield_routing.pragma.1.cpp -- -std=gnu++98 -fhls -ferror-limit=0
Command       tidy_31 done; 13.17 sec.
Execute       ap_part_info -name xc7z020-clg484-1 -data info 
INFO-FLOW: Processing labels
Execute       clang -src /home/agustinsilva447/Escritorio/Github/FPGA/paper_routing/hopfield_hls/hopfield_routing/solution1/.autopilot/db/hopfield_routing.pragma.2.cpp  -fno-limit-debug-info -gcc-toolchain /home/agustinsilva447/Vivado/Vivado/2019.2/lnx64/tools/gcc -hls -hls-analyze-label -hls-analyze-pragma -fno-exceptions  -D__llvm__  -w  "/home/agustinsilva447/Escritorio/Github/FPGA/paper_routing/hopfield_hls/hopfield_routing/solution1/.autopilot/db/hopfield_routing.pragma.2.cpp"    -fno-math-errno -c -emit-llvm -O0  -mllvm -disable-llvm-optzns -fno-threadsafe-statics  -fno-use-cxa-atexit -DAESL_SYN -D__SYNTHESIS__ -D__HLS_SYN__ -I "/home/agustinsilva447/Vivado/Vivado/2019.2/common/technology/autopilot" -I "/home/agustinsilva447/Vivado/Vivado/2019.2/common/technology/autopilot/ap_sysc" -include etc/autopilot_ssdm_op.h -D__DSP48E1__ -g -o "/home/agustinsilva447/Escritorio/Github/FPGA/paper_routing/hopfield_hls/hopfield_routing/solution1/.autopilot/db/hopfield_routing.bc" 
INFO-FLOW: exec /home/agustinsilva447/Vivado/Vivado/2019.2/lnx64/tools/clang/bin/clang -fno-limit-debug-info -gcc-toolchain /home/agustinsilva447/Vivado/Vivado/2019.2/lnx64/tools/gcc -hls -hls-analyze-label -hls-analyze-pragma -fno-exceptions -D__llvm__ -w /home/agustinsilva447/Escritorio/Github/FPGA/paper_routing/hopfield_hls/hopfield_routing/solution1/.autopilot/db/hopfield_routing.pragma.2.cpp -fno-math-errno -c -emit-llvm -O0 -mllvm -disable-llvm-optzns -fno-threadsafe-statics -fno-use-cxa-atexit -DAESL_SYN -D__SYNTHESIS__ -D__HLS_SYN__ -I /home/agustinsilva447/Vivado/Vivado/2019.2/common/technology/autopilot -I /home/agustinsilva447/Vivado/Vivado/2019.2/common/technology/autopilot/ap_sysc -include etc/autopilot_ssdm_op.h -D__DSP48E1__ -g -o /home/agustinsilva447/Escritorio/Github/FPGA/paper_routing/hopfield_hls/hopfield_routing/solution1/.autopilot/db/hopfield_routing.bc
Command       clang done; 11.1 sec.
INFO-FLOW: Linking Debug ...
Execute       llvm-ld /home/agustinsilva447/Escritorio/Github/FPGA/paper_routing/hopfield_hls/hopfield_routing/solution1/.autopilot/db/hopfield_routing.g.bc -hls-opt -except-internalize hopfield_routing -L/home/agustinsilva447/Vivado/Vivado/2019.2/lnx64/lib -lhlsm -lhlsmc++ -o /home/agustinsilva447/Escritorio/Github/FPGA/paper_routing/hopfield_hls/hopfield_routing/solution1/.autopilot/db/a.g 
Command       llvm-ld done; 3.83 sec.
INFO: [HLS 200-111] Finished Linking Time (s): cpu = 00:01:46 ; elapsed = 00:01:52 . Memory (MB): peak = 930.543 ; gain = 523.035 ; free physical = 614 ; free virtual = 6890
INFO: [HLS 200-111] Finished Checking Pragmas Time (s): cpu = 00:01:46 ; elapsed = 00:01:52 . Memory (MB): peak = 930.543 ; gain = 523.035 ; free physical = 614 ; free virtual = 6890
Execute       get_config_sdx -target 
Execute       opt_and_import_c a -opt_level=2 -skip_syncheck=0 -ng=0 -keep_printf=0 
Execute         cleanup_all_models 
INFO: [HLS 200-10] Starting code transformations ...
Execute         transform -promote-dbg-pointer /home/agustinsilva447/Escritorio/Github/FPGA/paper_routing/hopfield_hls/hopfield_routing/solution1/.autopilot/db/a.pp.bc -o /home/agustinsilva447/Escritorio/Github/FPGA/paper_routing/hopfield_hls/hopfield_routing/solution1/.autopilot/db/a.pp.0.bc -f 
Command         transform done; 0.54 sec.
Execute         llvm-ld /home/agustinsilva447/Escritorio/Github/FPGA/paper_routing/hopfield_hls/hopfield_routing/solution1/.autopilot/db/a.pp.0.bc -disable-opt -L/home/agustinsilva447/Vivado/Vivado/2019.2/lnx64/lib -lfloatconversion -o /home/agustinsilva447/Escritorio/Github/FPGA/paper_routing/hopfield_hls/hopfield_routing/solution1/.autopilot/db/a.g.0 
Command         llvm-ld done; 2.93 sec.
INFO-FLOW: Running Standard Transforms...
Execute         transform -hls -share-std-xform -demangle-name -inline-byval-memcpy -always-inline -promote-dbg-pointer -interface-preproc -mem2reg -scalarrepl -mem2reg -keep-read-access -instcombine -dce -promote-dbg-pointer -bitop-raise -loop-simplify -indvarspre -indvars -loop-simplify -xunroll -constprop -instcombine -simplifycfg -indvars -simplifycfg -dce -globaldce -basicaa -simplifycfg -mem2reg -globalopt -global-constprop -deadargelim -instcombine -simplifycfg -prune-eh -simplifycfg -scalarrepl -instcombine -reassociate -licm -simplifycfg -loop-simplify -indvars -instcombine -simplifycfg -mem2reg -loop-simplify -indvars -instcombine -gvn -gvn -instcombine -adce -break-crit-edges -simplifycfg -loop-delete -global-array-opt -dce -dse -adce -find-syn-modules -top hopfield_routing -deadargelim -mem2reg -instcombine -dce -presyn-prepare -auto-rom-infer -interface-preproc -syn-check -check-rec-only -find-region -simplifycfg -func-extr -function-inline -globaldce -mem2reg -instcombine -dce -gvn -globaldce -adce -adse -constprop -instcombine -bit-constprop -instcombine -dce -simplifycfg -bitop-raise -simplifycfg -dce -loop-delete -reassociate -globalopt -global-privatize -mem2reg -dce -global-constprop -pointer-simplify -constprop -dce -func-inst -deadargelim -auto-shift-reg-idiom -promote-dbg-pointer -norm-name /home/agustinsilva447/Escritorio/Github/FPGA/paper_routing/hopfield_hls/hopfield_routing/solution1/.autopilot/db/a.g.0.bc -o /home/agustinsilva447/Escritorio/Github/FPGA/paper_routing/hopfield_hls/hopfield_routing/solution1/.autopilot/db/a.g.1.bc -f -phase std-opt 
Command         transform done; 0.46 sec.
INFO: [HLS 200-111] Finished Standard Transforms Time (s): cpu = 00:01:49 ; elapsed = 00:01:56 . Memory (MB): peak = 933.863 ; gain = 526.355 ; free physical = 565 ; free virtual = 6836
INFO: [HLS 200-10] Checking synthesizability ...
INFO-FLOW: Checking Synthesizability 1/2..
Execute         transform -hls -syn-check -check-rec-only -disaggr -scalarrepl -norm-name -dce -mem2reg -instcombine -function-uniquify -directive-preproc -mem2reg -dse -dce -auto-rom-infer -dce -pag -array-normalize -instcombine -dce -warn-fifo-pointer -array-seg-normalize -instcombine -dce -array-flatten -instcombine -dce -array-burst -dce -deadargelim -promote-global-argument -simplifycfg -mem2reg -globaldce -dce -deadargelim -dce -instcombine -function-inline -globaldce -dce -doublePtrSimplify -doublePtrElim -dce -doublePtrSimplify -promote-dbg-pointer -dce -scalarrepl -dse -adse -instcombine -ptrLegalization -simplifycfg -dce -instcombine -pointer-simplify -ptrArgReplace -dce -instcombine -resolve-double-ptr -disaggr -scalarrepl -norm-name -dce -mem2reg -instcombine -ptrLegalization -simplifycfg -deadargelim -instcombine -dce -inst-simplify -function-uniquify -directive-preproc -mem2reg -dse -dce -globaldce -check-dspbuiltin /home/agustinsilva447/Escritorio/Github/FPGA/paper_routing/hopfield_hls/hopfield_routing/solution1/.autopilot/db/a.g.1.bc -o /home/agustinsilva447/Escritorio/Github/FPGA/paper_routing/hopfield_hls/hopfield_routing/solution1/.autopilot/db/a.g.2.prechk.bc -f 
INFO: [XFORM 203-602] Inlining function 'exp_reduce_::exp' into 'hls::exp' (/wrk/2019.2/continuous/2019_11_06_2708876/src/products/hls/hls_lib/hlsmath/src/c++/expfloat.cpp:16) automatically.
INFO: [XFORM 203-602] Inlining function 'hls::exp' into 'hopfield_routing' (hopfield_routing.cpp:25) automatically.
Command         transform done; 0.33 sec.
INFO-FLOW: Checking Synthesizability 2/2..
Execute         transform -syn-check /home/agustinsilva447/Escritorio/Github/FPGA/paper_routing/hopfield_hls/hopfield_routing/solution1/.autopilot/db/a.g.2.prechk.bc -o /home/agustinsilva447/Escritorio/Github/FPGA/paper_routing/hopfield_hls/hopfield_routing/solution1/.autopilot/db/a.g.2.bc -f -phase syn-check 
INFO: [HLS 200-111] Finished Checking Synthesizability Time (s): cpu = 00:01:50 ; elapsed = 00:01:57 . Memory (MB): peak = 933.863 ; gain = 526.355 ; free physical = 547 ; free virtual = 6818
INFO-FLOW: Compiler optimizing ...
INFO-FLOW: Share syncheck's 1.bc for syn flow: copy /home/agustinsilva447/Escritorio/Github/FPGA/paper_routing/hopfield_hls/hopfield_routing/solution1/.autopilot/db/a.g.1.bc to /home/agustinsilva447/Escritorio/Github/FPGA/paper_routing/hopfield_hls/hopfield_routing/solution1/.autopilot/db/a.o.1.bc
INFO-FLOW: Presyn 1...
Execute         transform -hls -tmp /home/agustinsilva447/Escritorio/Github/FPGA/paper_routing/hopfield_hls/hopfield_routing/solution1/.autopilot/db -interface-port-rename -type-info -function-uniquify -directive-preproc -mem2reg -dse -dce -disaggr -scalarrepl -norm-name -deadargelim -mem2reg -instcombine -dce -simplifycfg -auto-rom-infer -dce -function-uniquify -resource-proc -clib-intrinsic-prepare -dce -func-buffer -dce -pag -array-normalize -func-legal -instcombine -gvn -constprop -dce -simplifycfg -mem2reg -globaldce -resolve-double-ptr -dce -deadargelim -dce -instcombine -ptrArgReplace -mem2reg -dce -array-seg-normalize -deadargelim -instcombine -dce -pointer-simplify -dce -port-alignment -dce -interface-preproc -data-pack -instcombine -dce -basicaa -aggr-aa -aggrmodref-aa -aggr-aa -gvn -gvn -basicaa -aggr-aa -aggrmodref-aa -aggr-aa -dse -adse -adce -loop-simplify -indvars -instcombine -gvn -loop-simplify -mem2reg -dce -find-region -instcombine -auto-loop-pipeline -inst-simplify -interface-preproc -cfgopt -instcombine -indvars -auto-loop-unroll -loop-simplify -loop-bound -xunroll -constprop -instcombine -simplifycfg -indvars -simplifycfg -dce -globaldce -clean-region -attach-range -gvn -inst-simplify -constprop -simplifycfg -dce -pointer-simplify -dce -globalopt -constprop -dce -array-promote -constprop -dce -ptrArgReplace -mem2reg -simplifycfg -dce -auto-par -instcombine -dce -array-transform-check -array-reshape -instcombine -simplifycfg -dce -ptrArgReplace -deadargelim -mem2reg -instcombine -simplifycfg -dce -indvars -loop-simplify -loop-bound -xunroll -constprop -instcombine -simplifycfg -indvars -simplifycfg -dce -globaldce -basicaa -aggr-aa -aggrmodref-aa -aggr-aa -dse -duplicate-dataflow-processes -globaldce -instcombine -array-partition -instcombine -simplifycfg -dce -ptrArgReplace -global-constprop -deadargelim -mem2reg -func-legal -dce -global-constprop -deadargelim -mem2reg -simplifycfg -dce -merge-param -deadargelim -globalopt -constprop -dce -array-promote -constprop -dce -ptrArgReplace -mem2reg -simplifycfg -dce -mem-intrinsic-preproc -dce -global-internalize -global-privatize -mem2reg -globaldce -promote-global-argument -ptrArgReplace -mem2reg -dce -globalopt -mergereturn -simplify-global-access -mem2reg -dce -pointer-simplify -dce -functionattrs -basicaa -aggr-aa -aggrmodref-aa -aggr-aa -gvn -gvn -basicaa -aggr-aa -aggrmodref-aa -aggr-aa -dse -adse -adce -dce -norm-name -function-inline -complex-op-raise -inst-simplify -globaldce -func-inst -constprop -instcombine -simplifycfg -dce -func-legal -dce -loop-bound -arraycheck -bitwidthmin -on-by-dataflow -loop-delete -instcombine -simplifycfg -globaldce -dce -gvn -deadargelim -dce -loop-simplify -clean-region -simplifycfg -propagate-stable-arguments -loop-stream -instcombine -simplifycfg -dce -globaldce -duplicate-dataflow-processes -stream-intrinsic-preproc -dce -check-ap-stream -loop-simplify -eliminate-keepreads -extract-dataflow-in-loop -loop-simplify -dce -gvn -deadargelim -dse -check-dataflow-syntax -legalize-stream-variable -legalize-global -extract-subproc -dce -dead-channel-elimination -canonicalize-gep -globaldce -dce -gvn -deadargelim -annotate-dataflow-channels -scalar-propagation -deadargelim -globaldce -mem2reg -check-dataflow-channels -function-stream -dce -globaldce -prop-fifo-spec -internal-stream-gen -canonicalize-gep -globaldce -dce -gvn -deadargelim -mergereturn -indvars -loop-simplify -instcombine -array-stream -array-seg-normalize -array-partition -func-legal -instcombine -simplifycfg -dce -bundle-memfifo-ops -deadargelim -function-uniquify -directive-preproc -mem2reg -dse -dce -group-axi-access -licm -simplifycfg -dce -loop-delete -norm-name /home/agustinsilva447/Escritorio/Github/FPGA/paper_routing/hopfield_hls/hopfield_routing/solution1/.autopilot/db/a.o.1.bc -o /home/agustinsilva447/Escritorio/Github/FPGA/paper_routing/hopfield_hls/hopfield_routing/solution1/.autopilot/db/a.o.1.tmp.bc -f 
INFO: [XFORM 203-602] Inlining function 'exp_reduce_::exp' into 'hls::exp' (/wrk/2019.2/continuous/2019_11_06_2708876/src/products/hls/hls_lib/hlsmath/src/c++/expfloat.cpp:16) automatically.
INFO: [XFORM 203-602] Inlining function 'hls::exp' into 'hopfield_routing' (hopfield_routing.cpp:25) automatically.
Command         transform done; 0.43 sec.
INFO-FLOW: Presyn 2...
Execute         transform -hls -keep-callgraph -scalarrepl -mem2reg -port-alignment -attach-range -dce -pipe-mux-gen -indvars -loop-bound -inst-simplify -instcombine -dce -merge-array-access -mem2reg -dce -clean-region -mergereturn -if-conv -instcombine -dce -constprop -basicaa -aggr-aa -aggrmodref-aa -aggr-aa -gvn -gvn -basicaa -aggr-aa -aggrmodref-aa -aggr-aa -dse -adse -adce -scalarrepl -mem2reg -global-constprop -deadargelim -deadargelim -instcombine -dce -simplifycfg -ptrArgReplace -mem2reg -function-inline -globaldce -mem2reg -instcombine -dce -expr-balance -instcombine -dce -bitwidthmin -interface-preproc -directive-preproc -inst-rectify -instcombine -dce -functionattrs -constprop -instcombine -bit-constprop -simplify-global-access -globalopt -globaldce -inst-simplify -instcombine -elimdeaddata -dce -loop-delete -simplifycfg -loop-simplify -auto-burst -norm-name /home/agustinsilva447/Escritorio/Github/FPGA/paper_routing/hopfield_hls/hopfield_routing/solution1/.autopilot/db/a.o.1.tmp.bc -o /home/agustinsilva447/Escritorio/Github/FPGA/paper_routing/hopfield_hls/hopfield_routing/solution1/.autopilot/db/a.o.2.bc -f -phase presyn 
INFO: [HLS 200-111] Finished Pre-synthesis Time (s): cpu = 00:01:50 ; elapsed = 00:01:57 . Memory (MB): peak = 933.863 ; gain = 526.355 ; free physical = 494 ; free virtual = 6770
INFO-FLOW: Building ssdm...
Execute         transform -hls -function-uniquify -auto-function-inline -globaldce -ptrArgReplace -mem2reg -dce -reset-lda -loop-simplify -indvars -licm -loop-dep -loop-bound -licm -loop-simplify -flattenloopnest -array-flatten -gvn -instcombine -dce -array-map -dce -func-legal -gvn -adce -instcombine -cfgopt -simplifycfg -loop-simplify -array-burst -promote-global-argument -dce -ptrLegalization -axi4-lower -array-seg-normalize -basicaa -aggrmodref-aa -globalsmodref-aa -aggr-aa -gvn -gvn -basicaa -aggrmodref-aa -globalsmodref-aa -aggr-aa -dse -adse -adce -licm -inst-simplify -dce -globaldce -instcombine -array-stream -eliminate-keepreads -instcombine -dce -deadargelim -doublePtrSimplify -doublePtrElim -dce -doublePtrSimplify -promote-dbg-pointer -dce -scalarrepl -mem2reg -disaggr -norm-name -mem2reg -instcombine -dse -adse -adce -ptrLegalization -dce -auto-rom-infer -array-flatten -dce -instcombine -check-doubleptr -loop-rot -constprop -cfgopt -simplifycfg -loop-simplify -indvars -pointer-simplify -dce -loop-bound -loop-simplify -loop-preproc -constprop -global-constprop -gvn -mem2reg -instcombine -dce -loop-bound -loop-merge -dce -bitwidthmin -deadargelim -dce -canonicalize-dataflow -dce -scalar-propagation -deadargelim -globaldce -mem2reg -read-loop-dep -interface-preproc -directive-preproc -interface-gen -bram-byte-enable -deadargelim -inst-simplify -dce -gvn -mem2reg -instcombine -dce -adse -loop-bound -instcombine -cfgopt -simplifycfg -loop-simplify -clean-region -io-protocol -find-region -mem2reg -bitop-raise -complex-op-raise -inst-simplify -inst-rectify -instcombine -adce -deadargelim -loop-simplify -phi-opt -bitop-raise -cfgopt -simplifycfg -strip-dead-prototypes -interface-lower -bitop-lower -intrinsic-lower -auto-function-inline -basicaa -aggrmodref-aa -globalsmodref-aa -aggr-aa -inst-simplify -simplifycfg -loop-simplify -mergereturn -inst-simplify -inst-rectify -dce -load-elim -bitop-lower -loop-rewind -pointer-simplify -dce -cfgopt -dce -loop-bound -loop-dep -read-loop-dep -dce -check-stream -norm-name -legalize -validate-dataflow -inst-clarity -bitwidth -dump-loop-dep-to-ir -check-all-ssdm -cdfg-build /home/agustinsilva447/Escritorio/Github/FPGA/paper_routing/hopfield_hls/hopfield_routing/solution1/.autopilot/db/a.o.2.bc -o /home/agustinsilva447/Escritorio/Github/FPGA/paper_routing/hopfield_hls/hopfield_routing/solution1/.autopilot/db/a.o.3.bc -f -phase build-ssdm 
INFO: [HLS 200-472] Inferring partial write operation for 'V' (hopfield_routing.cpp:23:5)
INFO: [HLS 200-472] Inferring partial write operation for 'V' (hopfield_routing.cpp:25:29)
Command         transform done; 0.14 sec.
INFO: [HLS 200-111] Finished Architecture Synthesis Time (s): cpu = 00:01:50 ; elapsed = 00:01:57 . Memory (MB): peak = 933.863 ; gain = 526.355 ; free physical = 494 ; free virtual = 6770
INFO-FLOW: Finish building internal data model.
Command       opt_and_import_c done; 4.98 sec.
Command     elaborate done; 112.32 sec.
Execute     autosyn -from_csynth_design=1 
INFO: [HLS 200-10] Starting hardware synthesis ...
INFO-FLOW: Synthesizing C/C++ design ...
INFO: [HLS 200-10] Synthesizing 'hopfield_routing' ...
Execute       ap_set_top_model hopfield_routing 
Execute       get_model_list hopfield_routing -filter all-wo-channel -topdown 
Execute       preproc_iomode -model hopfield_routing 
Execute       get_model_list hopfield_routing -filter all-wo-channel 
INFO-FLOW: Model list for configure: hopfield_routing
INFO-FLOW: Configuring Module : hopfield_routing ...
Execute       set_default_model hopfield_routing 
Execute       apply_spec_resource_limit hopfield_routing 
INFO-FLOW: Model list for preprocess: hopfield_routing
INFO-FLOW: Preprocessing Module: hopfield_routing ...
Execute       set_default_model hopfield_routing 
Execute       cdfg_preprocess -model hopfield_routing 
Execute       rtl_gen_preprocess hopfield_routing 
INFO-FLOW: Model list for synthesis: hopfield_routing
INFO: [HLS 200-10] ----------------------------------------------------------------
INFO: [HLS 200-42] -- Implementing module 'hopfield_routing' 
INFO: [HLS 200-10] ----------------------------------------------------------------
Execute       set_default_model hopfield_routing 
Execute       schedule -model hopfield_routing 
INFO: [SCHED 204-11] Starting scheduling ...
INFO: [SCHED 204-11] Finished scheduling.
INFO: [HLS 200-111]  Elapsed time: 117.4 seconds; current allocated memory: 229.264 MB.
Execute       syn_report -verbosereport -o /home/agustinsilva447/Escritorio/Github/FPGA/paper_routing/hopfield_hls/hopfield_routing/solution1/.autopilot/db/hopfield_routing.verbose.sched.rpt 
Execute       db_write -o /home/agustinsilva447/Escritorio/Github/FPGA/paper_routing/hopfield_hls/hopfield_routing/solution1/.autopilot/db/hopfield_routing.sched.adb -f 
INFO-FLOW: Finish scheduling hopfield_routing.
Execute       set_default_model hopfield_routing 
Execute       bind -model hopfield_routing 
BIND OPTION: model=hopfield_routing
INFO: [BIND 205-100] Starting micro-architecture generation ...
INFO: [BIND 205-101] Performing variable lifetime analysis.
INFO: [BIND 205-101] Exploring resource sharing.
INFO: [BIND 205-101] Binding ...
INFO: [BIND 205-100] Finished micro-architecture generation.
INFO: [HLS 200-111]  Elapsed time: 0.12 seconds; current allocated memory: 229.535 MB.
Execute       syn_report -verbosereport -o /home/agustinsilva447/Escritorio/Github/FPGA/paper_routing/hopfield_hls/hopfield_routing/solution1/.autopilot/db/hopfield_routing.verbose.bind.rpt 
Command       syn_report done; 0.15 sec.
Execute       db_write -o /home/agustinsilva447/Escritorio/Github/FPGA/paper_routing/hopfield_hls/hopfield_routing/solution1/.autopilot/db/hopfield_routing.bind.adb -f 
INFO-FLOW: Finish binding hopfield_routing.
Execute       get_model_list hopfield_routing -filter all-wo-channel 
INFO-FLOW: Preprocessing for RTLGen ...
Execute       rtl_gen_preprocess hopfield_routing 
INFO-FLOW: Model list for RTL generation: hopfield_routing
INFO: [HLS 200-10] ----------------------------------------------------------------
INFO: [HLS 200-10] -- Generating RTL for module 'hopfield_routing' 
INFO: [HLS 200-10] ----------------------------------------------------------------
Execute       get_config_rtl -module_prefix 
Execute       get_config_rtl -module_auto_prefix 
Execute       create_rtl_model hopfield_routing -vendor xilinx -mg_file /home/agustinsilva447/Escritorio/Github/FPGA/paper_routing/hopfield_hls/hopfield_routing/solution1/.autopilot/db/hopfield_routing.compgen.tcl 
INFO: [RTGEN 206-500] Setting interface mode on port 'hopfield_routing/V' to 'bram'.
INFO: [RTGEN 206-500] Setting interface mode on port 'hopfield_routing/U_1' to 'bram'.
INFO: [RTGEN 206-500] Setting interface mode on port 'hopfield_routing/l' to 's_axilite & ap_none'.
INFO: [RTGEN 206-500] Setting interface mode on function 'hopfield_routing' to 's_axilite & ap_ctrl_hs'.
INFO: [RTGEN 206-100] Bundling port 'return' and 'l' to AXI-Lite port CRTL_BUS.
INFO: [SYN 201-210] Renamed object name 'hopfield_routing_fadd_32ns_32ns_32_5_full_dsp_1' to 'hopfield_routing_bkb' due to the length limit 20
INFO: [SYN 201-210] Renamed object name 'hopfield_routing_fmul_32ns_32ns_32_4_max_dsp_1' to 'hopfield_routing_cud' due to the length limit 20
INFO: [SYN 201-210] Renamed object name 'hopfield_routing_fdiv_32ns_32ns_32_16_1' to 'hopfield_routing_dEe' due to the length limit 20
INFO: [SYN 201-210] Renamed object name 'hopfield_routing_fexp_32ns_32ns_32_9_full_dsp_1' to 'hopfield_routing_eOg' due to the length limit 20
WARNING: [RTGEN 206-101] Setting dangling out port 'hopfield_routing/U_1_WEN_A' to 0.
WARNING: [RTGEN 206-101] Setting dangling out port 'hopfield_routing/U_1_Din_A' to 0.
INFO: [RTGEN 206-100] Generating core module 'hopfield_routing_bkb': 1 instance(s).
INFO: [RTGEN 206-100] Generating core module 'hopfield_routing_cud': 1 instance(s).
INFO: [RTGEN 206-100] Generating core module 'hopfield_routing_dEe': 1 instance(s).
INFO: [RTGEN 206-100] Generating core module 'hopfield_routing_eOg': 1 instance(s).
INFO: [RTGEN 206-100] Finished creating RTL model for 'hopfield_routing'.
INFO: [HLS 200-111]  Elapsed time: 0.22 seconds; current allocated memory: 230.301 MB.
Execute       source /home/agustinsilva447/Escritorio/Github/FPGA/paper_routing/hopfield_hls/hopfield_routing/solution1/.autopilot/db/hopfield_routing.rtl_wrap.cfg.tcl 
Execute       gen_rtl hopfield_routing -istop -style xilinx -tracefl mytrace -tracefmt vcd -traceopt all -f -lang sc -o /home/agustinsilva447/Escritorio/Github/FPGA/paper_routing/hopfield_hls/hopfield_routing/solution1/syn/systemc/hopfield_routing -synmodules hopfield_routing 
Execute       gen_rtl hopfield_routing -istop -style xilinx -f -lang vhdl -o /home/agustinsilva447/Escritorio/Github/FPGA/paper_routing/hopfield_hls/hopfield_routing/solution1/syn/vhdl/hopfield_routing 
Execute       gen_rtl hopfield_routing -istop -style xilinx -f -lang vlog -o /home/agustinsilva447/Escritorio/Github/FPGA/paper_routing/hopfield_hls/hopfield_routing/solution1/syn/verilog/hopfield_routing 
Execute       syn_report -csynth -model hopfield_routing -o /home/agustinsilva447/Escritorio/Github/FPGA/paper_routing/hopfield_hls/hopfield_routing/solution1/syn/report/hopfield_routing_csynth.rpt 
Execute       syn_report -rtlxml -model hopfield_routing -o /home/agustinsilva447/Escritorio/Github/FPGA/paper_routing/hopfield_hls/hopfield_routing/solution1/syn/report/hopfield_routing_csynth.xml 
Execute       syn_report -verbosereport -model hopfield_routing -o /home/agustinsilva447/Escritorio/Github/FPGA/paper_routing/hopfield_hls/hopfield_routing/solution1/.autopilot/db/hopfield_routing.verbose.rpt 
Command       syn_report done; 0.16 sec.
Execute       db_write -model hopfield_routing -f -o /home/agustinsilva447/Escritorio/Github/FPGA/paper_routing/hopfield_hls/hopfield_routing/solution1/.autopilot/db/hopfield_routing.adb 
Execute       gen_tb_info hopfield_routing -p /home/agustinsilva447/Escritorio/Github/FPGA/paper_routing/hopfield_hls/hopfield_routing/solution1/.autopilot/db -o /home/agustinsilva447/Escritorio/Github/FPGA/paper_routing/hopfield_hls/hopfield_routing/solution1/.autopilot/db/hopfield_routing 
Execute       export_constraint_db -f -tool general -o /home/agustinsilva447/Escritorio/Github/FPGA/paper_routing/hopfield_hls/hopfield_routing/solution1/.autopilot/db/hopfield_routing.constraint.tcl 
Execute       syn_report -designview -model hopfield_routing -o /home/agustinsilva447/Escritorio/Github/FPGA/paper_routing/hopfield_hls/hopfield_routing/solution1/.autopilot/db/hopfield_routing.design.xml 
Execute       get_config_rtl -disable_wave_debug 
Execute       syn_report -wcfg -model hopfield_routing -o /home/agustinsilva447/Escritorio/Github/FPGA/paper_routing/hopfield_hls/hopfield_routing/solution1/.autopilot/db/hopfield_routing_dataflow_ana.wcfg 
Execute       syn_report -protoinst -model hopfield_routing -o /home/agustinsilva447/Escritorio/Github/FPGA/paper_routing/hopfield_hls/hopfield_routing/solution1/.autopilot/db/hopfield_routing.protoinst 
Execute       get_config_debug -directory 
Execute       sc_get_clocks hopfield_routing 
Execute       get_config_export -vivado_clock 
Execute       sc_get_portdomain hopfield_routing 
INFO-FLOW: Model list for RTL component generation: hopfield_routing
INFO-FLOW: Handling components in module [hopfield_routing] ... 
Execute       source /home/agustinsilva447/Escritorio/Github/FPGA/paper_routing/hopfield_hls/hopfield_routing/solution1/.autopilot/db/hopfield_routing.compgen.tcl 
INFO-FLOW: Found component hopfield_routing_bkb.
INFO-FLOW: Append model hopfield_routing_bkb
INFO-FLOW: Found component hopfield_routing_cud.
INFO-FLOW: Append model hopfield_routing_cud
INFO-FLOW: Found component hopfield_routing_dEe.
INFO-FLOW: Append model hopfield_routing_dEe
INFO-FLOW: Found component hopfield_routing_eOg.
INFO-FLOW: Append model hopfield_routing_eOg
INFO-FLOW: Found component hopfield_routing_CRTL_BUS_s_axi.
INFO-FLOW: Append model hopfield_routing_CRTL_BUS_s_axi
INFO-FLOW: Append model hopfield_routing
INFO-FLOW: Generating RTL model list ...
INFO-FLOW: All models in this session: hopfield_routing_bkb hopfield_routing_cud hopfield_routing_dEe hopfield_routing_eOg hopfield_routing_CRTL_BUS_s_axi hopfield_routing
INFO-FLOW: To file: write model hopfield_routing_bkb
INFO-FLOW: To file: write model hopfield_routing_cud
INFO-FLOW: To file: write model hopfield_routing_dEe
INFO-FLOW: To file: write model hopfield_routing_eOg
INFO-FLOW: To file: write model hopfield_routing_CRTL_BUS_s_axi
INFO-FLOW: To file: write model hopfield_routing
INFO-FLOW: Finished generating RTL model list.


INFO-FLOW: RTL Generation done.
INFO-FLOW: CAS Generation done.
INFO-FLOW: CBC Generation done.
Execute       syn_report -model hopfield_routing -printsummary 
INFO: [HLS 200-790] **** Loop Constraint Status: All loop constraints were satisfied.
INFO: [HLS 200-789] **** Estimated Fmax: 130.14 MHz
INFO-FLOW: DBG:CMD: auto_generate_csynth_design
INFO-FLOW: DBG:CMD:     auto_generate --sim-model -phase csynth_design -d /home/agustinsilva447/Escritorio/Github/FPGA/paper_routing/hopfield_hls/hopfield_routing/solution1
Execute       source /home/agustinsilva447/Escritorio/Github/FPGA/paper_routing/hopfield_hls/hopfield_routing/solution1/.autopilot/db/global.setting.tcl 
INFO-FLOW: DBG:CMD: read_platform_lib /home/agustinsilva447/Escritorio/Github/FPGA/paper_routing/hopfield_hls/hopfield_routing/solution1/.autopilot/db/global.setting.tcl
Execute       source /home/agustinsilva447/Vivado/Vivado/2019.2/common/technology/generic/autopilot/common.gen 
Execute         source /home/agustinsilva447/Vivado/Vivado/2019.2/common/technology/generic/autopilot/APCoreGen.gen 
Execute       source /home/agustinsilva447/Vivado/Vivado/2019.2/common/technology/generic/autopilot/op.gen 
Execute       source /home/agustinsilva447/Vivado/Vivado/2019.2/common/technology/generic/autopilot/op_simcore.gen 
Execute       source /home/agustinsilva447/Vivado/Vivado/2019.2/common/technology/generic/autopilot/interface.gen 
Execute       source /home/agustinsilva447/Escritorio/Github/FPGA/paper_routing/hopfield_hls/hopfield_routing/solution1/.autopilot/db/global.setting.tcl 
Execute       source /home/agustinsilva447/Vivado/Vivado/2019.2/common/technology/xilinx/zynq/zynq.gen 
Execute         source /home/agustinsilva447/Vivado/Vivado/2019.2/common/technology/xilinx/common/xilinx.gen 
Execute           source /home/agustinsilva447/Vivado/Vivado/2019.2/common/technology/xilinx/interface/plb46.gen 
Execute           source /home/agustinsilva447/Vivado/Vivado/2019.2/common/technology/xilinx/interface/fsl.gen 
Execute           source /home/agustinsilva447/Vivado/Vivado/2019.2/common/technology/xilinx/interface/axi4.gen 
Execute           source /home/agustinsilva447/Vivado/Vivado/2019.2/common/technology/xilinx/interface/nativeAXI4.gen 
Execute             source /home/agustinsilva447/Vivado/Vivado/2019.2/common/technology/xilinx/interface/saxilite.gen 
Execute             source /home/agustinsilva447/Vivado/Vivado/2019.2/common/technology/xilinx/interface/maxi.gen 
Execute           source /home/agustinsilva447/Vivado/Vivado/2019.2/common/technology/xilinx/scripts/xilinxcoregen.gen 
Execute           source /home/agustinsilva447/Vivado/Vivado/2019.2/common/technology/xilinx/interface/XilEDKCoreGen.gen 
Execute           source /home/agustinsilva447/Vivado/Vivado/2019.2/common/technology/xilinx/ip/dds_compiler.gen 
Execute           source /home/agustinsilva447/Vivado/Vivado/2019.2/common/technology/xilinx/ip/util.gen 
Execute           source /home/agustinsilva447/Vivado/Vivado/2019.2/common/technology/xilinx/ip/xfft.gen 
Command           ap_source done; 0.11 sec.
Execute           source /home/agustinsilva447/Vivado/Vivado/2019.2/common/technology/xilinx/ip/xfir.gen 
Execute           source /home/agustinsilva447/Vivado/Vivado/2019.2/common/technology/xilinx/common/dsp48.gen 
Command         ap_source done; 0.16 sec.
Command       ap_source done; 0.16 sec.
Execute       source /home/agustinsilva447/Vivado/Vivado/2019.2/common/technology/xilinx/zynq/zynq_fpv6.gen 
Execute         source /home/agustinsilva447/Vivado/Vivado/2019.2/common/technology/xilinx/common/xilinx_fp.gen 
INFO-FLOW: DBG:CMD:   using AESL_AUTOCG::g_clock_period=10.000 (was NA)
INFO-FLOW: DBG:CMD:       generate_ip_cores sim=1 export=0 expOnly=0 dstVlogDir=syn/verilog
Execute       source /home/agustinsilva447/Escritorio/Github/FPGA/paper_routing/hopfield_hls/hopfield_routing/solution1/.autopilot/db/global.setting.tcl 
Execute       ap_part_info -name xc7z020-clg484-1 -data names -quiet 
Execute       ap_part_info -name xc7z020-clg484-1 -data info -quiet 
Execute       source /home/agustinsilva447/Escritorio/Github/FPGA/paper_routing/hopfield_hls/hopfield_routing/solution1/.autopilot/db/global.setting.tcl 
Execute       source /home/agustinsilva447/Escritorio/Github/FPGA/paper_routing/hopfield_hls/hopfield_routing/solution1/.autopilot/db/global.setting.tcl 
Execute       source /home/agustinsilva447/Escritorio/Github/FPGA/paper_routing/hopfield_hls/hopfield_routing/solution1/.autopilot/db/hopfield_routing.compgen.tcl 
Execute         ap_part_info -name xc7z020-clg484-1 -data names -quiet 
Execute         ap_part_info -name xc7z020-clg484-1 -data info -quiet 
Execute         ap_part_info -name xc7z020-clg484-1 -data names -quiet 
Execute         ap_part_info -name xc7z020-clg484-1 -data info -quiet 
Execute         ap_part_info -name xc7z020-clg484-1 -data names -quiet 
Execute         ap_part_info -name xc7z020-clg484-1 -data info -quiet 
Execute         ap_part_info -name xc7z020-clg484-1 -data names -quiet 
Execute         ap_part_info -name xc7z020-clg484-1 -data info -quiet 
Execute         source ./CRTL_BUS.slave.tcl 
Execute         is_m_axi_addr64 
Command       ap_source done; 0.3 sec.
INFO-FLOW: DBG:CMD:     auto_generate -export -impltomg_flag -rtl both -tool Vivado -pcore_version 1.00.a -phase csynth_design -d /home/agustinsilva447/Escritorio/Github/FPGA/paper_routing/hopfield_hls/hopfield_routing/solution1
Execute       source /home/agustinsilva447/Escritorio/Github/FPGA/paper_routing/hopfield_hls/hopfield_routing/solution1/.autopilot/db/global.setting.tcl 
INFO-FLOW: DBG:CMD: read_platform_lib /home/agustinsilva447/Escritorio/Github/FPGA/paper_routing/hopfield_hls/hopfield_routing/solution1/.autopilot/db/global.setting.tcl
Execute       source /home/agustinsilva447/Vivado/Vivado/2019.2/common/technology/generic/autopilot/common.gen 
Execute         source /home/agustinsilva447/Vivado/Vivado/2019.2/common/technology/generic/autopilot/APCoreGen.gen 
Execute       source /home/agustinsilva447/Vivado/Vivado/2019.2/common/technology/generic/autopilot/op.gen 
Execute       source /home/agustinsilva447/Vivado/Vivado/2019.2/common/technology/generic/autopilot/op_simcore.gen 
Execute       source /home/agustinsilva447/Vivado/Vivado/2019.2/common/technology/generic/autopilot/interface.gen 
Execute       source /home/agustinsilva447/Escritorio/Github/FPGA/paper_routing/hopfield_hls/hopfield_routing/solution1/.autopilot/db/global.setting.tcl 
Execute       source /home/agustinsilva447/Vivado/Vivado/2019.2/common/technology/xilinx/zynq/zynq.gen 
Execute         source /home/agustinsilva447/Vivado/Vivado/2019.2/common/technology/xilinx/common/xilinx.gen 
Execute           source /home/agustinsilva447/Vivado/Vivado/2019.2/common/technology/xilinx/interface/plb46.gen 
Execute           source /home/agustinsilva447/Vivado/Vivado/2019.2/common/technology/xilinx/interface/fsl.gen 
Execute           source /home/agustinsilva447/Vivado/Vivado/2019.2/common/technology/xilinx/interface/axi4.gen 
Execute           source /home/agustinsilva447/Vivado/Vivado/2019.2/common/technology/xilinx/interface/nativeAXI4.gen 
Execute             source /home/agustinsilva447/Vivado/Vivado/2019.2/common/technology/xilinx/interface/saxilite.gen 
Execute             source /home/agustinsilva447/Vivado/Vivado/2019.2/common/technology/xilinx/interface/maxi.gen 
Execute           source /home/agustinsilva447/Vivado/Vivado/2019.2/common/technology/xilinx/scripts/xilinxcoregen.gen 
Execute           source /home/agustinsilva447/Vivado/Vivado/2019.2/common/technology/xilinx/interface/XilEDKCoreGen.gen 
Execute           source /home/agustinsilva447/Vivado/Vivado/2019.2/common/technology/xilinx/ip/dds_compiler.gen 
Execute           source /home/agustinsilva447/Vivado/Vivado/2019.2/common/technology/xilinx/ip/util.gen 
Execute           source /home/agustinsilva447/Vivado/Vivado/2019.2/common/technology/xilinx/ip/xfft.gen 
Command           ap_source done; 0.13 sec.
Execute           source /home/agustinsilva447/Vivado/Vivado/2019.2/common/technology/xilinx/ip/xfir.gen 
Execute           source /home/agustinsilva447/Vivado/Vivado/2019.2/common/technology/xilinx/common/dsp48.gen 
Command         ap_source done; 0.2 sec.
Command       ap_source done; 0.2 sec.
Execute       source /home/agustinsilva447/Vivado/Vivado/2019.2/common/technology/xilinx/zynq/zynq_fpv6.gen 
Execute         source /home/agustinsilva447/Vivado/Vivado/2019.2/common/technology/xilinx/common/xilinx_fp.gen 
INFO-FLOW: DBG:CMD:       initCTypeInfo top_module=hopfield_routing xml_exists=0
Execute       source /home/agustinsilva447/Escritorio/Github/FPGA/paper_routing/hopfield_hls/hopfield_routing/solution1/.autopilot/db/hopfield_routing.rtl_wrap.cfg.tcl 
Execute       source /home/agustinsilva447/Escritorio/Github/FPGA/paper_routing/hopfield_hls/hopfield_routing/solution1/.autopilot/db/hopfield_routing.rtl_wrap.cfg.tcl 
Execute       source /home/agustinsilva447/Escritorio/Github/FPGA/paper_routing/hopfield_hls/hopfield_routing/solution1/.autopilot/db/hopfield_routing.rtl_wrap.cfg.tcl 
Execute       source /home/agustinsilva447/Escritorio/Github/FPGA/paper_routing/hopfield_hls/hopfield_routing/solution1/.autopilot/db/hopfield_routing.tbgen.tcl 
Execute       source /home/agustinsilva447/Escritorio/Github/FPGA/paper_routing/hopfield_hls/hopfield_routing/solution1/.autopilot/db/hopfield_routing.tbgen.tcl 
INFO-FLOW: DBG:CMD:       export_impl_rtl
INFO-FLOW: DBG:CMD:       generate_ip_cores sim=0 export=0 expOnly=0 dstVlogDir=impl/.verilog
Execute       source /home/agustinsilva447/Escritorio/Github/FPGA/paper_routing/hopfield_hls/hopfield_routing/solution1/.autopilot/db/global.setting.tcl 
Execute       source /home/agustinsilva447/Escritorio/Github/FPGA/paper_routing/hopfield_hls/hopfield_routing/solution1/.autopilot/db/hopfield_routing.compgen.tcl 
Execute         ap_part_info -name xc7z020-clg484-1 -data names -quiet 
Execute         ap_part_info -name xc7z020-clg484-1 -data info -quiet 
Execute         ap_part_info -name xc7z020-clg484-1 -data names -quiet 
Execute         ap_part_info -name xc7z020-clg484-1 -data info -quiet 
Execute         ap_part_info -name xc7z020-clg484-1 -data names -quiet 
Execute         ap_part_info -name xc7z020-clg484-1 -data info -quiet 
Execute         ap_part_info -name xc7z020-clg484-1 -data names -quiet 
Execute         ap_part_info -name xc7z020-clg484-1 -data info -quiet 
Command       ap_source done; 0.23 sec.
INFO-FLOW: DBG:CMD:       generate_ip_cores sim=0 export=1 expOnly=1 dstVlogDir=impl/.pcores/verilog
Execute       source /home/agustinsilva447/Escritorio/Github/FPGA/paper_routing/hopfield_hls/hopfield_routing/solution1/.autopilot/db/global.setting.tcl 
Execute       source /home/agustinsilva447/Escritorio/Github/FPGA/paper_routing/hopfield_hls/hopfield_routing/solution1/.autopilot/db/hopfield_routing.compgen.tcl 
Execute         ap_part_info -name xc7z020-clg484-1 -data names -quiet 
Execute         ap_part_info -name xc7z020-clg484-1 -data info -quiet 
Execute         ap_part_info -name xc7z020-clg484-1 -data names -quiet 
Execute         ap_part_info -name xc7z020-clg484-1 -data info -quiet 
Execute         ap_part_info -name xc7z020-clg484-1 -data names -quiet 
Execute         ap_part_info -name xc7z020-clg484-1 -data info -quiet 
Execute         ap_part_info -name xc7z020-clg484-1 -data names -quiet 
Execute         ap_part_info -name xc7z020-clg484-1 -data info -quiet 
Execute         ap_part_info -name xc7z020-clg484-1 -data names -quiet 
Execute         ap_part_info -name xc7z020-clg484-1 -data info -quiet 
Execute         ap_part_info -name xc7z020-clg484-1 -data names -quiet 
Execute         ap_part_info -name xc7z020-clg484-1 -data info -quiet 
Command       ap_source done; 0.18 sec.
Execute       ap_part_info -name xc7z020-clg484-1 -data names -quiet 
Execute       ap_part_info -name xc7z020-clg484-1 -data info -quiet 
INFO-FLOW: DBG:CMD:       generate_ip_cores sim=0 export=0 expOnly=0 dstVlogDir=impl/.pcores/verilog_sim
Execute       source /home/agustinsilva447/Escritorio/Github/FPGA/paper_routing/hopfield_hls/hopfield_routing/solution1/.autopilot/db/global.setting.tcl 
Execute       source /home/agustinsilva447/Escritorio/Github/FPGA/paper_routing/hopfield_hls/hopfield_routing/solution1/.autopilot/db/hopfield_routing.compgen.tcl 
Execute       ap_part_info -name xc7z020-clg484-1 -data names -quiet 
Execute       ap_part_info -name xc7z020-clg484-1 -data info -quiet 
Execute       ap_part_info -name xc7z020-clg484-1 -data names -quiet 
Execute       ap_part_info -name xc7z020-clg484-1 -data info -quiet 
Execute       source /home/agustinsilva447/Escritorio/Github/FPGA/paper_routing/hopfield_hls/hopfield_routing/solution1/.autopilot/db/global.setting.tcl 
Execute       ap_part_info -name xc7z020-clg484-1 -data names -quiet 
Execute       ap_part_info -name xc7z020-clg484-1 -data info -quiet 
Execute       source /home/agustinsilva447/Escritorio/Github/FPGA/paper_routing/hopfield_hls/hopfield_routing/solution1/.autopilot/db/hopfield_routing.constraint.tcl 
Execute       source /home/agustinsilva447/Escritorio/Github/FPGA/paper_routing/hopfield_hls/hopfield_routing/solution1/.autopilot/db/hopfield_routing.tbgen.tcl 
INFO-FLOW: DBG:CMD:       hasPcoreIpAdapter=false #gSsdmPorts=0
INFO-FLOW: DBG:CMD: Skipping loadAnalyze_DB, #g_database=3
INFO-FLOW: DBG:CMD:       generate_json is_phase_csynth=1 g_has_adaptors=false generate_bd_files=0 #modelList=6 #gSsdmPorts=0
Execute       source /home/agustinsilva447/Vivado/Vivado/2019.2/tps/tcl/tcllib1.11.1/fileutil/fileutil.tcl 
Execute       source /home/agustinsilva447/Escritorio/Github/FPGA/paper_routing/hopfield_hls/hopfield_routing/solution1/.autopilot/db/global.setting.tcl 
Execute       source /home/agustinsilva447/Escritorio/Github/FPGA/paper_routing/hopfield_hls/hopfield_routing/solution1/.autopilot/db/global.setting.tcl 
Execute       get_config_export -xo 
Execute       source /home/agustinsilva447/Escritorio/Github/FPGA/paper_routing/hopfield_hls/hopfield_routing/solution1/.autopilot/db/hopfield_routing.tbgen.tcl 
Execute       source /home/agustinsilva447/Escritorio/Github/FPGA/paper_routing/hopfield_hls/hopfield_routing/solution1/.autopilot/db/hopfield_routing.compgen.dataonly.tcl 
Execute       source /home/agustinsilva447/Escritorio/Github/FPGA/paper_routing/hopfield_hls/hopfield_routing/solution1/.autopilot/db/hopfield_routing.compgen.dataonly.tcl 
Execute       source /home/agustinsilva447/Escritorio/Github/FPGA/paper_routing/hopfield_hls/hopfield_routing/solution1/.autopilot/db/global.setting.tcl 
Execute       get_config_sdx -target 
Execute       source /home/agustinsilva447/Escritorio/Github/FPGA/paper_routing/hopfield_hls/hopfield_routing/solution1/.autopilot/db/hopfield_routing.rtl_wrap.cfg.tcl 
Execute       source /home/agustinsilva447/Escritorio/Github/FPGA/paper_routing/hopfield_hls/hopfield_routing/solution1/.autopilot/db/hopfield_routing.compgen.dataonly.tcl 
Execute       source /home/agustinsilva447/Escritorio/Github/FPGA/paper_routing/hopfield_hls/hopfield_routing/solution1/.autopilot/db/global.setting.tcl 
Execute       ap_part_info -name xc7z020-clg484-1 -data names -quiet 
Execute       ap_part_info -name xc7z020-clg484-1 -data info -quiet 
Execute       source /home/agustinsilva447/Escritorio/Github/FPGA/paper_routing/hopfield_hls/hopfield_routing/solution1/.autopilot/db/hopfield_routing.constraint.tcl 
Execute       sc_get_clocks hopfield_routing 
Execute       ap_part_info -name xc7z020-clg484-1 -data names -quiet 
Execute       ap_part_info -name xc7z020-clg484-1 -data info -quiet 
Execute       source /home/agustinsilva447/Escritorio/Github/FPGA/paper_routing/hopfield_hls/hopfield_routing/solution1/.autopilot/db/global.setting.tcl 
Execute       get_config_debug -directory 
Execute       source /home/agustinsilva447/Escritorio/Github/FPGA/paper_routing/hopfield_hls/hopfield_routing/solution1/impl/misc/hopfield_routing_ap_fadd_3_full_dsp_32_ip.tcl 
Execute       source /home/agustinsilva447/Escritorio/Github/FPGA/paper_routing/hopfield_hls/hopfield_routing/solution1/impl/misc/hopfield_routing_ap_fdiv_14_no_dsp_32_ip.tcl 
Execute       source /home/agustinsilva447/Escritorio/Github/FPGA/paper_routing/hopfield_hls/hopfield_routing/solution1/impl/misc/hopfield_routing_ap_fexp_7_full_dsp_32_ip.tcl 
Execute       source /home/agustinsilva447/Escritorio/Github/FPGA/paper_routing/hopfield_hls/hopfield_routing/solution1/impl/misc/hopfield_routing_ap_fmul_2_max_dsp_32_ip.tcl 
Execute       source /home/agustinsilva447/Escritorio/Github/FPGA/paper_routing/hopfield_hls/hopfield_routing/solution1/.autopilot/db/hopfield_routing.tbgen.tcl 
Execute       get_config_sdx -target 
Execute       get_config_sdx -profile 
Execute       get_config_rtl -kernel_profile 
Execute       get_config_rtl -stall_sig_gen 
Execute       get_config_rtl -profile 
INFO-FLOW: DBG:CMD: add_json_sdx_info kernel file does not exist, skipping opencl info: /home/agustinsilva447/Escritorio/Github/FPGA/paper_routing/hopfield_hls/hopfield_routing/solution1/.autopilot/db/kernel.internal.xml
INFO-FLOW: DBG:CMD:       delete-temp-dirs (skipped for debug)
INFO: [HLS 200-111] Finished generating all RTL models Time (s): cpu = 00:01:53 ; elapsed = 00:02:00 . Memory (MB): peak = 933.863 ; gain = 526.355 ; free physical = 488 ; free virtual = 6767
INFO: [VHDL 208-304] Generating VHDL RTL for hopfield_routing.
INFO: [VLOG 209-307] Generating Verilog RTL for hopfield_routing.
Command     autosyn done; 2.55 sec.
Command   csynth_design done; 114.88 sec.
Command ap_source done; 119.3 sec.
Execute cleanup_all 
INFO-FLOW: Workspace /home/agustinsilva447/Escritorio/Github/FPGA/paper_routing/hopfield_hls/hopfield_routing/solution1 opened at Mon Jul 12 18:09:40 -03 2021
Execute     config_clock -quiet -name default -period 10 -default=false 
INFO: [SYN 201-201] Setting up clock 'default' with a period of 10ns.
Execute     open_platform DefaultPlatform 
Execute     import_lib /home/agustinsilva447/Vivado/Vivado/2019.2/common/technology/xilinx/zynq/zynq 
Execute       source /home/agustinsilva447/Vivado/Vivado/2019.2/common/technology/xilinx/common/xilinx.lib 
Execute         source /home/agustinsilva447/Vivado/Vivado/2019.2/common/technology/xilinx/interface/xilinx_interface.lib 
Execute           source /home/agustinsilva447/Vivado/Vivado/2019.2/common/technology/xilinx/interface/plb46.lib 
Execute           source /home/agustinsilva447/Vivado/Vivado/2019.2/common/technology/xilinx/interface/fsl.lib 
Execute           source /home/agustinsilva447/Vivado/Vivado/2019.2/common/technology/xilinx/interface/axi4.lib 
Execute           source /home/agustinsilva447/Vivado/Vivado/2019.2/common/technology/xilinx/interface/maxi.lib 
Execute           source /home/agustinsilva447/Vivado/Vivado/2019.2/common/technology/xilinx/interface/saxilite.lib 
Execute         source /home/agustinsilva447/Vivado/Vivado/2019.2/common/technology/xilinx/common/dsp48.lib 
Execute         source /home/agustinsilva447/Vivado/Vivado/2019.2/common/technology/xilinx/ip/xfir.lib 
Execute         source /home/agustinsilva447/Vivado/Vivado/2019.2/common/technology/xilinx/ip/xfft.lib 
Execute         source /home/agustinsilva447/Vivado/Vivado/2019.2/common/technology/xilinx/ip/dds_compiler.lib 
Execute       source /home/agustinsilva447/Vivado/Vivado/2019.2/common/technology/xilinx/common/xilinx.hlp 
Execute         source /home/agustinsilva447/Vivado/Vivado/2019.2/common/technology/xilinx/common/target_info.tcl 
Execute         source /home/agustinsilva447/Vivado/Vivado/2019.2/common/technology/xilinx/interface/xilinx_interface.hlp 
Execute           source /home/agustinsilva447/Vivado/Vivado/2019.2/common/technology/xilinx/interface/maxi.hlp 
Execute           source /home/agustinsilva447/Vivado/Vivado/2019.2/common/technology/xilinx/interface/saxilite.hlp 
Execute         source /home/agustinsilva447/Vivado/Vivado/2019.2/common/technology/xilinx/common/dsp48.hlp 
Execute       source /home/agustinsilva447/Vivado/Vivado/2019.2/common/technology/xilinx/zynq/dsp48e1.hlp 
Execute       source /home/agustinsilva447/Vivado/Vivado/2019.2/common/technology/xilinx/common/xilinx.hlp 
Execute         source /home/agustinsilva447/Vivado/Vivado/2019.2/common/technology/xilinx/common/target_info.tcl 
Execute         source /home/agustinsilva447/Vivado/Vivado/2019.2/common/technology/xilinx/interface/xilinx_interface.hlp 
Execute           source /home/agustinsilva447/Vivado/Vivado/2019.2/common/technology/xilinx/interface/maxi.hlp 
Execute           source /home/agustinsilva447/Vivado/Vivado/2019.2/common/technology/xilinx/interface/saxilite.hlp 
Execute         source /home/agustinsilva447/Vivado/Vivado/2019.2/common/technology/xilinx/common/dsp48.hlp 
Execute     source /home/agustinsilva447/Vivado/Vivado/2019.2/common/technology/xilinx/zynq/zynq.gen 
Execute       source /home/agustinsilva447/Vivado/Vivado/2019.2/common/technology/xilinx/common/xilinx.gen 
Execute         source /home/agustinsilva447/Vivado/Vivado/2019.2/common/technology/xilinx/interface/plb46.gen 
Execute         source /home/agustinsilva447/Vivado/Vivado/2019.2/common/technology/xilinx/interface/fsl.gen 
Execute         source /home/agustinsilva447/Vivado/Vivado/2019.2/common/technology/xilinx/interface/axi4.gen 
Execute         source /home/agustinsilva447/Vivado/Vivado/2019.2/common/technology/xilinx/interface/nativeAXI4.gen 
Execute           source /home/agustinsilva447/Vivado/Vivado/2019.2/common/technology/xilinx/interface/saxilite.gen 
Execute           source /home/agustinsilva447/Vivado/Vivado/2019.2/common/technology/xilinx/interface/maxi.gen 
Execute         source /home/agustinsilva447/Vivado/Vivado/2019.2/common/technology/xilinx/scripts/xilinxcoregen.gen 
Execute         source /home/agustinsilva447/Vivado/Vivado/2019.2/common/technology/xilinx/interface/XilEDKCoreGen.gen 
Execute         source /home/agustinsilva447/Vivado/Vivado/2019.2/common/technology/xilinx/ip/dds_compiler.gen 
Execute         source /home/agustinsilva447/Vivado/Vivado/2019.2/common/technology/xilinx/ip/util.gen 
Execute         source /home/agustinsilva447/Vivado/Vivado/2019.2/common/technology/xilinx/ip/xfft.gen 
Command         ap_source done; 0.23 sec.
Execute         source /home/agustinsilva447/Vivado/Vivado/2019.2/common/technology/xilinx/ip/xfir.gen 
Execute         source /home/agustinsilva447/Vivado/Vivado/2019.2/common/technology/xilinx/common/dsp48.gen 
Command       ap_source done; 0.29 sec.
Command     ap_source done; 0.3 sec.
Execute     open_platform DefaultPlatform 
Execute     import_lib /home/agustinsilva447/Vivado/Vivado/2019.2/common/technology/xilinx/zynq/zynq_fpv6 
Execute       source /home/agustinsilva447/Vivado/Vivado/2019.2/common/technology/xilinx/common/xilinx_fp.lib 
Execute       source /home/agustinsilva447/Vivado/Vivado/2019.2/common/technology/xilinx/common/xilinx_fp.hlp 
Execute         source /home/agustinsilva447/Vivado/Vivado/2019.2/common/technology/xilinx/common/xilinx.hlp 
Execute           source /home/agustinsilva447/Vivado/Vivado/2019.2/common/technology/xilinx/common/target_info.tcl 
Execute           source /home/agustinsilva447/Vivado/Vivado/2019.2/common/technology/xilinx/interface/xilinx_interface.hlp 
Execute             source /home/agustinsilva447/Vivado/Vivado/2019.2/common/technology/xilinx/interface/maxi.hlp 
Execute             source /home/agustinsilva447/Vivado/Vivado/2019.2/common/technology/xilinx/interface/saxilite.hlp 
Execute           source /home/agustinsilva447/Vivado/Vivado/2019.2/common/technology/xilinx/common/dsp48.hlp 
Execute     source /home/agustinsilva447/Vivado/Vivado/2019.2/common/technology/xilinx/zynq/zynq_fpv6.gen 
Execute       source /home/agustinsilva447/Vivado/Vivado/2019.2/common/technology/xilinx/common/xilinx_fp.gen 
Execute     set_part xc7z020-clg484-1 
Execute       ap_part_info -name xc7z020-clg484-1 -data single -quiet 
Command       ap_part_info done; 4.4 sec.
Execute       ap_part_info -name xc7z020-clg484-1 -data info 
Execute       add_library xilinx/zynq/zynq:xc7z020:-clg484:-1 
Execute         get_default_platform 
Execute         ap_part_info -data single -name xc7z020-clg484-1 
Execute         ap_part_info -name xc7z020-clg484-1 -data resources 
Execute         ap_part_info -name xc7z020-clg484-1 -data info 
Execute         ap_part_info -name xc7z020-clg484-1 -data info 
Execute         config_chip_info -quiet -resource {SLICE 13300} {LUT 53200} {FF 106400} {DSP48E 220} {BRAM 280} {URAM 0} 
Execute         ap_part_info -name xc7z020-clg484-1 -data info 
Execute         config_chip_info -quiet -speed slow 
Command       add_library done; 0.13 sec.
Execute       add_library xilinx/zynq/zynq_fpv6 
Execute         get_default_platform 
INFO: [HLS 200-10] Setting target device to 'xc7z020-clg484-1'
Execute       ap_part_info -name xc7z020-clg484-1 -data info 
Execute       get_default_platform 
Command     set_part done; 4.79 sec.
Execute     ap_part_info -data single -name xc7z020-clg484-1 
Execute     ap_part_info -name xc7z020-clg484-1 -data resources 
Execute     ap_part_info -name xc7z020-clg484-1 -data info 
Execute     ap_part_info -name xc7z020-clg484-1 -data info 
Execute     config_chip_info -quiet -resource {SLICE 13300} {LUT 53200} {FF 106400} {DSP48E 220} {BRAM 280} {URAM 0} 
Execute     ap_part_info -name xc7z020-clg484-1 -data info 
Execute     config_chip_info -quiet -speed slow 
Command   open_solution done; 5.31 sec.
Execute   cosim_design -tool xsim 
Execute     source /home/agustinsilva447/Escritorio/Github/FPGA/paper_routing/hopfield_hls/hopfield_routing/solution1/.autopilot/db/global.setting.tcl 
Execute     source /home/agustinsilva447/Escritorio/Github/FPGA/paper_routing/hopfield_hls/hopfield_routing/solution1/.autopilot/db/global.setting.tcl 
Execute     source /home/agustinsilva447/Escritorio/Github/FPGA/paper_routing/hopfield_hls/hopfield_routing/solution1/.autopilot/db/global.setting.tcl 
INFO-FLOW: DBG:CMD: read_platform_lib /home/agustinsilva447/Escritorio/Github/FPGA/paper_routing/hopfield_hls/hopfield_routing/solution1/.autopilot/db/global.setting.tcl
Execute     source /home/agustinsilva447/Vivado/Vivado/2019.2/common/technology/generic/autopilot/common.gen 
Execute       source /home/agustinsilva447/Vivado/Vivado/2019.2/common/technology/generic/autopilot/APCoreGen.gen 
Execute     source /home/agustinsilva447/Vivado/Vivado/2019.2/common/technology/generic/autopilot/op.gen 
Execute     source /home/agustinsilva447/Vivado/Vivado/2019.2/common/technology/generic/autopilot/op_simcore.gen 
Execute     source /home/agustinsilva447/Vivado/Vivado/2019.2/common/technology/generic/autopilot/interface.gen 
Execute     source /home/agustinsilva447/Escritorio/Github/FPGA/paper_routing/hopfield_hls/hopfield_routing/solution1/.autopilot/db/global.setting.tcl 
Execute     source /home/agustinsilva447/Vivado/Vivado/2019.2/common/technology/xilinx/zynq/zynq.gen 
Execute       source /home/agustinsilva447/Vivado/Vivado/2019.2/common/technology/xilinx/common/xilinx.gen 
Execute         source /home/agustinsilva447/Vivado/Vivado/2019.2/common/technology/xilinx/interface/plb46.gen 
Execute         source /home/agustinsilva447/Vivado/Vivado/2019.2/common/technology/xilinx/interface/fsl.gen 
Execute         source /home/agustinsilva447/Vivado/Vivado/2019.2/common/technology/xilinx/interface/axi4.gen 
Execute         source /home/agustinsilva447/Vivado/Vivado/2019.2/common/technology/xilinx/interface/nativeAXI4.gen 
Execute           source /home/agustinsilva447/Vivado/Vivado/2019.2/common/technology/xilinx/interface/saxilite.gen 
Execute           source /home/agustinsilva447/Vivado/Vivado/2019.2/common/technology/xilinx/interface/maxi.gen 
Execute         source /home/agustinsilva447/Vivado/Vivado/2019.2/common/technology/xilinx/scripts/xilinxcoregen.gen 
Execute         source /home/agustinsilva447/Vivado/Vivado/2019.2/common/technology/xilinx/interface/XilEDKCoreGen.gen 
Execute         source /home/agustinsilva447/Vivado/Vivado/2019.2/common/technology/xilinx/ip/dds_compiler.gen 
Execute         source /home/agustinsilva447/Vivado/Vivado/2019.2/common/technology/xilinx/ip/util.gen 
Execute         source /home/agustinsilva447/Vivado/Vivado/2019.2/common/technology/xilinx/ip/xfft.gen 
Command         ap_source done; 0.13 sec.
Execute         source /home/agustinsilva447/Vivado/Vivado/2019.2/common/technology/xilinx/ip/xfir.gen 
Execute         source /home/agustinsilva447/Vivado/Vivado/2019.2/common/technology/xilinx/common/dsp48.gen 
Command       ap_source done; 0.2 sec.
Command     ap_source done; 0.2 sec.
Execute     source /home/agustinsilva447/Vivado/Vivado/2019.2/common/technology/xilinx/zynq/zynq_fpv6.gen 
Execute       source /home/agustinsilva447/Vivado/Vivado/2019.2/common/technology/xilinx/common/xilinx_fp.gen 
INFO-FLOW: DBG:CMD:   using AESL_AUTOCG::g_clock_period=10.000 (was NA)
Execute     ap_part_info -name xc7z020-clg484-1 -data names -quiet 
Execute     ap_part_info -name xc7z020-clg484-1 -data info -quiet 
Execute     source /home/agustinsilva447/Escritorio/Github/FPGA/paper_routing/hopfield_hls/hopfield_routing/solution1/.autopilot/db/global.setting.tcl 
Execute     source /home/agustinsilva447/Escritorio/Github/FPGA/paper_routing/hopfield_hls/hopfield_routing/solution1/.autopilot/db/hopfield_routing.rtl_wrap.cfg.tcl 
Execute     source /home/agustinsilva447/Escritorio/Github/FPGA/paper_routing/hopfield_hls/hopfield_routing/solution1/.autopilot/db/hopfield_routing.tbgen.tcl 
Execute     is_encrypted /home/agustinsilva447/Escritorio/Github/FPGA/paper_routing/hopfield_hls/tb_hopfield_routing.cpp 
Execute     is_encrypted /home/agustinsilva447/Escritorio/Github/FPGA/paper_routing/hopfield_hls/hopfield_routing.cpp 
Execute     source /home/agustinsilva447/Escritorio/Github/FPGA/paper_routing/hopfield_hls/hopfield_routing/solution1/.autopilot/db/hopfield_routing.tbgen.tcl 
Execute     source /home/agustinsilva447/Escritorio/Github/FPGA/paper_routing/hopfield_hls/hopfield_routing/solution1/.autopilot/db/hopfield_routing.tbgen.tcl 
INFO: [COSIM 212-47] Using XSIM for RTL simulation.
INFO: [COSIM 212-14] Instrumenting C test bench ...
Execute     ap_part_info -name xc7z020-clg484-1 -data info 
INFO-FLOW: TB processing: /home/agustinsilva447/Escritorio/Github/FPGA/paper_routing/hopfield_hls/tb_hopfield_routing.cpp /home/agustinsilva447/Escritorio/Github/FPGA/paper_routing/hopfield_hls/hopfield_routing/solution1/./sim/autowrap/testbench/tb_hopfield_routing.cpp_pre.cpp
Execute     tidy_31 xilinx-tb-xfmat /home/agustinsilva447/Escritorio/Github/FPGA/paper_routing/hopfield_hls/hopfield_routing/solution1/./sim/autowrap/testbench/tb_hopfield_routing.cpp_pre.cpp std=c++11 
INFO-FLOW: exec /home/agustinsilva447/Vivado/Vivado/2019.2/lnx64/tools/clang-3.9-csynth/bin/tidy-3.1 -header-filter=.* -checks=-*,xilinx-tb-xfmat -quiet -fix-errors /home/agustinsilva447/Escritorio/Github/FPGA/paper_routing/hopfield_hls/hopfield_routing/solution1/./sim/autowrap/testbench/tb_hopfield_routing.cpp_pre.cpp -- -std=c++11 -fhls -ferror-limit=0
Command     tidy_31 done; 12.9 sec.
Execute     tidy_31 xilinx-tb31-process /home/agustinsilva447/Escritorio/Github/FPGA/paper_routing/hopfield_hls/hopfield_routing/solution1/./sim/autowrap/testbench/tb_hopfield_routing.cpp_pre.cpp.tb.cpp std=c++11 
INFO-FLOW: exec /home/agustinsilva447/Vivado/Vivado/2019.2/lnx64/tools/clang-3.9-csynth/bin/tidy-3.1 -header-filter=.* -checks=-*,xilinx-tb31-process -quiet -fix-errors /home/agustinsilva447/Escritorio/Github/FPGA/paper_routing/hopfield_hls/hopfield_routing/solution1/./sim/autowrap/testbench/tb_hopfield_routing.cpp_pre.cpp.tb.cpp -- -std=c++11 -fhls -ferror-limit=0
Command     tidy_31 done; 11.44 sec.
Execute     ap_part_info -name xc7z020-clg484-1 -data info 
INFO-FLOW: TB processing: /home/agustinsilva447/Escritorio/Github/FPGA/paper_routing/hopfield_hls/hopfield_routing.cpp /home/agustinsilva447/Escritorio/Github/FPGA/paper_routing/hopfield_hls/hopfield_routing/solution1/./sim/autowrap/testbench/hopfield_routing.cpp_pre.cpp
Execute     tidy_31 xilinx-tb-xfmat /home/agustinsilva447/Escritorio/Github/FPGA/paper_routing/hopfield_hls/hopfield_routing/solution1/./sim/autowrap/testbench/hopfield_routing.cpp_pre.cpp std=c++11 
INFO-FLOW: exec /home/agustinsilva447/Vivado/Vivado/2019.2/lnx64/tools/clang-3.9-csynth/bin/tidy-3.1 -header-filter=.* -checks=-*,xilinx-tb-xfmat -quiet -fix-errors /home/agustinsilva447/Escritorio/Github/FPGA/paper_routing/hopfield_hls/hopfield_routing/solution1/./sim/autowrap/testbench/hopfield_routing.cpp_pre.cpp -- -std=c++11 -fhls -ferror-limit=0
Command     tidy_31 done; 11.56 sec.
Execute     tidy_31 xilinx-tb31-process /home/agustinsilva447/Escritorio/Github/FPGA/paper_routing/hopfield_hls/hopfield_routing/solution1/./sim/autowrap/testbench/hopfield_routing.cpp_pre.cpp.tb.cpp std=c++11 
INFO-FLOW: exec /home/agustinsilva447/Vivado/Vivado/2019.2/lnx64/tools/clang-3.9-csynth/bin/tidy-3.1 -header-filter=.* -checks=-*,xilinx-tb31-process -quiet -fix-errors /home/agustinsilva447/Escritorio/Github/FPGA/paper_routing/hopfield_hls/hopfield_routing/solution1/./sim/autowrap/testbench/hopfield_routing.cpp_pre.cpp.tb.cpp -- -std=c++11 -fhls -ferror-limit=0
Command     tidy_31 done; 11.35 sec.
Execute     source /home/agustinsilva447/Escritorio/Github/FPGA/paper_routing/hopfield_hls/hopfield_routing/solution1/./sim/autowrap/testbench/tb.status.tcl 
Execute     source /home/agustinsilva447/Escritorio/Github/FPGA/paper_routing/hopfield_hls/hopfield_routing/solution1/.autopilot/db/global.setting.tcl 
Execute     source /home/agustinsilva447/Escritorio/Github/FPGA/paper_routing/hopfield_hls/hopfield_routing/solution1/.autopilot/db/hopfield_routing.rtl_wrap.cfg.tcl 
Execute     source /home/agustinsilva447/Escritorio/Github/FPGA/paper_routing/hopfield_hls/hopfield_routing/solution1/.autopilot/db/hopfield_routing.rtl_wrap.cfg.tcl 
Execute     source /home/agustinsilva447/Escritorio/Github/FPGA/paper_routing/hopfield_hls/hopfield_routing/solution1/.autopilot/db/hopfield_routing.rtl_wrap.cfg.tcl 
Execute     source /home/agustinsilva447/Escritorio/Github/FPGA/paper_routing/hopfield_hls/hopfield_routing/solution1/.autopilot/db/hopfield_routing.tbgen.tcl 
Execute     source /home/agustinsilva447/Escritorio/Github/FPGA/paper_routing/hopfield_hls/hopfield_routing/solution1/.autopilot/db/hopfield_routing.tbgen.tcl 
Execute     ap_part_info -name xc7z020-clg484-1 -data info 
ERROR: [COSIM 212-317] C++ compile error.
ERROR: [COSIM 212-321] EXE file generate failed.
ERROR: [COSIM 212-321] EXE file generate failed.
ERROR: [COSIM 212-331] Aborting co-simulation: C simulation failed, compilation errors.
ERROR: [COSIM 212-5] *** C/RTL co-simulation file generation failed. ***
ERROR: [COSIM 212-4] *** C/RTL co-simulation finished: FAIL ***
Command   cosim_design done; error code: 2; 74.24 sec.
Command ap_source done; error code: 1; 79.55 sec.
Execute cleanup_all 
