

================================================================
== Vivado HLS Report for 'hopfield_routing'
================================================================
* Date:           Mon Jul 12 18:07:24 2021

* Version:        2019.2 (Build 2704478 on Wed Nov 06 22:10:23 MST 2019)
* Project:        hopfield_routing
* Solution:       solution1
* Product family: zynq
* Target device:  xc7z020-clg484-1


================================================================
== Performance Estimates
================================================================
+ Timing: 
    * Summary: 
    +--------+----------+----------+------------+
    |  Clock |  Target  | Estimated| Uncertainty|
    +--------+----------+----------+------------+
    |ap_clk  | 10.00 ns | 7.684 ns |   1.25 ns  |
    +--------+----------+----------+------------+

+ Latency: 
    * Summary: 
    +---------+---------+----------+-----------+-----+------+---------+
    |  Latency (cycles) |  Latency (absolute)  |  Interval  | Pipeline|
    |   min   |   max   |    min   |    max    | min |  max |   Type  |
    +---------+---------+----------+-----------+-----+------+---------+
    |      145|     2385| 1.450 us | 23.850 us |  145|  2385|   none  |
    +---------+---------+----------+-----------+-----+------+---------+

    + Detail: 
        * Instance: 
        N/A

        * Loop: 
        +-------------+---------+---------+----------+-----------+-----------+------+----------+
        |             |  Latency (cycles) | Iteration|  Initiation Interval  | Trip |          |
        |  Loop Name  |   min   |   max   |  Latency |  achieved |   target  | Count| Pipelined|
        +-------------+---------+---------+----------+-----------+-----------+------+----------+
        |- Loop 1     |      144|     2384| 18 ~ 298 |          -|          -|     8|    no    |
        | + Loop 1.1  |       16|      296|  2 ~ 37  |          -|          -|     8|    no    |
        +-------------+---------+---------+----------+-----------+-----------+------+----------+

============================================================
+ Verbose Summary: Synthesis Manager
============================================================
InlineROM: 1
ExposeGlobal: 0
============================================================
+ Verbose Summary: CDFG Model
============================================================
IsTopModel: 1
ResetActiveHigh: 1
IsCombinational: 0
IsDatapathOnly: 0
HasWiredReturn: 1
HasMFsm: 0
HasVarLatency: 1
IsPipeline: 0
IsRtlPipelined: 0
IsInstanceOverlapped: 0
IsDontTouch: 0
HasImplIP: 0
IsGatedGlobalClock: 0


============================================================
+ Verbose Summary: Schedule
============================================================
* Number of FSM states : 39
* Pipeline : 0
* Dataflow Pipeline: 0

* FSM state transitions: 
1 --> 2 
2 --> 3 
3 --> 4 39 2 
4 --> 5 
5 --> 6 
6 --> 7 
7 --> 8 
8 --> 9 
9 --> 10 
10 --> 11 
11 --> 12 
12 --> 13 
13 --> 14 
14 --> 15 
15 --> 16 
16 --> 17 
17 --> 18 
18 --> 19 
19 --> 20 
20 --> 21 
21 --> 22 
22 --> 23 
23 --> 24 
24 --> 25 
25 --> 26 
26 --> 27 
27 --> 28 
28 --> 29 
29 --> 30 
30 --> 31 
31 --> 32 
32 --> 33 
33 --> 34 
34 --> 35 
35 --> 36 
36 --> 37 
37 --> 38 
38 --> 39 
39 --> 3 

* FSM state operations: 

State 1 <SV = 0> <Delay = 1.76>
ST_1 : Operation 40 [1/1] (0.00ns)   --->   "call void (...)* @_ssdm_op_SpecBitsMap([64 x float]* %V) nounwind, !map !84"   --->   Operation 40 'specbitsmap' <Predicate = true> <Delay = 0.00>
ST_1 : Operation 41 [1/1] (0.00ns)   --->   "call void (...)* @_ssdm_op_SpecBitsMap([64 x float]* %U_1) nounwind, !map !88"   --->   Operation 41 'specbitsmap' <Predicate = true> <Delay = 0.00>
ST_1 : Operation 42 [1/1] (0.00ns)   --->   "call void (...)* @_ssdm_op_SpecBitsMap(float* %l) nounwind, !map !92"   --->   Operation 42 'specbitsmap' <Predicate = true> <Delay = 0.00>
ST_1 : Operation 43 [1/1] (0.00ns)   --->   "call void (...)* @_ssdm_op_SpecTopModule([17 x i8]* @hopfield_routing_str) nounwind"   --->   Operation 43 'spectopmodule' <Predicate = true> <Delay = 0.00>
ST_1 : Operation 44 [1/1] (0.00ns)   --->   "call void (...)* @_ssdm_op_SpecInterface(i32 0, [10 x i8]* @p_str, i32 0, i32 0, [1 x i8]* @p_str1, i32 0, i32 0, [9 x i8]* @p_str2, [1 x i8]* @p_str1, [1 x i8]* @p_str1, i32 0, i32 0, i32 0, i32 0, [1 x i8]* @p_str1, [1 x i8]* @p_str1) nounwind" [hopfield_routing.cpp:10]   --->   Operation 44 'specinterface' <Predicate = true> <Delay = 0.00>
ST_1 : Operation 45 [1/1] (0.00ns)   --->   "call void (...)* @_ssdm_op_SpecInterface(float* %l, [10 x i8]* @p_str, i32 0, i32 0, [1 x i8]* @p_str1, i32 0, i32 0, [9 x i8]* @p_str2, [1 x i8]* @p_str1, [1 x i8]* @p_str1, i32 0, i32 0, i32 0, i32 0, [1 x i8]* @p_str1, [1 x i8]* @p_str1) nounwind" [hopfield_routing.cpp:11]   --->   Operation 45 'specinterface' <Predicate = true> <Delay = 0.00>
ST_1 : Operation 46 [1/1] (0.00ns)   --->   "call void (...)* @_ssdm_op_SpecInterface([64 x float]* %V, [5 x i8]* @p_str3, i32 0, i32 0, [1 x i8]* @p_str1, i32 0, i32 0, [1 x i8]* @p_str1, [1 x i8]* @p_str1, [1 x i8]* @p_str1, i32 0, i32 0, i32 0, i32 0, [1 x i8]* @p_str1, [1 x i8]* @p_str1) nounwind" [hopfield_routing.cpp:12]   --->   Operation 46 'specinterface' <Predicate = true> <Delay = 0.00>
ST_1 : Operation 47 [1/1] (0.00ns)   --->   "call void (...)* @_ssdm_op_SpecInterface([64 x float]* %U_1, [5 x i8]* @p_str3, i32 0, i32 0, [1 x i8]* @p_str1, i32 0, i32 0, [1 x i8]* @p_str1, [1 x i8]* @p_str1, [1 x i8]* @p_str1, i32 0, i32 0, i32 0, i32 0, [1 x i8]* @p_str1, [1 x i8]* @p_str1) nounwind" [hopfield_routing.cpp:13]   --->   Operation 47 'specinterface' <Predicate = true> <Delay = 0.00>
ST_1 : Operation 48 [1/1] (1.76ns)   --->   "br label %.loopexit" [hopfield_routing.cpp:17]   --->   Operation 48 'br' <Predicate = true> <Delay = 1.76>

State 2 <SV = 1> <Delay = 1.82>
ST_2 : Operation 49 [1/1] (0.00ns)   --->   "%x_0 = phi i4 [ 0, %0 ], [ %x, %.loopexit.loopexit ]"   --->   Operation 49 'phi' 'x_0' <Predicate = true> <Delay = 0.00>
ST_2 : Operation 50 [1/1] (0.00ns)   --->   "%zext_ln17 = zext i4 %x_0 to i6" [hopfield_routing.cpp:17]   --->   Operation 50 'zext' 'zext_ln17' <Predicate = true> <Delay = 0.00>
ST_2 : Operation 51 [1/1] (1.30ns)   --->   "%icmp_ln17 = icmp eq i4 %x_0, -8" [hopfield_routing.cpp:17]   --->   Operation 51 'icmp' 'icmp_ln17' <Predicate = true> <Delay = 1.30> <Core = "Cmp">   --->   Core 25 'Cmp' <Latency = 0> <II = 1> <Delay = 1.30> <FuncUnit> <Opcode : 'icmp'> <InPorts = 2> <OutPorts = 1>
ST_2 : Operation 52 [1/1] (0.00ns)   --->   "%empty = call i32 (...)* @_ssdm_op_SpecLoopTripCount(i64 8, i64 8, i64 8) nounwind"   --->   Operation 52 'speclooptripcount' 'empty' <Predicate = true> <Delay = 0.00>
ST_2 : Operation 53 [1/1] (1.73ns)   --->   "%x = add i4 %x_0, 1" [hopfield_routing.cpp:17]   --->   Operation 53 'add' 'x' <Predicate = true> <Delay = 1.73> <Core = "AddSub">   --->   Core 14 'AddSub' <Latency = 0> <II = 1> <Delay = 1.82> <FuncUnit> <Opcode : 'add' 'sub'> <InPorts = 2> <OutPorts = 1>
ST_2 : Operation 54 [1/1] (0.00ns)   --->   "br i1 %icmp_ln17, label %5, label %.preheader.preheader" [hopfield_routing.cpp:17]   --->   Operation 54 'br' <Predicate = true> <Delay = 0.00>
ST_2 : Operation 55 [1/1] (0.00ns)   --->   "%trunc_ln23 = trunc i4 %x_0 to i3" [hopfield_routing.cpp:23]   --->   Operation 55 'trunc' 'trunc_ln23' <Predicate = (!icmp_ln17)> <Delay = 0.00>
ST_2 : Operation 56 [1/1] (0.00ns)   --->   "%shl_ln = call i6 @_ssdm_op_BitConcatenate.i6.i3.i3(i3 %trunc_ln23, i3 0)" [hopfield_routing.cpp:23]   --->   Operation 56 'bitconcatenate' 'shl_ln' <Predicate = (!icmp_ln17)> <Delay = 0.00>
ST_2 : Operation 57 [1/1] (1.82ns)   --->   "%add_ln23 = add i6 %shl_ln, %zext_ln17" [hopfield_routing.cpp:23]   --->   Operation 57 'add' 'add_ln23' <Predicate = (!icmp_ln17)> <Delay = 1.82> <Core = "AddSub">   --->   Core 14 'AddSub' <Latency = 0> <II = 1> <Delay = 1.82> <FuncUnit> <Opcode : 'add' 'sub'> <InPorts = 2> <OutPorts = 1>
ST_2 : Operation 58 [1/1] (0.00ns)   --->   "%zext_ln23 = zext i6 %add_ln23 to i64" [hopfield_routing.cpp:23]   --->   Operation 58 'zext' 'zext_ln23' <Predicate = (!icmp_ln17)> <Delay = 0.00>
ST_2 : Operation 59 [1/1] (0.00ns)   --->   "%V_addr = getelementptr [64 x float]* %V, i64 0, i64 %zext_ln23" [hopfield_routing.cpp:23]   --->   Operation 59 'getelementptr' 'V_addr' <Predicate = (!icmp_ln17)> <Delay = 0.00>
ST_2 : Operation 60 [1/1] (1.76ns)   --->   "br label %.preheader" [hopfield_routing.cpp:19]   --->   Operation 60 'br' <Predicate = (!icmp_ln17)> <Delay = 1.76>
ST_2 : Operation 61 [1/1] (0.00ns)   --->   "ret void" [hopfield_routing.cpp:29]   --->   Operation 61 'ret' <Predicate = (icmp_ln17)> <Delay = 0.00>

State 3 <SV = 2> <Delay = 5.07>
ST_3 : Operation 62 [1/1] (0.00ns)   --->   "%i_0 = phi i4 [ %i, %4 ], [ 0, %.preheader.preheader ]"   --->   Operation 62 'phi' 'i_0' <Predicate = true> <Delay = 0.00>
ST_3 : Operation 63 [1/1] (0.00ns)   --->   "%zext_ln19 = zext i4 %i_0 to i6" [hopfield_routing.cpp:19]   --->   Operation 63 'zext' 'zext_ln19' <Predicate = true> <Delay = 0.00>
ST_3 : Operation 64 [1/1] (1.30ns)   --->   "%icmp_ln19 = icmp eq i4 %i_0, -8" [hopfield_routing.cpp:19]   --->   Operation 64 'icmp' 'icmp_ln19' <Predicate = true> <Delay = 1.30> <Core = "Cmp">   --->   Core 25 'Cmp' <Latency = 0> <II = 1> <Delay = 1.30> <FuncUnit> <Opcode : 'icmp'> <InPorts = 2> <OutPorts = 1>
ST_3 : Operation 65 [1/1] (0.00ns)   --->   "%empty_2 = call i32 (...)* @_ssdm_op_SpecLoopTripCount(i64 8, i64 8, i64 8) nounwind"   --->   Operation 65 'speclooptripcount' 'empty_2' <Predicate = true> <Delay = 0.00>
ST_3 : Operation 66 [1/1] (1.73ns)   --->   "%i = add i4 %i_0, 1" [hopfield_routing.cpp:19]   --->   Operation 66 'add' 'i' <Predicate = true> <Delay = 1.73> <Core = "AddSub">   --->   Core 14 'AddSub' <Latency = 0> <II = 1> <Delay = 1.82> <FuncUnit> <Opcode : 'add' 'sub'> <InPorts = 2> <OutPorts = 1>
ST_3 : Operation 67 [1/1] (0.00ns)   --->   "br i1 %icmp_ln19, label %.loopexit.loopexit, label %1" [hopfield_routing.cpp:19]   --->   Operation 67 'br' <Predicate = true> <Delay = 0.00>
ST_3 : Operation 68 [1/1] (1.30ns)   --->   "%icmp_ln21 = icmp eq i4 %x_0, %i_0" [hopfield_routing.cpp:21]   --->   Operation 68 'icmp' 'icmp_ln21' <Predicate = (!icmp_ln19)> <Delay = 1.30> <Core = "Cmp">   --->   Core 25 'Cmp' <Latency = 0> <II = 1> <Delay = 1.30> <FuncUnit> <Opcode : 'icmp'> <InPorts = 2> <OutPorts = 1>
ST_3 : Operation 69 [1/1] (0.00ns)   --->   "br i1 %icmp_ln21, label %2, label %3" [hopfield_routing.cpp:21]   --->   Operation 69 'br' <Predicate = (!icmp_ln19)> <Delay = 0.00>
ST_3 : Operation 70 [1/1] (1.82ns)   --->   "%add_ln25 = add i6 %zext_ln19, %shl_ln" [hopfield_routing.cpp:25]   --->   Operation 70 'add' 'add_ln25' <Predicate = (!icmp_ln19 & !icmp_ln21)> <Delay = 1.82> <Core = "AddSub">   --->   Core 14 'AddSub' <Latency = 0> <II = 1> <Delay = 1.82> <FuncUnit> <Opcode : 'add' 'sub'> <InPorts = 2> <OutPorts = 1>
ST_3 : Operation 71 [1/1] (0.00ns)   --->   "%zext_ln25 = zext i6 %add_ln25 to i64" [hopfield_routing.cpp:25]   --->   Operation 71 'zext' 'zext_ln25' <Predicate = (!icmp_ln19 & !icmp_ln21)> <Delay = 0.00>
ST_3 : Operation 72 [1/1] (0.00ns)   --->   "%U_1_addr = getelementptr [64 x float]* %U_1, i64 0, i64 %zext_ln25" [hopfield_routing.cpp:25]   --->   Operation 72 'getelementptr' 'U_1_addr' <Predicate = (!icmp_ln19 & !icmp_ln21)> <Delay = 0.00>
ST_3 : Operation 73 [2/2] (3.25ns)   --->   "%U_1_load = load float* %U_1_addr, align 4" [hopfield_routing.cpp:25]   --->   Operation 73 'load' 'U_1_load' <Predicate = (!icmp_ln19 & !icmp_ln21)> <Delay = 3.25> <Core = "RAM">   --->   Core 37 'RAM' <Latency = 1> <II = 1> <Delay = 3.25> <Storage> <Opcode : 'load' 'store'> <Ports = 2> <Width = 32> <Depth = 64> <RAM>
ST_3 : Operation 74 [1/1] (3.25ns)   --->   "store float 0.000000e+00, float* %V_addr, align 4" [hopfield_routing.cpp:23]   --->   Operation 74 'store' <Predicate = (!icmp_ln19 & icmp_ln21)> <Delay = 3.25> <Core = "RAM">   --->   Core 37 'RAM' <Latency = 1> <II = 1> <Delay = 3.25> <Storage> <Opcode : 'load' 'store'> <Ports = 2> <Width = 32> <Depth = 64> <RAM>
ST_3 : Operation 75 [1/1] (0.00ns)   --->   "br label %4" [hopfield_routing.cpp:24]   --->   Operation 75 'br' <Predicate = (!icmp_ln19 & icmp_ln21)> <Delay = 0.00>
ST_3 : Operation 76 [1/1] (0.00ns)   --->   "br label %.loopexit"   --->   Operation 76 'br' <Predicate = (icmp_ln19)> <Delay = 0.00>

State 4 <SV = 3> <Delay = 3.25>
ST_4 : Operation 77 [1/2] (3.25ns)   --->   "%U_1_load = load float* %U_1_addr, align 4" [hopfield_routing.cpp:25]   --->   Operation 77 'load' 'U_1_load' <Predicate = true> <Delay = 3.25> <Core = "RAM">   --->   Core 37 'RAM' <Latency = 1> <II = 1> <Delay = 3.25> <Storage> <Opcode : 'load' 'store'> <Ports = 2> <Width = 32> <Depth = 64> <RAM>

State 5 <SV = 4> <Delay = 6.70>
ST_5 : Operation 78 [1/1] (0.00ns)   --->   "%bitcast_ln25 = bitcast float %U_1_load to i32" [hopfield_routing.cpp:25]   --->   Operation 78 'bitcast' 'bitcast_ln25' <Predicate = true> <Delay = 0.00>
ST_5 : Operation 79 [1/1] (0.99ns)   --->   "%xor_ln25 = xor i32 %bitcast_ln25, -2147483648" [hopfield_routing.cpp:25]   --->   Operation 79 'xor' 'xor_ln25' <Predicate = true> <Delay = 0.99> <Core = "LogicGate">   --->   Core 27 'LogicGate' <Latency = 0> <II = 1> <Delay = 0.99> <FuncUnit> <Opcode : 'and' 'or' 'xor'> <InPorts = 2> <OutPorts = 1>
ST_5 : Operation 80 [1/1] (0.00ns)   --->   "%bitcast_ln25_1 = bitcast i32 %xor_ln25 to float" [hopfield_routing.cpp:25]   --->   Operation 80 'bitcast' 'bitcast_ln25_1' <Predicate = true> <Delay = 0.00>
ST_5 : Operation 81 [1/1] (1.00ns)   --->   "%l_read = call float @_ssdm_op_Read.s_axilite.floatP(float* %l) nounwind" [hopfield_routing.cpp:25]   --->   Operation 81 'read' 'l_read' <Predicate = true> <Delay = 1.00> <Core = "s_axilite">   --->   Core 10 's_axilite' <Latency = 0> <II = 1> <Delay = 1.00> <Adapter> <Opcode : 'read' 'write'>
ST_5 : Operation 82 [4/4] (5.70ns)   --->   "%x_assign = fmul float %bitcast_ln25_1, %l_read" [hopfield_routing.cpp:25]   --->   Operation 82 'fmul' 'x_assign' <Predicate = true> <Delay = 5.70> <Core = "FMul">   --->   Core 106 'FMul' <Latency = 3> <II = 1> <Delay = 5.70> <FuncUnit> <Opcode : 'fmul'> <InPorts = 2> <OutPorts = 1>

State 6 <SV = 5> <Delay = 5.70>
ST_6 : Operation 83 [3/4] (5.70ns)   --->   "%x_assign = fmul float %bitcast_ln25_1, %l_read" [hopfield_routing.cpp:25]   --->   Operation 83 'fmul' 'x_assign' <Predicate = true> <Delay = 5.70> <Core = "FMul">   --->   Core 106 'FMul' <Latency = 3> <II = 1> <Delay = 5.70> <FuncUnit> <Opcode : 'fmul'> <InPorts = 2> <OutPorts = 1>

State 7 <SV = 6> <Delay = 5.70>
ST_7 : Operation 84 [2/4] (5.70ns)   --->   "%x_assign = fmul float %bitcast_ln25_1, %l_read" [hopfield_routing.cpp:25]   --->   Operation 84 'fmul' 'x_assign' <Predicate = true> <Delay = 5.70> <Core = "FMul">   --->   Core 106 'FMul' <Latency = 3> <II = 1> <Delay = 5.70> <FuncUnit> <Opcode : 'fmul'> <InPorts = 2> <OutPorts = 1>

State 8 <SV = 7> <Delay = 5.70>
ST_8 : Operation 85 [1/4] (5.70ns)   --->   "%x_assign = fmul float %bitcast_ln25_1, %l_read" [hopfield_routing.cpp:25]   --->   Operation 85 'fmul' 'x_assign' <Predicate = true> <Delay = 5.70> <Core = "FMul">   --->   Core 106 'FMul' <Latency = 3> <II = 1> <Delay = 5.70> <FuncUnit> <Opcode : 'fmul'> <InPorts = 2> <OutPorts = 1>

State 9 <SV = 8> <Delay = 7.68>
ST_9 : Operation 86 [9/9] (7.68ns)   --->   "%tmp_i_i = call float @llvm.exp.f32(float %x_assign) nounwind" [/wrk/2019.2/continuous/2019_11_06_2708876/src/products/hls/hls_lib/hlsmath/src/common/hls_exp_float.cpp:16->/wrk/2019.2/continuous/2019_11_06_2708876/src/products/hls/hls_lib/hlsmath/src/c++/expfloat.cpp:16->hopfield_routing.cpp:25]   --->   Operation 86 'fexp' 'tmp_i_i' <Predicate = true> <Delay = 7.68> <Core = "FExp">   --->   Core 127 'FExp' <Latency = 8> <II = 1> <Delay = 7.68> <FuncUnit> <Opcode : 'fexp'> <InPorts = 1> <OutPorts = 1>

State 10 <SV = 9> <Delay = 7.68>
ST_10 : Operation 87 [8/9] (7.68ns)   --->   "%tmp_i_i = call float @llvm.exp.f32(float %x_assign) nounwind" [/wrk/2019.2/continuous/2019_11_06_2708876/src/products/hls/hls_lib/hlsmath/src/common/hls_exp_float.cpp:16->/wrk/2019.2/continuous/2019_11_06_2708876/src/products/hls/hls_lib/hlsmath/src/c++/expfloat.cpp:16->hopfield_routing.cpp:25]   --->   Operation 87 'fexp' 'tmp_i_i' <Predicate = true> <Delay = 7.68> <Core = "FExp">   --->   Core 127 'FExp' <Latency = 8> <II = 1> <Delay = 7.68> <FuncUnit> <Opcode : 'fexp'> <InPorts = 1> <OutPorts = 1>

State 11 <SV = 10> <Delay = 7.68>
ST_11 : Operation 88 [7/9] (7.68ns)   --->   "%tmp_i_i = call float @llvm.exp.f32(float %x_assign) nounwind" [/wrk/2019.2/continuous/2019_11_06_2708876/src/products/hls/hls_lib/hlsmath/src/common/hls_exp_float.cpp:16->/wrk/2019.2/continuous/2019_11_06_2708876/src/products/hls/hls_lib/hlsmath/src/c++/expfloat.cpp:16->hopfield_routing.cpp:25]   --->   Operation 88 'fexp' 'tmp_i_i' <Predicate = true> <Delay = 7.68> <Core = "FExp">   --->   Core 127 'FExp' <Latency = 8> <II = 1> <Delay = 7.68> <FuncUnit> <Opcode : 'fexp'> <InPorts = 1> <OutPorts = 1>

State 12 <SV = 11> <Delay = 7.68>
ST_12 : Operation 89 [6/9] (7.68ns)   --->   "%tmp_i_i = call float @llvm.exp.f32(float %x_assign) nounwind" [/wrk/2019.2/continuous/2019_11_06_2708876/src/products/hls/hls_lib/hlsmath/src/common/hls_exp_float.cpp:16->/wrk/2019.2/continuous/2019_11_06_2708876/src/products/hls/hls_lib/hlsmath/src/c++/expfloat.cpp:16->hopfield_routing.cpp:25]   --->   Operation 89 'fexp' 'tmp_i_i' <Predicate = true> <Delay = 7.68> <Core = "FExp">   --->   Core 127 'FExp' <Latency = 8> <II = 1> <Delay = 7.68> <FuncUnit> <Opcode : 'fexp'> <InPorts = 1> <OutPorts = 1>

State 13 <SV = 12> <Delay = 7.68>
ST_13 : Operation 90 [5/9] (7.68ns)   --->   "%tmp_i_i = call float @llvm.exp.f32(float %x_assign) nounwind" [/wrk/2019.2/continuous/2019_11_06_2708876/src/products/hls/hls_lib/hlsmath/src/common/hls_exp_float.cpp:16->/wrk/2019.2/continuous/2019_11_06_2708876/src/products/hls/hls_lib/hlsmath/src/c++/expfloat.cpp:16->hopfield_routing.cpp:25]   --->   Operation 90 'fexp' 'tmp_i_i' <Predicate = true> <Delay = 7.68> <Core = "FExp">   --->   Core 127 'FExp' <Latency = 8> <II = 1> <Delay = 7.68> <FuncUnit> <Opcode : 'fexp'> <InPorts = 1> <OutPorts = 1>

State 14 <SV = 13> <Delay = 7.68>
ST_14 : Operation 91 [4/9] (7.68ns)   --->   "%tmp_i_i = call float @llvm.exp.f32(float %x_assign) nounwind" [/wrk/2019.2/continuous/2019_11_06_2708876/src/products/hls/hls_lib/hlsmath/src/common/hls_exp_float.cpp:16->/wrk/2019.2/continuous/2019_11_06_2708876/src/products/hls/hls_lib/hlsmath/src/c++/expfloat.cpp:16->hopfield_routing.cpp:25]   --->   Operation 91 'fexp' 'tmp_i_i' <Predicate = true> <Delay = 7.68> <Core = "FExp">   --->   Core 127 'FExp' <Latency = 8> <II = 1> <Delay = 7.68> <FuncUnit> <Opcode : 'fexp'> <InPorts = 1> <OutPorts = 1>

State 15 <SV = 14> <Delay = 7.68>
ST_15 : Operation 92 [3/9] (7.68ns)   --->   "%tmp_i_i = call float @llvm.exp.f32(float %x_assign) nounwind" [/wrk/2019.2/continuous/2019_11_06_2708876/src/products/hls/hls_lib/hlsmath/src/common/hls_exp_float.cpp:16->/wrk/2019.2/continuous/2019_11_06_2708876/src/products/hls/hls_lib/hlsmath/src/c++/expfloat.cpp:16->hopfield_routing.cpp:25]   --->   Operation 92 'fexp' 'tmp_i_i' <Predicate = true> <Delay = 7.68> <Core = "FExp">   --->   Core 127 'FExp' <Latency = 8> <II = 1> <Delay = 7.68> <FuncUnit> <Opcode : 'fexp'> <InPorts = 1> <OutPorts = 1>

State 16 <SV = 15> <Delay = 7.68>
ST_16 : Operation 93 [2/9] (7.68ns)   --->   "%tmp_i_i = call float @llvm.exp.f32(float %x_assign) nounwind" [/wrk/2019.2/continuous/2019_11_06_2708876/src/products/hls/hls_lib/hlsmath/src/common/hls_exp_float.cpp:16->/wrk/2019.2/continuous/2019_11_06_2708876/src/products/hls/hls_lib/hlsmath/src/c++/expfloat.cpp:16->hopfield_routing.cpp:25]   --->   Operation 93 'fexp' 'tmp_i_i' <Predicate = true> <Delay = 7.68> <Core = "FExp">   --->   Core 127 'FExp' <Latency = 8> <II = 1> <Delay = 7.68> <FuncUnit> <Opcode : 'fexp'> <InPorts = 1> <OutPorts = 1>

State 17 <SV = 16> <Delay = 7.68>
ST_17 : Operation 94 [1/9] (7.68ns)   --->   "%tmp_i_i = call float @llvm.exp.f32(float %x_assign) nounwind" [/wrk/2019.2/continuous/2019_11_06_2708876/src/products/hls/hls_lib/hlsmath/src/common/hls_exp_float.cpp:16->/wrk/2019.2/continuous/2019_11_06_2708876/src/products/hls/hls_lib/hlsmath/src/c++/expfloat.cpp:16->hopfield_routing.cpp:25]   --->   Operation 94 'fexp' 'tmp_i_i' <Predicate = true> <Delay = 7.68> <Core = "FExp">   --->   Core 127 'FExp' <Latency = 8> <II = 1> <Delay = 7.68> <FuncUnit> <Opcode : 'fexp'> <InPorts = 1> <OutPorts = 1>

State 18 <SV = 17> <Delay = 7.25>
ST_18 : Operation 95 [5/5] (7.25ns)   --->   "%tmp_4 = fadd float %tmp_i_i, 1.000000e+00" [hopfield_routing.cpp:25]   --->   Operation 95 'fadd' 'tmp_4' <Predicate = true> <Delay = 7.25> <Core = "FAddSub">   --->   Core 105 'FAddSub' <Latency = 4> <II = 1> <Delay = 7.25> <FuncUnit> <Opcode : 'fadd' 'fsub'> <InPorts = 2> <OutPorts = 1>

State 19 <SV = 18> <Delay = 7.25>
ST_19 : Operation 96 [4/5] (7.25ns)   --->   "%tmp_4 = fadd float %tmp_i_i, 1.000000e+00" [hopfield_routing.cpp:25]   --->   Operation 96 'fadd' 'tmp_4' <Predicate = true> <Delay = 7.25> <Core = "FAddSub">   --->   Core 105 'FAddSub' <Latency = 4> <II = 1> <Delay = 7.25> <FuncUnit> <Opcode : 'fadd' 'fsub'> <InPorts = 2> <OutPorts = 1>

State 20 <SV = 19> <Delay = 7.25>
ST_20 : Operation 97 [3/5] (7.25ns)   --->   "%tmp_4 = fadd float %tmp_i_i, 1.000000e+00" [hopfield_routing.cpp:25]   --->   Operation 97 'fadd' 'tmp_4' <Predicate = true> <Delay = 7.25> <Core = "FAddSub">   --->   Core 105 'FAddSub' <Latency = 4> <II = 1> <Delay = 7.25> <FuncUnit> <Opcode : 'fadd' 'fsub'> <InPorts = 2> <OutPorts = 1>

State 21 <SV = 20> <Delay = 7.25>
ST_21 : Operation 98 [2/5] (7.25ns)   --->   "%tmp_4 = fadd float %tmp_i_i, 1.000000e+00" [hopfield_routing.cpp:25]   --->   Operation 98 'fadd' 'tmp_4' <Predicate = true> <Delay = 7.25> <Core = "FAddSub">   --->   Core 105 'FAddSub' <Latency = 4> <II = 1> <Delay = 7.25> <FuncUnit> <Opcode : 'fadd' 'fsub'> <InPorts = 2> <OutPorts = 1>

State 22 <SV = 21> <Delay = 7.25>
ST_22 : Operation 99 [1/5] (7.25ns)   --->   "%tmp_4 = fadd float %tmp_i_i, 1.000000e+00" [hopfield_routing.cpp:25]   --->   Operation 99 'fadd' 'tmp_4' <Predicate = true> <Delay = 7.25> <Core = "FAddSub">   --->   Core 105 'FAddSub' <Latency = 4> <II = 1> <Delay = 7.25> <FuncUnit> <Opcode : 'fadd' 'fsub'> <InPorts = 2> <OutPorts = 1>

State 23 <SV = 22> <Delay = 6.07>
ST_23 : Operation 100 [16/16] (6.07ns)   --->   "%tmp_5 = fdiv float 1.000000e+00, %tmp_4" [hopfield_routing.cpp:25]   --->   Operation 100 'fdiv' 'tmp_5' <Predicate = true> <Delay = 6.07> <Core = "FDiv">   --->   Core 107 'FDiv' <Latency = 15> <II = 1> <Delay = 6.07> <FuncUnit> <Opcode : 'fdiv' 'frem'> <InPorts = 2> <OutPorts = 1>

State 24 <SV = 23> <Delay = 6.07>
ST_24 : Operation 101 [15/16] (6.07ns)   --->   "%tmp_5 = fdiv float 1.000000e+00, %tmp_4" [hopfield_routing.cpp:25]   --->   Operation 101 'fdiv' 'tmp_5' <Predicate = true> <Delay = 6.07> <Core = "FDiv">   --->   Core 107 'FDiv' <Latency = 15> <II = 1> <Delay = 6.07> <FuncUnit> <Opcode : 'fdiv' 'frem'> <InPorts = 2> <OutPorts = 1>

State 25 <SV = 24> <Delay = 6.07>
ST_25 : Operation 102 [14/16] (6.07ns)   --->   "%tmp_5 = fdiv float 1.000000e+00, %tmp_4" [hopfield_routing.cpp:25]   --->   Operation 102 'fdiv' 'tmp_5' <Predicate = true> <Delay = 6.07> <Core = "FDiv">   --->   Core 107 'FDiv' <Latency = 15> <II = 1> <Delay = 6.07> <FuncUnit> <Opcode : 'fdiv' 'frem'> <InPorts = 2> <OutPorts = 1>

State 26 <SV = 25> <Delay = 6.07>
ST_26 : Operation 103 [13/16] (6.07ns)   --->   "%tmp_5 = fdiv float 1.000000e+00, %tmp_4" [hopfield_routing.cpp:25]   --->   Operation 103 'fdiv' 'tmp_5' <Predicate = true> <Delay = 6.07> <Core = "FDiv">   --->   Core 107 'FDiv' <Latency = 15> <II = 1> <Delay = 6.07> <FuncUnit> <Opcode : 'fdiv' 'frem'> <InPorts = 2> <OutPorts = 1>

State 27 <SV = 26> <Delay = 6.07>
ST_27 : Operation 104 [12/16] (6.07ns)   --->   "%tmp_5 = fdiv float 1.000000e+00, %tmp_4" [hopfield_routing.cpp:25]   --->   Operation 104 'fdiv' 'tmp_5' <Predicate = true> <Delay = 6.07> <Core = "FDiv">   --->   Core 107 'FDiv' <Latency = 15> <II = 1> <Delay = 6.07> <FuncUnit> <Opcode : 'fdiv' 'frem'> <InPorts = 2> <OutPorts = 1>

State 28 <SV = 27> <Delay = 6.07>
ST_28 : Operation 105 [11/16] (6.07ns)   --->   "%tmp_5 = fdiv float 1.000000e+00, %tmp_4" [hopfield_routing.cpp:25]   --->   Operation 105 'fdiv' 'tmp_5' <Predicate = true> <Delay = 6.07> <Core = "FDiv">   --->   Core 107 'FDiv' <Latency = 15> <II = 1> <Delay = 6.07> <FuncUnit> <Opcode : 'fdiv' 'frem'> <InPorts = 2> <OutPorts = 1>

State 29 <SV = 28> <Delay = 6.07>
ST_29 : Operation 106 [10/16] (6.07ns)   --->   "%tmp_5 = fdiv float 1.000000e+00, %tmp_4" [hopfield_routing.cpp:25]   --->   Operation 106 'fdiv' 'tmp_5' <Predicate = true> <Delay = 6.07> <Core = "FDiv">   --->   Core 107 'FDiv' <Latency = 15> <II = 1> <Delay = 6.07> <FuncUnit> <Opcode : 'fdiv' 'frem'> <InPorts = 2> <OutPorts = 1>

State 30 <SV = 29> <Delay = 6.07>
ST_30 : Operation 107 [9/16] (6.07ns)   --->   "%tmp_5 = fdiv float 1.000000e+00, %tmp_4" [hopfield_routing.cpp:25]   --->   Operation 107 'fdiv' 'tmp_5' <Predicate = true> <Delay = 6.07> <Core = "FDiv">   --->   Core 107 'FDiv' <Latency = 15> <II = 1> <Delay = 6.07> <FuncUnit> <Opcode : 'fdiv' 'frem'> <InPorts = 2> <OutPorts = 1>

State 31 <SV = 30> <Delay = 6.07>
ST_31 : Operation 108 [8/16] (6.07ns)   --->   "%tmp_5 = fdiv float 1.000000e+00, %tmp_4" [hopfield_routing.cpp:25]   --->   Operation 108 'fdiv' 'tmp_5' <Predicate = true> <Delay = 6.07> <Core = "FDiv">   --->   Core 107 'FDiv' <Latency = 15> <II = 1> <Delay = 6.07> <FuncUnit> <Opcode : 'fdiv' 'frem'> <InPorts = 2> <OutPorts = 1>

State 32 <SV = 31> <Delay = 6.07>
ST_32 : Operation 109 [7/16] (6.07ns)   --->   "%tmp_5 = fdiv float 1.000000e+00, %tmp_4" [hopfield_routing.cpp:25]   --->   Operation 109 'fdiv' 'tmp_5' <Predicate = true> <Delay = 6.07> <Core = "FDiv">   --->   Core 107 'FDiv' <Latency = 15> <II = 1> <Delay = 6.07> <FuncUnit> <Opcode : 'fdiv' 'frem'> <InPorts = 2> <OutPorts = 1>

State 33 <SV = 32> <Delay = 6.07>
ST_33 : Operation 110 [6/16] (6.07ns)   --->   "%tmp_5 = fdiv float 1.000000e+00, %tmp_4" [hopfield_routing.cpp:25]   --->   Operation 110 'fdiv' 'tmp_5' <Predicate = true> <Delay = 6.07> <Core = "FDiv">   --->   Core 107 'FDiv' <Latency = 15> <II = 1> <Delay = 6.07> <FuncUnit> <Opcode : 'fdiv' 'frem'> <InPorts = 2> <OutPorts = 1>

State 34 <SV = 33> <Delay = 6.07>
ST_34 : Operation 111 [5/16] (6.07ns)   --->   "%tmp_5 = fdiv float 1.000000e+00, %tmp_4" [hopfield_routing.cpp:25]   --->   Operation 111 'fdiv' 'tmp_5' <Predicate = true> <Delay = 6.07> <Core = "FDiv">   --->   Core 107 'FDiv' <Latency = 15> <II = 1> <Delay = 6.07> <FuncUnit> <Opcode : 'fdiv' 'frem'> <InPorts = 2> <OutPorts = 1>

State 35 <SV = 34> <Delay = 6.07>
ST_35 : Operation 112 [4/16] (6.07ns)   --->   "%tmp_5 = fdiv float 1.000000e+00, %tmp_4" [hopfield_routing.cpp:25]   --->   Operation 112 'fdiv' 'tmp_5' <Predicate = true> <Delay = 6.07> <Core = "FDiv">   --->   Core 107 'FDiv' <Latency = 15> <II = 1> <Delay = 6.07> <FuncUnit> <Opcode : 'fdiv' 'frem'> <InPorts = 2> <OutPorts = 1>

State 36 <SV = 35> <Delay = 6.07>
ST_36 : Operation 113 [3/16] (6.07ns)   --->   "%tmp_5 = fdiv float 1.000000e+00, %tmp_4" [hopfield_routing.cpp:25]   --->   Operation 113 'fdiv' 'tmp_5' <Predicate = true> <Delay = 6.07> <Core = "FDiv">   --->   Core 107 'FDiv' <Latency = 15> <II = 1> <Delay = 6.07> <FuncUnit> <Opcode : 'fdiv' 'frem'> <InPorts = 2> <OutPorts = 1>

State 37 <SV = 36> <Delay = 6.07>
ST_37 : Operation 114 [2/16] (6.07ns)   --->   "%tmp_5 = fdiv float 1.000000e+00, %tmp_4" [hopfield_routing.cpp:25]   --->   Operation 114 'fdiv' 'tmp_5' <Predicate = true> <Delay = 6.07> <Core = "FDiv">   --->   Core 107 'FDiv' <Latency = 15> <II = 1> <Delay = 6.07> <FuncUnit> <Opcode : 'fdiv' 'frem'> <InPorts = 2> <OutPorts = 1>

State 38 <SV = 37> <Delay = 6.07>
ST_38 : Operation 115 [1/16] (6.07ns)   --->   "%tmp_5 = fdiv float 1.000000e+00, %tmp_4" [hopfield_routing.cpp:25]   --->   Operation 115 'fdiv' 'tmp_5' <Predicate = true> <Delay = 6.07> <Core = "FDiv">   --->   Core 107 'FDiv' <Latency = 15> <II = 1> <Delay = 6.07> <FuncUnit> <Opcode : 'fdiv' 'frem'> <InPorts = 2> <OutPorts = 1>

State 39 <SV = 38> <Delay = 3.25>
ST_39 : Operation 116 [1/1] (0.00ns)   --->   "%V_addr_1 = getelementptr [64 x float]* %V, i64 0, i64 %zext_ln25" [hopfield_routing.cpp:25]   --->   Operation 116 'getelementptr' 'V_addr_1' <Predicate = (!icmp_ln21)> <Delay = 0.00>
ST_39 : Operation 117 [1/1] (3.25ns)   --->   "store float %tmp_5, float* %V_addr_1, align 4" [hopfield_routing.cpp:25]   --->   Operation 117 'store' <Predicate = (!icmp_ln21)> <Delay = 3.25> <Core = "RAM">   --->   Core 37 'RAM' <Latency = 1> <II = 1> <Delay = 3.25> <Storage> <Opcode : 'load' 'store'> <Ports = 2> <Width = 32> <Depth = 64> <RAM>
ST_39 : Operation 118 [1/1] (0.00ns)   --->   "br label %4"   --->   Operation 118 'br' <Predicate = (!icmp_ln21)> <Delay = 0.00>
ST_39 : Operation 119 [1/1] (0.00ns)   --->   "br label %.preheader" [hopfield_routing.cpp:19]   --->   Operation 119 'br' <Predicate = true> <Delay = 0.00>


============================================================
+ Verbose Summary: Binding
============================================================
STG Binding: 
---------------- STG Properties BEGIN ----------------
- Is combinational: 0
- Is one-state seq: 0
- Is datapath-only: 0
- Is pipelined: 0
- Is top level: 1
Port [ Return ] is wired: 1; IO mode=ap_ctrl_hs:ce=0
Port [ V]:  wired=1; compound=1; hidden=0; nouse=0; global=0; static=0; extern=0; dir=1; type=1; pingpong=0; private_global=0; MemPort=[03]; IO mode=bram:ce=0
Port [ U_1]:  wired=1; compound=1; hidden=0; nouse=0; global=0; static=0; extern=0; dir=0; type=1; pingpong=0; private_global=0; MemPort=[13]; IO mode=bram:ce=0
Port [ l]:  wired=1; compound=0; hidden=0; nouse=0; global=0; static=0; extern=0; dir=0; type=0; pingpong=0; private_global=0; IO mode=ap_none:ce=0
---------------- STG Properties END ------------------

---------------- Datapath Model BEGIN ----------------

<LifeTime>
<method=bitvector/>
specbitsmap_ln0    (specbitsmap      ) [ 0000000000000000000000000000000000000000]
specbitsmap_ln0    (specbitsmap      ) [ 0000000000000000000000000000000000000000]
specbitsmap_ln0    (specbitsmap      ) [ 0000000000000000000000000000000000000000]
spectopmodule_ln0  (spectopmodule    ) [ 0000000000000000000000000000000000000000]
specinterface_ln10 (specinterface    ) [ 0000000000000000000000000000000000000000]
specinterface_ln11 (specinterface    ) [ 0000000000000000000000000000000000000000]
specinterface_ln12 (specinterface    ) [ 0000000000000000000000000000000000000000]
specinterface_ln13 (specinterface    ) [ 0000000000000000000000000000000000000000]
br_ln17            (br               ) [ 0111111111111111111111111111111111111111]
x_0                (phi              ) [ 0011111111111111111111111111111111111111]
zext_ln17          (zext             ) [ 0000000000000000000000000000000000000000]
icmp_ln17          (icmp             ) [ 0011111111111111111111111111111111111111]
empty              (speclooptripcount) [ 0000000000000000000000000000000000000000]
x                  (add              ) [ 0111111111111111111111111111111111111111]
br_ln17            (br               ) [ 0000000000000000000000000000000000000000]
trunc_ln23         (trunc            ) [ 0000000000000000000000000000000000000000]
shl_ln             (bitconcatenate   ) [ 0001111111111111111111111111111111111111]
add_ln23           (add              ) [ 0000000000000000000000000000000000000000]
zext_ln23          (zext             ) [ 0000000000000000000000000000000000000000]
V_addr             (getelementptr    ) [ 0001111111111111111111111111111111111111]
br_ln19            (br               ) [ 0011111111111111111111111111111111111111]
ret_ln29           (ret              ) [ 0000000000000000000000000000000000000000]
i_0                (phi              ) [ 0001000000000000000000000000000000000000]
zext_ln19          (zext             ) [ 0000000000000000000000000000000000000000]
icmp_ln19          (icmp             ) [ 0011111111111111111111111111111111111111]
empty_2            (speclooptripcount) [ 0000000000000000000000000000000000000000]
i                  (add              ) [ 0011111111111111111111111111111111111111]
br_ln19            (br               ) [ 0000000000000000000000000000000000000000]
icmp_ln21          (icmp             ) [ 0011111111111111111111111111111111111111]
br_ln21            (br               ) [ 0000000000000000000000000000000000000000]
add_ln25           (add              ) [ 0000000000000000000000000000000000000000]
zext_ln25          (zext             ) [ 0000111111111111111111111111111111111111]
U_1_addr           (getelementptr    ) [ 0000100000000000000000000000000000000000]
store_ln23         (store            ) [ 0000000000000000000000000000000000000000]
br_ln24            (br               ) [ 0000000000000000000000000000000000000000]
br_ln0             (br               ) [ 0111111111111111111111111111111111111111]
U_1_load           (load             ) [ 0000010000000000000000000000000000000000]
bitcast_ln25       (bitcast          ) [ 0000000000000000000000000000000000000000]
xor_ln25           (xor              ) [ 0000000000000000000000000000000000000000]
bitcast_ln25_1     (bitcast          ) [ 0000001110000000000000000000000000000000]
l_read             (read             ) [ 0000001110000000000000000000000000000000]
x_assign           (fmul             ) [ 0000000001111111110000000000000000000000]
tmp_i_i            (fexp             ) [ 0000000000000000001111100000000000000000]
tmp_4              (fadd             ) [ 0000000000000000000000011111111111111110]
tmp_5              (fdiv             ) [ 0011000000000000000000000000000000000001]
V_addr_1           (getelementptr    ) [ 0000000000000000000000000000000000000000]
store_ln25         (store            ) [ 0000000000000000000000000000000000000000]
br_ln0             (br               ) [ 0000000000000000000000000000000000000000]
br_ln19            (br               ) [ 0011111111111111111111111111111111111111]
</LifeTime>

<model>

<comp_list>
<comp id="0" class="1000" name="V">
<pin_list>
<pin id="1" dir="1" index="0" bw="1" slack="0"/>
</pin_list>
<bind>
<StgValue><ssdm name="V"/><MemPortTyVec>0 3 </MemPortTyVec>
</StgValue>
</bind>
</comp>

<comp id="2" class="1000" name="U_1">
<pin_list>
<pin id="3" dir="1" index="0" bw="1" slack="0"/>
</pin_list>
<bind>
<StgValue><ssdm name="U_1"/><MemPortTyVec>1 3 </MemPortTyVec>
</StgValue>
</bind>
</comp>

<comp id="4" class="1000" name="l">
<pin_list>
<pin id="5" dir="1" index="0" bw="1" slack="0"/>
</pin_list>
<bind>
<StgValue><ssdm name="l"/></StgValue>
</bind>
</comp>

<comp id="6" class="1001" name="const_6">
<pin_list>
<pin id="7" dir="1" index="0" bw="1" slack="2147483647"/>
</pin_list>
<bind>
<StgValue><ssdm name="_ssdm_op_SpecBitsMap"/></StgValue>
</bind>
</comp>

<comp id="8" class="1001" name="const_8">
<pin_list>
<pin id="9" dir="1" index="0" bw="1" slack="2147483647"/>
</pin_list>
<bind>
<StgValue><ssdm name="_ssdm_op_SpecTopModule"/></StgValue>
</bind>
</comp>

<comp id="10" class="1001" name="const_10">
<pin_list>
<pin id="11" dir="1" index="0" bw="1" slack="2147483647"/>
</pin_list>
<bind>
<StgValue><ssdm name="hopfield_routing_str"/></StgValue>
</bind>
</comp>

<comp id="12" class="1001" name="const_12">
<pin_list>
<pin id="13" dir="1" index="0" bw="1" slack="2147483647"/>
</pin_list>
<bind>
<StgValue><ssdm name="_ssdm_op_SpecInterface"/></StgValue>
</bind>
</comp>

<comp id="14" class="1001" name="const_14">
<pin_list>
<pin id="15" dir="1" index="0" bw="1" slack="2147483647"/>
</pin_list>
<bind>
<StgValue><ssdm name=""/></StgValue>
</bind>
</comp>

<comp id="16" class="1001" name="const_16">
<pin_list>
<pin id="17" dir="1" index="0" bw="1" slack="2147483647"/>
</pin_list>
<bind>
<StgValue><ssdm name="p_str"/></StgValue>
</bind>
</comp>

<comp id="18" class="1001" name="const_18">
<pin_list>
<pin id="19" dir="1" index="0" bw="1" slack="2147483647"/>
</pin_list>
<bind>
<StgValue><ssdm name="p_str1"/></StgValue>
</bind>
</comp>

<comp id="20" class="1001" name="const_20">
<pin_list>
<pin id="21" dir="1" index="0" bw="1" slack="2147483647"/>
</pin_list>
<bind>
<StgValue><ssdm name="p_str2"/></StgValue>
</bind>
</comp>

<comp id="22" class="1001" name="const_22">
<pin_list>
<pin id="23" dir="1" index="0" bw="1" slack="2147483647"/>
</pin_list>
<bind>
<StgValue><ssdm name="p_str3"/></StgValue>
</bind>
</comp>

<comp id="24" class="1001" name="const_24">
<pin_list>
<pin id="25" dir="1" index="0" bw="1" slack="1"/>
</pin_list>
<bind>
<StgValue><ssdm name=""/></StgValue>
</bind>
</comp>

<comp id="26" class="1001" name="const_26">
<pin_list>
<pin id="27" dir="1" index="0" bw="1" slack="0"/>
</pin_list>
<bind>
<StgValue><ssdm name=""/></StgValue>
</bind>
</comp>

<comp id="28" class="1001" name="const_28">
<pin_list>
<pin id="29" dir="1" index="0" bw="1" slack="2147483647"/>
</pin_list>
<bind>
<StgValue><ssdm name="_ssdm_op_SpecLoopTripCount"/></StgValue>
</bind>
</comp>

<comp id="30" class="1001" name="const_30">
<pin_list>
<pin id="31" dir="1" index="0" bw="1" slack="2147483647"/>
</pin_list>
<bind>
<StgValue><ssdm name=""/></StgValue>
</bind>
</comp>

<comp id="32" class="1001" name="const_32">
<pin_list>
<pin id="33" dir="1" index="0" bw="1" slack="0"/>
</pin_list>
<bind>
<StgValue><ssdm name=""/></StgValue>
</bind>
</comp>

<comp id="34" class="1001" name="const_34">
<pin_list>
<pin id="35" dir="1" index="0" bw="1" slack="0"/>
</pin_list>
<bind>
<StgValue><ssdm name="_ssdm_op_BitConcatenate.i6.i3.i3"/></StgValue>
</bind>
</comp>

<comp id="36" class="1001" name="const_36">
<pin_list>
<pin id="37" dir="1" index="0" bw="1" slack="0"/>
</pin_list>
<bind>
<StgValue><ssdm name=""/></StgValue>
</bind>
</comp>

<comp id="38" class="1001" name="const_38">
<pin_list>
<pin id="39" dir="1" index="0" bw="1" slack="0"/>
</pin_list>
<bind>
<StgValue><ssdm name=""/></StgValue>
</bind>
</comp>

<comp id="40" class="1001" name="const_40">
<pin_list>
<pin id="41" dir="1" index="0" bw="1" slack="0"/>
</pin_list>
<bind>
<StgValue><ssdm name=""/></StgValue>
</bind>
</comp>

<comp id="42" class="1001" name="const_42">
<pin_list>
<pin id="43" dir="1" index="0" bw="1" slack="0"/>
</pin_list>
<bind>
<StgValue><ssdm name=""/></StgValue>
</bind>
</comp>

<comp id="44" class="1001" name="const_44">
<pin_list>
<pin id="45" dir="1" index="0" bw="1" slack="0"/>
</pin_list>
<bind>
<StgValue><ssdm name="_ssdm_op_Read.s_axilite.floatP"/></StgValue>
</bind>
</comp>

<comp id="46" class="1001" name="const_46">
<pin_list>
<pin id="47" dir="1" index="0" bw="1" slack="0"/>
</pin_list>
<bind>
<StgValue><ssdm name="llvm.exp.f32"/></StgValue>
</bind>
</comp>

<comp id="48" class="1001" name="const_48">
<pin_list>
<pin id="49" dir="1" index="0" bw="1" slack="0"/>
</pin_list>
<bind>
<StgValue><ssdm name=""/></StgValue>
</bind>
</comp>

<comp id="50" class="1004" name="l_read_read_fu_50">
<pin_list>
<pin id="51" dir="0" index="0" bw="32" slack="0"/>
<pin id="52" dir="0" index="1" bw="32" slack="0"/>
<pin id="53" dir="1" index="2" bw="32" slack="0"/>
</pin_list>
<bind>
<opcode="read(1150) " fcode="read"/>
<opset="l_read/5 "/>
</bind>
</comp>

<comp id="56" class="1004" name="V_addr_gep_fu_56">
<pin_list>
<pin id="57" dir="0" index="0" bw="32" slack="0"/>
<pin id="58" dir="0" index="1" bw="1" slack="0"/>
<pin id="59" dir="0" index="2" bw="6" slack="0"/>
<pin id="60" dir="1" index="3" bw="6" slack="1"/>
</pin_list>
<bind>
<opcode="getelementptr(29) " fcode="getelementptr"/>
<opset="V_addr/2 "/>
</bind>
</comp>

<comp id="63" class="1004" name="U_1_addr_gep_fu_63">
<pin_list>
<pin id="64" dir="0" index="0" bw="32" slack="0"/>
<pin id="65" dir="0" index="1" bw="1" slack="0"/>
<pin id="66" dir="0" index="2" bw="6" slack="0"/>
<pin id="67" dir="1" index="3" bw="6" slack="0"/>
</pin_list>
<bind>
<opcode="getelementptr(29) " fcode="getelementptr"/>
<opset="U_1_addr/3 "/>
</bind>
</comp>

<comp id="70" class="1004" name="grp_access_fu_70">
<pin_list>
<pin id="71" dir="0" index="0" bw="6" slack="0"/>
<pin id="72" dir="0" index="1" bw="32" slack="2147483647"/>
<pin id="73" dir="0" index="2" bw="0" slack="2147483647"/>
<pin id="74" dir="1" index="3" bw="32" slack="1"/>
</pin_list>
<bind>
<opcode="load(27) " fcode="load"/>
<opset="U_1_load/3 "/>
</bind>
</comp>

<comp id="76" class="1004" name="grp_access_fu_76">
<pin_list>
<pin id="77" dir="0" index="0" bw="6" slack="0"/>
<pin id="78" dir="0" index="1" bw="32" slack="0"/>
<pin id="79" dir="0" index="2" bw="0" slack="2147483647"/>
<pin id="80" dir="1" index="3" bw="32" slack="2147483647"/>
</pin_list>
<bind>
<opcode="store(28) " fcode="store"/>
<opset="store_ln23/3 store_ln25/39 "/>
</bind>
</comp>

<comp id="82" class="1004" name="V_addr_1_gep_fu_82">
<pin_list>
<pin id="83" dir="0" index="0" bw="32" slack="0"/>
<pin id="84" dir="0" index="1" bw="1" slack="0"/>
<pin id="85" dir="0" index="2" bw="6" slack="36"/>
<pin id="86" dir="1" index="3" bw="6" slack="0"/>
</pin_list>
<bind>
<opcode="getelementptr(29) " fcode="getelementptr"/>
<opset="V_addr_1/39 "/>
</bind>
</comp>

<comp id="90" class="1005" name="x_0_reg_90">
<pin_list>
<pin id="91" dir="0" index="0" bw="4" slack="1"/>
<pin id="92" dir="1" index="1" bw="4" slack="1"/>
</pin_list>
<bind>
<opset="x_0 (phireg) "/>
</bind>
</comp>

<comp id="94" class="1004" name="x_0_phi_fu_94">
<pin_list>
<pin id="95" dir="0" index="0" bw="1" slack="1"/>
<pin id="96" dir="0" index="1" bw="0" slack="2147483647"/>
<pin id="97" dir="0" index="2" bw="4" slack="0"/>
<pin id="98" dir="0" index="3" bw="0" slack="2147483647"/>
<pin id="99" dir="1" index="4" bw="4" slack="0"/>
</pin_list>
<bind>
<opcode="phi(47) " fcode="phi"/>
<opset="x_0/2 "/>
</bind>
</comp>

<comp id="102" class="1005" name="i_0_reg_102">
<pin_list>
<pin id="103" dir="0" index="0" bw="4" slack="1"/>
<pin id="104" dir="1" index="1" bw="4" slack="1"/>
</pin_list>
<bind>
<opset="i_0 (phireg) "/>
</bind>
</comp>

<comp id="106" class="1004" name="i_0_phi_fu_106">
<pin_list>
<pin id="107" dir="0" index="0" bw="4" slack="0"/>
<pin id="108" dir="0" index="1" bw="0" slack="2147483647"/>
<pin id="109" dir="0" index="2" bw="1" slack="1"/>
<pin id="110" dir="0" index="3" bw="0" slack="2147483647"/>
<pin id="111" dir="1" index="4" bw="4" slack="0"/>
</pin_list>
<bind>
<opcode="phi(47) " fcode="phi"/>
<opset="i_0/3 "/>
</bind>
</comp>

<comp id="113" class="1004" name="grp_fu_113">
<pin_list>
<pin id="114" dir="0" index="0" bw="32" slack="1"/>
<pin id="115" dir="0" index="1" bw="32" slack="0"/>
<pin id="116" dir="1" index="2" bw="32" slack="1"/>
</pin_list>
<bind>
<opcode="fadd(9) " fcode="fadd"/>
<opset="tmp_4/18 "/>
</bind>
</comp>

<comp id="118" class="1004" name="grp_fu_118">
<pin_list>
<pin id="119" dir="0" index="0" bw="32" slack="0"/>
<pin id="120" dir="0" index="1" bw="32" slack="0"/>
<pin id="121" dir="1" index="2" bw="32" slack="1"/>
</pin_list>
<bind>
<opcode="fmul(13) " fcode="fmul"/>
<opset="x_assign/5 "/>
</bind>
</comp>

<comp id="123" class="1004" name="grp_fu_123">
<pin_list>
<pin id="124" dir="0" index="0" bw="32" slack="0"/>
<pin id="125" dir="0" index="1" bw="32" slack="1"/>
<pin id="126" dir="1" index="2" bw="32" slack="1"/>
</pin_list>
<bind>
<opcode="fdiv(16) " fcode="fdiv"/>
<opset="tmp_5/23 "/>
</bind>
</comp>

<comp id="128" class="1004" name="grp_fu_128">
<pin_list>
<pin id="129" dir="0" index="0" bw="32" slack="0"/>
<pin id="130" dir="0" index="1" bw="32" slack="1"/>
<pin id="131" dir="1" index="2" bw="32" slack="1"/>
</pin_list>
<bind>
<opcode="fexp(507) " fcode="fexp"/>
<opset="tmp_i_i/9 "/>
</bind>
</comp>

<comp id="133" class="1004" name="zext_ln17_fu_133">
<pin_list>
<pin id="134" dir="0" index="0" bw="4" slack="0"/>
<pin id="135" dir="1" index="1" bw="6" slack="0"/>
</pin_list>
<bind>
<opcode="zext(34) " fcode="zext"/>
<opset="zext_ln17/2 "/>
</bind>
</comp>

<comp id="137" class="1004" name="icmp_ln17_fu_137">
<pin_list>
<pin id="138" dir="0" index="0" bw="4" slack="0"/>
<pin id="139" dir="0" index="1" bw="4" slack="0"/>
<pin id="140" dir="1" index="2" bw="1" slack="2147483647"/>
</pin_list>
<bind>
<opcode="icmp(45) " fcode="icmp"/>
<opset="icmp_ln17/2 "/>
</bind>
</comp>

<comp id="143" class="1004" name="x_fu_143">
<pin_list>
<pin id="144" dir="0" index="0" bw="4" slack="0"/>
<pin id="145" dir="0" index="1" bw="1" slack="0"/>
<pin id="146" dir="1" index="2" bw="4" slack="0"/>
</pin_list>
<bind>
<opcode="add(8) " fcode="add"/>
<opset="x/2 "/>
</bind>
</comp>

<comp id="149" class="1004" name="trunc_ln23_fu_149">
<pin_list>
<pin id="150" dir="0" index="0" bw="4" slack="0"/>
<pin id="151" dir="1" index="1" bw="3" slack="0"/>
</pin_list>
<bind>
<opcode="trunc(33) " fcode="trunc"/>
<opset="trunc_ln23/2 "/>
</bind>
</comp>

<comp id="153" class="1004" name="shl_ln_fu_153">
<pin_list>
<pin id="154" dir="0" index="0" bw="6" slack="0"/>
<pin id="155" dir="0" index="1" bw="3" slack="0"/>
<pin id="156" dir="0" index="2" bw="1" slack="0"/>
<pin id="157" dir="1" index="3" bw="6" slack="0"/>
</pin_list>
<bind>
<opcode="bitconcatenate(1004) " fcode="bitconcatenate"/>
<opset="shl_ln/2 "/>
</bind>
</comp>

<comp id="161" class="1004" name="add_ln23_fu_161">
<pin_list>
<pin id="162" dir="0" index="0" bw="6" slack="0"/>
<pin id="163" dir="0" index="1" bw="4" slack="0"/>
<pin id="164" dir="1" index="2" bw="6" slack="0"/>
</pin_list>
<bind>
<opcode="add(8) " fcode="add"/>
<opset="add_ln23/2 "/>
</bind>
</comp>

<comp id="167" class="1004" name="zext_ln23_fu_167">
<pin_list>
<pin id="168" dir="0" index="0" bw="6" slack="0"/>
<pin id="169" dir="1" index="1" bw="64" slack="0"/>
</pin_list>
<bind>
<opcode="zext(34) " fcode="zext"/>
<opset="zext_ln23/2 "/>
</bind>
</comp>

<comp id="172" class="1004" name="zext_ln19_fu_172">
<pin_list>
<pin id="173" dir="0" index="0" bw="4" slack="0"/>
<pin id="174" dir="1" index="1" bw="6" slack="0"/>
</pin_list>
<bind>
<opcode="zext(34) " fcode="zext"/>
<opset="zext_ln19/3 "/>
</bind>
</comp>

<comp id="176" class="1004" name="icmp_ln19_fu_176">
<pin_list>
<pin id="177" dir="0" index="0" bw="4" slack="0"/>
<pin id="178" dir="0" index="1" bw="4" slack="0"/>
<pin id="179" dir="1" index="2" bw="1" slack="2147483647"/>
</pin_list>
<bind>
<opcode="icmp(45) " fcode="icmp"/>
<opset="icmp_ln19/3 "/>
</bind>
</comp>

<comp id="182" class="1004" name="i_fu_182">
<pin_list>
<pin id="183" dir="0" index="0" bw="4" slack="0"/>
<pin id="184" dir="0" index="1" bw="1" slack="0"/>
<pin id="185" dir="1" index="2" bw="4" slack="0"/>
</pin_list>
<bind>
<opcode="add(8) " fcode="add"/>
<opset="i/3 "/>
</bind>
</comp>

<comp id="188" class="1004" name="icmp_ln21_fu_188">
<pin_list>
<pin id="189" dir="0" index="0" bw="4" slack="1"/>
<pin id="190" dir="0" index="1" bw="4" slack="0"/>
<pin id="191" dir="1" index="2" bw="1" slack="36"/>
</pin_list>
<bind>
<opcode="icmp(45) " fcode="icmp"/>
<opset="icmp_ln21/3 "/>
</bind>
</comp>

<comp id="194" class="1004" name="add_ln25_fu_194">
<pin_list>
<pin id="195" dir="0" index="0" bw="4" slack="0"/>
<pin id="196" dir="0" index="1" bw="6" slack="1"/>
<pin id="197" dir="1" index="2" bw="6" slack="0"/>
</pin_list>
<bind>
<opcode="add(8) " fcode="add"/>
<opset="add_ln25/3 "/>
</bind>
</comp>

<comp id="199" class="1004" name="zext_ln25_fu_199">
<pin_list>
<pin id="200" dir="0" index="0" bw="6" slack="0"/>
<pin id="201" dir="1" index="1" bw="64" slack="0"/>
</pin_list>
<bind>
<opcode="zext(34) " fcode="zext"/>
<opset="zext_ln25/3 "/>
</bind>
</comp>

<comp id="204" class="1004" name="bitcast_ln25_fu_204">
<pin_list>
<pin id="205" dir="0" index="0" bw="32" slack="1"/>
<pin id="206" dir="1" index="1" bw="32" slack="0"/>
</pin_list>
<bind>
<opcode="bitcast(44) " fcode="bitcast"/>
<opset="bitcast_ln25/5 "/>
</bind>
</comp>

<comp id="207" class="1004" name="xor_ln25_fu_207">
<pin_list>
<pin id="208" dir="0" index="0" bw="32" slack="0"/>
<pin id="209" dir="0" index="1" bw="32" slack="0"/>
<pin id="210" dir="1" index="2" bw="32" slack="0"/>
</pin_list>
<bind>
<opcode="xor(25) " fcode="xor"/>
<opset="xor_ln25/5 "/>
</bind>
</comp>

<comp id="213" class="1004" name="bitcast_ln25_1_fu_213">
<pin_list>
<pin id="214" dir="0" index="0" bw="32" slack="0"/>
<pin id="215" dir="1" index="1" bw="32" slack="0"/>
</pin_list>
<bind>
<opcode="bitcast(44) " fcode="bitcast"/>
<opset="bitcast_ln25_1/5 "/>
</bind>
</comp>

<comp id="221" class="1005" name="x_reg_221">
<pin_list>
<pin id="222" dir="0" index="0" bw="4" slack="0"/>
<pin id="223" dir="1" index="1" bw="4" slack="0"/>
</pin_list>
<bind>
<opset="x "/>
</bind>
</comp>

<comp id="226" class="1005" name="shl_ln_reg_226">
<pin_list>
<pin id="227" dir="0" index="0" bw="6" slack="1"/>
<pin id="228" dir="1" index="1" bw="6" slack="1"/>
</pin_list>
<bind>
<opset="shl_ln "/>
</bind>
</comp>

<comp id="231" class="1005" name="V_addr_reg_231">
<pin_list>
<pin id="232" dir="0" index="0" bw="6" slack="1"/>
<pin id="233" dir="1" index="1" bw="6" slack="1"/>
</pin_list>
<bind>
<opset="V_addr "/>
</bind>
</comp>

<comp id="239" class="1005" name="i_reg_239">
<pin_list>
<pin id="240" dir="0" index="0" bw="4" slack="0"/>
<pin id="241" dir="1" index="1" bw="4" slack="0"/>
</pin_list>
<bind>
<opset="i "/>
</bind>
</comp>

<comp id="244" class="1005" name="icmp_ln21_reg_244">
<pin_list>
<pin id="245" dir="0" index="0" bw="1" slack="36"/>
<pin id="246" dir="1" index="1" bw="1" slack="2147483647"/>
</pin_list>
<bind>
<opset="icmp_ln21 "/>
</bind>
</comp>

<comp id="248" class="1005" name="zext_ln25_reg_248">
<pin_list>
<pin id="249" dir="0" index="0" bw="64" slack="36"/>
<pin id="250" dir="1" index="1" bw="64" slack="36"/>
</pin_list>
<bind>
<opset="zext_ln25 "/>
</bind>
</comp>

<comp id="253" class="1005" name="U_1_addr_reg_253">
<pin_list>
<pin id="254" dir="0" index="0" bw="6" slack="1"/>
<pin id="255" dir="1" index="1" bw="6" slack="1"/>
</pin_list>
<bind>
<opset="U_1_addr "/>
</bind>
</comp>

<comp id="258" class="1005" name="U_1_load_reg_258">
<pin_list>
<pin id="259" dir="0" index="0" bw="32" slack="1"/>
<pin id="260" dir="1" index="1" bw="32" slack="1"/>
</pin_list>
<bind>
<opset="U_1_load "/>
</bind>
</comp>

<comp id="263" class="1005" name="bitcast_ln25_1_reg_263">
<pin_list>
<pin id="264" dir="0" index="0" bw="32" slack="1"/>
<pin id="265" dir="1" index="1" bw="32" slack="1"/>
</pin_list>
<bind>
<opset="bitcast_ln25_1 "/>
</bind>
</comp>

<comp id="268" class="1005" name="l_read_reg_268">
<pin_list>
<pin id="269" dir="0" index="0" bw="32" slack="1"/>
<pin id="270" dir="1" index="1" bw="32" slack="1"/>
</pin_list>
<bind>
<opset="l_read "/>
</bind>
</comp>

<comp id="273" class="1005" name="x_assign_reg_273">
<pin_list>
<pin id="274" dir="0" index="0" bw="32" slack="1"/>
<pin id="275" dir="1" index="1" bw="32" slack="1"/>
</pin_list>
<bind>
<opset="x_assign "/>
</bind>
</comp>

<comp id="278" class="1005" name="tmp_i_i_reg_278">
<pin_list>
<pin id="279" dir="0" index="0" bw="32" slack="1"/>
<pin id="280" dir="1" index="1" bw="32" slack="1"/>
</pin_list>
<bind>
<opset="tmp_i_i "/>
</bind>
</comp>

<comp id="283" class="1005" name="tmp_4_reg_283">
<pin_list>
<pin id="284" dir="0" index="0" bw="32" slack="1"/>
<pin id="285" dir="1" index="1" bw="32" slack="1"/>
</pin_list>
<bind>
<opset="tmp_4 "/>
</bind>
</comp>

<comp id="288" class="1005" name="tmp_5_reg_288">
<pin_list>
<pin id="289" dir="0" index="0" bw="32" slack="1"/>
<pin id="290" dir="1" index="1" bw="32" slack="1"/>
</pin_list>
<bind>
<opset="tmp_5 "/>
</bind>
</comp>

</comp_list>

<net_list>
<net id="54"><net_src comp="44" pin="0"/><net_sink comp="50" pin=0"/></net>

<net id="55"><net_src comp="4" pin="0"/><net_sink comp="50" pin=1"/></net>

<net id="61"><net_src comp="0" pin="0"/><net_sink comp="56" pin=0"/></net>

<net id="62"><net_src comp="38" pin="0"/><net_sink comp="56" pin=1"/></net>

<net id="68"><net_src comp="2" pin="0"/><net_sink comp="63" pin=0"/></net>

<net id="69"><net_src comp="38" pin="0"/><net_sink comp="63" pin=1"/></net>

<net id="75"><net_src comp="63" pin="3"/><net_sink comp="70" pin=0"/></net>

<net id="81"><net_src comp="40" pin="0"/><net_sink comp="76" pin=1"/></net>

<net id="87"><net_src comp="0" pin="0"/><net_sink comp="82" pin=0"/></net>

<net id="88"><net_src comp="38" pin="0"/><net_sink comp="82" pin=1"/></net>

<net id="89"><net_src comp="82" pin="3"/><net_sink comp="76" pin=0"/></net>

<net id="93"><net_src comp="24" pin="0"/><net_sink comp="90" pin=0"/></net>

<net id="100"><net_src comp="90" pin="1"/><net_sink comp="94" pin=0"/></net>

<net id="101"><net_src comp="94" pin="4"/><net_sink comp="90" pin=0"/></net>

<net id="105"><net_src comp="24" pin="0"/><net_sink comp="102" pin=0"/></net>

<net id="112"><net_src comp="102" pin="1"/><net_sink comp="106" pin=2"/></net>

<net id="117"><net_src comp="48" pin="0"/><net_sink comp="113" pin=1"/></net>

<net id="122"><net_src comp="50" pin="2"/><net_sink comp="118" pin=1"/></net>

<net id="127"><net_src comp="48" pin="0"/><net_sink comp="123" pin=0"/></net>

<net id="132"><net_src comp="46" pin="0"/><net_sink comp="128" pin=0"/></net>

<net id="136"><net_src comp="94" pin="4"/><net_sink comp="133" pin=0"/></net>

<net id="141"><net_src comp="94" pin="4"/><net_sink comp="137" pin=0"/></net>

<net id="142"><net_src comp="26" pin="0"/><net_sink comp="137" pin=1"/></net>

<net id="147"><net_src comp="94" pin="4"/><net_sink comp="143" pin=0"/></net>

<net id="148"><net_src comp="32" pin="0"/><net_sink comp="143" pin=1"/></net>

<net id="152"><net_src comp="94" pin="4"/><net_sink comp="149" pin=0"/></net>

<net id="158"><net_src comp="34" pin="0"/><net_sink comp="153" pin=0"/></net>

<net id="159"><net_src comp="149" pin="1"/><net_sink comp="153" pin=1"/></net>

<net id="160"><net_src comp="36" pin="0"/><net_sink comp="153" pin=2"/></net>

<net id="165"><net_src comp="153" pin="3"/><net_sink comp="161" pin=0"/></net>

<net id="166"><net_src comp="133" pin="1"/><net_sink comp="161" pin=1"/></net>

<net id="170"><net_src comp="161" pin="2"/><net_sink comp="167" pin=0"/></net>

<net id="171"><net_src comp="167" pin="1"/><net_sink comp="56" pin=2"/></net>

<net id="175"><net_src comp="106" pin="4"/><net_sink comp="172" pin=0"/></net>

<net id="180"><net_src comp="106" pin="4"/><net_sink comp="176" pin=0"/></net>

<net id="181"><net_src comp="26" pin="0"/><net_sink comp="176" pin=1"/></net>

<net id="186"><net_src comp="106" pin="4"/><net_sink comp="182" pin=0"/></net>

<net id="187"><net_src comp="32" pin="0"/><net_sink comp="182" pin=1"/></net>

<net id="192"><net_src comp="90" pin="1"/><net_sink comp="188" pin=0"/></net>

<net id="193"><net_src comp="106" pin="4"/><net_sink comp="188" pin=1"/></net>

<net id="198"><net_src comp="172" pin="1"/><net_sink comp="194" pin=0"/></net>

<net id="202"><net_src comp="194" pin="2"/><net_sink comp="199" pin=0"/></net>

<net id="203"><net_src comp="199" pin="1"/><net_sink comp="63" pin=2"/></net>

<net id="211"><net_src comp="204" pin="1"/><net_sink comp="207" pin=0"/></net>

<net id="212"><net_src comp="42" pin="0"/><net_sink comp="207" pin=1"/></net>

<net id="216"><net_src comp="207" pin="2"/><net_sink comp="213" pin=0"/></net>

<net id="217"><net_src comp="213" pin="1"/><net_sink comp="118" pin=0"/></net>

<net id="224"><net_src comp="143" pin="2"/><net_sink comp="221" pin=0"/></net>

<net id="225"><net_src comp="221" pin="1"/><net_sink comp="94" pin=2"/></net>

<net id="229"><net_src comp="153" pin="3"/><net_sink comp="226" pin=0"/></net>

<net id="230"><net_src comp="226" pin="1"/><net_sink comp="194" pin=1"/></net>

<net id="234"><net_src comp="56" pin="3"/><net_sink comp="231" pin=0"/></net>

<net id="235"><net_src comp="231" pin="1"/><net_sink comp="76" pin=0"/></net>

<net id="242"><net_src comp="182" pin="2"/><net_sink comp="239" pin=0"/></net>

<net id="243"><net_src comp="239" pin="1"/><net_sink comp="106" pin=0"/></net>

<net id="247"><net_src comp="188" pin="2"/><net_sink comp="244" pin=0"/></net>

<net id="251"><net_src comp="199" pin="1"/><net_sink comp="248" pin=0"/></net>

<net id="252"><net_src comp="248" pin="1"/><net_sink comp="82" pin=2"/></net>

<net id="256"><net_src comp="63" pin="3"/><net_sink comp="253" pin=0"/></net>

<net id="257"><net_src comp="253" pin="1"/><net_sink comp="70" pin=0"/></net>

<net id="261"><net_src comp="70" pin="3"/><net_sink comp="258" pin=0"/></net>

<net id="262"><net_src comp="258" pin="1"/><net_sink comp="204" pin=0"/></net>

<net id="266"><net_src comp="213" pin="1"/><net_sink comp="263" pin=0"/></net>

<net id="267"><net_src comp="263" pin="1"/><net_sink comp="118" pin=0"/></net>

<net id="271"><net_src comp="50" pin="2"/><net_sink comp="268" pin=0"/></net>

<net id="272"><net_src comp="268" pin="1"/><net_sink comp="118" pin=1"/></net>

<net id="276"><net_src comp="118" pin="2"/><net_sink comp="273" pin=0"/></net>

<net id="277"><net_src comp="273" pin="1"/><net_sink comp="128" pin=1"/></net>

<net id="281"><net_src comp="128" pin="2"/><net_sink comp="278" pin=0"/></net>

<net id="282"><net_src comp="278" pin="1"/><net_sink comp="113" pin=0"/></net>

<net id="286"><net_src comp="113" pin="2"/><net_sink comp="283" pin=0"/></net>

<net id="287"><net_src comp="283" pin="1"/><net_sink comp="123" pin=1"/></net>

<net id="291"><net_src comp="123" pin="2"/><net_sink comp="288" pin=0"/></net>

<net id="292"><net_src comp="288" pin="1"/><net_sink comp="76" pin=1"/></net>

</net_list>

</model> 
---------------- Datapath Model END ------------------

* FSMD analyzer results:
  - Output states:
	Port: V | {3 39 }
 - Input state : 
	Port: hopfield_routing : U_1 | {3 4 }
	Port: hopfield_routing : l | {5 }
  - Chain level:
	State 1
	State 2
		zext_ln17 : 1
		icmp_ln17 : 1
		x : 1
		br_ln17 : 2
		trunc_ln23 : 1
		shl_ln : 2
		add_ln23 : 3
		zext_ln23 : 4
		V_addr : 5
	State 3
		zext_ln19 : 1
		icmp_ln19 : 1
		i : 1
		br_ln19 : 2
		icmp_ln21 : 1
		br_ln21 : 2
		add_ln25 : 2
		zext_ln25 : 3
		U_1_addr : 4
		U_1_load : 5
	State 4
	State 5
		xor_ln25 : 1
		bitcast_ln25_1 : 1
		x_assign : 2
	State 6
	State 7
	State 8
	State 9
	State 10
	State 11
	State 12
	State 13
	State 14
	State 15
	State 16
	State 17
	State 18
	State 19
	State 20
	State 21
	State 22
	State 23
	State 24
	State 25
	State 26
	State 27
	State 28
	State 29
	State 30
	State 31
	State 32
	State 33
	State 34
	State 35
	State 36
	State 37
	State 38
	State 39
		store_ln25 : 1


============================================================
+ Verbose Summary: Datapath Resource usage 
============================================================

* Functional unit list:
|----------|-------------------|---------|---------|---------|
| Operation|  Functional Unit  |  DSP48E |    FF   |   LUT   |
|----------|-------------------|---------|---------|---------|
|   fdiv   |     grp_fu_123    |    0    |   761   |   994   |
|----------|-------------------|---------|---------|---------|
|   fexp   |     grp_fu_128    |    7    |   277   |   924   |
|----------|-------------------|---------|---------|---------|
|   fadd   |     grp_fu_113    |    2    |   205   |   390   |
|----------|-------------------|---------|---------|---------|
|   fmul   |     grp_fu_118    |    3    |   143   |   321   |
|----------|-------------------|---------|---------|---------|
|          |      x_fu_143     |    0    |    0    |    13   |
|    add   |  add_ln23_fu_161  |    0    |    0    |    15   |
|          |      i_fu_182     |    0    |    0    |    13   |
|          |  add_ln25_fu_194  |    0    |    0    |    15   |
|----------|-------------------|---------|---------|---------|
|    xor   |  xor_ln25_fu_207  |    0    |    0    |    32   |
|----------|-------------------|---------|---------|---------|
|          |  icmp_ln17_fu_137 |    0    |    0    |    9    |
|   icmp   |  icmp_ln19_fu_176 |    0    |    0    |    9    |
|          |  icmp_ln21_fu_188 |    0    |    0    |    9    |
|----------|-------------------|---------|---------|---------|
|   read   | l_read_read_fu_50 |    0    |    0    |    0    |
|----------|-------------------|---------|---------|---------|
|          |  zext_ln17_fu_133 |    0    |    0    |    0    |
|   zext   |  zext_ln23_fu_167 |    0    |    0    |    0    |
|          |  zext_ln19_fu_172 |    0    |    0    |    0    |
|          |  zext_ln25_fu_199 |    0    |    0    |    0    |
|----------|-------------------|---------|---------|---------|
|   trunc  | trunc_ln23_fu_149 |    0    |    0    |    0    |
|----------|-------------------|---------|---------|---------|
|bitconcatenate|   shl_ln_fu_153   |    0    |    0    |    0    |
|----------|-------------------|---------|---------|---------|
|   Total  |                   |    12   |   1386  |   2744  |
|----------|-------------------|---------|---------|---------|

Memories:
N/A

* Register list:
+----------------------+--------+
|                      |   FF   |
+----------------------+--------+
|   U_1_addr_reg_253   |    6   |
|   U_1_load_reg_258   |   32   |
|    V_addr_reg_231    |    6   |
|bitcast_ln25_1_reg_263|   32   |
|      i_0_reg_102     |    4   |
|       i_reg_239      |    4   |
|   icmp_ln21_reg_244  |    1   |
|    l_read_reg_268    |   32   |
|    shl_ln_reg_226    |    6   |
|     tmp_4_reg_283    |   32   |
|     tmp_5_reg_288    |   32   |
|    tmp_i_i_reg_278   |   32   |
|      x_0_reg_90      |    4   |
|   x_assign_reg_273   |   32   |
|       x_reg_221      |    4   |
|   zext_ln25_reg_248  |   64   |
+----------------------+--------+
|         Total        |   323  |
+----------------------+--------+

* Multiplexer (MUX) list: 
|------------------|------|------|------|--------||---------||---------|
|       Comp       |  Pin | Size |  BW  | S x BW ||  Delay  ||   LUT   |
|------------------|------|------|------|--------||---------||---------|
| grp_access_fu_70 |  p0  |   2  |   6  |   12   ||    9    |
| grp_access_fu_76 |  p0  |   2  |   6  |   12   ||    9    |
| grp_access_fu_76 |  p1  |   2  |  32  |   64   ||    9    |
|    x_0_reg_90    |  p0  |   2  |   4  |    8   ||    9    |
|    grp_fu_118    |  p0  |   2  |  32  |   64   ||    9    |
|    grp_fu_118    |  p1  |   2  |  32  |   64   ||    9    |
|------------------|------|------|------|--------||---------||---------|
|       Total      |      |      |      |   224  ||  10.614 ||    54   |
|------------------|------|------|------|--------||---------||---------|



* Summary:
+-----------+--------+--------+--------+--------+
|           | DSP48E |  Delay |   FF   |   LUT  |
+-----------+--------+--------+--------+--------+
|  Function |   12   |    -   |  1386  |  2744  |
|   Memory  |    -   |    -   |    -   |    -   |
|Multiplexer|    -   |   10   |    -   |   54   |
|  Register |    -   |    -   |   323  |    -   |
+-----------+--------+--------+--------+--------+
|   Total   |   12   |   10   |  1709  |  2798  |
+-----------+--------+--------+--------+--------+
