INFO: [HLS 200-10] Running '/home/agustinsilva447/Vivado/Vivado/2019.2/bin/unwrapped/lnx64.o/vivado_hls'
INFO: [HLS 200-10] For user 'agustinsilva447' on host 'agustinsilva447-Lenovo-G50-80' (Linux_x86_64 version 5.8.0-55-generic) on Sun Jul 11 18:12:49 -03 2021
INFO: [HLS 200-10] On os Ubuntu 20.04.2 LTS
INFO: [HLS 200-10] In directory '/home/agustinsilva447/Escritorio/Github/FPGA/paper_routing/hopfield_hls'
Sourcing Tcl script '/home/agustinsilva447/Escritorio/Github/FPGA/paper_routing/hopfield_hls/hopfield_routing/solution1/csim.tcl'
INFO: [HLS 200-10] Opening project '/home/agustinsilva447/Escritorio/Github/FPGA/paper_routing/hopfield_hls/hopfield_routing'.
INFO: [HLS 200-10] Opening solution '/home/agustinsilva447/Escritorio/Github/FPGA/paper_routing/hopfield_hls/hopfield_routing/solution1'.
INFO: [SYN 201-201] Setting up clock 'default' with a period of 10ns.
INFO: [HLS 200-10] Setting target device to 'xc7z020-clg484-1'
INFO: [SIM 211-2] *************** CSIM start ***************
INFO: [SIM 211-4] CSIM will launch GCC as the compiler.
   Compiling ../../../../tb_hopfield_routing.cpp in debug mode
   Generating csim.exe

C_xi = 
[0.000000, 0.910000, 0.360000, 0.000000, 0.000000, 0.000000, 1.200000, 0.000000, ]
[0.910000, 0.000000, 0.000000, 0.375000, 0.000000, 0.000000, 0.000000, 1.020000, ]
[0.360000, 0.000000, 0.000000, 0.470000, 0.640000, 0.000000, 0.000000, 0.000000, ]
[0.000000, 0.375000, 0.470000, 0.000000, 0.000000, 0.500000, 0.000000, 0.000000, ]
[0.000000, 0.000000, 0.640000, 0.000000, 0.000000, 0.560000, 0.425000, 0.000000, ]
[0.000000, 0.000000, 0.000000, 0.500000, 0.560000, 0.000000, 0.000000, 0.400000, ]
[1.200000, 0.000000, 0.000000, 0.000000, 0.425000, 0.000000, 0.000000, 1.100000, ]
[0.000000, 1.020000, 0.000000, 0.000000, 0.000000, 0.400000, 1.100000, 0.000000, ]
INFO: [SIM 211-1] CSim done with 0 errors.
INFO: [SIM 211-3] *************** CSIM finish ***************
