
*** Running vivado
    with args -log design_1_auto_pc_0.vds -m64 -product Vivado -mode batch -messageDb vivado.pb -notrace -source design_1_auto_pc_0.tcl


****** Vivado v2016.4 (64-bit)
  **** SW Build 1756540 on Mon Jan 23 19:11:23 MST 2017
  **** IP Build 1755317 on Mon Jan 23 20:30:07 MST 2017
    ** Copyright 1986-2016 Xilinx, Inc. All Rights Reserved.

source design_1_auto_pc_0.tcl -notrace
Starting RTL Elaboration : Time (s): cpu = 00:00:18 ; elapsed = 00:00:21 . Memory (MB): peak = 345.730 ; gain = 136.844
INFO: [Synth 8-638] synthesizing module 'design_1_auto_pc_0' [c:/Users/caos1/Desktop/Tesis/Vivado/VQFTAXIBUS/VQFTAXIBUS.srcs/sources_1/bd/design_1/ip/design_1_auto_pc_0/synth/design_1_auto_pc_0.v:58]
INFO: [Synth 8-638] synthesizing module 'axi_protocol_converter_v2_1_11_axi_protocol_converter' [c:/Users/caos1/Desktop/Tesis/Vivado/VQFTAXIBUS/VQFTAXIBUS.srcs/sources_1/bd/design_1/ipshared/df1b/hdl/axi_protocol_converter_v2_1_vl_rfs.v:4806]
INFO: [Synth 8-638] synthesizing module 'axi_protocol_converter_v2_1_11_b2s' [c:/Users/caos1/Desktop/Tesis/Vivado/VQFTAXIBUS/VQFTAXIBUS.srcs/sources_1/bd/design_1/ipshared/df1b/hdl/axi_protocol_converter_v2_1_vl_rfs.v:4224]
INFO: [Synth 8-638] synthesizing module 'axi_protocol_converter_v2_1_11_b2s_aw_channel' [c:/Users/caos1/Desktop/Tesis/Vivado/VQFTAXIBUS/VQFTAXIBUS.srcs/sources_1/bd/design_1/ipshared/df1b/hdl/axi_protocol_converter_v2_1_vl_rfs.v:3969]
INFO: [Synth 8-638] synthesizing module 'axi_protocol_converter_v2_1_11_b2s_cmd_translator' [c:/Users/caos1/Desktop/Tesis/Vivado/VQFTAXIBUS/VQFTAXIBUS.srcs/sources_1/bd/design_1/ipshared/df1b/hdl/axi_protocol_converter_v2_1_vl_rfs.v:3467]
INFO: [Synth 8-638] synthesizing module 'axi_protocol_converter_v2_1_11_b2s_incr_cmd' [c:/Users/caos1/Desktop/Tesis/Vivado/VQFTAXIBUS/VQFTAXIBUS.srcs/sources_1/bd/design_1/ipshared/df1b/hdl/axi_protocol_converter_v2_1_vl_rfs.v:3093]
INFO: [Synth 8-256] done synthesizing module 'axi_protocol_converter_v2_1_11_b2s_incr_cmd' (1#1) [c:/Users/caos1/Desktop/Tesis/Vivado/VQFTAXIBUS/VQFTAXIBUS.srcs/sources_1/bd/design_1/ipshared/df1b/hdl/axi_protocol_converter_v2_1_vl_rfs.v:3093]
INFO: [Synth 8-638] synthesizing module 'axi_protocol_converter_v2_1_11_b2s_wrap_cmd' [c:/Users/caos1/Desktop/Tesis/Vivado/VQFTAXIBUS/VQFTAXIBUS.srcs/sources_1/bd/design_1/ipshared/df1b/hdl/axi_protocol_converter_v2_1_vl_rfs.v:2903]
INFO: [Synth 8-256] done synthesizing module 'axi_protocol_converter_v2_1_11_b2s_wrap_cmd' (2#1) [c:/Users/caos1/Desktop/Tesis/Vivado/VQFTAXIBUS/VQFTAXIBUS.srcs/sources_1/bd/design_1/ipshared/df1b/hdl/axi_protocol_converter_v2_1_vl_rfs.v:2903]
INFO: [Synth 8-256] done synthesizing module 'axi_protocol_converter_v2_1_11_b2s_cmd_translator' (3#1) [c:/Users/caos1/Desktop/Tesis/Vivado/VQFTAXIBUS/VQFTAXIBUS.srcs/sources_1/bd/design_1/ipshared/df1b/hdl/axi_protocol_converter_v2_1_vl_rfs.v:3467]
INFO: [Synth 8-638] synthesizing module 'axi_protocol_converter_v2_1_11_b2s_wr_cmd_fsm' [c:/Users/caos1/Desktop/Tesis/Vivado/VQFTAXIBUS/VQFTAXIBUS.srcs/sources_1/bd/design_1/ipshared/df1b/hdl/axi_protocol_converter_v2_1_vl_rfs.v:3225]
INFO: [Synth 8-256] done synthesizing module 'axi_protocol_converter_v2_1_11_b2s_wr_cmd_fsm' (4#1) [c:/Users/caos1/Desktop/Tesis/Vivado/VQFTAXIBUS/VQFTAXIBUS.srcs/sources_1/bd/design_1/ipshared/df1b/hdl/axi_protocol_converter_v2_1_vl_rfs.v:3225]
INFO: [Synth 8-256] done synthesizing module 'axi_protocol_converter_v2_1_11_b2s_aw_channel' (5#1) [c:/Users/caos1/Desktop/Tesis/Vivado/VQFTAXIBUS/VQFTAXIBUS.srcs/sources_1/bd/design_1/ipshared/df1b/hdl/axi_protocol_converter_v2_1_vl_rfs.v:3969]
INFO: [Synth 8-638] synthesizing module 'axi_protocol_converter_v2_1_11_b2s_b_channel' [c:/Users/caos1/Desktop/Tesis/Vivado/VQFTAXIBUS/VQFTAXIBUS.srcs/sources_1/bd/design_1/ipshared/df1b/hdl/axi_protocol_converter_v2_1_vl_rfs.v:3609]
INFO: [Synth 8-638] synthesizing module 'axi_protocol_converter_v2_1_11_b2s_simple_fifo' [c:/Users/caos1/Desktop/Tesis/Vivado/VQFTAXIBUS/VQFTAXIBUS.srcs/sources_1/bd/design_1/ipshared/df1b/hdl/axi_protocol_converter_v2_1_vl_rfs.v:2816]
INFO: [Synth 8-256] done synthesizing module 'axi_protocol_converter_v2_1_11_b2s_simple_fifo' (6#1) [c:/Users/caos1/Desktop/Tesis/Vivado/VQFTAXIBUS/VQFTAXIBUS.srcs/sources_1/bd/design_1/ipshared/df1b/hdl/axi_protocol_converter_v2_1_vl_rfs.v:2816]
INFO: [Synth 8-638] synthesizing module 'axi_protocol_converter_v2_1_11_b2s_simple_fifo__parameterized0' [c:/Users/caos1/Desktop/Tesis/Vivado/VQFTAXIBUS/VQFTAXIBUS.srcs/sources_1/bd/design_1/ipshared/df1b/hdl/axi_protocol_converter_v2_1_vl_rfs.v:2816]
INFO: [Synth 8-256] done synthesizing module 'axi_protocol_converter_v2_1_11_b2s_simple_fifo__parameterized0' (6#1) [c:/Users/caos1/Desktop/Tesis/Vivado/VQFTAXIBUS/VQFTAXIBUS.srcs/sources_1/bd/design_1/ipshared/df1b/hdl/axi_protocol_converter_v2_1_vl_rfs.v:2816]
INFO: [Synth 8-256] done synthesizing module 'axi_protocol_converter_v2_1_11_b2s_b_channel' (7#1) [c:/Users/caos1/Desktop/Tesis/Vivado/VQFTAXIBUS/VQFTAXIBUS.srcs/sources_1/bd/design_1/ipshared/df1b/hdl/axi_protocol_converter_v2_1_vl_rfs.v:3609]
INFO: [Synth 8-638] synthesizing module 'axi_protocol_converter_v2_1_11_b2s_ar_channel' [c:/Users/caos1/Desktop/Tesis/Vivado/VQFTAXIBUS/VQFTAXIBUS.srcs/sources_1/bd/design_1/ipshared/df1b/hdl/axi_protocol_converter_v2_1_vl_rfs.v:4080]
INFO: [Synth 8-638] synthesizing module 'axi_protocol_converter_v2_1_11_b2s_rd_cmd_fsm' [c:/Users/caos1/Desktop/Tesis/Vivado/VQFTAXIBUS/VQFTAXIBUS.srcs/sources_1/bd/design_1/ipshared/df1b/hdl/axi_protocol_converter_v2_1_vl_rfs.v:3336]
INFO: [Synth 8-256] done synthesizing module 'axi_protocol_converter_v2_1_11_b2s_rd_cmd_fsm' (8#1) [c:/Users/caos1/Desktop/Tesis/Vivado/VQFTAXIBUS/VQFTAXIBUS.srcs/sources_1/bd/design_1/ipshared/df1b/hdl/axi_protocol_converter_v2_1_vl_rfs.v:3336]
INFO: [Synth 8-256] done synthesizing module 'axi_protocol_converter_v2_1_11_b2s_ar_channel' (9#1) [c:/Users/caos1/Desktop/Tesis/Vivado/VQFTAXIBUS/VQFTAXIBUS.srcs/sources_1/bd/design_1/ipshared/df1b/hdl/axi_protocol_converter_v2_1_vl_rfs.v:4080]
INFO: [Synth 8-638] synthesizing module 'axi_protocol_converter_v2_1_11_b2s_r_channel' [c:/Users/caos1/Desktop/Tesis/Vivado/VQFTAXIBUS/VQFTAXIBUS.srcs/sources_1/bd/design_1/ipshared/df1b/hdl/axi_protocol_converter_v2_1_vl_rfs.v:3809]
INFO: [Synth 8-638] synthesizing module 'axi_protocol_converter_v2_1_11_b2s_simple_fifo__parameterized1' [c:/Users/caos1/Desktop/Tesis/Vivado/VQFTAXIBUS/VQFTAXIBUS.srcs/sources_1/bd/design_1/ipshared/df1b/hdl/axi_protocol_converter_v2_1_vl_rfs.v:2816]
INFO: [Synth 8-256] done synthesizing module 'axi_protocol_converter_v2_1_11_b2s_simple_fifo__parameterized1' (9#1) [c:/Users/caos1/Desktop/Tesis/Vivado/VQFTAXIBUS/VQFTAXIBUS.srcs/sources_1/bd/design_1/ipshared/df1b/hdl/axi_protocol_converter_v2_1_vl_rfs.v:2816]
INFO: [Synth 8-638] synthesizing module 'axi_protocol_converter_v2_1_11_b2s_simple_fifo__parameterized2' [c:/Users/caos1/Desktop/Tesis/Vivado/VQFTAXIBUS/VQFTAXIBUS.srcs/sources_1/bd/design_1/ipshared/df1b/hdl/axi_protocol_converter_v2_1_vl_rfs.v:2816]
INFO: [Synth 8-256] done synthesizing module 'axi_protocol_converter_v2_1_11_b2s_simple_fifo__parameterized2' (9#1) [c:/Users/caos1/Desktop/Tesis/Vivado/VQFTAXIBUS/VQFTAXIBUS.srcs/sources_1/bd/design_1/ipshared/df1b/hdl/axi_protocol_converter_v2_1_vl_rfs.v:2816]
INFO: [Synth 8-256] done synthesizing module 'axi_protocol_converter_v2_1_11_b2s_r_channel' (10#1) [c:/Users/caos1/Desktop/Tesis/Vivado/VQFTAXIBUS/VQFTAXIBUS.srcs/sources_1/bd/design_1/ipshared/df1b/hdl/axi_protocol_converter_v2_1_vl_rfs.v:3809]
INFO: [Synth 8-638] synthesizing module 'axi_register_slice_v2_1_11_axi_register_slice' [c:/Users/caos1/Desktop/Tesis/Vivado/VQFTAXIBUS/VQFTAXIBUS.srcs/sources_1/bd/design_1/ipshared/0b6b/hdl/axi_register_slice_v2_1_vl_rfs.v:791]
INFO: [Synth 8-638] synthesizing module 'axi_infrastructure_v1_1_0_axi2vector' [c:/Users/caos1/Desktop/Tesis/Vivado/VQFTAXIBUS/VQFTAXIBUS.srcs/sources_1/bd/design_1/ipshared/7e3a/hdl/axi_infrastructure_v1_1_vl_rfs.v:60]
INFO: [Synth 8-256] done synthesizing module 'axi_infrastructure_v1_1_0_axi2vector' (11#1) [c:/Users/caos1/Desktop/Tesis/Vivado/VQFTAXIBUS/VQFTAXIBUS.srcs/sources_1/bd/design_1/ipshared/7e3a/hdl/axi_infrastructure_v1_1_vl_rfs.v:60]
INFO: [Synth 8-638] synthesizing module 'axi_register_slice_v2_1_11_axic_register_slice' [c:/Users/caos1/Desktop/Tesis/Vivado/VQFTAXIBUS/VQFTAXIBUS.srcs/sources_1/bd/design_1/ipshared/0b6b/hdl/axi_register_slice_v2_1_vl_rfs.v:85]
INFO: [Synth 8-256] done synthesizing module 'axi_register_slice_v2_1_11_axic_register_slice' (12#1) [c:/Users/caos1/Desktop/Tesis/Vivado/VQFTAXIBUS/VQFTAXIBUS.srcs/sources_1/bd/design_1/ipshared/0b6b/hdl/axi_register_slice_v2_1_vl_rfs.v:85]
INFO: [Synth 8-638] synthesizing module 'axi_register_slice_v2_1_11_axic_register_slice__parameterized0' [c:/Users/caos1/Desktop/Tesis/Vivado/VQFTAXIBUS/VQFTAXIBUS.srcs/sources_1/bd/design_1/ipshared/0b6b/hdl/axi_register_slice_v2_1_vl_rfs.v:85]
INFO: [Synth 8-256] done synthesizing module 'axi_register_slice_v2_1_11_axic_register_slice__parameterized0' (12#1) [c:/Users/caos1/Desktop/Tesis/Vivado/VQFTAXIBUS/VQFTAXIBUS.srcs/sources_1/bd/design_1/ipshared/0b6b/hdl/axi_register_slice_v2_1_vl_rfs.v:85]
INFO: [Synth 8-638] synthesizing module 'axi_register_slice_v2_1_11_axic_register_slice__parameterized1' [c:/Users/caos1/Desktop/Tesis/Vivado/VQFTAXIBUS/VQFTAXIBUS.srcs/sources_1/bd/design_1/ipshared/0b6b/hdl/axi_register_slice_v2_1_vl_rfs.v:85]
INFO: [Synth 8-256] done synthesizing module 'axi_register_slice_v2_1_11_axic_register_slice__parameterized1' (12#1) [c:/Users/caos1/Desktop/Tesis/Vivado/VQFTAXIBUS/VQFTAXIBUS.srcs/sources_1/bd/design_1/ipshared/0b6b/hdl/axi_register_slice_v2_1_vl_rfs.v:85]
INFO: [Synth 8-638] synthesizing module 'axi_register_slice_v2_1_11_axic_register_slice__parameterized2' [c:/Users/caos1/Desktop/Tesis/Vivado/VQFTAXIBUS/VQFTAXIBUS.srcs/sources_1/bd/design_1/ipshared/0b6b/hdl/axi_register_slice_v2_1_vl_rfs.v:85]
INFO: [Synth 8-256] done synthesizing module 'axi_register_slice_v2_1_11_axic_register_slice__parameterized2' (12#1) [c:/Users/caos1/Desktop/Tesis/Vivado/VQFTAXIBUS/VQFTAXIBUS.srcs/sources_1/bd/design_1/ipshared/0b6b/hdl/axi_register_slice_v2_1_vl_rfs.v:85]
INFO: [Synth 8-638] synthesizing module 'axi_infrastructure_v1_1_0_vector2axi' [c:/Users/caos1/Desktop/Tesis/Vivado/VQFTAXIBUS/VQFTAXIBUS.srcs/sources_1/bd/design_1/ipshared/7e3a/hdl/axi_infrastructure_v1_1_vl_rfs.v:474]
INFO: [Synth 8-256] done synthesizing module 'axi_infrastructure_v1_1_0_vector2axi' (13#1) [c:/Users/caos1/Desktop/Tesis/Vivado/VQFTAXIBUS/VQFTAXIBUS.srcs/sources_1/bd/design_1/ipshared/7e3a/hdl/axi_infrastructure_v1_1_vl_rfs.v:474]
INFO: [Synth 8-256] done synthesizing module 'axi_register_slice_v2_1_11_axi_register_slice' (14#1) [c:/Users/caos1/Desktop/Tesis/Vivado/VQFTAXIBUS/VQFTAXIBUS.srcs/sources_1/bd/design_1/ipshared/0b6b/hdl/axi_register_slice_v2_1_vl_rfs.v:791]
INFO: [Synth 8-638] synthesizing module 'axi_register_slice_v2_1_11_axi_register_slice__parameterized0' [c:/Users/caos1/Desktop/Tesis/Vivado/VQFTAXIBUS/VQFTAXIBUS.srcs/sources_1/bd/design_1/ipshared/0b6b/hdl/axi_register_slice_v2_1_vl_rfs.v:791]
INFO: [Synth 8-638] synthesizing module 'axi_infrastructure_v1_1_0_axi2vector__parameterized0' [c:/Users/caos1/Desktop/Tesis/Vivado/VQFTAXIBUS/VQFTAXIBUS.srcs/sources_1/bd/design_1/ipshared/7e3a/hdl/axi_infrastructure_v1_1_vl_rfs.v:60]
INFO: [Synth 8-256] done synthesizing module 'axi_infrastructure_v1_1_0_axi2vector__parameterized0' (14#1) [c:/Users/caos1/Desktop/Tesis/Vivado/VQFTAXIBUS/VQFTAXIBUS.srcs/sources_1/bd/design_1/ipshared/7e3a/hdl/axi_infrastructure_v1_1_vl_rfs.v:60]
INFO: [Synth 8-638] synthesizing module 'axi_register_slice_v2_1_11_axic_register_slice__parameterized3' [c:/Users/caos1/Desktop/Tesis/Vivado/VQFTAXIBUS/VQFTAXIBUS.srcs/sources_1/bd/design_1/ipshared/0b6b/hdl/axi_register_slice_v2_1_vl_rfs.v:85]
INFO: [Synth 8-256] done synthesizing module 'axi_register_slice_v2_1_11_axic_register_slice__parameterized3' (14#1) [c:/Users/caos1/Desktop/Tesis/Vivado/VQFTAXIBUS/VQFTAXIBUS.srcs/sources_1/bd/design_1/ipshared/0b6b/hdl/axi_register_slice_v2_1_vl_rfs.v:85]
INFO: [Synth 8-638] synthesizing module 'axi_register_slice_v2_1_11_axic_register_slice__parameterized4' [c:/Users/caos1/Desktop/Tesis/Vivado/VQFTAXIBUS/VQFTAXIBUS.srcs/sources_1/bd/design_1/ipshared/0b6b/hdl/axi_register_slice_v2_1_vl_rfs.v:85]
INFO: [Synth 8-256] done synthesizing module 'axi_register_slice_v2_1_11_axic_register_slice__parameterized4' (14#1) [c:/Users/caos1/Desktop/Tesis/Vivado/VQFTAXIBUS/VQFTAXIBUS.srcs/sources_1/bd/design_1/ipshared/0b6b/hdl/axi_register_slice_v2_1_vl_rfs.v:85]
INFO: [Synth 8-638] synthesizing module 'axi_register_slice_v2_1_11_axic_register_slice__parameterized5' [c:/Users/caos1/Desktop/Tesis/Vivado/VQFTAXIBUS/VQFTAXIBUS.srcs/sources_1/bd/design_1/ipshared/0b6b/hdl/axi_register_slice_v2_1_vl_rfs.v:85]
INFO: [Synth 8-256] done synthesizing module 'axi_register_slice_v2_1_11_axic_register_slice__parameterized5' (14#1) [c:/Users/caos1/Desktop/Tesis/Vivado/VQFTAXIBUS/VQFTAXIBUS.srcs/sources_1/bd/design_1/ipshared/0b6b/hdl/axi_register_slice_v2_1_vl_rfs.v:85]
INFO: [Synth 8-638] synthesizing module 'axi_register_slice_v2_1_11_axic_register_slice__parameterized6' [c:/Users/caos1/Desktop/Tesis/Vivado/VQFTAXIBUS/VQFTAXIBUS.srcs/sources_1/bd/design_1/ipshared/0b6b/hdl/axi_register_slice_v2_1_vl_rfs.v:85]
INFO: [Synth 8-256] done synthesizing module 'axi_register_slice_v2_1_11_axic_register_slice__parameterized6' (14#1) [c:/Users/caos1/Desktop/Tesis/Vivado/VQFTAXIBUS/VQFTAXIBUS.srcs/sources_1/bd/design_1/ipshared/0b6b/hdl/axi_register_slice_v2_1_vl_rfs.v:85]
INFO: [Synth 8-638] synthesizing module 'axi_register_slice_v2_1_11_axic_register_slice__parameterized7' [c:/Users/caos1/Desktop/Tesis/Vivado/VQFTAXIBUS/VQFTAXIBUS.srcs/sources_1/bd/design_1/ipshared/0b6b/hdl/axi_register_slice_v2_1_vl_rfs.v:85]
INFO: [Synth 8-256] done synthesizing module 'axi_register_slice_v2_1_11_axic_register_slice__parameterized7' (14#1) [c:/Users/caos1/Desktop/Tesis/Vivado/VQFTAXIBUS/VQFTAXIBUS.srcs/sources_1/bd/design_1/ipshared/0b6b/hdl/axi_register_slice_v2_1_vl_rfs.v:85]
INFO: [Synth 8-638] synthesizing module 'axi_infrastructure_v1_1_0_vector2axi__parameterized0' [c:/Users/caos1/Desktop/Tesis/Vivado/VQFTAXIBUS/VQFTAXIBUS.srcs/sources_1/bd/design_1/ipshared/7e3a/hdl/axi_infrastructure_v1_1_vl_rfs.v:474]
INFO: [Synth 8-256] done synthesizing module 'axi_infrastructure_v1_1_0_vector2axi__parameterized0' (14#1) [c:/Users/caos1/Desktop/Tesis/Vivado/VQFTAXIBUS/VQFTAXIBUS.srcs/sources_1/bd/design_1/ipshared/7e3a/hdl/axi_infrastructure_v1_1_vl_rfs.v:474]
INFO: [Synth 8-256] done synthesizing module 'axi_register_slice_v2_1_11_axi_register_slice__parameterized0' (14#1) [c:/Users/caos1/Desktop/Tesis/Vivado/VQFTAXIBUS/VQFTAXIBUS.srcs/sources_1/bd/design_1/ipshared/0b6b/hdl/axi_register_slice_v2_1_vl_rfs.v:791]
INFO: [Synth 8-256] done synthesizing module 'axi_protocol_converter_v2_1_11_b2s' (15#1) [c:/Users/caos1/Desktop/Tesis/Vivado/VQFTAXIBUS/VQFTAXIBUS.srcs/sources_1/bd/design_1/ipshared/df1b/hdl/axi_protocol_converter_v2_1_vl_rfs.v:4224]
INFO: [Synth 8-256] done synthesizing module 'axi_protocol_converter_v2_1_11_axi_protocol_converter' (16#1) [c:/Users/caos1/Desktop/Tesis/Vivado/VQFTAXIBUS/VQFTAXIBUS.srcs/sources_1/bd/design_1/ipshared/df1b/hdl/axi_protocol_converter_v2_1_vl_rfs.v:4806]
INFO: [Synth 8-256] done synthesizing module 'design_1_auto_pc_0' (17#1) [c:/Users/caos1/Desktop/Tesis/Vivado/VQFTAXIBUS/VQFTAXIBUS.srcs/sources_1/bd/design_1/ip/design_1_auto_pc_0/synth/design_1_auto_pc_0.v:58]
Finished RTL Elaboration : Time (s): cpu = 00:01:12 ; elapsed = 00:01:15 . Memory (MB): peak = 462.059 ; gain = 253.172
Finished RTL Optimization Phase 1 : Time (s): cpu = 00:01:13 ; elapsed = 00:01:16 . Memory (MB): peak = 462.059 ; gain = 253.172
INFO: [Device 21-403] Loading part xc7z020clg484-1
Constraint Validation Runtime : Time (s): cpu = 00:00:00 ; elapsed = 00:00:00.437 . Memory (MB): peak = 711.574 ; gain = 0.227
Finished Constraint Validation : Time (s): cpu = 00:01:32 ; elapsed = 00:01:37 . Memory (MB): peak = 711.574 ; gain = 502.688
Finished Loading Part and Timing Information : Time (s): cpu = 00:01:32 ; elapsed = 00:01:37 . Memory (MB): peak = 711.574 ; gain = 502.688
Finished applying 'set_property' XDC Constraints : Time (s): cpu = 00:01:32 ; elapsed = 00:01:37 . Memory (MB): peak = 711.574 ; gain = 502.688
Finished RTL Optimization Phase 2 : Time (s): cpu = 00:01:33 ; elapsed = 00:01:38 . Memory (MB): peak = 711.574 ; gain = 502.688
Finished Cross Boundary and Area Optimization : Time (s): cpu = 00:01:37 ; elapsed = 00:01:42 . Memory (MB): peak = 711.574 ; gain = 502.688
Finished Applying XDC Timing Constraints : Time (s): cpu = 00:01:57 ; elapsed = 00:02:02 . Memory (MB): peak = 711.574 ; gain = 502.688
Finished Timing Optimization : Time (s): cpu = 00:02:01 ; elapsed = 00:02:06 . Memory (MB): peak = 714.848 ; gain = 505.961
Finished Technology Mapping : Time (s): cpu = 00:02:02 ; elapsed = 00:02:07 . Memory (MB): peak = 720.336 ; gain = 511.449
Finished IO Insertion : Time (s): cpu = 00:02:03 ; elapsed = 00:02:08 . Memory (MB): peak = 720.336 ; gain = 511.449
Finished Renaming Generated Instances : Time (s): cpu = 00:02:03 ; elapsed = 00:02:08 . Memory (MB): peak = 720.336 ; gain = 511.449
Finished Rebuilding User Hierarchy : Time (s): cpu = 00:02:03 ; elapsed = 00:02:08 . Memory (MB): peak = 720.336 ; gain = 511.449
Finished Renaming Generated Ports : Time (s): cpu = 00:02:03 ; elapsed = 00:02:08 . Memory (MB): peak = 720.336 ; gain = 511.449
Finished Handling Custom Attributes : Time (s): cpu = 00:02:03 ; elapsed = 00:02:08 . Memory (MB): peak = 720.336 ; gain = 511.449
Finished Renaming Generated Nets : Time (s): cpu = 00:02:03 ; elapsed = 00:02:08 . Memory (MB): peak = 720.336 ; gain = 511.449

Report Cell Usage: 
+------+--------+------+
|      |Cell    |Count |
+------+--------+------+
|1     |CARRY4  |    18|
|2     |LUT1    |    38|
|3     |LUT2    |    22|
|4     |LUT3    |   241|
|5     |LUT4    |    38|
|6     |LUT5    |    68|
|7     |LUT6    |   117|
|8     |SRL16E  |    22|
|9     |SRLC32E |    47|
|10    |FDRE    |   570|
|11    |FDSE    |    52|
+------+--------+------+
Finished Writing Synthesis Report : Time (s): cpu = 00:02:03 ; elapsed = 00:02:08 . Memory (MB): peak = 720.336 ; gain = 511.449
synth_design: Time (s): cpu = 00:01:59 ; elapsed = 00:02:02 . Memory (MB): peak = 728.801 ; gain = 467.316
