INFO: [SIM 2] *************** CSIM start ***************
INFO: [SIM 4] CSIM will launch GCC as the compiler.
   Compiling ../../../data_HNN_SPP.cpp in debug mode
   Generating csim.exe

C_xi = 
[0.000000, 0.910000, 0.360000, 0.000000, 0.000000, 0.000000, 1.200000, 0.000000, ]
[0.910000, 0.000000, 0.000000, 0.375000, 0.000000, 0.000000, 0.000000, 1.020000, ]
[0.360000, 0.000000, 0.000000, 0.470000, 0.640000, 0.000000, 0.000000, 0.000000, ]
[0.000000, 0.375000, 0.470000, 0.000000, 0.000000, 0.500000, 0.000000, 0.000000, ]
[0.000000, 0.000000, 0.640000, 0.000000, 0.000000, 0.560000, 0.425000, 0.000000, ]
[0.000000, 0.000000, 0.000000, 0.500000, 0.560000, 0.000000, 0.000000, 0.400000, ]
[1.200000, 0.000000, 0.000000, 0.000000, 0.425000, 0.000000, 0.000000, 1.100000, ]
[0.000000, 1.020000, 0.000000, 0.000000, 0.000000, 0.400000, 1.100000, 0.000000, ]

Iteración 0: Energía = 27507.875000. 
Iteración 1: Energía = 1125010.000000. 
Iteración 2: Energía = 12378078.000000. 
Iteración 3: Energía = 34878068.000000. 
Iteración 4: Energía = 50631280.000000. 
Iteración 5: Energía = 40503352.000000. 
Iteración 6: Energía = 29253262.000000. 
Iteración 7: Energía = 25876772.000000. 
Iteración 8: Energía = 22502204.000000. 
Iteración 9: Energía = 17009560.000000. 
Iteración 10: Energía = 12789524.000000. 
Iteración 11: Energía = 6750651.000000. 
Iteración 12: Energía = 2250781.500000. 
Iteración 13: Energía = 2250223.250000. 
Iteración 14: Energía = 2250781.500000. 
Iteración 15: Energía = 2195989.000000. 
Iteración 16: Energía = 2236548.250000. 
Iteración 17: Energía = 1125000.500000. 
Iteración 18: Energía = 1125000.000000. 
Iteración 19: Energía = 2095534.125000. 
Iteración 20: Energía = 2250223.250000. 
Iteración 21: Energía = 12005.299805. 
Iteración 22: Energía = 432.250000. 
Iteración 23: Energía = 432.250000. 
V = 
[0.000000, 1.000000, 0.000000, 0.000000, 0.000000, 0.000000, 0.000000, 0.000000, ]
[1.000000, 0.000000, 0.000000, 0.000000, 0.000000, 0.000000, 0.000000, 0.000000, ]
[0.000000, 0.000000, 0.000000, 0.000000, 0.000000, 0.000000, 0.000000, 0.000000, ]
[0.000000, 0.000000, 0.000000, 0.000000, 0.000000, 0.000000, 0.000000, 0.000000, ]
[0.000000, 0.000000, 0.000000, 0.000000, 0.000000, 0.000000, 0.000000, 0.000000, ]
[0.000000, 0.000000, 0.000000, 0.000000, 0.000000, 0.000000, 0.000000, 0.000000, ]
[0.000000, 0.000000, 0.000000, 0.000000, 0.000000, 0.000000, 0.000000, 0.000000, ]
[0.000000, 0.000000, 0.000000, 0.000000, 0.000000, 0.000000, 0.000000, 0.000000, ]
INFO: [SIM 1] CSim done with 0 errors.
INFO: [SIM 3] *************** CSIM finish ***************
