#-----------------------------------------------------------
# Vivado v2019.2 (64-bit)
# SW Build 2708876 on Wed Nov  6 21:40:23 MST 2019
# IP Build 2700528 on Thu Nov  7 00:09:20 MST 2019
# Start of session at: Wed Jul 14 12:33:30 2021
# Process ID: 3112
# Current directory: C:/Users/aguss/Desktop/Github/FPGA/paper_routing/hopfield_vitis/hopfield_vitis/solution1/.autopilot/db/ip_tmp
# Command line: vivado.exe  -notrace -mode batch -source run_vivado_gen_ip.tcl
# Log file: C:/Users/aguss/Desktop/Github/FPGA/paper_routing/hopfield_vitis/hopfield_vitis/solution1/.autopilot/db/ip_tmp/vivado.log
# Journal file: C:/Users/aguss/Desktop/Github/FPGA/paper_routing/hopfield_vitis/hopfield_vitis/solution1/.autopilot/db/ip_tmp\vivado.jou
#-----------------------------------------------------------
source run_vivado_gen_ip.tcl -notrace
INFO: [ProjectBase 1-489] The host OS only allows 260 characters in a normal path. The project is stored in a path with more than 80 characters. If you experience issues with IP, Block Designs, or files not being found, please consider moving the project to a location with a shorter path. Alternately consider using the OS subst command to map part of the path to a drive letter.
Current project path is 'C:/Users/aguss/Desktop/Github/FPGA/paper_routing/hopfield_vitis/hopfield_vitis/solution1/.autopilot/db/ip_tmp'
create_project: Time (s): cpu = 00:00:04 ; elapsed = 00:00:08 . Memory (MB): peak = 388.457 ; gain = 76.809
INFO: [IP_Flow 19-234] Refreshing IP repositories
INFO: [IP_Flow 19-1704] No user IP repositories specified
INFO: [IP_Flow 19-2313] Loaded Vivado IP repository 'C:/Xilinx/Vivado/2019.2/data/ip'.
WARNING: [IP_Flow 19-4832] The IP name 'hopfield_vitis_ap_fadd_3_full_dsp_32' you have specified is long. The Windows operating system has path length limitations. It is recommended you use shorter names to reduce the likelihood of issues.
create_ip: Time (s): cpu = 00:00:07 ; elapsed = 00:00:08 . Memory (MB): peak = 431.508 ; gain = 43.051
INFO: [IP_Flow 19-1686] Generating 'Synthesis' target for IP 'hopfield_vitis_ap_fadd_3_full_dsp_32'...
INFO: [IP_Flow 19-1686] Generating 'Simulation' target for IP 'hopfield_vitis_ap_fadd_3_full_dsp_32'...
WARNING: [IP_Flow 19-4832] The IP name 'hopfield_vitis_ap_fdiv_14_no_dsp_32' you have specified is long. The Windows operating system has path length limitations. It is recommended you use shorter names to reduce the likelihood of issues.
create_ip: Time (s): cpu = 00:00:06 ; elapsed = 00:00:06 . Memory (MB): peak = 439.781 ; gain = 0.973
INFO: [IP_Flow 19-1686] Generating 'Synthesis' target for IP 'hopfield_vitis_ap_fdiv_14_no_dsp_32'...
INFO: [IP_Flow 19-1686] Generating 'Simulation' target for IP 'hopfield_vitis_ap_fdiv_14_no_dsp_32'...
WARNING: [IP_Flow 19-4832] The IP name 'hopfield_vitis_ap_fexp_7_full_dsp_32' you have specified is long. The Windows operating system has path length limitations. It is recommended you use shorter names to reduce the likelihood of issues.
create_ip: Time (s): cpu = 00:00:05 ; elapsed = 00:00:06 . Memory (MB): peak = 444.773 ; gain = 4.992
INFO: [IP_Flow 19-1686] Generating 'Synthesis' target for IP 'hopfield_vitis_ap_fexp_7_full_dsp_32'...
INFO: [IP_Flow 19-1686] Generating 'Simulation' target for IP 'hopfield_vitis_ap_fexp_7_full_dsp_32'...
WARNING: [IP_Flow 19-4832] The IP name 'hopfield_vitis_ap_fmul_2_max_dsp_32' you have specified is long. The Windows operating system has path length limitations. It is recommended you use shorter names to reduce the likelihood of issues.
create_ip: Time (s): cpu = 00:00:06 ; elapsed = 00:00:06 . Memory (MB): peak = 449.789 ; gain = 5.016
INFO: [IP_Flow 19-1686] Generating 'Synthesis' target for IP 'hopfield_vitis_ap_fmul_2_max_dsp_32'...
INFO: [IP_Flow 19-1686] Generating 'Simulation' target for IP 'hopfield_vitis_ap_fmul_2_max_dsp_32'...
INFO: [Common 17-206] Exiting Vivado at Wed Jul 14 12:34:17 2021...
