INFO: [SIM 2] *************** CSIM start ***************
INFO: [SIM 4] CSIM will launch GCC as the compiler.
   Compiling(apcc) ../../../../../../../../Desktop/hnn_fpga/codegen/lib/hnn_fpga/main.c in debug mode
INFO: [HLS 200-10] Running 'C:/Xilinx/Vivado/2019.2/bin/unwrapped/win64.o/apcc.exe'
INFO: [HLS 200-10] For user 'aguss' on host 'desktop-ucl1psp' (Windows NT_amd64 version 6.2) on Wed Jul 21 19:43:01 -0300 2021
INFO: [HLS 200-10] In directory 'C:/Users/aguss/AppData/Roaming/Xilinx/Vivado/hnn_fpga/solution1/csim/build'
INFO: [APCC 202-3] Tmp directory is apcc_db
INFO: [APCC 202-1] APCC is done.
   Compiling(apcc) ../../../../../../../../Desktop/hnn_fpga/codegen/lib/hnn_fpga/hnn_fpga.c in debug mode
INFO: [HLS 200-10] Running 'C:/Xilinx/Vivado/2019.2/bin/unwrapped/win64.o/apcc.exe'
INFO: [HLS 200-10] For user 'aguss' on host 'desktop-ucl1psp' (Windows NT_amd64 version 6.2) on Wed Jul 21 19:43:14 -0300 2021
INFO: [HLS 200-10] In directory 'C:/Users/aguss/AppData/Roaming/Xilinx/Vivado/hnn_fpga/solution1/csim/build'
INFO: [APCC 202-3] Tmp directory is apcc_db
INFO: [APCC 202-1] APCC is done.
   Compiling(apcc) ../../../../../../../../Desktop/hnn_fpga/codegen/lib/hnn_fpga/hnn_fpga_initialize.c in debug mode
INFO: [HLS 200-10] Running 'C:/Xilinx/Vivado/2019.2/bin/unwrapped/win64.o/apcc.exe'
INFO: [HLS 200-10] For user 'aguss' on host 'desktop-ucl1psp' (Windows NT_amd64 version 6.2) on Wed Jul 21 19:43:26 -0300 2021
INFO: [HLS 200-10] In directory 'C:/Users/aguss/AppData/Roaming/Xilinx/Vivado/hnn_fpga/solution1/csim/build'
INFO: [APCC 202-3] Tmp directory is apcc_db
INFO: [APCC 202-1] APCC is done.
   Compiling(apcc) ../../../../../../../../Desktop/hnn_fpga/codegen/lib/hnn_fpga/hnn_fpga_terminate.c in debug mode
INFO: [HLS 200-10] Running 'C:/Xilinx/Vivado/2019.2/bin/unwrapped/win64.o/apcc.exe'
INFO: [HLS 200-10] For user 'aguss' on host 'desktop-ucl1psp' (Windows NT_amd64 version 6.2) on Wed Jul 21 19:43:39 -0300 2021
INFO: [HLS 200-10] In directory 'C:/Users/aguss/AppData/Roaming/Xilinx/Vivado/hnn_fpga/solution1/csim/build'
INFO: [APCC 202-3] Tmp directory is apcc_db
INFO: [APCC 202-1] APCC is done.
   Generating csim.exe

C_xi = 
[0.000000, 0.910000, 0.360000, 0.000000, 0.000000, 0.000000, 1.200000, 0.000000, ]
[0.910000, 0.000000, 0.000000, 0.375000, 0.000000, 0.000000, 0.000000, 1.020000, ]
[0.360000, 0.000000, 0.000000, 0.470000, 0.640000, 0.000000, 0.000000, 0.000000, ]
[0.000000, 0.375000, 0.470000, 0.000000, 0.000000, 0.500000, 0.000000, 0.000000, ]
[0.000000, 0.000000, 0.640000, 0.000000, 0.000000, 0.560000, 0.425000, 0.000000, ]
[0.000000, 0.000000, 0.000000, 0.500000, 0.560000, 0.000000, 0.000000, 0.400000, ]
[1.200000, 0.000000, 0.000000, 0.000000, 0.425000, 0.000000, 0.000000, 1.100000, ]
[0.000000, 1.020000, 0.000000, 0.000000, 0.000000, 0.400000, 1.100000, 0.000000, ]

Iteracion 0: Energia = 27507.875000. 
Iteracion 1: Energia = 1125010.000000. 
Iteracion 2: Energia = 12378078.000000. 
Iteracion 3: Energia = 34878068.000000. 
Iteracion 4: Energia = 50631280.000000. 
Iteracion 5: Energia = 40503352.000000. 
Iteracion 6: Energia = 29253262.000000. 
Iteracion 7: Energia = 25876772.000000. 
Iteracion 8: Energia = 22502204.000000. 
Iteracion 9: Energia = 17009560.000000. 
Iteracion 10: Energia = 12789524.000000. 
Iteracion 11: Energia = 6750651.000000. 
Iteracion 12: Energia = 2250781.500000. 
Iteracion 13: Energia = 2250223.250000. 
Iteracion 14: Energia = 2250781.500000. 
Iteracion 15: Energia = 2195989.000000. 
Iteracion 16: Energia = 2236548.250000. 
Iteracion 17: Energia = 1125000.500000. 
Iteracion 18: Energia = 1125000.000000. 
Iteracion 19: Energia = 2095534.625000. 
Iteracion 20: Energia = 2250223.250000. 
Iteracion 21: Energia = 12005.297852. 
Iteracion 22: Energia = 432.250000. 
Iteracion 23: Energia = 432.250000. 
V = 
[0.000000, 1.000000, 0.000000, 0.000000, 0.000000, 0.000000, 0.000000, 0.000000, ]
[1.000000, 0.000000, 0.000000, 0.000000, 0.000000, 0.000000, 0.000000, 0.000000, ]
[0.000000, 0.000000, 0.000000, 0.000000, 0.000000, 0.000000, 0.000000, 0.000000, ]
[0.000000, 0.000000, 0.000000, 0.000000, 0.000000, 0.000000, 0.000000, 0.000000, ]
[0.000000, 0.000000, 0.000000, 0.000000, 0.000000, 0.000000, 0.000000, 0.000000, ]
[0.000000, 0.000000, 0.000000, 0.000000, 0.000000, 0.000000, 0.000000, 0.000000, ]
[0.000000, 0.000000, 0.000000, 0.000000, 0.000000, 0.000000, 0.000000, 0.000000, ]
[0.000000, 0.000000, 0.000000, 0.000000, 0.000000, 0.000000, 0.000000, 0.000000, ]
INFO: [SIM 1] CSim done with 0 errors.
INFO: [SIM 3] *************** CSIM finish ***************
