==============================================================
Vivado(TM) HLS - High-Level Synthesis from C, C++ and SystemC v2019.2 (64-bit)
Copyright 1986-2019 Xilinx, Inc. All Rights Reserved.
==============================================================
==============================================================
Vivado(TM) HLS - High-Level Synthesis from C, C++ and SystemC v2019.2 (64-bit)
Copyright 1986-2019 Xilinx, Inc. All Rights Reserved.
==============================================================
==============================================================
Vivado(TM) HLS - High-Level Synthesis from C, C++ and SystemC v2019.2 (64-bit)
Copyright 1986-2019 Xilinx, Inc. All Rights Reserved.
==============================================================
==============================================================
Vivado(TM) HLS - High-Level Synthesis from C, C++ and SystemC v2019.2 (64-bit)
Copyright 1986-2019 Xilinx, Inc. All Rights Reserved.
==============================================================
==============================================================
Vivado(TM) HLS - High-Level Synthesis from C, C++ and SystemC v2019.2 (64-bit)
Copyright 1986-2019 Xilinx, Inc. All Rights Reserved.
==============================================================
==============================================================
Vivado(TM) HLS - High-Level Synthesis from C, C++ and SystemC v2019.2 (64-bit)
Copyright 1986-2019 Xilinx, Inc. All Rights Reserved.
==============================================================
==============================================================
Vivado(TM) HLS - High-Level Synthesis from C, C++ and SystemC v2019.2 (64-bit)
Copyright 1986-2019 Xilinx, Inc. All Rights Reserved.
==============================================================
INFO: [SYN 201-201] Setting up clock 'default' with a period of 10ns.
INFO: [HLS 200-10] Setting target device to 'xc7z020-clg484-1'
INFO: [SYN 201-201] Setting up clock 'default' with a period of 10ns.
INFO: [SCHED 204-61] Option 'relax_ii_for_timing' is enabled, will increase II to preserve clock frequency constraints.
INFO: [HLS 200-10] Analyzing design file 'hopfield_routing/.apc/hopfield_routing.cpp' ... 
INFO: [HLS 200-111] Finished Linking Time (s): cpu = 00:01:35 ; elapsed = 00:01:39 . Memory (MB): peak = 930.543 ; gain = 523.035 ; free physical = 2047 ; free virtual = 8963
INFO: [HLS 200-111] Finished Checking Pragmas Time (s): cpu = 00:01:35 ; elapsed = 00:01:39 . Memory (MB): peak = 930.543 ; gain = 523.035 ; free physical = 2047 ; free virtual = 8963
INFO: [HLS 200-10] Starting code transformations ...
INFO: [HLS 200-111] Finished Standard Transforms Time (s): cpu = 00:01:41 ; elapsed = 00:01:46 . Memory (MB): peak = 1009.121 ; gain = 601.613 ; free physical = 1969 ; free virtual = 8827
INFO: [HLS 200-10] Checking synthesizability ...
INFO: [XFORM 203-602] Inlining function 'fp_struct<double>::expv' into 'range_redux_payne_hanek_hotbm<61, double, 63, 63>' (/wrk/2019.2/continuous/2019_11_06_2708876/src/products/hls/hls_lib/hlsmath/include/FloatingPoint/hls_range_redux.h:470) automatically.
INFO: [XFORM 203-602] Inlining function 'table_lookup_4oPi_hotbm<52, 61>' into 'range_redux_payne_hanek_hotbm<61, double, 63, 63>' (/wrk/2019.2/continuous/2019_11_06_2708876/src/products/hls/hls_lib/hlsmath/include/FloatingPoint/hls_range_redux.h:496) automatically.
INFO: [XFORM 203-602] Inlining function 'clz<61, 124, 0>' into 'range_redux_payne_hanek_hotbm<61, double, 63, 63>' (/wrk/2019.2/continuous/2019_11_06_2708876/src/products/hls/hls_lib/hlsmath/include/FloatingPoint/hls_range_redux.h:524) automatically.
INFO: [XFORM 203-602] Inlining function 'fp_struct<double>::data' into 'fp_struct<double>::to_double' (/wrk/2019.2/continuous/2019_11_06_2708876/src/products/hls/hls_lib/src/hls/utils/x_hls_utils.h:512) automatically.
INFO: [XFORM 203-602] Inlining function 'fp_struct<double>::to_double' into 'fp_struct<double>::to_ieee' (/wrk/2019.2/continuous/2019_11_06_2708876/src/products/hls/hls_lib/src/hls/utils/x_hls_utils.h:526) automatically.
INFO: [XFORM 203-602] Inlining function 'clz' into 'scaled_fixed2ieee<63, 1>' (/wrk/2019.2/continuous/2019_11_06_2708876/src/products/hls/hls_lib/src/hls/utils/x_hls_float_utils.h:435) automatically.
INFO: [XFORM 203-602] Inlining function 'fp_struct<double>::set_mantissa' into 'scaled_fixed2ieee<63, 1>' (/wrk/2019.2/continuous/2019_11_06_2708876/src/products/hls/hls_lib/src/hls/utils/x_hls_float_utils.h:463) automatically.
INFO: [XFORM 203-602] Inlining function 'fp_struct<double>::to_ieee' into 'scaled_fixed2ieee<63, 1>' (/wrk/2019.2/continuous/2019_11_06_2708876/src/products/hls/hls_lib/src/hls/utils/x_hls_float_utils.h:466) automatically.
INFO: [XFORM 203-602] Inlining function 'hotbm_::value_list<double>::sin_or_cos_approximation<63, 63>' into 'hotbm_::sin_or_cos<double>' (/wrk/2019.2/continuous/2019_11_06_2708876/src/products/hls/hls_lib/hlsmath/include/FloatingPoint/hls_hotbm.h:279) automatically.
INFO: [XFORM 203-602] Inlining function 'fp_struct<double>::to_ieee' into 'hotbm_::sin_or_cos<double>' (/wrk/2019.2/continuous/2019_11_06_2708876/src/products/hls/hls_lib/hlsmath/include/FloatingPoint/hls_hotbm.h:316) automatically.
INFO: [XFORM 203-602] Inlining function 'hotbm_::cos' into 'hls::hotbm::cos' (/wrk/2019.2/continuous/2019_11_06_2708876/src/products/hls/hls_lib/hlsmath/src/c++/sincoshotbmdouble.cpp:15) automatically.
INFO: [XFORM 203-602] Inlining function 'hls::hotbm::cos' into 'hls::cos' (/wrk/2019.2/continuous/2019_11_06_2708876/src/products/hls/hls_lib/hlsmath/src/c++/sincoshotbmdouble.cpp:29) automatically.
INFO: [XFORM 203-602] Inlining function 'sqrt_fixed<32>' into 'hls::sqrt' (/wrk/2019.2/continuous/2019_11_06_2708876/src/products/hls/hls_lib/hlsmath/src/c++/sqrtint32.cpp:9) automatically.
INFO: [XFORM 203-602] Inlining function 'hotbm_::sin' into 'hls::hotbm::sin' (/wrk/2019.2/continuous/2019_11_06_2708876/src/products/hls/hls_lib/hlsmath/src/c++/sincoshotbmdouble.cpp:10) automatically.
INFO: [XFORM 203-602] Inlining function 'hls::hotbm::sin' into 'hls::sin' (/wrk/2019.2/continuous/2019_11_06_2708876/src/products/hls/hls_lib/hlsmath/src/c++/sincoshotbmdouble.cpp:25) automatically.
INFO: [XFORM 203-602] Inlining function 'hls::cos' into 'hopfield_routing' (hopfield_routing/.apc/hopfield_routing.cpp:25) automatically.
INFO: [XFORM 203-602] Inlining function 'hls::sqrt' into 'hopfield_routing' (hopfield_routing/.apc/hopfield_routing.cpp:25) automatically.
INFO: [XFORM 203-602] Inlining function 'hls::sin' into 'hopfield_routing' (hopfield_routing/.apc/hopfield_routing.cpp:26) automatically.
WARNING: [SYNCHK 200-23] /wrk/2019.2/continuous/2019_11_06_2708876/src/products/hls/hls_lib/hlsmath/include/hls_sqrt_apfixed.h:272: variable-indexed range selection may cause suboptimal QoR.
INFO: [SYNCHK 200-10] 0 error(s), 1 warning(s).
INFO: [HLS 200-111] Finished Checking Synthesizability Time (s): cpu = 00:01:43 ; elapsed = 00:01:47 . Memory (MB): peak = 1009.121 ; gain = 601.613 ; free physical = 1923 ; free virtual = 8793
INFO: [XFORM 203-502] Unrolling all loops for pipelining in function 'sqrt_fixed<32, 32>' (/wrk/2019.2/continuous/2019_11_06_2708876/src/products/hls/hls_lib/hlsmath/include/hls_sqrt_apfixed.h:44:13).
INFO: [HLS 200-489] Unrolling loop 'Loop-1' (/wrk/2019.2/continuous/2019_11_06_2708876/src/products/hls/hls_lib/hlsmath/include/hls_sqrt_apfixed.h:267) in function 'sqrt_fixed<32, 32>' completely with a factor of 16.
INFO: [HLS 200-489] Unrolling loop 'Loop-2' (/wrk/2019.2/continuous/2019_11_06_2708876/src/products/hls/hls_lib/hlsmath/include/hls_sqrt_apfixed.h:295) in function 'sqrt_fixed<32, 32>' completely with a factor of 1.
INFO: [HLS 200-489] Unrolling loop 'Loop-1' (hopfield_routing/.apc/hopfield_routing.cpp:17) in function 'hopfield_routing' completely with a factor of 16.
INFO: [HLS 200-489] Unrolling loop 'Loop-1.1' (hopfield_routing/.apc/hopfield_routing.cpp:22) in function 'hopfield_routing' completely with a factor of 16.
INFO: [XFORM 203-102] Automatically partitioning small array 'out_bits.V' (/wrk/2019.2/continuous/2019_11_06_2708876/src/products/hls/hls_lib/src/hls/utils/x_hls_float_utils.h:422) completely based on array size.
INFO: [XFORM 203-102] Automatically partitioning small array 'c' (/wrk/2019.2/continuous/2019_11_06_2708876/src/products/hls/hls_lib/src/hls/utils/x_hls_float_utils.h:433) completely based on array size.
INFO: [XFORM 203-101] Partitioning array 'swap_table.1'  in dimension 1 completely.
INFO: [XFORM 203-101] Partitioning array 'swap_table'  in dimension 1 completely.
INFO: [XFORM 203-101] Partitioning array 'neg_sin_table'  in dimension 1 completely.
INFO: [XFORM 203-101] Partitioning array 'neg_cos_table'  in dimension 1 completely.
INFO: [XFORM 203-101] Partitioning array 'out_bits.V' (/wrk/2019.2/continuous/2019_11_06_2708876/src/products/hls/hls_lib/src/hls/utils/x_hls_float_utils.h:422) in dimension 1 completely.
INFO: [XFORM 203-101] Partitioning array 'c' (/wrk/2019.2/continuous/2019_11_06_2708876/src/products/hls/hls_lib/src/hls/utils/x_hls_float_utils.h:433) in dimension 1 completely.
INFO: [XFORM 203-602] Inlining function 'fp_struct<double>::expv' into 'range_redux_payne_hanek_hotbm<61, double, 63, 63>' (/wrk/2019.2/continuous/2019_11_06_2708876/src/products/hls/hls_lib/hlsmath/include/FloatingPoint/hls_range_redux.h:470) automatically.
INFO: [XFORM 203-602] Inlining function 'table_lookup_4oPi_hotbm<52, 61>' into 'range_redux_payne_hanek_hotbm<61, double, 63, 63>' (/wrk/2019.2/continuous/2019_11_06_2708876/src/products/hls/hls_lib/hlsmath/include/FloatingPoint/hls_range_redux.h:496) automatically.
INFO: [XFORM 203-602] Inlining function 'clz<61, 124, 0>' into 'range_redux_payne_hanek_hotbm<61, double, 63, 63>' (/wrk/2019.2/continuous/2019_11_06_2708876/src/products/hls/hls_lib/hlsmath/include/FloatingPoint/hls_range_redux.h:524) automatically.
INFO: [XFORM 203-602] Inlining function 'fp_struct<double>::data' into 'fp_struct<double>::to_double' (/wrk/2019.2/continuous/2019_11_06_2708876/src/products/hls/hls_lib/src/hls/utils/x_hls_utils.h:512) automatically.
INFO: [XFORM 203-602] Inlining function 'fp_struct<double>::to_double' into 'fp_struct<double>::to_ieee' (/wrk/2019.2/continuous/2019_11_06_2708876/src/products/hls/hls_lib/src/hls/utils/x_hls_utils.h:526) automatically.
INFO: [XFORM 203-602] Inlining function 'clz' into 'scaled_fixed2ieee<63, 1>' (/wrk/2019.2/continuous/2019_11_06_2708876/src/products/hls/hls_lib/src/hls/utils/x_hls_float_utils.h:435) automatically.
INFO: [XFORM 203-602] Inlining function 'fp_struct<double>::set_mantissa' into 'scaled_fixed2ieee<63, 1>' (/wrk/2019.2/continuous/2019_11_06_2708876/src/products/hls/hls_lib/src/hls/utils/x_hls_float_utils.h:463) automatically.
INFO: [XFORM 203-602] Inlining function 'fp_struct<double>::to_ieee' into 'scaled_fixed2ieee<63, 1>' (/wrk/2019.2/continuous/2019_11_06_2708876/src/products/hls/hls_lib/src/hls/utils/x_hls_float_utils.h:466) automatically.
INFO: [XFORM 203-602] Inlining function 'range_redux_payne_hanek_hotbm<61, double, 63, 63>' into 'hotbm_::sin_or_cos<double>' (/wrk/2019.2/continuous/2019_11_06_2708876/src/products/hls/hls_lib/hlsmath/include/FloatingPoint/hls_hotbm.h:268) automatically.
INFO: [XFORM 203-602] Inlining function 'hotbm_::value_list<double>::sin_or_cos_approximation<63, 63>' into 'hotbm_::sin_or_cos<double>' (/wrk/2019.2/continuous/2019_11_06_2708876/src/products/hls/hls_lib/hlsmath/include/FloatingPoint/hls_hotbm.h:279) automatically.
INFO: [XFORM 203-602] Inlining function 'fp_struct<double>::to_ieee' into 'hotbm_::sin_or_cos<double>' (/wrk/2019.2/continuous/2019_11_06_2708876/src/products/hls/hls_lib/hlsmath/include/FloatingPoint/hls_hotbm.h:316) automatically.
INFO: [XFORM 203-602] Inlining function 'hotbm_::cos' into 'hls::hotbm::cos' (/wrk/2019.2/continuous/2019_11_06_2708876/src/products/hls/hls_lib/hlsmath/src/c++/sincoshotbmdouble.cpp:15) automatically.
INFO: [XFORM 203-602] Inlining function 'hls::hotbm::cos' into 'hls::cos' (/wrk/2019.2/continuous/2019_11_06_2708876/src/products/hls/hls_lib/hlsmath/src/c++/sincoshotbmdouble.cpp:29) automatically.
INFO: [XFORM 203-602] Inlining function 'sqrt_fixed<32>' into 'hls::sqrt' (/wrk/2019.2/continuous/2019_11_06_2708876/src/products/hls/hls_lib/hlsmath/src/c++/sqrtint32.cpp:9) automatically.
INFO: [XFORM 203-602] Inlining function 'hotbm_::sin' into 'hls::hotbm::sin' (/wrk/2019.2/continuous/2019_11_06_2708876/src/products/hls/hls_lib/hlsmath/src/c++/sincoshotbmdouble.cpp:10) automatically.
INFO: [XFORM 203-602] Inlining function 'hls::hotbm::sin' into 'hls::sin' (/wrk/2019.2/continuous/2019_11_06_2708876/src/products/hls/hls_lib/hlsmath/src/c++/sincoshotbmdouble.cpp:25) automatically.
INFO: [XFORM 203-602] Inlining function 'hls::cos' into 'hopfield_routing' (hopfield_routing/.apc/hopfield_routing.cpp:25) automatically.
INFO: [XFORM 203-602] Inlining function 'hls::sqrt' into 'hopfield_routing' (hopfield_routing/.apc/hopfield_routing.cpp:25) automatically.
INFO: [XFORM 203-602] Inlining function 'hls::sin' into 'hopfield_routing' (hopfield_routing/.apc/hopfield_routing.cpp:26) automatically.
INFO: [XFORM 203-401] Performing if-conversion on hyperblock from (/wrk/2019.2/continuous/2019_11_06_2708876/src/products/hls/hls_lib/hlsmath/include/hls_sqrt_apfixed.h:44:1) to (/wrk/2019.2/continuous/2019_11_06_2708876/src/products/hls/hls_lib/hlsmath/include/hls_sqrt_apfixed.h:372:1) in function 'sqrt_fixed<32, 32>'... converting 29 basic blocks.
INFO: [XFORM 203-401] Performing if-conversion on hyperblock from (/wrk/2019.2/continuous/2019_11_06_2708876/src/products/hls/hls_lib/src/hls/utils/x_hls_float_utils.h:452:51) to (/wrk/2019.2/continuous/2019_11_06_2708876/src/products/hls/hls_lib/src/hls/utils/x_hls_float_utils.h:467:1) in function 'scaled_fixed2ieee<63, 1>'... converting 3 basic blocks.
INFO: [XFORM 203-401] Performing if-conversion on hyperblock from (/wrk/2019.2/continuous/2019_11_06_2708876/src/products/hls/hls_lib/hlsmath/include/FloatingPoint/hls_hotbm.h:238:18) to (/wrk/2019.2/continuous/2019_11_06_2708876/src/products/hls/hls_lib/hlsmath/include/FloatingPoint/hls_hotbm.h:316:12) in function 'hotbm_::sin_or_cos<double>'... converting 9 basic blocks.
INFO: [HLS 200-111] Finished Pre-synthesis Time (s): cpu = 00:01:50 ; elapsed = 00:01:54 . Memory (MB): peak = 1150.867 ; gain = 743.359 ; free physical = 1804 ; free virtual = 8682
INFO: [XFORM 203-603] Evaluating the output(s) of a call to function 'sqrt_fixed<32, 32>' (/wrk/2019.2/continuous/2019_11_06_2708876/src/products/hls/hls_lib/hlsmath/include/hls_sqrt_apfixed.h:381:12) in function 'hopfield_routing' and propagating its result(s) since all actual argument(s) to the function are constants.
WARNING: [XFORM 203-631] Renaming function 'scaled_fixed2ieee<63, 1>' to 'scaled_fixed2ieee' (/wrk/2019.2/continuous/2019_11_06_2708876/src/products/hls/hls_lib/src/hls/utils/x_hls_float_utils.h:110:37)
WARNING: [XFORM 203-631] Renaming function 'hotbm_::sin_or_cos<double>' to 'sin_or_cos<double>' (/wrk/2019.2/continuous/2019_11_06_2708876/src/products/hls/hls_lib/hlsmath/include/FloatingPoint/hls_hotbm.h:238)
INFO: [HLS 200-472] Inferring partial write operation for 'S' (hopfield_routing/.apc/hopfield_routing.cpp:20:2)
INFO: [HLS 200-472] Inferring partial write operation for 'S' (hopfield_routing/.apc/hopfield_routing.cpp:21:3)
INFO: [HLS 200-472] Inferring partial write operation for 'S' (hopfield_routing/.apc/hopfield_routing.cpp:27:4)
INFO: [HLS 200-472] Inferring partial write operation for 'S' (hopfield_routing/.apc/hopfield_routing.cpp:28:4)
INFO: [HLS 200-111] Finished Architecture Synthesis Time (s): cpu = 00:01:55 ; elapsed = 00:01:59 . Memory (MB): peak = 1274.547 ; gain = 867.039 ; free physical = 1719 ; free virtual = 8605
INFO: [HLS 200-10] Starting hardware synthesis ...
INFO: [HLS 200-10] Synthesizing 'hopfield_routing' ...
WARNING: [SYN 201-103] Legalizing function name 'sin_or_cos<double>' to 'sin_or_cos_double_s'.
INFO: [HLS 200-10] ----------------------------------------------------------------
INFO: [HLS 200-42] -- Implementing module 'scaled_fixed2ieee' 
INFO: [HLS 200-10] ----------------------------------------------------------------
INFO: [SCHED 204-11] Starting scheduling ...
INFO: [SCHED 204-11] Finished scheduling.
INFO: [HLS 200-111]  Elapsed time: 122 seconds; current allocated memory: 429.506 MB.
INFO: [BIND 205-100] Starting micro-architecture generation ...
INFO: [BIND 205-101] Performing variable lifetime analysis.
INFO: [BIND 205-101] Exploring resource sharing.
INFO: [BIND 205-101] Binding ...
INFO: [BIND 205-100] Finished micro-architecture generation.
INFO: [HLS 200-111]  Elapsed time: 0.19 seconds; current allocated memory: 429.997 MB.
INFO: [HLS 200-10] ----------------------------------------------------------------
INFO: [HLS 200-42] -- Implementing module 'sin_or_cos_double_s' 
INFO: [HLS 200-10] ----------------------------------------------------------------
INFO: [SCHED 204-11] Starting scheduling ...
INFO: [SCHED 204-11] Finished scheduling.
INFO: [HLS 200-111]  Elapsed time: 0.83 seconds; current allocated memory: 430.800 MB.
INFO: [BIND 205-100] Starting micro-architecture generation ...
INFO: [BIND 205-101] Performing variable lifetime analysis.
INFO: [BIND 205-101] Exploring resource sharing.
INFO: [BIND 205-101] Binding ...
INFO: [BIND 205-100] Finished micro-architecture generation.
INFO: [HLS 200-111]  Elapsed time: 0.32 seconds; current allocated memory: 431.560 MB.
INFO: [HLS 200-10] ----------------------------------------------------------------
INFO: [HLS 200-42] -- Implementing module 'hopfield_routing' 
INFO: [HLS 200-10] ----------------------------------------------------------------
INFO: [SCHED 204-11] Starting scheduling ...
INFO: [SCHED 204-11] Finished scheduling.
INFO: [HLS 200-111]  Elapsed time: 56.01 seconds; current allocated memory: 464.642 MB.
INFO: [BIND 205-100] Starting micro-architecture generation ...
INFO: [BIND 205-101] Performing variable lifetime analysis.
INFO: [BIND 205-101] Exploring resource sharing.
INFO: [BIND 205-101] Binding ...
INFO: [BIND 205-100] After resource sharing, estimated clock period (10.1297ns) exceeds the target (target clock period: 10ns, clock uncertainty: 1.25ns, effective delay budget: 8.75ns).
==============================================================
Vivado(TM) HLS - High-Level Synthesis from C, C++ and SystemC v2019.2 (64-bit)
Copyright 1986-2019 Xilinx, Inc. All Rights Reserved.
==============================================================
==============================================================
Vivado(TM) HLS - High-Level Synthesis from C, C++ and SystemC v2019.2 (64-bit)
Copyright 1986-2019 Xilinx, Inc. All Rights Reserved.
==============================================================
==============================================================
Vivado(TM) HLS - High-Level Synthesis from C, C++ and SystemC v2019.2 (64-bit)
Copyright 1986-2019 Xilinx, Inc. All Rights Reserved.
==============================================================
