21:17:51 INFO  : Launching XSCT server: xsct.bat -n  -interactive C:\Users\aguss\Desktop\project_uscale\temp_xsdb_launch_script.tcl
21:17:59 INFO  : XSCT server has started successfully.
21:17:59 INFO  : plnx-install-location is set to ''
21:18:04 INFO  : Registering command handlers for Vitis TCF services
21:18:10 INFO  : Successfully done setting XSCT server connection channel  
21:18:10 INFO  : Successfully done query RDI_DATADIR 
21:18:10 INFO  : Successfully done setting workspace for the tool. 
21:33:57 INFO  : Checking for BSP changes to sync application flags for project 'project_uscale'...
22:09:10 INFO  : Launching XSCT server: xsct.bat -n  -interactive C:\Users\aguss\Desktop\project_uscale\temp_xsdb_launch_script.tcl
22:09:19 INFO  : XSCT server has started successfully.
22:09:19 INFO  : plnx-install-location is set to ''
22:09:19 INFO  : Successfully done setting XSCT server connection channel  
22:09:19 INFO  : Successfully done setting workspace for the tool. 
22:09:20 INFO  : Registering command handlers for Vitis TCF services
22:09:22 INFO  : Successfully done query RDI_DATADIR 
22:10:37 INFO  : Launching XSCT server: xsct.bat -n  -interactive C:\Users\aguss\Desktop\project_uscale\temp_xsdb_launch_script.tcl
22:10:46 INFO  : XSCT server has started successfully.
22:10:46 INFO  : plnx-install-location is set to ''
22:10:46 INFO  : Successfully done setting XSCT server connection channel  
22:10:46 INFO  : Successfully done setting workspace for the tool. 
22:10:48 INFO  : Successfully done query RDI_DATADIR 
22:11:19 INFO  : Launching XSCT server: xsct.bat -n  -interactive C:\Users\aguss\Desktop\project_uscale\temp_xsdb_launch_script.tcl
22:11:29 INFO  : XSCT server has started successfully.
22:11:29 INFO  : Successfully done setting XSCT server connection channel  
22:11:29 INFO  : plnx-install-location is set to ''
22:11:29 INFO  : Successfully done setting workspace for the tool. 
22:11:30 INFO  : Successfully done query RDI_DATADIR 
22:11:36 INFO  : Registering command handlers for Vitis TCF services
22:41:10 INFO  : Checking for BSP changes to sync application flags for project 'project_uscale'...
22:48:32 INFO  : Connected to target on host '127.0.0.1' and port '3121'.
22:48:50 INFO  : ----------------XSDB Script----------------
connect -url tcp:127.0.0.1:3121
----------------End of Script----------------

22:48:50 ERROR : Could not find ARM device on the board for connection 'Local'.
Check if the target is in:
1. Split JTAG - No operations are possible with ARM DAP.
2. Non JTAG bootmode - Bootrom may need time to enable DAP.
Please try again.


Troubleshooting hints:
1. Check whether board is connected to system properly.
2. In case of zynq board, check whether Digilent/Xilinx cable switch settings are correct.
3. If you are using Xilinx Platform Cable USB, ensure that status LED is green.
12:34:14 INFO  : Launching XSCT server: xsct.bat -n  -interactive C:\Users\aguss\Desktop\Github\FPGA\ultrascale\project_uscale\temp_xsdb_launch_script.tcl
12:34:25 INFO  : Registering command handlers for Vitis TCF services
12:34:27 INFO  : XSCT server has started successfully.
12:34:27 INFO  : plnx-install-location is set to ''
12:34:27 INFO  : Successfully done setting XSCT server connection channel  
12:34:36 INFO  : Successfully done setting workspace for the tool. 
12:34:36 INFO  : Successfully done query RDI_DATADIR 
12:45:54 ERROR : An unexpected exception occurred in the module 'reading platform'
12:46:05 ERROR : An unexpected exception occurred in the module 'reading platform'
12:46:05 INFO  : Removed 'C:/Users/aguss/Desktop/Github/FPGA/ultrascale/project_uscale/design_1_wrapper/export/design_1_wrapper' from custom platform repositories.
12:48:43 INFO  : Successfully done sdx_reload_mss "C:/Users/aguss/Desktop/Github/FPGA/ultrascale/project_uscale/design_1_wrapper_1/zynqmp_fsbl/zynqmp_fsbl_bsp/system.mss"
12:48:45 INFO  : Successfully done sdx_reload_mss "C:/Users/aguss/Desktop/Github/FPGA/ultrascale/project_uscale/design_1_wrapper_1/zynqmp_pmufw/zynqmp_pmufw_bsp/system.mss"
12:48:46 INFO  : Successfully done sdx_reload_mss "C:/Users/aguss/Desktop/Github/FPGA/ultrascale/project_uscale/design_1_wrapper_1/psu_cortexa53_0/standalone_domain/bsp/system.mss"
12:52:04 INFO  : Connected to target on host '127.0.0.1' and port '3121'.
12:52:22 INFO  : ----------------XSDB Script----------------
connect -url tcp:127.0.0.1:3121
----------------End of Script----------------

12:52:22 ERROR : Could not find ARM device on the board for connection 'Local'.
Check if the target is in:
1. Split JTAG - No operations are possible with ARM DAP.
2. Non JTAG bootmode - Bootrom may need time to enable DAP.
Please try again.


Troubleshooting hints:
1. Check whether board is connected to system properly.
2. In case of zynq board, check whether Digilent/Xilinx cable switch settings are correct.
3. If you are using Xilinx Platform Cable USB, ensure that status LED is green.
