INFO: [HLS 200-10] Running 'C:/Xilinx/Vivado/2019.2/bin/unwrapped/win64.o/vivado_hls.exe'
INFO: [HLS 200-10] For user 'aguss' on host 'desktop-ucl1psp' (Windows NT_amd64 version 6.2) on Wed Jul 14 17:30:40 -0300 2021
INFO: [HLS 200-10] In directory 'C:/Users/aguss/Desktop/Github/FPGA/paper_routing/hopfield_vitis'
Sourcing Tcl script 'C:/Users/aguss/Desktop/Github/FPGA/paper_routing/hopfield_vitis/hopfield_vitis/solution1/export.tcl'
INFO: [HLS 200-10] Opening project 'C:/Users/aguss/Desktop/Github/FPGA/paper_routing/hopfield_vitis/hopfield_vitis'.
INFO: [HLS 200-10] Opening solution 'C:/Users/aguss/Desktop/Github/FPGA/paper_routing/hopfield_vitis/hopfield_vitis/solution1'.
INFO: [SYN 201-201] Setting up clock 'default' with a period of 10ns.
INFO: [HLS 200-10] Setting target device to 'xc7z020-clg484-1'
INFO: [IMPL 213-8] Exporting RTL as a Vivado IP.

****** Vivado v2019.2 (64-bit)
  **** SW Build 2708876 on Wed Nov  6 21:40:23 MST 2019
  **** IP Build 2700528 on Thu Nov  7 00:09:20 MST 2019
    ** Copyright 1986-2019 Xilinx, Inc. All Rights Reserved.

source run_ippack.tcl -notrace
INFO: [ProjectBase 1-489] The host OS only allows 260 characters in a normal path. The project is stored in a path with more than 80 characters. If you experience issues with IP, Block Designs, or files not being found, please consider moving the project to a location with a shorter path. Alternately consider using the OS subst command to map part of the path to a drive letter.
Current project path is 'C:/Users/aguss/Desktop/Github/FPGA/paper_routing/hopfield_vitis/hopfield_vitis/solution1/impl/ip'
create_project: Time (s): cpu = 00:00:04 ; elapsed = 00:00:09 . Memory (MB): peak = 388.516 ; gain = 115.973
INFO: [IP_Flow 19-234] Refreshing IP repositories
INFO: [IP_Flow 19-1704] No user IP repositories specified
INFO: [IP_Flow 19-2313] Loaded Vivado IP repository 'C:/Xilinx/Vivado/2019.2/data/ip'.
WARNING: [IP_Flow 19-4832] The IP name 'hopfield_vitis_ap_fadd_3_full_dsp_32' you have specified is long. The Windows operating system has path length limitations. It is recommended you use shorter names to reduce the likelihood of issues.
create_ip: Time (s): cpu = 00:00:08 ; elapsed = 00:00:25 . Memory (MB): peak = 431.398 ; gain = 42.883
INFO: [IP_Flow 19-1686] Generating 'Synthesis' target for IP 'hopfield_vitis_ap_fadd_3_full_dsp_32'...
INFO: [IP_Flow 19-1686] Generating 'Simulation' target for IP 'hopfield_vitis_ap_fadd_3_full_dsp_32'...
WARNING: [IP_Flow 19-4832] The IP name 'hopfield_vitis_ap_fdiv_14_no_dsp_32' you have specified is long. The Windows operating system has path length limitations. It is recommended you use shorter names to reduce the likelihood of issues.
create_ip: Time (s): cpu = 00:00:07 ; elapsed = 00:00:08 . Memory (MB): peak = 440.461 ; gain = 1.027
INFO: [IP_Flow 19-1686] Generating 'Synthesis' target for IP 'hopfield_vitis_ap_fdiv_14_no_dsp_32'...
INFO: [IP_Flow 19-1686] Generating 'Simulation' target for IP 'hopfield_vitis_ap_fdiv_14_no_dsp_32'...
WARNING: [IP_Flow 19-4832] The IP name 'hopfield_vitis_ap_fexp_7_full_dsp_32' you have specified is long. The Windows operating system has path length limitations. It is recommended you use shorter names to reduce the likelihood of issues.
create_ip: Time (s): cpu = 00:00:06 ; elapsed = 00:00:07 . Memory (MB): peak = 445.438 ; gain = 4.977
INFO: [IP_Flow 19-1686] Generating 'Synthesis' target for IP 'hopfield_vitis_ap_fexp_7_full_dsp_32'...
INFO: [IP_Flow 19-1686] Generating 'Simulation' target for IP 'hopfield_vitis_ap_fexp_7_full_dsp_32'...
WARNING: [IP_Flow 19-4832] The IP name 'hopfield_vitis_ap_fmul_2_max_dsp_32' you have specified is long. The Windows operating system has path length limitations. It is recommended you use shorter names to reduce the likelihood of issues.
create_ip: Time (s): cpu = 00:00:06 ; elapsed = 00:00:06 . Memory (MB): peak = 451.402 ; gain = 5.965
INFO: [IP_Flow 19-1686] Generating 'Synthesis' target for IP 'hopfield_vitis_ap_fmul_2_max_dsp_32'...
INFO: [IP_Flow 19-1686] Generating 'Simulation' target for IP 'hopfield_vitis_ap_fmul_2_max_dsp_32'...
INFO: [IP_Flow 19-234] Refreshing IP repositories
INFO: [IP_Flow 19-1704] No user IP repositories specified
INFO: [IP_Flow 19-2313] Loaded Vivado IP repository 'C:/Xilinx/Vivado/2019.2/data/ip'.
INFO: [Common 17-206] Exiting Vivado at Wed Jul 14 17:32:47 2021...
