

================================================================
== Vivado HLS Report for 'hnn_fpga'
================================================================
* Date:           Wed Jul 21 19:46:40 2021

* Version:        2019.2 (Build 2704478 on Wed Nov 06 22:10:23 MST 2019)
* Project:        hnn_fpga
* Solution:       solution1
* Product family: zynq
* Target device:  xc7z020-clg484-1


================================================================
== Performance Estimates
================================================================
+ Timing: 
    * Summary: 
    +--------+----------+----------+------------+
    |  Clock |  Target  | Estimated| Uncertainty|
    +--------+----------+----------+------------+
    |ap_clk  | 10.00 ns | 9.807 ns |   1.25 ns  |
    +--------+----------+----------+------------+

+ Latency: 
    * Summary: 
    +---------+---------+----------+----------+-----+-----+---------+
    |  Latency (cycles) |  Latency (absolute) |  Interval | Pipeline|
    |   min   |   max   |    min   |    max   | min | max |   Type  |
    +---------+---------+----------+----------+-----+-----+---------+
    |      118|      118| 1.180 us | 1.180 us |  118|  118|   none  |
    +---------+---------+----------+----------+-----+-----+---------+

    + Detail: 
        * Instance: 
        N/A

        * Loop: 
        N/A



================================================================
== Utilization Estimates
================================================================
* Summary: 
+-----------------+---------+-------+--------+-------+-----+
|       Name      | BRAM_18K| DSP48E|   FF   |  LUT  | URAM|
+-----------------+---------+-------+--------+-------+-----+
|DSP              |        -|      -|       -|      -|    -|
|Expression       |        -|      -|       0|   1848|    -|
|FIFO             |        -|      -|       -|      -|    -|
|Instance         |        4|     32|    5810|   8386|    -|
|Memory           |        -|      -|       -|      -|    -|
|Multiplexer      |        -|      -|       -|   1635|    -|
|Register         |        -|      -|    3831|      -|    -|
+-----------------+---------+-------+--------+-------+-----+
|Total            |        4|     32|    9641|  11869|    0|
+-----------------+---------+-------+--------+-------+-----+
|Available        |      280|    220|  106400|  53200|    0|
+-----------------+---------+-------+--------+-------+-----+
|Utilization (%)  |        1|     14|       9|     22|    0|
+-----------------+---------+-------+--------+-------+-----+

+ Detail: 
    * Instance: 
    +---------------------------+-------------------------+---------+-------+------+------+-----+
    |          Instance         |          Module         | BRAM_18K| DSP48E|  FF  |  LUT | URAM|
    +---------------------------+-------------------------+---------+-------+------+------+-----+
    |hnn_fpga_AXILiteS_s_axi_U  |hnn_fpga_AXILiteS_s_axi  |        4|      0|   234|   244|    0|
    |hnn_fpga_dadd_64neOg_U4    |hnn_fpga_dadd_64neOg     |        0|      3|   445|  1149|    0|
    |hnn_fpga_ddiv_64nfYi_U5    |hnn_fpga_ddiv_64nfYi     |        0|      0|  3211|  3658|    0|
    |hnn_fpga_dexp_64ng8j_U6    |hnn_fpga_dexp_64ng8j     |        0|     26|  1549|  2599|    0|
    |hnn_fpga_fmul_32nbkb_U1    |hnn_fpga_fmul_32nbkb     |        0|      3|   143|   321|    0|
    |hnn_fpga_fpext_32dEe_U3    |hnn_fpga_fpext_32dEe     |        0|      0|   100|   138|    0|
    |hnn_fpga_fptrunc_cud_U2    |hnn_fpga_fptrunc_cud     |        0|      0|   128|   277|    0|
    +---------------------------+-------------------------+---------+-------+------+------+-----+
    |Total                      |                         |        4|     32|  5810|  8386|    0|
    +---------------------------+-------------------------+---------+-------+------+------+-----+

    * DSP48E: 
    N/A

    * Memory: 
    N/A

    * FIFO: 
    N/A

    * Expression: 
    +------------------------+----------+-------+---+----+------------+------------+
    |      Variable Name     | Operation| DSP48E| FF| LUT| Bitwidth P0| Bitwidth P1|
    +------------------------+----------+-------+---+----+------------+------------+
    |xor_ln21_10_fu_1710_p2  |    xor   |      0|  0|  33|          32|          33|
    |xor_ln21_11_fu_1725_p2  |    xor   |      0|  0|  33|          32|          33|
    |xor_ln21_12_fu_1740_p2  |    xor   |      0|  0|  33|          32|          33|
    |xor_ln21_13_fu_1755_p2  |    xor   |      0|  0|  33|          32|          33|
    |xor_ln21_14_fu_1770_p2  |    xor   |      0|  0|  33|          32|          33|
    |xor_ln21_15_fu_1785_p2  |    xor   |      0|  0|  33|          32|          33|
    |xor_ln21_16_fu_1800_p2  |    xor   |      0|  0|  33|          32|          33|
    |xor_ln21_17_fu_1815_p2  |    xor   |      0|  0|  33|          32|          33|
    |xor_ln21_18_fu_1830_p2  |    xor   |      0|  0|  33|          32|          33|
    |xor_ln21_19_fu_1845_p2  |    xor   |      0|  0|  33|          32|          33|
    |xor_ln21_1_fu_1575_p2   |    xor   |      0|  0|  33|          32|          33|
    |xor_ln21_20_fu_1860_p2  |    xor   |      0|  0|  33|          32|          33|
    |xor_ln21_21_fu_1875_p2  |    xor   |      0|  0|  33|          32|          33|
    |xor_ln21_22_fu_1890_p2  |    xor   |      0|  0|  33|          32|          33|
    |xor_ln21_23_fu_1905_p2  |    xor   |      0|  0|  33|          32|          33|
    |xor_ln21_24_fu_1920_p2  |    xor   |      0|  0|  33|          32|          33|
    |xor_ln21_25_fu_1935_p2  |    xor   |      0|  0|  33|          32|          33|
    |xor_ln21_26_fu_1950_p2  |    xor   |      0|  0|  33|          32|          33|
    |xor_ln21_27_fu_1965_p2  |    xor   |      0|  0|  33|          32|          33|
    |xor_ln21_28_fu_1980_p2  |    xor   |      0|  0|  33|          32|          33|
    |xor_ln21_29_fu_1995_p2  |    xor   |      0|  0|  33|          32|          33|
    |xor_ln21_2_fu_1590_p2   |    xor   |      0|  0|  33|          32|          33|
    |xor_ln21_30_fu_2010_p2  |    xor   |      0|  0|  33|          32|          33|
    |xor_ln21_31_fu_2025_p2  |    xor   |      0|  0|  33|          32|          33|
    |xor_ln21_32_fu_2040_p2  |    xor   |      0|  0|  33|          32|          33|
    |xor_ln21_33_fu_2055_p2  |    xor   |      0|  0|  33|          32|          33|
    |xor_ln21_34_fu_2070_p2  |    xor   |      0|  0|  33|          32|          33|
    |xor_ln21_35_fu_2085_p2  |    xor   |      0|  0|  33|          32|          33|
    |xor_ln21_36_fu_2100_p2  |    xor   |      0|  0|  33|          32|          33|
    |xor_ln21_37_fu_2115_p2  |    xor   |      0|  0|  33|          32|          33|
    |xor_ln21_38_fu_2130_p2  |    xor   |      0|  0|  33|          32|          33|
    |xor_ln21_39_fu_2145_p2  |    xor   |      0|  0|  33|          32|          33|
    |xor_ln21_3_fu_1605_p2   |    xor   |      0|  0|  33|          32|          33|
    |xor_ln21_40_fu_2160_p2  |    xor   |      0|  0|  33|          32|          33|
    |xor_ln21_41_fu_2175_p2  |    xor   |      0|  0|  33|          32|          33|
    |xor_ln21_42_fu_2190_p2  |    xor   |      0|  0|  33|          32|          33|
    |xor_ln21_43_fu_2205_p2  |    xor   |      0|  0|  33|          32|          33|
    |xor_ln21_44_fu_2220_p2  |    xor   |      0|  0|  33|          32|          33|
    |xor_ln21_45_fu_2235_p2  |    xor   |      0|  0|  33|          32|          33|
    |xor_ln21_46_fu_2250_p2  |    xor   |      0|  0|  33|          32|          33|
    |xor_ln21_47_fu_2265_p2  |    xor   |      0|  0|  33|          32|          33|
    |xor_ln21_48_fu_2280_p2  |    xor   |      0|  0|  33|          32|          33|
    |xor_ln21_49_fu_2295_p2  |    xor   |      0|  0|  33|          32|          33|
    |xor_ln21_4_fu_1620_p2   |    xor   |      0|  0|  33|          32|          33|
    |xor_ln21_50_fu_2310_p2  |    xor   |      0|  0|  33|          32|          33|
    |xor_ln21_51_fu_2325_p2  |    xor   |      0|  0|  33|          32|          33|
    |xor_ln21_52_fu_2340_p2  |    xor   |      0|  0|  33|          32|          33|
    |xor_ln21_53_fu_2355_p2  |    xor   |      0|  0|  33|          32|          33|
    |xor_ln21_54_fu_2370_p2  |    xor   |      0|  0|  33|          32|          33|
    |xor_ln21_55_fu_2385_p2  |    xor   |      0|  0|  33|          32|          33|
    |xor_ln21_5_fu_1635_p2   |    xor   |      0|  0|  33|          32|          33|
    |xor_ln21_6_fu_1650_p2   |    xor   |      0|  0|  33|          32|          33|
    |xor_ln21_7_fu_1665_p2   |    xor   |      0|  0|  33|          32|          33|
    |xor_ln21_8_fu_1680_p2   |    xor   |      0|  0|  33|          32|          33|
    |xor_ln21_9_fu_1695_p2   |    xor   |      0|  0|  33|          32|          33|
    |xor_ln21_fu_1560_p2     |    xor   |      0|  0|  33|          32|          33|
    +------------------------+----------+-------+---+----+------------+------------+
    |Total                   |          |      0|  0|1848|        1792|        1848|
    +------------------------+----------+-------+---+----+------------+------------+

    * Multiplexer: 
    +----------------+-----+-----------+-----+-----------+
    |      Name      | LUT | Input Size| Bits| Total Bits|
    +----------------+-----+-----------+-----+-----------+
    |U_address0      |  245|         57|    6|        342|
    |V_address0      |  293|         65|    6|        390|
    |V_d0            |   15|          3|   32|         96|
    |ap_NS_fsm       |  521|        120|    1|        120|
    |grp_fu_1265_p0  |  245|         57|   32|       1824|
    |grp_fu_1265_p1  |   15|          3|   32|         96|
    |grp_fu_1270_p0  |   15|          3|   64|        192|
    |grp_fu_1274_p0  |   15|          3|   32|         96|
    |grp_fu_1277_p0  |   33|          6|   64|        384|
    |grp_fu_1282_p1  |  145|         32|   64|       2048|
    |grp_fu_1287_p1  |   93|         19|   64|       1216|
    +----------------+-----+-----------+-----+-----------+
    |Total           | 1635|        368|  397|       6804|
    +----------------+-----+-----------+-----+-----------+

    * Register: 
    +--------------------+-----+----+-----+-----------+
    |        Name        |  FF | LUT| Bits| Const Bits|
    +--------------------+-----+----+-----+-----------+
    |ap_CS_fsm           |  119|   0|  119|          0|
    |l_read_reg_2406     |   32|   0|   32|          0|
    |reg_1292            |   32|   0|   32|          0|
    |reg_1296            |   32|   0|   32|          0|
    |reg_1301            |   32|   0|   32|          0|
    |reg_1306            |   64|   0|   64|          0|
    |reg_1311            |   64|   0|   64|          0|
    |reg_1316            |   64|   0|   64|          0|
    |reg_1321            |   64|   0|   64|          0|
    |reg_1326            |   64|   0|   64|          0|
    |reg_1331            |   64|   0|   64|          0|
    |reg_1336            |   64|   0|   64|          0|
    |reg_1341            |   64|   0|   64|          0|
    |reg_1346            |   64|   0|   64|          0|
    |reg_1351            |   64|   0|   64|          0|
    |reg_1356            |   64|   0|   64|          0|
    |reg_1361            |   64|   0|   64|          0|
    |reg_1366            |   64|   0|   64|          0|
    |reg_1371            |   64|   0|   64|          0|
    |reg_1376            |   64|   0|   64|          0|
    |reg_1381            |   64|   0|   64|          0|
    |reg_1386            |   64|   0|   64|          0|
    |reg_1391            |   64|   0|   64|          0|
    |reg_1396            |   64|   0|   64|          0|
    |reg_1401            |   64|   0|   64|          0|
    |reg_1406            |   64|   0|   64|          0|
    |reg_1411            |   64|   0|   64|          0|
    |reg_1416            |   64|   0|   64|          0|
    |reg_1421            |   64|   0|   64|          0|
    |reg_1426            |   64|   0|   64|          0|
    |reg_1431            |   64|   0|   64|          0|
    |reg_1436            |   64|   0|   64|          0|
    |reg_1441            |   64|   0|   64|          0|
    |reg_1446            |   64|   0|   64|          0|
    |reg_1451            |   64|   0|   64|          0|
    |reg_1456            |   64|   0|   64|          0|
    |reg_1461            |   64|   0|   64|          0|
    |reg_1466            |   64|   0|   64|          0|
    |reg_1471            |   64|   0|   64|          0|
    |reg_1476            |   64|   0|   64|          0|
    |reg_1481            |   64|   0|   64|          0|
    |reg_1486            |   64|   0|   64|          0|
    |reg_1491            |   64|   0|   64|          0|
    |reg_1496            |   64|   0|   64|          0|
    |reg_1501            |   64|   0|   64|          0|
    |reg_1506            |   64|   0|   64|          0|
    |reg_1511            |   64|   0|   64|          0|
    |reg_1516            |   64|   0|   64|          0|
    |reg_1521            |   64|   0|   64|          0|
    |reg_1526            |   64|   0|   64|          0|
    |reg_1531            |   64|   0|   64|          0|
    |reg_1536            |   64|   0|   64|          0|
    |reg_1541            |   64|   0|   64|          0|
    |reg_1546            |   64|   0|   64|          0|
    |reg_1551            |   64|   0|   64|          0|
    |tmp_5_3_5_reg_2941  |   64|   0|   64|          0|
    |tmp_5_3_6_reg_2956  |   64|   0|   64|          0|
    |tmp_5_3_7_reg_2966  |   64|   0|   64|          0|
    |tmp_5_4_1_reg_2981  |   64|   0|   64|          0|
    |tmp_5_4_2_reg_2986  |   64|   0|   64|          0|
    |tmp_5_4_reg_2976    |   64|   0|   64|          0|
    +--------------------+-----+----+-----+-----------+
    |Total               | 3831|   0| 3831|          0|
    +--------------------+-----+----+-----+-----------+



================================================================
== Interface
================================================================
* Summary: 
+------------------------+-----+-----+------------+--------------+--------------+
|        RTL Ports       | Dir | Bits|  Protocol  | Source Object|    C Type    |
+------------------------+-----+-----+------------+--------------+--------------+
|s_axi_AXILiteS_AWVALID  |  in |    1|    s_axi   |   AXILiteS   |     array    |
|s_axi_AXILiteS_AWREADY  | out |    1|    s_axi   |   AXILiteS   |     array    |
|s_axi_AXILiteS_AWADDR   |  in |   10|    s_axi   |   AXILiteS   |     array    |
|s_axi_AXILiteS_WVALID   |  in |    1|    s_axi   |   AXILiteS   |     array    |
|s_axi_AXILiteS_WREADY   | out |    1|    s_axi   |   AXILiteS   |     array    |
|s_axi_AXILiteS_WDATA    |  in |   32|    s_axi   |   AXILiteS   |     array    |
|s_axi_AXILiteS_WSTRB    |  in |    4|    s_axi   |   AXILiteS   |     array    |
|s_axi_AXILiteS_ARVALID  |  in |    1|    s_axi   |   AXILiteS   |     array    |
|s_axi_AXILiteS_ARREADY  | out |    1|    s_axi   |   AXILiteS   |     array    |
|s_axi_AXILiteS_ARADDR   |  in |   10|    s_axi   |   AXILiteS   |     array    |
|s_axi_AXILiteS_RVALID   | out |    1|    s_axi   |   AXILiteS   |     array    |
|s_axi_AXILiteS_RREADY   |  in |    1|    s_axi   |   AXILiteS   |     array    |
|s_axi_AXILiteS_RDATA    | out |   32|    s_axi   |   AXILiteS   |     array    |
|s_axi_AXILiteS_RRESP    | out |    2|    s_axi   |   AXILiteS   |     array    |
|s_axi_AXILiteS_BVALID   | out |    1|    s_axi   |   AXILiteS   |     array    |
|s_axi_AXILiteS_BREADY   |  in |    1|    s_axi   |   AXILiteS   |     array    |
|s_axi_AXILiteS_BRESP    | out |    2|    s_axi   |   AXILiteS   |     array    |
|ap_clk                  |  in |    1| ap_ctrl_hs |   hnn_fpga   | return value |
|ap_rst_n                |  in |    1| ap_ctrl_hs |   hnn_fpga   | return value |
|interrupt               | out |    1| ap_ctrl_hs |   hnn_fpga   | return value |
+------------------------+-----+-----+------------+--------------+--------------+

