15:35:23 **** Incremental Build of project design_1_wrapper ****
buildplatform.bat 60674 design_1_wrapper standalone_domain 
XSDB Server Channel: tcfchan#3
Building the BSP Library for domain  - standalone_domain on processor psu_cortexa53_0
"Running Make include in psu_cortexa53_0/libsrc/avbuf_v2_2/src"

make -C psu_cortexa53_0/libsrc/avbuf_v2_2/src -s include  "SHELL=CMD" "COMPILER=aarch64-none-elf-gcc" "ASSEMBLER=aarch64-none-e
lf-as" "ARCHIVER=aarch64-none-elf-ar" "COMPILER_FLAGS=  -O2 -c" "EXTRA_COMPILER_FLAGS=-g -Wall -Wextra"

"Running Make include in psu_cortexa53_0/libsrc/axipmon_v6_7/src"

make -C psu_cortexa53_0/libsrc/axipmon_v6_7/src -s include  "SHELL=CMD" "COMPILER=aarch64-none-elf-gcc" "ASSEMBLER=aarch64-none
-elf-as" "ARCHIVER=aarch64-none-elf-ar" "COMPILER_FLAGS=  -O2 -c" "EXTRA_COMPILER_FLAGS=-g -Wall -Wextra"

"Running Make include in psu_cortexa53_0/libsrc/clockps_v1_1/src"

make -C psu_cortexa53_0/libsrc/clockps_v1_1/src -s include  "SHELL=CMD" "COMPILER=aarch64-none-elf-gcc" "ASSEMBLER=aarch64-none
-elf-as" "ARCHIVER=aarch64-none-elf-ar" "COMPILER_FLAGS=  -O2 -c" "EXTRA_COMPILER_FLAGS=-g -Wall -Wextra"

"Running Make include in psu_cortexa53_0/libsrc/coresightps_dcc_v1_6/src"

make -C psu_cortexa53_0/libsrc/coresightps_dcc_v1_6/src -s include  "SHELL=CMD" "COMPILER=aarch64-none-elf-gcc" "ASSEMBLER=aarc
h64-none-elf-as" "ARCHIVER=aarch64-none-elf-ar" "COMPILER_FLAGS=  -O2 -c" "EXTRA_COMPILER_FLAGS=-g -Wall -Wextra"

"Running Make include in psu_cortexa53_0/libsrc/cpu_cortexa53_v1_6/src"

make -C psu_cortexa53_0/libsrc/cpu_cortexa53_v1_6/src -s include  "SHELL=CMD" "COMPILER=aarch64-none-elf-gcc" "ASSEMBLER=aarch6
4-none-elf-as" "ARCHIVER=aarch64-none-elf-ar" "COMPILER_FLAGS=  -O2 -c" "EXTRA_COMPILER_FLAGS=-g -Wall -Wextra"

"Running Make include in psu_cortexa53_0/libsrc/csudma_v1_5/src"

make -C psu_cortexa53_0/libsrc/csudma_v1_5/src -s include  "SHELL=CMD" "COMPILER=aarch64-none-elf-gcc" "ASSEMBLER=aarch64-none-
elf-as" "ARCHIVER=aarch64-none-elf-ar" "COMPILER_FLAGS=  -O2 -c" "EXTRA_COMPILER_FLAGS=-g -Wall -Wextra"

"Running Make include in psu_cortexa53_0/libsrc/ddrcpsu_v1_1/src"

make -C psu_cortexa53_0/libsrc/ddrcpsu_v1_1/src -s include  "SHELL=CMD" "COMPILER=aarch64-none-elf-gcc" "ASSEMBLER=aarch64-none
-elf-as" "ARCHIVER=aarch64-none-elf-ar" "COMPILER_FLAGS=  -O2 -c" "EXTRA_COMPILER_FLAGS=-g -Wall -Wextra"

"Running Make include in psu_cortexa53_0/libsrc/dpdma_v1_1/src"

make -C psu_cortexa53_0/libsrc/dpdma_v1_1/src -s include  "SHELL=CMD" "COMPILER=aarch64-none-elf-gcc" "ASSEMBLER=aarch64-none-e
lf-as" "ARCHIVER=aarch64-none-elf-ar" "COMPILER_FLAGS=  -O2 -c" "EXTRA_COMPILER_FLAGS=-g -Wall -Wextra"

"Running Make include in psu_cortexa53_0/libsrc/gpiops_v3_6/src"

make -C psu_cortexa53_0/libsrc/gpiops_v3_6/src -s include  "SHELL=CMD" "COMPILER=aarch64-none-elf-gcc" "ASSEMBLER=aarch64-none-
elf-as" "ARCHIVER=aarch64-none-elf-ar" "COMPILER_FLAGS=  -O2 -c" "EXTRA_COMPILER_FLAGS=-g -Wall -Wextra"

"Running Make include in psu_cortexa53_0/libsrc/iicps_v3_10/src"

make -C psu_cortexa53_0/libsrc/iicps_v3_10/src -s include  "SHELL=CMD" "COMPILER=aarch64-none-elf-gcc" "ASSEMBLER=aarch64-none-
elf-as" "ARCHIVER=aarch64-none-elf-ar" "COMPILER_FLAGS=  -O2 -c" "EXTRA_COMPILER_FLAGS=-g -Wall -Wextra"

"Running Make include in psu_cortexa53_0/libsrc/ipipsu_v2_5/src"

make -C psu_cortexa53_0/libsrc/ipipsu_v2_5/src -s include  "SHELL=CMD" "COMPILER=aarch64-none-elf-gcc" "ASSEMBLER=aarch64-none-
elf-as" "ARCHIVER=aarch64-none-elf-ar" "COMPILER_FLAGS=  -O2 -c" "EXTRA_COMPILER_FLAGS=-g -Wall -Wextra"

"Running Make include in psu_cortexa53_0/libsrc/resetps_v1_2/src"

make -C psu_cortexa53_0/libsrc/resetps_v1_2/src -s include  "SHELL=CMD" "COMPILER=aarch64-none-elf-gcc" "ASSEMBLER=aarch64-none
-elf-as" "ARCHIVER=aarch64-none-elf-ar" "COMPILER_FLAGS=  -O2 -c" "EXTRA_COMPILER_FLAGS=-g -Wall -Wextra"

"Running Make include in psu_cortexa53_0/libsrc/rtcpsu_v1_8/src"

make -C psu_cortexa53_0/libsrc/rtcpsu_v1_8/src -s include  "SHELL=CMD" "COMPILER=aarch64-none-elf-gcc" "ASSEMBLER=aarch64-none-
elf-as" "ARCHIVER=aarch64-none-elf-ar" "COMPILER_FLAGS=  -O2 -c" "EXTRA_COMPILER_FLAGS=-g -Wall -Wextra"

"Running Make include in psu_cortexa53_0/libsrc/scugic_v4_1/src"

make -C psu_cortexa53_0/libsrc/scugic_v4_1/src -s include  "SHELL=CMD" "COMPILER=aarch64-none-elf-gcc" "ASSEMBLER=aarch64-none-
elf-as" "ARCHIVER=aarch64-none-elf-ar" "COMPILER_FLAGS=  -O2 -c" "EXTRA_COMPILER_FLAGS=-g -Wall -Wextra"

"Running Make include in psu_cortexa53_0/libsrc/sdps_v3_8/src"

make -C psu_cortexa53_0/libsrc/sdps_v3_8/src -s include  "SHELL=CMD" "COMPILER=aarch64-none-elf-gcc" "ASSEMBLER=aarch64-none-el
f-as" "ARCHIVER=aarch64-none-elf-ar" "COMPILER_FLAGS=  -O2 -c" "EXTRA_COMPILER_FLAGS=-g -Wall -Wextra"

"Running Make include in psu_cortexa53_0/libsrc/spips_v3_3/src"

make -C psu_cortexa53_0/libsrc/spips_v3_3/src -s include  "SHELL=CMD" "COMPILER=aarch64-none-elf-gcc" "ASSEMBLER=aarch64-none-e
lf-as" "ARCHIVER=aarch64-none-elf-ar" "COMPILER_FLAGS=  -O2 -c" "EXTRA_COMPILER_FLAGS=-g -Wall -Wextra"

"Running Make include in psu_cortexa53_0/libsrc/standalone_v7_1/src"

make -C psu_cortexa53_0/libsrc/standalone_v7_1/src -s include  "SHELL=CMD" "COMPILER=aarch64-none-elf-gcc" "ASSEMBLER=aarch64-n
one-elf-as" "ARCHIVER=aarch64-none-elf-ar" "COMPILER_FLAGS=  -O2 -c" "EXTRA_COMPILER_FLAGS=-g -Wall -Wextra"

"Running Make include in psu_cortexa53_0/libsrc/sysmonpsu_v2_5/src"

make -C psu_cortexa53_0/libsrc/sysmonpsu_v2_5/src -s include  "SHELL=CMD" "COMPILER=aarch64-none-elf-gcc" "ASSEMBLER=aarch64-no
ne-elf-as" "ARCHIVER=aarch64-none-elf-ar" "COMPILER_FLAGS=  -O2 -c" "EXTRA_COMPILER_FLAGS=-g -Wall -Wextra"

"Running Make include in psu_cortexa53_0/libsrc/ttcps_v3_10/src"

make -C psu_cortexa53_0/libsrc/ttcps_v3_10/src -s include  "SHELL=CMD" "COMPILER=aarch64-none-elf-gcc" "ASSEMBLER=aarch64-none-
elf-as" "ARCHIVER=aarch64-none-elf-ar" "COMPILER_FLAGS=  -O2 -c" "EXTRA_COMPILER_FLAGS=-g -Wall -Wextra"

"Running Make include in psu_cortexa53_0/libsrc/uartps_v3_8/src"

make -C psu_cortexa53_0/libsrc/uartps_v3_8/src -s include  "SHELL=CMD" "COMPILER=aarch64-none-elf-gcc" "ASSEMBLER=aarch64-none-
elf-as" "ARCHIVER=aarch64-none-elf-ar" "COMPILER_FLAGS=  -O2 -c" "EXTRA_COMPILER_FLAGS=-g -Wall -Wextra"

"Running Make include in psu_cortexa53_0/libsrc/usbpsu_v1_6/src"

make -C psu_cortexa53_0/libsrc/usbpsu_v1_6/src -s include  "SHELL=CMD" "COMPILER=aarch64-none-elf-gcc" "ASSEMBLER=aarch64-none-
elf-as" "ARCHIVER=aarch64-none-elf-ar" "COMPILER_FLAGS=  -O2 -c" "EXTRA_COMPILER_FLAGS=-g -Wall -Wextra"

"Running Make include in psu_cortexa53_0/libsrc/video_common_v4_8/src"

make -C psu_cortexa53_0/libsrc/video_common_v4_8/src -s include  "SHELL=CMD" "COMPILER=aarch64-none-elf-gcc" "ASSEMBLER=aarch64
-none-elf-as" "ARCHIVER=aarch64-none-elf-ar" "COMPILER_FLAGS=  -O2 -c" "EXTRA_COMPILER_FLAGS=-g -Wall -Wextra"

"Running Make include in psu_cortexa53_0/libsrc/wdtps_v3_2/src"

make -C psu_cortexa53_0/libsrc/wdtps_v3_2/src -s include  "SHELL=CMD" "COMPILER=aarch64-none-elf-gcc" "ASSEMBLER=aarch64-none-e
lf-as" "ARCHIVER=aarch64-none-elf-ar" "COMPILER_FLAGS=  -O2 -c" "EXTRA_COMPILER_FLAGS=-g -Wall -Wextra"

"Running Make include in psu_cortexa53_0/libsrc/xilffs_v4_2/src"

make -C psu_cortexa53_0/libsrc/xilffs_v4_2/src -s include  "SHELL=CMD" "COMPILER=aarch64-none-elf-gcc" "ASSEMBLER=aarch64-none-
elf-as" "ARCHIVER=aarch64-none-elf-ar" "COMPILER_FLAGS=  -O2 -c" "EXTRA_COMPILER_FLAGS=-g -Wall -Wextra"

"Running Make include in psu_cortexa53_0/libsrc/xilpm_v3_0/src"

make -C psu_cortexa53_0/libsrc/xilpm_v3_0/src -s include  "SHELL=CMD" "COMPILER=aarch64-none-elf-gcc" "ASSEMBLER=aarch64-none-e
lf-as" "ARCHIVER=aarch64-none-elf-ar" "COMPILER_FLAGS=  -O2 -c" "EXTRA_COMPILER_FLAGS=-g -Wall -Wextra"

"Include files for this library have already been copied."

"Running Make include in psu_cortexa53_0/libsrc/xilsecure_v4_1/src"

make -C psu_cortexa53_0/libsrc/xilsecure_v4_1/src -s include  "SHELL=CMD" "COMPILER=aarch64-none-elf-gcc" "ASSEMBLER=aarch64-no
ne-elf-as" "ARCHIVER=aarch64-none-elf-ar" "COMPILER_FLAGS=  -O2 -c" "EXTRA_COMPILER_FLAGS=-g -Wall -Wextra"

"Running Make include in psu_cortexa53_0/libsrc/zdma_v1_8/src"

make -C psu_cortexa53_0/libsrc/zdma_v1_8/src -s include  "SHELL=CMD" "COMPILER=aarch64-none-elf-gcc" "ASSEMBLER=aarch64-none-el
f-as" "ARCHIVER=aarch64-none-elf-ar" "COMPILER_FLAGS=  -O2 -c" "EXTRA_COMPILER_FLAGS=-g -Wall -Wextra"

"Running Make libs in psu_cortexa53_0/libsrc/avbuf_v2_2/src"

make -C psu_cortexa53_0/libsrc/avbuf_v2_2/src -s libs  "SHELL=CMD" "COMPILER=aarch64-none-elf-gcc" "ASSEMBLER=aarch64-none-elf-
as" "ARCHIVER=aarch64-none-elf-ar" "COMPILER_FLAGS=  -O2 -c" "EXTRA_COMPILER_FLAGS=-g -Wall -Wextra"

"Compiling avbuf"

aarch64-none-elf-ar: creating ../../../lib/libxil.a
"Running Make libs in psu_cortexa53_0/libsrc/axipmon_v6_7/src"

make -C psu_cortexa53_0/libsrc/axipmon_v6_7/src -s libs  "SHELL=CMD" "COMPILER=aarch64-none-elf-gcc" "ASSEMBLER=aarch64-none-el
f-as" "ARCHIVER=aarch64-none-elf-ar" "COMPILER_FLAGS=  -O2 -c" "EXTRA_COMPILER_FLAGS=-g -Wall -Wextra"

"Compiling axipmon"

"Running Make libs in psu_cortexa53_0/libsrc/clockps_v1_1/src"

make -C psu_cortexa53_0/libsrc/clockps_v1_1/src -s libs  "SHELL=CMD" "COMPILER=aarch64-none-elf-gcc" "ASSEMBLER=aarch64-none-el
f-as" "ARCHIVER=aarch64-none-elf-ar" "COMPILER_FLAGS=  -O2 -c" "EXTRA_COMPILER_FLAGS=-g -Wall -Wextra"

"Compiling clockps"

"Running Make libs in psu_cortexa53_0/libsrc/coresightps_dcc_v1_6/src"

make -C psu_cortexa53_0/libsrc/coresightps_dcc_v1_6/src -s libs  "SHELL=CMD" "COMPILER=aarch64-none-elf-gcc" "ASSEMBLER=aarch64
-none-elf-as" "ARCHIVER=aarch64-none-elf-ar" "COMPILER_FLAGS=  -O2 -c" "EXTRA_COMPILER_FLAGS=-g -Wall -Wextra"

"Compiling coresightps_dcc"

"Running Make libs in psu_cortexa53_0/libsrc/cpu_cortexa53_v1_6/src"

make -C psu_cortexa53_0/libsrc/cpu_cortexa53_v1_6/src -s libs  "SHELL=CMD" "COMPILER=aarch64-none-elf-gcc" "ASSEMBLER=aarch64-n
one-elf-as" "ARCHIVER=aarch64-none-elf-ar" "COMPILER_FLAGS=  -O2 -c" "EXTRA_COMPILER_FLAGS=-g -Wall -Wextra"

"Compiling cpu_cortexa53"

"Running Make libs in psu_cortexa53_0/libsrc/csudma_v1_5/src"

make -C psu_cortexa53_0/libsrc/csudma_v1_5/src -s libs  "SHELL=CMD" "COMPILER=aarch64-none-elf-gcc" "ASSEMBLER=aarch64-none-elf
-as" "ARCHIVER=aarch64-none-elf-ar" "COMPILER_FLAGS=  -O2 -c" "EXTRA_COMPILER_FLAGS=-g -Wall -Wextra"

"Compiling csudma"

"Running Make libs in psu_cortexa53_0/libsrc/ddrcpsu_v1_1/src"

make -C psu_cortexa53_0/libsrc/ddrcpsu_v1_1/src -s libs  "SHELL=CMD" "COMPILER=aarch64-none-elf-gcc" "ASSEMBLER=aarch64-none-el
f-as" "ARCHIVER=aarch64-none-elf-ar" "COMPILER_FLAGS=  -O2 -c" "EXTRA_COMPILER_FLAGS=-g -Wall -Wextra"

"Compiling ddrcpsu"

"Running Make libs in psu_cortexa53_0/libsrc/dpdma_v1_1/src"

make -C psu_cortexa53_0/libsrc/dpdma_v1_1/src -s libs  "SHELL=CMD" "COMPILER=aarch64-none-elf-gcc" "ASSEMBLER=aarch64-none-elf-
as" "ARCHIVER=aarch64-none-elf-ar" "COMPILER_FLAGS=  -O2 -c" "EXTRA_COMPILER_FLAGS=-g -Wall -Wextra"

"Compiling dpdma"

"Running Make libs in psu_cortexa53_0/libsrc/gpiops_v3_6/src"

make -C psu_cortexa53_0/libsrc/gpiops_v3_6/src -s libs  "SHELL=CMD" "COMPILER=aarch64-none-elf-gcc" "ASSEMBLER=aarch64-none-elf
-as" "ARCHIVER=aarch64-none-elf-ar" "COMPILER_FLAGS=  -O2 -c" "EXTRA_COMPILER_FLAGS=-g -Wall -Wextra"

"Compiling gpiops"

"Running Make libs in psu_cortexa53_0/libsrc/iicps_v3_10/src"

make -C psu_cortexa53_0/libsrc/iicps_v3_10/src -s libs  "SHELL=CMD" "COMPILER=aarch64-none-elf-gcc" "ASSEMBLER=aarch64-none-elf
-as" "ARCHIVER=aarch64-none-elf-ar" "COMPILER_FLAGS=  -O2 -c" "EXTRA_COMPILER_FLAGS=-g -Wall -Wextra"

"Compiling iicps"

"Running Make libs in psu_cortexa53_0/libsrc/ipipsu_v2_5/src"

make -C psu_cortexa53_0/libsrc/ipipsu_v2_5/src -s libs  "SHELL=CMD" "COMPILER=aarch64-none-elf-gcc" "ASSEMBLER=aarch64-none-elf
-as" "ARCHIVER=aarch64-none-elf-ar" "COMPILER_FLAGS=  -O2 -c" "EXTRA_COMPILER_FLAGS=-g -Wall -Wextra"

"Compiling ipipsu"

"Running Make libs in psu_cortexa53_0/libsrc/resetps_v1_2/src"

make -C psu_cortexa53_0/libsrc/resetps_v1_2/src -s libs  "SHELL=CMD" "COMPILER=aarch64-none-elf-gcc" "ASSEMBLER=aarch64-none-el
f-as" "ARCHIVER=aarch64-none-elf-ar" "COMPILER_FLAGS=  -O2 -c" "EXTRA_COMPILER_FLAGS=-g -Wall -Wextra"

"Compiling resetps"

"Running Make libs in psu_cortexa53_0/libsrc/rtcpsu_v1_8/src"

make -C psu_cortexa53_0/libsrc/rtcpsu_v1_8/src -s libs  "SHELL=CMD" "COMPILER=aarch64-none-elf-gcc" "ASSEMBLER=aarch64-none-elf
-as" "ARCHIVER=aarch64-none-elf-ar" "COMPILER_FLAGS=  -O2 -c" "EXTRA_COMPILER_FLAGS=-g -Wall -Wextra"

"Compiling rtcpsu"

"Running Make libs in psu_cortexa53_0/libsrc/scugic_v4_1/src"

make -C psu_cortexa53_0/libsrc/scugic_v4_1/src -s libs  "SHELL=CMD" "COMPILER=aarch64-none-elf-gcc" "ASSEMBLER=aarch64-none-elf
-as" "ARCHIVER=aarch64-none-elf-ar" "COMPILER_FLAGS=  -O2 -c" "EXTRA_COMPILER_FLAGS=-g -Wall -Wextra"

"Compiling scugic"

"Running Make libs in psu_cortexa53_0/libsrc/sdps_v3_8/src"

make -C psu_cortexa53_0/libsrc/sdps_v3_8/src -s libs  "SHELL=CMD" "COMPILER=aarch64-none-elf-gcc" "ASSEMBLER=aarch64-none-elf-a
s" "ARCHIVER=aarch64-none-elf-ar" "COMPILER_FLAGS=  -O2 -c" "EXTRA_COMPILER_FLAGS=-g -Wall -Wextra"

"Compiling sdps"

"Running Make libs in psu_cortexa53_0/libsrc/spips_v3_3/src"

make -C psu_cortexa53_0/libsrc/spips_v3_3/src -s libs  "SHELL=CMD" "COMPILER=aarch64-none-elf-gcc" "ASSEMBLER=aarch64-none-elf-
as" "ARCHIVER=aarch64-none-elf-ar" "COMPILER_FLAGS=  -O2 -c" "EXTRA_COMPILER_FLAGS=-g -Wall -Wextra"

"Compiling spips"

"Running Make libs in psu_cortexa53_0/libsrc/standalone_v7_1/src"

make -C psu_cortexa53_0/libsrc/standalone_v7_1/src -s libs  "SHELL=CMD" "COMPILER=aarch64-none-elf-gcc" "ASSEMBLER=aarch64-none
-elf-as" "ARCHIVER=aarch64-none-elf-ar" "COMPILER_FLAGS=  -O2 -c" "EXTRA_COMPILER_FLAGS=-g -Wall -Wextra"

"Compiling standalone ARMv8 64 bit"

In file included from xil_sleeptimer.c:52:
xtime_l.h:85:9: note: #pragma message: For the sleep routines, Global timer is being used
 #pragma message ("For the sleep routines, Global timer is being used")
         ^~~~~~~
In file included from xtime_l.c:50:
xtime_l.h:85:9: note: #pragma message: For the sleep routines, Global timer is being used
 #pragma message ("For the sleep routines, Global timer is being used")
         ^~~~~~~
In file included from sleep.c:57:
xtime_l.h:85:9: note: #pragma message: For the sleep routines, Global timer is being used
 #pragma message ("For the sleep routines, Global timer is being used")
         ^~~~~~~
translation_table.S:143:2: warning: #warning "There's no DDR_1 in the HW design. MMU translation table marks 32 GB DDR address space as undefined" [-Wcpp]
 #warning "There's no DDR_1 in the HW design. MMU translation table marks 32 GB DDR address space as undefined"
  ^~~~~~~
"Running Make libs in psu_cortexa53_0/libsrc/sysmonpsu_v2_5/src"

make -C psu_cortexa53_0/libsrc/sysmonpsu_v2_5/src -s libs  "SHELL=CMD" "COMPILER=aarch64-none-elf-gcc" "ASSEMBLER=aarch64-none-
elf-as" "ARCHIVER=aarch64-none-elf-ar" "COMPILER_FLAGS=  -O2 -c" "EXTRA_COMPILER_FLAGS=-g -Wall -Wextra"

"Compiling sysmonpsu"

"Running Make libs in psu_cortexa53_0/libsrc/ttcps_v3_10/src"

make -C psu_cortexa53_0/libsrc/ttcps_v3_10/src -s libs  "SHELL=CMD" "COMPILER=aarch64-none-elf-gcc" "ASSEMBLER=aarch64-none-elf
-as" "ARCHIVER=aarch64-none-elf-ar" "COMPILER_FLAGS=  -O2 -c" "EXTRA_COMPILER_FLAGS=-g -Wall -Wextra"

"Compiling ttcps"

"Running Make libs in psu_cortexa53_0/libsrc/uartps_v3_8/src"

make -C psu_cortexa53_0/libsrc/uartps_v3_8/src -s libs  "SHELL=CMD" "COMPILER=aarch64-none-elf-gcc" "ASSEMBLER=aarch64-none-elf
-as" "ARCHIVER=aarch64-none-elf-ar" "COMPILER_FLAGS=  -O2 -c" "EXTRA_COMPILER_FLAGS=-g -Wall -Wextra"

"Compiling uartps"

"Running Make libs in psu_cortexa53_0/libsrc/usbpsu_v1_6/src"

make -C psu_cortexa53_0/libsrc/usbpsu_v1_6/src -s libs  "SHELL=CMD" "COMPILER=aarch64-none-elf-gcc" "ASSEMBLER=aarch64-none-elf
-as" "ARCHIVER=aarch64-none-elf-ar" "COMPILER_FLAGS=  -O2 -c" "EXTRA_COMPILER_FLAGS=-g -Wall -Wextra"

"Compiling usbpsu"

"Running Make libs in psu_cortexa53_0/libsrc/video_common_v4_8/src"

make -C psu_cortexa53_0/libsrc/video_common_v4_8/src -s libs  "SHELL=CMD" "COMPILER=aarch64-none-elf-gcc" "ASSEMBLER=aarch64-no
ne-elf-as" "ARCHIVER=aarch64-none-elf-ar" "COMPILER_FLAGS=  -O2 -c" "EXTRA_COMPILER_FLAGS=-g -Wall -Wextra"

"Compiling video_common"

"Running Make libs in psu_cortexa53_0/libsrc/wdtps_v3_2/src"

make -C psu_cortexa53_0/libsrc/wdtps_v3_2/src -s libs  "SHELL=CMD" "COMPILER=aarch64-none-elf-gcc" "ASSEMBLER=aarch64-none-elf-
as" "ARCHIVER=aarch64-none-elf-ar" "COMPILER_FLAGS=  -O2 -c" "EXTRA_COMPILER_FLAGS=-g -Wall -Wextra"

"Compiling wdtps"

"Running Make libs in psu_cortexa53_0/libsrc/xilffs_v4_2/src"

make -C psu_cortexa53_0/libsrc/xilffs_v4_2/src -s libs  "SHELL=CMD" "COMPILER=aarch64-none-elf-gcc" "ASSEMBLER=aarch64-none-elf
-as" "ARCHIVER=aarch64-none-elf-ar" "COMPILER_FLAGS=  -O2 -c" "EXTRA_COMPILER_FLAGS=-g -Wall -Wextra"

"Compiling XilFFs Library"

"Running Make libs in psu_cortexa53_0/libsrc/xilpm_v3_0/src"

make -C psu_cortexa53_0/libsrc/xilpm_v3_0/src -s libs  "SHELL=CMD" "COMPILER=aarch64-none-elf-gcc" "ASSEMBLER=aarch64-none-elf-
as" "ARCHIVER=aarch64-none-elf-ar" "COMPILER_FLAGS=  -O2 -c" "EXTRA_COMPILER_FLAGS=-g -Wall -Wextra"

"Compiling xilpm library"

pm_api_sys.c: In function 'XPm_ClockSetRate':
pm_api_sys.c:1771:46: warning: unused parameter 'clock' [-Wunused-parameter]
 XStatus XPm_ClockSetRate(const enum XPmClock clock, const u32 rate)
                          ~~~~~~~~~~~~~~~~~~~~^~~~~
pm_api_sys.c:1771:63: warning: unused parameter 'rate' [-Wunused-parameter]
 XStatus XPm_ClockSetRate(const enum XPmClock clock, const u32 rate)
                                                     ~~~~~~~~~~^~~~
pm_api_sys.c: In function 'XPm_ClockGetRate':
pm_api_sys.c:1788:46: warning: unused parameter 'clock' [-Wunused-parameter]
 XStatus XPm_ClockGetRate(const enum XPmClock clock, u32 *const rate)
                          ~~~~~~~~~~~~~~~~~~~~^~~~~
pm_api_sys.c:1788:64: warning: unused parameter 'rate' [-Wunused-parameter]
 XStatus XPm_ClockGetRate(const enum XPmClock clock, u32 *const rate)
                                                     ~~~~~~~~~~~^~~~
"Running Make libs in psu_cortexa53_0/libsrc/xilsecure_v4_1/src"

make -C psu_cortexa53_0/libsrc/xilsecure_v4_1/src -s libs  "SHELL=CMD" "COMPILER=aarch64-none-elf-gcc" "ASSEMBLER=aarch64-none-
elf-as" "ARCHIVER=aarch64-none-elf-ar" "COMPILER_FLAGS=  -O2 -c" "EXTRA_COMPILER_FLAGS=-g -Wall -Wextra"

"Compiling XilSecure Library"

"Running Make libs in psu_cortexa53_0/libsrc/zdma_v1_8/src"

make -C psu_cortexa53_0/libsrc/zdma_v1_8/src -s libs  "SHELL=CMD" "COMPILER=aarch64-none-elf-gcc" "ASSEMBLER=aarch64-none-elf-a
s" "ARCHIVER=aarch64-none-elf-ar" "COMPILER_FLAGS=  -O2 -c" "EXTRA_COMPILER_FLAGS=-g -Wall -Wextra"

"Compiling zdma"

'Finished building libraries'


15:36:57 Build Finished (took 1m:33s.725ms)

