

================================================================
== Vivado HLS Report for 'counter'
================================================================
* Date:           Thu Aug 26 12:12:47 2021

* Version:        2019.2 (Build 2704478 on Wed Nov 06 22:10:23 MST 2019)
* Project:        nqueens
* Solution:       solution1
* Product family: zynquplus
* Target device:  xczu9eg-ffvb1156-2-e


================================================================
== Performance Estimates
================================================================
+ Timing: 
    * Summary: 
    +--------+----------+----------+------------+
    |  Clock |  Target  | Estimated| Uncertainty|
    +--------+----------+----------+------------+
    |ap_clk  | 10.00 ns | 4.149 ns |   1.25 ns  |
    +--------+----------+----------+------------+

+ Latency: 
    * Summary: 
    +---------+---------+----------+----------+-----+-----+---------+
    |  Latency (cycles) |  Latency (absolute) |  Interval | Pipeline|
    |   min   |   max   |    min   |    max   | min | max |   Type  |
    +---------+---------+----------+----------+-----+-----+---------+
    |        ?|        ?|         ?|         ?|    ?|    ?|   none  |
    +---------+---------+----------+----------+-----+-----+---------+

    + Detail: 
        * Instance: 
        N/A

        * Loop: 
        +-------------+---------+---------+----------+-----------+-----------+-------+----------+
        |             |  Latency (cycles) | Iteration|  Initiation Interval  |  Trip |          |
        |  Loop Name  |   min   |   max   |  Latency |  achieved |   target  | Count | Pipelined|
        +-------------+---------+---------+----------+-----------+-----------+-------+----------+
        |- Loop 1     |        3|       17|         2|          2|          1| 1 ~ 8 |    yes   |
        |- Loop 2     |        ?|        ?|  3 ~ 11  |          -|          -|      ?|    no    |
        | + Loop 2.1  |        0|        8|         2|          1|          1| 0 ~ 8 |    yes   |
        +-------------+---------+---------+----------+-----------+-----------+-------+----------+



================================================================
== Utilization Estimates
================================================================
* Summary: 
+-----------------+---------+-------+--------+--------+-----+
|       Name      | BRAM_18K| DSP48E|   FF   |   LUT  | URAM|
+-----------------+---------+-------+--------+--------+-----+
|DSP              |        -|      -|       -|       -|    -|
|Expression       |        -|      -|       0|     459|    -|
|FIFO             |        -|      -|       -|       -|    -|
|Instance         |        -|      -|       -|       -|    -|
|Memory           |        -|      -|       -|       -|    -|
|Multiplexer      |        -|      -|       -|     152|    -|
|Register         |        -|      -|     160|       -|    -|
+-----------------+---------+-------+--------+--------+-----+
|Total            |        0|      0|     160|     611|    0|
+-----------------+---------+-------+--------+--------+-----+
|Available        |     1824|   2520|  548160|  274080|    0|
+-----------------+---------+-------+--------+--------+-----+
|Utilization (%)  |        0|      0|   ~0   |   ~0   |    0|
+-----------------+---------+-------+--------+--------+-----+

+ Detail: 
    * Instance: 
    N/A

    * DSP48E: 
    N/A

    * Memory: 
    N/A

    * FIFO: 
    N/A

    * Expression: 
    +-------------------------+----------+-------+---+----+------------+------------+
    |      Variable Name      | Operation| DSP48E| FF| LUT| Bitwidth P0| Bitwidth P1|
    +-------------------------+----------+-------+---+----+------------+------------+
    |count_fu_247_p2          |     +    |      0|  0|  39|          32|           1|
    |i_fu_160_p2              |     +    |      0|  0|  12|           4|           1|
    |j_fu_189_p2              |     +    |      0|  0|  12|           4|           1|
    |u_fu_274_p2              |     +    |      0|  0|  39|          32|           1|
    |neg_fu_216_p2            |     -    |      0|  0|  39|           1|          32|
    |sub_ln23_1_fu_236_p2     |     -    |      0|  0|  39|          32|          32|
    |sub_ln23_fu_210_p2       |     -    |      0|  0|  39|          32|          32|
    |abscond_fu_222_p2        |   icmp   |      0|  0|  20|          32|           1|
    |icmp_ln19_fu_177_p2      |   icmp   |      0|  0|  20|          32|           4|
    |icmp_ln21_fu_183_p2      |   icmp   |      0|  0|   9|           4|           4|
    |icmp_ln23_1_fu_241_p2    |   icmp   |      0|  0|  20|          32|          32|
    |icmp_ln23_fu_204_p2      |   icmp   |      0|  0|  20|          32|          32|
    |icmp_ln27_fu_269_p2      |   icmp   |      0|  0|  20|          32|          32|
    |icmp_ln6_fu_154_p2       |   icmp   |      0|  0|  11|           4|           5|
    |icmp_ln8_fu_171_p2       |   icmp   |      0|  0|  20|          32|           1|
    |abs_fu_228_p3            |  select  |      0|  0|  32|           1|          32|
    |select_ln23_1_fu_261_p3  |  select  |      0|  0|  32|           1|          32|
    |select_ln23_fu_253_p3    |  select  |      0|  0|  32|           1|          32|
    |ap_enable_pp1            |    xor   |      0|  0|   2|           1|           2|
    |ap_enable_reg_pp1_iter1  |    xor   |      0|  0|   2|           2|           1|
    +-------------------------+----------+-------+---+----+------------+------------+
    |Total                    |          |      0|  0| 459|         343|         310|
    +-------------------------+----------+-------+---+----+------------+------------+

    * Multiplexer: 
    +------------------------------+----+-----------+-----+-----------+
    |             Name             | LUT| Input Size| Bits| Total Bits|
    +------------------------------+----+-----------+-----+-----------+
    |a_address0                    |  15|          3|    3|          9|
    |ap_NS_fsm                     |  41|          8|    1|          8|
    |ap_enable_reg_pp1_iter1       |  15|          3|    1|          3|
    |ap_phi_mux_j_0_phi_fu_134_p4  |   9|          2|    4|          8|
    |ap_phi_mux_p_0_phi_fu_146_p4  |   9|          2|   32|         64|
    |ap_return                     |   9|          2|   32|         64|
    |count_0_reg_118               |   9|          2|   32|         64|
    |f_reg_95                      |   9|          2|    4|          8|
    |i_0_i_reg_83                  |   9|          2|    4|          8|
    |j_0_reg_130                   |   9|          2|    4|          8|
    |p_0_reg_142                   |   9|          2|   32|         64|
    |u_0_7_reg_108                 |   9|          2|   32|         64|
    +------------------------------+----+-----------+-----+-----------+
    |Total                         | 152|         32|  181|        372|
    +------------------------------+----+-----------+-----+-----------+

    * Register: 
    +-------------------------+----+----+-----+-----------+
    |           Name          | FF | LUT| Bits| Const Bits|
    +-------------------------+----+----+-----+-----------+
    |ap_CS_fsm                |   7|   0|    7|          0|
    |ap_enable_reg_pp1_iter0  |   1|   0|    1|          0|
    |ap_enable_reg_pp1_iter1  |   1|   0|    1|          0|
    |ap_return_preg           |  32|   0|   32|          0|
    |count_0_reg_118          |  32|   0|   32|          0|
    |f_reg_95                 |   4|   0|    4|          0|
    |i_0_i_reg_83             |   4|   0|    4|          0|
    |i_reg_295                |   4|   0|    4|          0|
    |icmp_ln19_reg_308        |   1|   0|    1|          0|
    |icmp_ln21_reg_312        |   1|   0|    1|          0|
    |icmp_ln6_reg_291         |   1|   0|    1|          0|
    |j_0_reg_130              |   4|   0|    4|          0|
    |j_reg_316                |   4|   0|    4|          0|
    |p_0_reg_142              |  32|   0|   32|          0|
    |u_0_7_reg_108            |  32|   0|   32|          0|
    +-------------------------+----+----+-----+-----------+
    |Total                    | 160|   0|  160|          0|
    +-------------------------+----+----+-----+-----------+



================================================================
== Interface
================================================================
* Summary: 
+------------+-----+-----+------------+--------------+--------------+
|  RTL Ports | Dir | Bits|  Protocol  | Source Object|    C Type    |
+------------+-----+-----+------------+--------------+--------------+
|ap_clk      |  in |    1| ap_ctrl_hs |    counter   | return value |
|ap_rst      |  in |    1| ap_ctrl_hs |    counter   | return value |
|ap_start    |  in |    1| ap_ctrl_hs |    counter   | return value |
|ap_done     | out |    1| ap_ctrl_hs |    counter   | return value |
|ap_idle     | out |    1| ap_ctrl_hs |    counter   | return value |
|ap_ready    | out |    1| ap_ctrl_hs |    counter   | return value |
|ap_return   | out |   32| ap_ctrl_hs |    counter   | return value |
|a_address0  | out |    3|  ap_memory |       a      |     array    |
|a_ce0       | out |    1|  ap_memory |       a      |     array    |
|a_q0        |  in |   32|  ap_memory |       a      |     array    |
|k           |  in |   32|   ap_none  |       k      |    scalar    |
|u_0         |  in |   32|   ap_none  |      u_0     |    scalar    |
+------------+-----+-----+------------+--------------+--------------+

