

================================================================
== Vivado HLS Report for 'find_0'
================================================================
* Date:           Thu Aug 26 12:12:47 2021

* Version:        2019.2 (Build 2704478 on Wed Nov 06 22:10:23 MST 2019)
* Project:        nqueens
* Solution:       solution1
* Product family: zynquplus
* Target device:  xczu9eg-ffvb1156-2-e


================================================================
== Performance Estimates
================================================================
+ Timing: 
    * Summary: 
    +--------+----------+----------+------------+
    |  Clock |  Target  | Estimated| Uncertainty|
    +--------+----------+----------+------------+
    |ap_clk  | 10.00 ns | 2.324 ns |   1.25 ns  |
    +--------+----------+----------+------------+

+ Latency: 
    * Summary: 
    +---------+---------+-----------+----------+-----+-----+---------+
    |  Latency (cycles) |  Latency (absolute)  |  Interval | Pipeline|
    |   min   |   max   |    min    |    max   | min | max |   Type  |
    +---------+---------+-----------+----------+-----+-----+---------+
    |        5|       19| 50.000 ns | 0.190 us |    5|   19|   none  |
    +---------+---------+-----------+----------+-----+-----+---------+

    + Detail: 
        * Instance: 
        N/A

        * Loop: 
        +----------+---------+---------+----------+-----------+-----------+-------+----------+
        |          |  Latency (cycles) | Iteration|  Initiation Interval  |  Trip |          |
        | Loop Name|   min   |   max   |  Latency |  achieved |   target  | Count | Pipelined|
        +----------+---------+---------+----------+-----------+-----------+-------+----------+
        |- Loop 1  |        3|       17|         2|          2|          1| 1 ~ 8 |    yes   |
        +----------+---------+---------+----------+-----------+-----------+-------+----------+



================================================================
== Utilization Estimates
================================================================
* Summary: 
+-----------------+---------+-------+--------+--------+-----+
|       Name      | BRAM_18K| DSP48E|   FF   |   LUT  | URAM|
+-----------------+---------+-------+--------+--------+-----+
|DSP              |        -|      -|       -|       -|    -|
|Expression       |        -|      -|       0|      43|    -|
|FIFO             |        -|      -|       -|       -|    -|
|Instance         |        -|      -|       -|       -|    -|
|Memory           |        -|      -|       -|       -|    -|
|Multiplexer      |        -|      -|       -|      54|    -|
|Register         |        -|      -|      21|       -|    -|
+-----------------+---------+-------+--------+--------+-----+
|Total            |        0|      0|      21|      97|    0|
+-----------------+---------+-------+--------+--------+-----+
|Available        |     1824|   2520|  548160|  274080|    0|
+-----------------+---------+-------+--------+--------+-----+
|Utilization (%)  |        0|      0|   ~0   |   ~0   |    0|
+-----------------+---------+-------+--------+--------+-----+

+ Detail: 
    * Instance: 
    N/A

    * DSP48E: 
    N/A

    * Memory: 
    N/A

    * FIFO: 
    N/A

    * Expression: 
    +-------------------+----------+-------+---+----+------------+------------+
    |   Variable Name   | Operation| DSP48E| FF| LUT| Bitwidth P0| Bitwidth P1|
    +-------------------+----------+-------+---+----+------------+------------+
    |i_fu_83_p2         |     +    |      0|  0|  12|           4|           1|
    |icmp_ln6_fu_77_p2  |   icmp   |      0|  0|  11|           4|           5|
    |icmp_ln8_fu_94_p2  |   icmp   |      0|  0|  20|          32|           1|
    +-------------------+----------+-------+---+----+------------+------------+
    |Total              |          |      0|  0|  43|          40|           7|
    +-------------------+----------+-------+---+----+------------+------------+

    * Multiplexer: 
    +------------+----+-----------+-----+-----------+
    |    Name    | LUT| Input Size| Bits| Total Bits|
    +------------+----+-----------+-----+-----------+
    |ap_NS_fsm   |  27|          5|    1|          5|
    |ap_return   |   9|          2|    4|          8|
    |i_0_reg_53  |   9|          2|    4|          8|
    |p_0_reg_65  |   9|          2|    4|          8|
    +------------+----+-----------+-----+-----------+
    |Total       |  54|         11|   13|         29|
    +------------+----+-----------+-----+-----------+

    * Register: 
    +------------------+---+----+-----+-----------+
    |       Name       | FF| LUT| Bits| Const Bits|
    +------------------+---+----+-----+-----------+
    |ap_CS_fsm         |  4|   0|    4|          0|
    |ap_return_preg    |  4|   0|    4|          0|
    |i_0_reg_53        |  4|   0|    4|          0|
    |i_reg_104         |  4|   0|    4|          0|
    |icmp_ln6_reg_100  |  1|   0|    1|          0|
    |p_0_reg_65        |  4|   0|    4|          0|
    +------------------+---+----+-----+-----------+
    |Total             | 21|   0|   21|          0|
    +------------------+---+----+-----+-----------+



================================================================
== Interface
================================================================
* Summary: 
+------------+-----+-----+------------+--------------+--------------+
|  RTL Ports | Dir | Bits|  Protocol  | Source Object|    C Type    |
+------------+-----+-----+------------+--------------+--------------+
|ap_clk      |  in |    1| ap_ctrl_hs |    find_0    | return value |
|ap_rst      |  in |    1| ap_ctrl_hs |    find_0    | return value |
|ap_start    |  in |    1| ap_ctrl_hs |    find_0    | return value |
|ap_done     | out |    1| ap_ctrl_hs |    find_0    | return value |
|ap_idle     | out |    1| ap_ctrl_hs |    find_0    | return value |
|ap_ready    | out |    1| ap_ctrl_hs |    find_0    | return value |
|ap_return   | out |    4| ap_ctrl_hs |    find_0    | return value |
|a_address0  | out |    3|  ap_memory |       a      |     array    |
|a_ce0       | out |    1|  ap_memory |       a      |     array    |
|a_q0        |  in |   32|  ap_memory |       a      |     array    |
+------------+-----+-----+------------+--------------+--------------+

