

================================================================
== Vivado HLS Report for 'nqueens'
================================================================
* Date:           Thu Aug 26 12:12:47 2021

* Version:        2019.2 (Build 2704478 on Wed Nov 06 22:10:23 MST 2019)
* Project:        nqueens
* Solution:       solution1
* Product family: zynquplus
* Target device:  xczu9eg-ffvb1156-2-e


================================================================
== Performance Estimates
================================================================
+ Timing: 
    * Summary: 
    +--------+----------+----------+------------+
    |  Clock |  Target  | Estimated| Uncertainty|
    +--------+----------+----------+------------+
    |ap_clk  | 10.00 ns | 4.149 ns |   1.25 ns  |
    +--------+----------+----------+------------+

+ Latency: 
    * Summary: 
    +---------+---------+----------+----------+-----+-----+---------+
    |  Latency (cycles) |  Latency (absolute) |  Interval | Pipeline|
    |   min   |   max   |    min   |    max   | min | max |   Type  |
    +---------+---------+----------+----------+-----+-----+---------+
    |        ?|        ?|         ?|         ?|    ?|    ?|   none  |
    +---------+---------+----------+----------+-----+-----+---------+

    + Detail: 
        * Instance: 
        +--------------------+---------+---------+---------+-----------+----------+-----+-----+---------+
        |                    |         |  Latency (cycles) |  Latency (absolute)  |  Interval | Pipeline|
        |      Instance      |  Module |   min   |   max   |    min    |    max   | min | max |   Type  |
        +--------------------+---------+---------+---------+-----------+----------+-----+-----+---------+
        |grp_counter_fu_128  |counter  |        ?|        ?|          ?|         ?|    ?|    ?|   none  |
        |grp_find_0_fu_138   |find_0   |        5|       19| 50.000 ns | 0.190 us |    5|   19|   none  |
        +--------------------+---------+---------+---------+-----------+----------+-----+-----+---------+

        * Loop: 
        +----------+---------+---------+----------+-----------+-----------+------+----------+
        |          |  Latency (cycles) | Iteration|  Initiation Interval  | Trip |          |
        | Loop Name|   min   |   max   |  Latency |  achieved |   target  | Count| Pipelined|
        +----------+---------+---------+----------+-----------+-----------+------+----------+
        |- Loop 1  |        ?|        ?|  11 ~ 47 |          -|          -|     ?|    no    |
        +----------+---------+---------+----------+-----------+-----------+------+----------+



================================================================
== Utilization Estimates
================================================================
* Summary: 
+-----------------+---------+-------+--------+--------+-----+
|       Name      | BRAM_18K| DSP48E|   FF   |   LUT  | URAM|
+-----------------+---------+-------+--------+--------+-----+
|DSP              |        -|      -|       -|       -|    -|
|Expression       |        -|      -|       0|     239|    -|
|FIFO             |        -|      -|       -|       -|    -|
|Instance         |        2|      -|     563|    1266|    -|
|Memory           |        -|      -|       -|       -|    -|
|Multiplexer      |        -|      -|       -|     161|    -|
|Register         |        -|      -|     145|       -|    -|
+-----------------+---------+-------+--------+--------+-----+
|Total            |        2|      0|     708|    1666|    0|
+-----------------+---------+-------+--------+--------+-----+
|Available        |     1824|   2520|  548160|  274080|    0|
+-----------------+---------+-------+--------+--------+-----+
|Utilization (%)  |    ~0   |      0|   ~0   |   ~0   |    0|
+-----------------+---------+-------+--------+--------+-----+

+ Detail: 
    * Instance: 
    +--------------------------+------------------------+---------+-------+-----+-----+-----+
    |         Instance         |         Module         | BRAM_18K| DSP48E|  FF | LUT | URAM|
    +--------------------------+------------------------+---------+-------+-----+-----+-----+
    |grp_counter_fu_128        |counter                 |        0|      0|  160|  611|    0|
    |grp_find_0_fu_138         |find_0                  |        0|      0|   21|   97|    0|
    |nqueens_AXILiteS_s_axi_U  |nqueens_AXILiteS_s_axi  |        2|      0|  382|  558|    0|
    +--------------------------+------------------------+---------+-------+-----+-----+-----+
    |Total                     |                        |        2|      0|  563| 1266|    0|
    +--------------------------+------------------------+---------+-------+-----+-----+-----+

    * DSP48E: 
    N/A

    * Memory: 
    N/A

    * FIFO: 
    N/A

    * Expression: 
    +----------------------------------+----------+-------+---+----+------------+------------+
    |           Variable Name          | Operation| DSP48E| FF| LUT| Bitwidth P0| Bitwidth P1|
    +----------------------------------+----------+-------+---+----+------------+------------+
    |add_ln46_fu_153_p2                |     +    |      0|  0|  39|          32|           2|
    |add_ln51_fu_170_p2                |     +    |      0|  0|  39|          32|           1|
    |add_ln53_fu_177_p2                |     +    |      0|  0|  39|          32|           3|
    |add_ln55_fu_182_p2                |     +    |      0|  0|  39|          32|           1|
    |add_ln57_fu_195_p2                |     +    |      0|  0|  39|          32|           1|
    |ap_block_state10_on_subcall_done  |    and   |      0|  0|   2|           1|           1|
    |icmp_ln45_fu_148_p2               |   icmp   |      0|  0|  20|          32|           1|
    |icmp_ln47_fu_159_p2               |   icmp   |      0|  0|   9|           4|           1|
    |icmp_ln56_fu_189_p2               |   icmp   |      0|  0|  11|           4|           5|
    |ap_predicate_op56_call_state10    |    or    |      0|  0|   2|           1|           1|
    +----------------------------------+----------+-------+---+----+------------+------------+
    |Total                             |          |      0|  0| 239|         202|          17|
    +----------------------------------+----------+-------+---+----+------------+------------+

    * Multiplexer: 
    +-----------------+----+-----------+-----+-----------+
    |       Name      | LUT| Input Size| Bits| Total Bits|
    +-----------------+----+-----------+-----+-----------+
    |a_address0       |  27|          5|    3|         15|
    |a_ce0            |  21|          4|    1|          4|
    |a_d0             |  15|          3|   32|         96|
    |ap_NS_fsm        |  50|         11|    1|         11|
    |empty_2_reg_119  |   9|          2|   32|         64|
    |k_o              |  15|          3|   32|         96|
    |sol_list_o       |   9|          2|   32|         64|
    |u_0_o            |  15|          3|   32|         96|
    +-----------------+----+-----------+-----+-----------+
    |Total            | 161|         33|  165|        446|
    +-----------------+----+-----------+-----+-----------+

    * Register: 
    +---------------------------------+----+----+-----+-----------+
    |               Name              | FF | LUT| Bits| Const Bits|
    +---------------------------------+----+----+-----+-----------+
    |a_addr_1_reg_230                 |   3|   0|    3|          0|
    |ap_CS_fsm                        |  10|   0|   10|          0|
    |empty_2_reg_119                  |  32|   0|   32|          0|
    |grp_counter_fu_128_ap_start_reg  |   1|   0|    1|          0|
    |grp_find_0_fu_138_ap_start_reg   |   1|   0|    1|          0|
    |icmp_ln45_reg_222                |   1|   0|    1|          0|
    |icmp_ln47_reg_226                |   1|   0|    1|          0|
    |k_read_reg_202                   |  32|   0|   32|          0|
    |tmp_reg_216                      |  32|   0|   32|          0|
    |u_0_read_reg_211                 |  32|   0|   32|          0|
    +---------------------------------+----+----+-----+-----------+
    |Total                            | 145|   0|  145|          0|
    +---------------------------------+----+----+-----+-----------+



================================================================
== Interface
================================================================
* Summary: 
+------------------------+-----+-----+------------+--------------+--------------+
|        RTL Ports       | Dir | Bits|  Protocol  | Source Object|    C Type    |
+------------------------+-----+-----+------------+--------------+--------------+
|s_axi_AXILiteS_AWVALID  |  in |    1|    s_axi   |   AXILiteS   |    pointer   |
|s_axi_AXILiteS_AWREADY  | out |    1|    s_axi   |   AXILiteS   |    pointer   |
|s_axi_AXILiteS_AWADDR   |  in |    7|    s_axi   |   AXILiteS   |    pointer   |
|s_axi_AXILiteS_WVALID   |  in |    1|    s_axi   |   AXILiteS   |    pointer   |
|s_axi_AXILiteS_WREADY   | out |    1|    s_axi   |   AXILiteS   |    pointer   |
|s_axi_AXILiteS_WDATA    |  in |   32|    s_axi   |   AXILiteS   |    pointer   |
|s_axi_AXILiteS_WSTRB    |  in |    4|    s_axi   |   AXILiteS   |    pointer   |
|s_axi_AXILiteS_ARVALID  |  in |    1|    s_axi   |   AXILiteS   |    pointer   |
|s_axi_AXILiteS_ARREADY  | out |    1|    s_axi   |   AXILiteS   |    pointer   |
|s_axi_AXILiteS_ARADDR   |  in |    7|    s_axi   |   AXILiteS   |    pointer   |
|s_axi_AXILiteS_RVALID   | out |    1|    s_axi   |   AXILiteS   |    pointer   |
|s_axi_AXILiteS_RREADY   |  in |    1|    s_axi   |   AXILiteS   |    pointer   |
|s_axi_AXILiteS_RDATA    | out |   32|    s_axi   |   AXILiteS   |    pointer   |
|s_axi_AXILiteS_RRESP    | out |    2|    s_axi   |   AXILiteS   |    pointer   |
|s_axi_AXILiteS_BVALID   | out |    1|    s_axi   |   AXILiteS   |    pointer   |
|s_axi_AXILiteS_BREADY   |  in |    1|    s_axi   |   AXILiteS   |    pointer   |
|s_axi_AXILiteS_BRESP    | out |    2|    s_axi   |   AXILiteS   |    pointer   |
|ap_clk                  |  in |    1| ap_ctrl_hs |    nqueens   | return value |
|ap_rst_n                |  in |    1| ap_ctrl_hs |    nqueens   | return value |
|interrupt               | out |    1| ap_ctrl_hs |    nqueens   | return value |
+------------------------+-----+-----+------------+--------------+--------------+

