

================================================================
== Vivado HLS Report for 'hopfield_routing'
================================================================
* Date:           Fri Jul  9 20:13:23 2021

* Version:        2019.2 (Build 2704478 on Wed Nov 06 22:10:23 MST 2019)
* Project:        hopfield_routing
* Solution:       solution1
* Product family: zynq
* Target device:  xc7z020-clg484-1


================================================================
== Performance Estimates
================================================================
+ Timing: 
    * Summary: 
    +--------+----------+----------+------------+
    |  Clock |  Target  | Estimated| Uncertainty|
    +--------+----------+----------+------------+
    |ap_clk  | 10.00 ns | 8.400 ns |   1.25 ns  |
    +--------+----------+----------+------------+

+ Latency: 
    * Summary: 
    +---------+---------+----------+----------+-------+-------+---------+
    |  Latency (cycles) |  Latency (absolute) |    Interval   | Pipeline|
    |   min   |   max   |    min   |    max   |  min  |  max  |   Type  |
    +---------+---------+----------+----------+-------+-------+---------+
    |    47724|    49964| 0.477 ms | 0.500 ms |  47724|  49964|   none  |
    +---------+---------+----------+----------+-------+-------+---------+

    + Detail: 
        * Instance: 
        N/A

        * Loop: 
        +---------------------+---------+---------+----------+-----------+-----------+------+----------+
        |                     |  Latency (cycles) | Iteration|  Initiation Interval  | Trip |          |
        |      Loop Name      |   min   |   max   |  Latency |  achieved |   target  | Count| Pipelined|
        +---------------------+---------+---------+----------+-----------+-----------+------+----------+
        |- Loop 1             |      144|     2384| 18 ~ 298 |          -|          -|     8|    no    |
        | + Loop 1.1          |       16|      296|  2 ~ 37  |          -|          -|     8|    no    |
        |- Loop 2             |    47568|    47568|      5946|          -|          -|     8|    no    |
        | + Loop 2.1          |     5944|     5944|       743|          -|          -|     8|    no    |
        |  ++ Loop 2.1.1      |      720|      720|        90|          -|          -|     8|    no    |
        |   +++ Loop 2.1.1.1  |       88|       88|        11|          -|          -|     8|    no    |
        +---------------------+---------+---------+----------+-----------+-----------+------+----------+



================================================================
== Utilization Estimates
================================================================
* Summary: 
+-----------------+---------+-------+--------+-------+-----+
|       Name      | BRAM_18K| DSP48E|   FF   |  LUT  | URAM|
+-----------------+---------+-------+--------+-------+-----+
|DSP              |        -|      -|       -|      -|    -|
|Expression       |        -|      -|       0|    287|    -|
|FIFO             |        -|      -|       -|      -|    -|
|Instance         |        -|     12|    2406|   4291|    -|
|Memory           |        -|      -|       -|      -|    -|
|Multiplexer      |        -|      -|       -|    640|    -|
|Register         |        -|      -|     651|      -|    -|
+-----------------+---------+-------+--------+-------+-----+
|Total            |        0|     12|    3057|   5218|    0|
+-----------------+---------+-------+--------+-------+-----+
|Available        |      280|    220|  106400|  53200|    0|
+-----------------+---------+-------+--------+-------+-----+
|Utilization (%)  |        0|      5|       2|      9|    0|
+-----------------+---------+-------+--------+-------+-----+

+ Detail: 
    * Instance: 
    +-------------------------+----------------------+---------+-------+-----+-----+-----+
    |         Instance        |        Module        | BRAM_18K| DSP48E|  FF | LUT | URAM|
    +-------------------------+----------------------+---------+-------+-----+-----+-----+
    |hopfield_routing_bkb_U1  |hopfield_routing_bkb  |        0|      2|  205|  390|    0|
    |hopfield_routing_cud_U2  |hopfield_routing_cud  |        0|      3|  143|  321|    0|
    |hopfield_routing_dEe_U3  |hopfield_routing_dEe  |        0|      0|  761|  994|    0|
    |hopfield_routing_eOg_U4  |hopfield_routing_eOg  |        0|      0|  340|  554|    0|
    |hopfield_routing_eOg_U5  |hopfield_routing_eOg  |        0|      0|  340|  554|    0|
    |hopfield_routing_eOg_U6  |hopfield_routing_eOg  |        0|      0|  340|  554|    0|
    |hopfield_routing_fYi_U7  |hopfield_routing_fYi  |        0|      7|  277|  924|    0|
    +-------------------------+----------------------+---------+-------+-----+-----+-----+
    |Total                    |                      |        0|     12| 2406| 4291|    0|
    +-------------------------+----------------------+---------+-------+-----+-----+-----+

    * DSP48E: 
    N/A

    * Memory: 
    N/A

    * FIFO: 
    N/A

    * Expression: 
    +---------------------+----------+-------+---+----+------------+------------+
    |    Variable Name    | Operation| DSP48E| FF| LUT| Bitwidth P0| Bitwidth P1|
    +---------------------+----------+-------+---+----+------------+------------+
    |add_ln25_fu_355_p2   |     +    |      0|  0|  15|           6|           6|
    |add_ln27_fu_388_p2   |     +    |      0|  0|  15|           6|           6|
    |add_ln43_fu_512_p2   |     +    |      0|  0|  15|           6|           6|
    |add_ln47_fu_481_p2   |     +    |      0|  0|  15|           6|           6|
    |i_2_fu_447_p2        |     +    |      0|  0|  13|           4|           1|
    |i_fu_376_p2          |     +    |      0|  0|  13|           4|           1|
    |j_fu_500_p2          |     +    |      0|  0|  13|           4|           1|
    |x_2_fu_419_p2        |     +    |      0|  0|  13|           4|           1|
    |x_fu_337_p2          |     +    |      0|  0|  13|           4|           1|
    |y_fu_463_p2          |     +    |      0|  0|  13|           4|           1|
    |icmp_ln19_fu_331_p2  |   icmp   |      0|  0|  11|           4|           5|
    |icmp_ln21_fu_370_p2  |   icmp   |      0|  0|  11|           4|           5|
    |icmp_ln23_fu_382_p2  |   icmp   |      0|  0|   9|           4|           4|
    |icmp_ln32_fu_413_p2  |   icmp   |      0|  0|  11|           4|           5|
    |icmp_ln34_fu_441_p2  |   icmp   |      0|  0|  11|           4|           5|
    |icmp_ln37_fu_457_p2  |   icmp   |      0|  0|  11|           4|           5|
    |icmp_ln39_fu_494_p2  |   icmp   |      0|  0|  11|           4|           5|
    |icmp_ln41_fu_506_p2  |   icmp   |      0|  0|   9|           4|           4|
    |aux_2_fu_535_p3      |  select  |      0|  0|  32|           1|          32|
    |xor_ln27_fu_402_p2   |    xor   |      0|  0|  33|          32|          33|
    +---------------------+----------+-------+---+----+------------+------------+
    |Total                |          |      0|  0| 287|         113|         133|
    +---------------------+----------+-------+---+----+------------+------------+

    * Multiplexer: 
    +-------------------+-----+-----------+-----+-----------+
    |        Name       | LUT | Input Size| Bits| Total Bits|
    +-------------------+-----+-----------+-----+-----------+
    |U_1_address0       |   15|          3|    6|         18|
    |V_address0         |   21|          4|    6|         24|
    |V_d0               |   15|          3|   32|         96|
    |ap_NS_fsm          |  373|         85|    1|         85|
    |aux_0_reg_237      |    9|          2|   32|         64|
    |aux_1_reg_260      |    9|          2|   32|         64|
    |grp_fu_272_opcode  |   15|          3|    2|          6|
    |grp_fu_272_p0      |   27|          5|   32|        160|
    |grp_fu_272_p1      |   21|          4|   32|        128|
    |grp_fu_278_p0      |   33|          6|   32|        192|
    |grp_fu_278_p1      |   33|          6|   32|        192|
    |grp_fu_288_p0      |   15|          3|   32|         96|
    |i_0_reg_192        |    9|          2|    4|          8|
    |i_1_reg_214        |    9|          2|    4|          8|
    |j_0_reg_249        |    9|          2|    4|          8|
    |x_0_reg_180        |    9|          2|    4|          8|
    |x_1_reg_203        |    9|          2|    4|          8|
    |y_0_reg_225        |    9|          2|    4|          8|
    +-------------------+-----+-----------+-----+-----------+
    |Total              |  640|        138|  295|       1173|
    +-------------------+-----+-----------+-----+-----------+

    * Register: 
    +--------------------+----+----+-----+-----------+
    |        Name        | FF | LUT| Bits| Const Bits|
    +--------------------+----+----+-----+-----------+
    |I_load_reg_746      |  32|   0|   32|          0|
    |T_load_reg_711      |  32|   0|   32|          0|
    |U_2_load_reg_726    |  32|   0|   32|          0|
    |V_addr_reg_575      |   6|   0|    6|          0|
    |V_load_reg_716      |  32|   0|   32|          0|
    |ap_CS_fsm           |  84|   0|   84|          0|
    |aux_0_reg_237       |  32|   0|   32|          0|
    |aux_1_reg_260       |  32|   0|   32|          0|
    |i_0_reg_192         |   4|   0|    4|          0|
    |i_1_reg_214         |   4|   0|    4|          0|
    |i_2_reg_653         |   4|   0|    4|          0|
    |i_reg_583           |   4|   0|    4|          0|
    |icmp_ln23_reg_588   |   1|   0|    1|          0|
    |icmp_ln41_reg_696   |   1|   0|    1|          0|
    |j_0_reg_249         |   4|   0|    4|          0|
    |j_reg_691           |   4|   0|    4|          0|
    |reg_303             |  32|   0|   32|          0|
    |reg_309             |  32|   0|   32|          0|
    |reg_314             |  32|   0|   32|          0|
    |reg_320             |  32|   0|   32|          0|
    |shl_ln1_reg_640     |   3|   0|    6|          3|
    |shl_ln2_reg_671     |   3|   0|    6|          3|
    |shl_ln_reg_570      |   3|   0|    6|          3|
    |tmp_2_reg_617       |  32|   0|   32|          0|
    |tmp_3_reg_622       |  32|   0|   32|          0|
    |tmp_8_reg_612       |  32|   0|   32|          0|
    |tmp_9_reg_736       |  32|   0|   32|          0|
    |tmp_i_i_reg_607     |  32|   0|   32|          0|
    |trunc_ln43_reg_658  |   3|   0|    3|          0|
    |trunc_ln47_reg_635  |   3|   0|    3|          0|
    |x_0_reg_180         |   4|   0|    4|          0|
    |x_1_reg_203         |   4|   0|    4|          0|
    |x_2_reg_630         |   4|   0|    4|          0|
    |x_reg_565           |   4|   0|    4|          0|
    |y_0_reg_225         |   4|   0|    4|          0|
    |y_reg_666           |   4|   0|    4|          0|
    |zext_ln27_reg_592   |   6|   0|   64|         58|
    |zext_ln34_reg_645   |   4|   0|    6|          2|
    |zext_ln47_reg_676   |   6|   0|   64|         58|
    +--------------------+----+----+-----+-----------+
    |Total               | 651|   0|  778|        127|
    +--------------------+----+----+-----+-----------+



================================================================
== Interface
================================================================
* Summary: 
+--------------+-----+-----+------------+------------------+--------------+
|   RTL Ports  | Dir | Bits|  Protocol  |   Source Object  |    C Type    |
+--------------+-----+-----+------------+------------------+--------------+
|ap_clk        |  in |    1| ap_ctrl_hs | hopfield_routing | return value |
|ap_rst        |  in |    1| ap_ctrl_hs | hopfield_routing | return value |
|ap_start      |  in |    1| ap_ctrl_hs | hopfield_routing | return value |
|ap_done       | out |    1| ap_ctrl_hs | hopfield_routing | return value |
|ap_idle       | out |    1| ap_ctrl_hs | hopfield_routing | return value |
|ap_ready      | out |    1| ap_ctrl_hs | hopfield_routing | return value |
|V_address0    | out |    6|  ap_memory |         V        |     array    |
|V_ce0         | out |    1|  ap_memory |         V        |     array    |
|V_we0         | out |    1|  ap_memory |         V        |     array    |
|V_d0          | out |   32|  ap_memory |         V        |     array    |
|V_q0          |  in |   32|  ap_memory |         V        |     array    |
|U_0_address0  | out |    6|  ap_memory |        U_0       |     array    |
|U_0_ce0       | out |    1|  ap_memory |        U_0       |     array    |
|U_0_we0       | out |    1|  ap_memory |        U_0       |     array    |
|U_0_d0        | out |   32|  ap_memory |        U_0       |     array    |
|U_1_address0  | out |    6|  ap_memory |        U_1       |     array    |
|U_1_ce0       | out |    1|  ap_memory |        U_1       |     array    |
|U_1_q0        |  in |   32|  ap_memory |        U_1       |     array    |
|U_2_address0  | out |    6|  ap_memory |        U_2       |     array    |
|U_2_ce0       | out |    1|  ap_memory |        U_2       |     array    |
|U_2_q0        |  in |   32|  ap_memory |        U_2       |     array    |
|I_address0    | out |    6|  ap_memory |         I        |     array    |
|I_ce0         | out |    1|  ap_memory |         I        |     array    |
|I_q0          |  in |   32|  ap_memory |         I        |     array    |
|T_address0    | out |   12|  ap_memory |         T        |     array    |
|T_ce0         | out |    1|  ap_memory |         T        |     array    |
|T_q0          |  in |   32|  ap_memory |         T        |     array    |
|A             |  in |   32|   ap_none  |         A        |    scalar    |
|B             |  in |   32|   ap_none  |         B        |    scalar    |
|C             |  in |   32|   ap_none  |         C        |    scalar    |
|l             |  in |   32|   ap_none  |         l        |    scalar    |
+--------------+-----+-----+------------+------------------+--------------+

