#-----------------------------------------------------------
# Vivado v2016.4 (64-bit)
# SW Build 1756540 on Mon Jan 23 19:11:23 MST 2017
# IP Build 1755317 on Mon Jan 23 20:30:07 MST 2017
# Start of session at: Sat Jul 28 16:57:14 2018
# Process ID: 3516
# Current directory: C:/Users/caos1/Desktop/AgustinSilva/Tesis/Definitivo/VQFTAXIBUS/solution1/.autopilot/db/ip_tmp
# Command line: vivado.exe  -notrace -mode batch -source run_vivado.tcl
# Log file: C:/Users/caos1/Desktop/AgustinSilva/Tesis/Definitivo/VQFTAXIBUS/solution1/.autopilot/db/ip_tmp/vivado.log
# Journal file: C:/Users/caos1/Desktop/AgustinSilva/Tesis/Definitivo/VQFTAXIBUS/solution1/.autopilot/db/ip_tmp\vivado.jou
#-----------------------------------------------------------
source run_vivado.tcl -notrace
INFO: [ProjectBase 1-489] The host OS only allows 260 characters in a normal path. The project is stored in a path with more than 80 characters. If you experience issues with IP, Block Designs, or files not being found, please consider moving the project to a location with a shorter path. Alternately consider using the OS subst command to map part of the path to a drive letter.
Current project path is 'C:/Users/caos1/Desktop/AgustinSilva/Tesis/Definitivo/VQFTAXIBUS/solution1/.autopilot/db/ip_tmp'
INFO: [IP_Flow 19-234] Refreshing IP repositories
INFO: [IP_Flow 19-1704] No user IP repositories specified
INFO: [IP_Flow 19-2313] Loaded Vivado IP repository 'C:/Xilinx/Vivado/2016.4/data/ip'.
WARNING: [IP_Flow 19-4832] The IP name 'VQFTAXIBUS_ap_faddfsub_3_full_dsp_32' you have specified is long. The Windows operating system has path length limitations. It is recommended you use shorter names to reduce the likelihood of issues.
create_ip: Time (s): cpu = 00:00:04 ; elapsed = 00:00:05 . Memory (MB): peak = 283.020 ; gain = 29.566
INFO: [IP_Flow 19-1686] Generating 'Synthesis' target for IP 'VQFTAXIBUS_ap_faddfsub_3_full_dsp_32'...
INFO: [IP_Flow 19-1686] Generating 'Simulation' target for IP 'VQFTAXIBUS_ap_faddfsub_3_full_dsp_32'...
WARNING: [IP_Flow 19-4832] The IP name 'VQFTAXIBUS_ap_fmul_2_max_dsp_32' you have specified is long. The Windows operating system has path length limitations. It is recommended you use shorter names to reduce the likelihood of issues.
INFO: [IP_Flow 19-1686] Generating 'Synthesis' target for IP 'VQFTAXIBUS_ap_fmul_2_max_dsp_32'...
INFO: [IP_Flow 19-1686] Generating 'Simulation' target for IP 'VQFTAXIBUS_ap_fmul_2_max_dsp_32'...
INFO: [Common 17-206] Exiting Vivado at Sat Jul 28 16:57:37 2018...
