Copyright 1986-2021 Xilinx, Inc. All Rights Reserved.
---------------------------------------------------------------------------------------------
| Tool Version : Vivado v.2021.2 (lin64) Build 3367213 Tue Oct 19 02:47:39 MDT 2021
| Date         : Tue Jan 25 18:49:32 2022
| Host         : agustinsilva447-Lenovo-G50-80 running 64-bit Ubuntu 20.04.3 LTS
| Command      : report_control_sets -verbose -file design_1_wrapper_control_sets_placed.rpt
| Design       : design_1_wrapper
| Device       : xc7z020
---------------------------------------------------------------------------------------------

Control Set Information

Table of Contents
-----------------
1. Summary
2. Histogram
3. Flip-Flop Distribution
4. Detailed Control Set Information

1. Summary
----------

+----------------------------------------------------------+-------+
|                          Status                          | Count |
+----------------------------------------------------------+-------+
| Total control sets                                       |   108 |
|    Minimum number of control sets                        |   108 |
|    Addition due to synthesis replication                 |     0 |
|    Addition due to physical synthesis replication        |     0 |
| Unused register locations in slices containing registers |   451 |
+----------------------------------------------------------+-------+
* Control sets can be merged at opt_design using control_set_merge or merge_equivalent_drivers
** Run report_qor_suggestions for automated merging and remapping suggestions


2. Histogram
------------

+--------------------+-------+
|       Fanout       | Count |
+--------------------+-------+
| Total control sets |   108 |
| >= 0 to < 4        |    41 |
| >= 4 to < 6        |    30 |
| >= 6 to < 8        |     4 |
| >= 8 to < 10       |     6 |
| >= 10 to < 12      |     2 |
| >= 12 to < 14      |     2 |
| >= 14 to < 16      |     2 |
| >= 16              |    21 |
+--------------------+-------+
* Control sets can be remapped at either synth_design or opt_design


3. Flip-Flop Distribution
-------------------------

+--------------+-----------------------+------------------------+-----------------+--------------+
| Clock Enable | Synchronous Set/Reset | Asynchronous Set/Reset | Total Registers | Total Slices |
+--------------+-----------------------+------------------------+-----------------+--------------+
| No           | No                    | No                     |             277 |          111 |
| No           | No                    | Yes                    |              14 |            9 |
| No           | Yes                   | No                     |              98 |           38 |
| Yes          | No                    | No                     |             427 |           98 |
| Yes          | No                    | Yes                    |              49 |           16 |
| Yes          | Yes                   | No                     |              76 |           30 |
+--------------+-----------------------+------------------------+-----------------+--------------+


4. Detailed Control Set Information
-----------------------------------

+----------------------------------------------------------+----------------------------------------------------------------------------------------------------------------------------------------------------------------+-------------------------------------------------------------------------------------------------------------------------------------------------------+------------------+----------------+--------------+
|                       Clock Signal                       |                                                                          Enable Signal                                                                         |                                                                    Set/Reset Signal                                                                   | Slice Load Count | Bel Load Count | Bels / Slice |
+----------------------------------------------------------+----------------------------------------------------------------------------------------------------------------------------------------------------------------+-------------------------------------------------------------------------------------------------------------------------------------------------------+------------------+----------------+--------------+
|  design_1_i/fsm_block_6/U0/ce_reg_i_1_n_0                |                                                                                                                                                                |                                                                                                                                                       |                1 |              1 |         1.00 |
|  design_1_i/fsm_block_2/U0/acks_out                      |                                                                                                                                                                |                                                                                                                                                       |                1 |              1 |         1.00 |
|  design_1_i/fsm_block_3/U0/acks_out                      |                                                                                                                                                                |                                                                                                                                                       |                1 |              1 |         1.00 |
|  design_1_i/fsm_block_3/U0/ce_reg_i_1_n_0                |                                                                                                                                                                |                                                                                                                                                       |                1 |              1 |         1.00 |
|  design_1_i/processing_system7_0/inst/FCLK_CLK0          | design_1_i/fsm_block_1/U0/logic/j0                                                                                                                             | design_1_i/fsm_block_1/U0/reset_control                                                                                                               |                1 |              1 |         1.00 |
|  design_1_i/fsm_block_3/U0/logic/FSM_onehot_state_reg[2] |                                                                                                                                                                |                                                                                                                                                       |                1 |              1 |         1.00 |
|  design_1_i/fsm_block_5/U0/acks_out                      |                                                                                                                                                                |                                                                                                                                                       |                1 |              1 |         1.00 |
|  design_1_i/fsm_block_3/U0/reset_control_reg_i_2_n_0     |                                                                                                                                                                |                                                                                                                                                       |                1 |              1 |         1.00 |
|  design_1_i/fsm_block_1/U0/reset_control_reg_i_2_n_0     |                                                                                                                                                                |                                                                                                                                                       |                1 |              1 |         1.00 |
|  design_1_i/fsm_block_2/U0/logic/FSM_onehot_state_reg[2] |                                                                                                                                                                |                                                                                                                                                       |                1 |              1 |         1.00 |
|  design_1_i/fsm_block_5/U0/logic/FSM_onehot_state_reg[2] |                                                                                                                                                                |                                                                                                                                                       |                1 |              1 |         1.00 |
|  design_1_i/fsm_block_6/U0/reset_control_reg_i_2_n_0     |                                                                                                                                                                |                                                                                                                                                       |                1 |              1 |         1.00 |
|  design_1_i/fsm_block_6/U0/acks_out                      |                                                                                                                                                                |                                                                                                                                                       |                1 |              1 |         1.00 |
|  design_1_i/processing_system7_0/inst/FCLK_CLK0          | design_1_i/ps7_0_axi_periph/s00_couplers/auto_pc/inst/gen_axilite.gen_b2s_conv.axilite_b2s/WR.aw_channel_0/aw_cmd_fsm_0/FSM_sequential_state_reg[0]_1          | design_1_i/ps7_0_axi_periph/s00_couplers/auto_pc/inst/gen_axilite.gen_b2s_conv.axilite_b2s/WR.aw_channel_0/aw_cmd_fsm_0/FSM_sequential_state_reg[0]_0 |                1 |              1 |         1.00 |
|  design_1_i/fsm_block_4/U0/reset_control_reg_i_2_n_0     |                                                                                                                                                                |                                                                                                                                                       |                1 |              1 |         1.00 |
|  design_1_i/fsm_block_6/U0/logic/FSM_onehot_state_reg[2] |                                                                                                                                                                |                                                                                                                                                       |                1 |              1 |         1.00 |
|  design_1_i/fsm_block_1/U0/ce_reg_i_1_n_0                |                                                                                                                                                                |                                                                                                                                                       |                1 |              1 |         1.00 |
|  design_1_i/fsm_block_4/U0/ce_reg_i_1_n_0                |                                                                                                                                                                |                                                                                                                                                       |                1 |              1 |         1.00 |
|  design_1_i/fsm_block_2/U0/ce_reg_i_1_n_0                |                                                                                                                                                                |                                                                                                                                                       |                1 |              1 |         1.00 |
|  design_1_i/fsm_block_4/U0/logic/FSM_onehot_state_reg[2] |                                                                                                                                                                |                                                                                                                                                       |                1 |              1 |         1.00 |
|  design_1_i/fsm_block_2/U0/reset_control_reg_i_2_n_0     |                                                                                                                                                                |                                                                                                                                                       |                1 |              1 |         1.00 |
|  design_1_i/fsm_block_1/U0/acks_out                      |                                                                                                                                                                |                                                                                                                                                       |                1 |              1 |         1.00 |
|  design_1_i/fsm_block_1/U0/logic/FSM_onehot_state_reg[2] |                                                                                                                                                                |                                                                                                                                                       |                1 |              1 |         1.00 |
|  design_1_i/fsm_block_5/U0/ce_reg_i_1_n_0                |                                                                                                                                                                |                                                                                                                                                       |                1 |              1 |         1.00 |
|  design_1_i/fsm_block_7/U0/logic/FSM_onehot_state_reg[2] |                                                                                                                                                                |                                                                                                                                                       |                1 |              1 |         1.00 |
|  design_1_i/fsm_block_5/U0/reset_control_reg_i_2_n_0     |                                                                                                                                                                |                                                                                                                                                       |                1 |              1 |         1.00 |
|  design_1_i/fsm_block_4/U0/acks_out                      |                                                                                                                                                                |                                                                                                                                                       |                1 |              1 |         1.00 |
|  design_1_i/fsm_block_7/U0/reset_control_reg_i_2_n_0     |                                                                                                                                                                |                                                                                                                                                       |                1 |              1 |         1.00 |
|  design_1_i/fsm_block_7/U0/acks_out                      |                                                                                                                                                                |                                                                                                                                                       |                1 |              1 |         1.00 |
|  design_1_i/fsm_block_7/U0/ce_reg_i_1_n_0                |                                                                                                                                                                |                                                                                                                                                       |                1 |              1 |         1.00 |
|  design_1_i/processing_system7_0/inst/FCLK_CLK0          |                                                                                                                                                                | design_1_i/fsm_block_7/U0/reset_control                                                                                                               |                1 |              2 |         2.00 |
|  design_1_i/processing_system7_0/inst/FCLK_CLK0          |                                                                                                                                                                | design_1_i/fsm_block_3/U0/reset_control                                                                                                               |                1 |              2 |         2.00 |
|  design_1_i/processing_system7_0/inst/FCLK_CLK0          | design_1_i/ps7_0_axi_periph/s00_couplers/auto_pc/inst/gen_axilite.gen_b2s_conv.axilite_b2s/WR.b_channel_0/bid_fifo_0/sel                                       |                                                                                                                                                       |                1 |              2 |         2.00 |
|  design_1_i/processing_system7_0/inst/FCLK_CLK0          |                                                                                                                                                                | design_1_i/fsm_block_4/U0/reset_control                                                                                                               |                2 |              2 |         1.00 |
|  design_1_i/processing_system7_0/inst/FCLK_CLK0          |                                                                                                                                                                | design_1_i/fsm_block_1/U0/reset_control                                                                                                               |                2 |              2 |         1.00 |
|  design_1_i/processing_system7_0/inst/FCLK_CLK0          |                                                                                                                                                                | design_1_i/fsm_block_2/U0/reset_control                                                                                                               |                1 |              2 |         2.00 |
|  design_1_i/processing_system7_0/inst/FCLK_CLK0          |                                                                                                                                                                | design_1_i/fsm_block_5/U0/reset_control                                                                                                               |                1 |              2 |         2.00 |
|  design_1_i/processing_system7_0/inst/FCLK_CLK0          | design_1_i/fsm_block_2/U0/logic/j0                                                                                                                             | design_1_i/fsm_block_2/U0/reset_control                                                                                                               |                2 |              2 |         1.00 |
|  design_1_i/processing_system7_0/inst/FCLK_CLK0          |                                                                                                                                                                | design_1_i/fsm_block_6/U0/reset_control                                                                                                               |                1 |              2 |         2.00 |
|  design_1_i/processing_system7_0/inst/FCLK_CLK0          | design_1_i/fsm_block_3/U0/logic/j0                                                                                                                             | design_1_i/fsm_block_3/U0/reset_control                                                                                                               |                1 |              3 |         3.00 |
|  design_1_i/processing_system7_0/inst/FCLK_CLK0          | design_1_i/fsm_block_4/U0/logic/j0                                                                                                                             | design_1_i/fsm_block_4/U0/reset_control                                                                                                               |                1 |              3 |         3.00 |
|  design_1_i/fsm_block_6/U0/dut/count_reg_reg[3]_i_2_n_0  |                                                                                                                                                                | design_1_i/fsm_block_6/U0/dut/AR[0]                                                                                                                   |                1 |              4 |         4.00 |
|  design_1_i/fsm_block_3/U0/dut/count_reg_reg[3]_i_2_n_0  |                                                                                                                                                                | design_1_i/fsm_block_3/U0/dut/AR[0]                                                                                                                   |                1 |              4 |         4.00 |
|  design_1_i/fsm_block_2/U0/dut/count_reg_reg[3]_i_2_n_0  |                                                                                                                                                                | design_1_i/fsm_block_2/U0/dut/AR[0]                                                                                                                   |                1 |              4 |         4.00 |
|  design_1_i/fsm_block_5/U0/dut/count_reg_reg[3]_i_2_n_0  |                                                                                                                                                                | design_1_i/fsm_block_5/U0/dut/AR[0]                                                                                                                   |                1 |              4 |         4.00 |
|  design_1_i/fsm_block_7/U0/dut/count_reg_reg[3]_i_2_n_0  |                                                                                                                                                                | design_1_i/fsm_block_7/U0/dut/AR[0]                                                                                                                   |                1 |              4 |         4.00 |
|  design_1_i/processing_system7_0/inst/FCLK_CLK0          | design_1_i/fsm_block_7/U0/logic/count                                                                                                                          | design_1_i/fsm_block_7/U0/reset_control                                                                                                               |                1 |              4 |         4.00 |
|  design_1_i/processing_system7_0/inst/FCLK_CLK0          | design_1_i/fsm_block_7/U0/logic/j0                                                                                                                             | design_1_i/fsm_block_7/U0/reset_control                                                                                                               |                2 |              4 |         2.00 |
|  design_1_i/processing_system7_0/inst/FCLK_CLK0          | design_1_i/fsm_block_5/U0/logic/count                                                                                                                          | design_1_i/fsm_block_5/U0/reset_control                                                                                                               |                1 |              4 |         4.00 |
|  design_1_i/processing_system7_0/inst/FCLK_CLK0          | design_1_i/fsm_block_6/U0/logic/count                                                                                                                          | design_1_i/fsm_block_6/U0/reset_control                                                                                                               |                1 |              4 |         4.00 |
|  design_1_i/processing_system7_0/inst/FCLK_CLK0          | design_1_i/fsm_block_5/U0/logic/j0                                                                                                                             | design_1_i/fsm_block_5/U0/reset_control                                                                                                               |                1 |              4 |         4.00 |
|  design_1_i/processing_system7_0/inst/FCLK_CLK0          | design_1_i/fsm_block_4/U0/logic/count                                                                                                                          | design_1_i/fsm_block_4/U0/reset_control                                                                                                               |                1 |              4 |         4.00 |
|  design_1_i/fsm_block_1/U0/dut/count_reg_reg[3]_i_2_n_0  |                                                                                                                                                                | design_1_i/fsm_block_1/U0/dut/AR[0]                                                                                                                   |                1 |              4 |         4.00 |
|  design_1_i/fsm_block_4/U0/dut/count_reg_reg[3]_i_2_n_0  |                                                                                                                                                                | design_1_i/fsm_block_4/U0/dut/AR[0]                                                                                                                   |                1 |              4 |         4.00 |
|  design_1_i/processing_system7_0/inst/FCLK_CLK0          |                                                                                                                                                                | design_1_i/rst_ps7_0_100M/U0/EXT_LPF/lpf_int                                                                                                          |                2 |              4 |         2.00 |
|  design_1_i/processing_system7_0/inst/FCLK_CLK0          |                                                                                                                                                                | design_1_i/ps7_0_axi_periph/s00_couplers/auto_pc/inst/gen_axilite.gen_b2s_conv.axilite_b2s/SI_REG/aw.aw_pipe/aresetn_d_reg[0]_0                       |                3 |              4 |         1.33 |
|  design_1_i/processing_system7_0/inst/FCLK_CLK0          |                                                                                                                                                                | design_1_i/ps7_0_axi_periph/s00_couplers/auto_pc/inst/gen_axilite.gen_b2s_conv.axilite_b2s/SI_REG/ar.ar_pipe/aresetn_d_reg[1]_inv_0                   |                3 |              4 |         1.33 |
|  design_1_i/processing_system7_0/inst/FCLK_CLK0          | design_1_i/ps7_0_axi_periph/s00_couplers/auto_pc/inst/gen_axilite.gen_b2s_conv.axilite_b2s/RD.ar_channel_0/ar_cmd_fsm_0/m_axi_arready_2                        | design_1_i/ps7_0_axi_periph/s00_couplers/auto_pc/inst/gen_axilite.gen_b2s_conv.axilite_b2s/RD.ar_channel_0/ar_cmd_fsm_0/FSM_sequential_state_reg[1]_0 |                2 |              4 |         2.00 |
|  design_1_i/processing_system7_0/inst/FCLK_CLK0          | design_1_i/fsm_block_3/U0/logic/count                                                                                                                          | design_1_i/fsm_block_3/U0/reset_control                                                                                                               |                1 |              4 |         4.00 |
|  design_1_i/processing_system7_0/inst/FCLK_CLK0          | design_1_i/fsm_block_1/U0/dut/E[0]                                                                                                                             | design_1_i/fsm_block_1/U0/reset_control                                                                                                               |                1 |              4 |         4.00 |
|  design_1_i/processing_system7_0/inst/FCLK_CLK0          | design_1_i/fsm_block_2/U0/logic/count                                                                                                                          | design_1_i/fsm_block_2/U0/reset_control                                                                                                               |                1 |              4 |         4.00 |
|  design_1_i/processing_system7_0/inst/FCLK_CLK0          | design_1_i/fsm_block_6/U0/logic/j0                                                                                                                             | design_1_i/fsm_block_6/U0/reset_control                                                                                                               |                1 |              4 |         4.00 |
|  design_1_i/processing_system7_0/inst/FCLK_CLK0          | design_1_i/fsm_block_5/U0/logic/E[0]                                                                                                                           | design_1_i/fsm_block_5/U0/dut/AR[0]                                                                                                                   |                1 |              5 |         5.00 |
|  design_1_i/processing_system7_0/inst/FCLK_CLK0          | design_1_i/fsm_block_1/U0/logic/E[0]                                                                                                                           | design_1_i/fsm_block_1/U0/dut/AR[0]                                                                                                                   |                2 |              5 |         2.50 |
|  design_1_i/processing_system7_0/inst/FCLK_CLK0          | design_1_i/fsm_block_2/U0/logic/E[0]                                                                                                                           | design_1_i/fsm_block_2/U0/dut/AR[0]                                                                                                                   |                3 |              5 |         1.67 |
|  design_1_i/processing_system7_0/inst/FCLK_CLK0          | design_1_i/fsm_block_4/U0/logic/E[0]                                                                                                                           | design_1_i/fsm_block_4/U0/dut/AR[0]                                                                                                                   |                2 |              5 |         2.50 |
|  design_1_i/processing_system7_0/inst/FCLK_CLK0          | design_1_i/fsm_block_7/U0/logic/E[0]                                                                                                                           | design_1_i/fsm_block_7/U0/dut/AR[0]                                                                                                                   |                3 |              5 |         1.67 |
|  design_1_i/processing_system7_0/inst/FCLK_CLK0          | design_1_i/fsm_block_3/U0/logic/E[0]                                                                                                                           | design_1_i/fsm_block_3/U0/dut/AR[0]                                                                                                                   |                3 |              5 |         1.67 |
|  design_1_i/processing_system7_0/inst/FCLK_CLK0          | design_1_i/ps7_0_axi_periph/s00_couplers/auto_pc/inst/gen_axilite.gen_b2s_conv.axilite_b2s/RD.r_channel_0/transaction_fifo_0/cnt_read[4]_i_1_n_0               | design_1_i/ps7_0_axi_periph/s00_couplers/auto_pc/inst/gen_axilite.gen_b2s_conv.axilite_b2s/areset_d1                                                  |                1 |              5 |         5.00 |
|  design_1_i/processing_system7_0/inst/FCLK_CLK0          | design_1_i/ps7_0_axi_periph/s00_couplers/auto_pc/inst/gen_axilite.gen_b2s_conv.axilite_b2s/RD.r_channel_0/rd_data_fifo_0/cnt_read[4]_i_1__0_n_0                | design_1_i/ps7_0_axi_periph/s00_couplers/auto_pc/inst/gen_axilite.gen_b2s_conv.axilite_b2s/areset_d1                                                  |                2 |              5 |         2.50 |
|  design_1_i/processing_system7_0/inst/FCLK_CLK0          | design_1_i/fsm_block_6/U0/logic/E[0]                                                                                                                           | design_1_i/fsm_block_6/U0/dut/AR[0]                                                                                                                   |                2 |              5 |         2.50 |
|  design_1_i/processing_system7_0/inst/FCLK_CLK0          | design_1_i/comblock_0/U0/AXIL_inst/axi_awready0                                                                                                                | design_1_i/comblock_0/U0/AXIL_inst/p_0_in                                                                                                             |                3 |              6 |         2.00 |
|  design_1_i/processing_system7_0/inst/FCLK_CLK0          | design_1_i/comblock_0/U0/AXIL_inst/axi_arready0                                                                                                                | design_1_i/comblock_0/U0/AXIL_inst/p_0_in                                                                                                             |                2 |              6 |         3.00 |
|  design_1_i/processing_system7_0/inst/FCLK_CLK0          |                                                                                                                                                                | design_1_i/comblock_0/U0/AXIL_inst/p_0_in                                                                                                             |                2 |              6 |         3.00 |
|  design_1_i/processing_system7_0/inst/FCLK_CLK0          | design_1_i/rst_ps7_0_100M/U0/SEQ/seq_cnt_en                                                                                                                    | design_1_i/rst_ps7_0_100M/U0/SEQ/SEQ_COUNTER/clear                                                                                                    |                1 |              6 |         6.00 |
|  design_1_i/processing_system7_0/inst/FCLK_CLK0          | design_1_i/ps7_0_axi_periph/s00_couplers/auto_pc/inst/gen_axilite.gen_b2s_conv.axilite_b2s/WR.b_channel_0/mhandshake_r                                         | design_1_i/ps7_0_axi_periph/s00_couplers/auto_pc/inst/gen_axilite.gen_b2s_conv.axilite_b2s/WR.b_channel_0/bid_fifo_0/SR[0]                            |                2 |              8 |         4.00 |
|  design_1_i/processing_system7_0/inst/FCLK_CLK0          | design_1_i/ps7_0_axi_periph/s00_couplers/auto_pc/inst/gen_axilite.gen_b2s_conv.axilite_b2s/WR.aw_channel_0/aw_cmd_fsm_0/m_valid_i_reg[0]                       |                                                                                                                                                       |                4 |              8 |         2.00 |
|  design_1_i/fsm_block_1/U0/asout_array[1]_0              |                                                                                                                                                                |                                                                                                                                                       |                2 |              8 |         4.00 |
|  design_1_i/processing_system7_0/inst/FCLK_CLK0          | design_1_i/ps7_0_axi_periph/s00_couplers/auto_pc/inst/gen_axilite.gen_b2s_conv.axilite_b2s/WR.aw_channel_0/cmd_translator_0/incr_cmd_0/axaddr_incr[11]_i_1_n_0 |                                                                                                                                                       |                2 |              8 |         4.00 |
|  design_1_i/processing_system7_0/inst/FCLK_CLK0          | design_1_i/ps7_0_axi_periph/s00_couplers/auto_pc/inst/gen_axilite.gen_b2s_conv.axilite_b2s/RD.ar_channel_0/ar_cmd_fsm_0/E[0]                                   |                                                                                                                                                       |                4 |              8 |         2.00 |
|  design_1_i/processing_system7_0/inst/FCLK_CLK0          | design_1_i/ps7_0_axi_periph/s00_couplers/auto_pc/inst/gen_axilite.gen_b2s_conv.axilite_b2s/RD.ar_channel_0/ar_cmd_fsm_0/sel_first_reg[0]                       |                                                                                                                                                       |                1 |              8 |         8.00 |
|  design_1_i/processing_system7_0/inst/FCLK_CLK0          |                                                                                                                                                                | design_1_i/ps7_0_axi_periph/s00_couplers/auto_pc/inst/gen_axilite.gen_b2s_conv.axilite_b2s/areset_d1                                                  |                4 |             10 |         2.50 |
| ~design_1_i/fsm_block_7/U0/ack_out                       |                                                                                                                                                                | design_1_i/comblock_0/U0/comblock_i/reg0_o[0]                                                                                                         |                3 |             10 |         3.33 |
|  design_1_i/fsm_block_2/U0/asout_array[2]_0              |                                                                                                                                                                |                                                                                                                                                       |                3 |             12 |         4.00 |
|  design_1_i/processing_system7_0/inst/FCLK_CLK0          | design_1_i/ps7_0_axi_periph/s00_couplers/auto_pc/inst/gen_axilite.gen_b2s_conv.axilite_b2s/RD.r_channel_0/r_push_r                                             |                                                                                                                                                       |                4 |             13 |         3.25 |
|  design_1_i/processing_system7_0/inst/FCLK_CLK0          | design_1_i/ps7_0_axi_periph/s00_couplers/auto_pc/inst/gen_axilite.gen_b2s_conv.axilite_b2s/SI_REG/b.b_pipe/s_ready_i_reg_0                                     |                                                                                                                                                       |                2 |             14 |         7.00 |
|  design_1_i/processing_system7_0/inst/FCLK_CLK0          | design_1_i/ps7_0_axi_periph/s00_couplers/auto_pc/inst/gen_axilite.gen_b2s_conv.axilite_b2s/SI_REG/b.b_pipe/p_1_in                                              |                                                                                                                                                       |                2 |             14 |         7.00 |
|  design_1_i/processing_system7_0/inst/FCLK_CLK0          | design_1_i/ps7_0_axi_periph/s00_couplers/auto_pc/inst/gen_axilite.gen_b2s_conv.axilite_b2s/WR.aw_channel_0/aw_cmd_fsm_0/m_axi_awready_0                        |                                                                                                                                                       |                3 |             16 |         5.33 |
|  design_1_i/fsm_block_3/U0/asout_array[3]_0              |                                                                                                                                                                |                                                                                                                                                       |                6 |             16 |         2.67 |
|  design_1_i/processing_system7_0/inst/FCLK_CLK0          | design_1_i/ps7_0_axi_periph/s00_couplers/auto_pc/inst/gen_axilite.gen_b2s_conv.axilite_b2s/RD.ar_channel_0/ar_cmd_fsm_0/m_axi_arready_2                        |                                                                                                                                                       |                7 |             17 |         2.43 |
|  design_1_i/fsm_block_4/U0/asout_array[4]_0              |                                                                                                                                                                |                                                                                                                                                       |                6 |             20 |         3.33 |
|  design_1_i/processing_system7_0/inst/FCLK_CLK0          | design_1_i/ps7_0_axi_periph/s00_couplers/auto_pc/inst/gen_axilite.gen_b2s_conv.axilite_b2s/WR.aw_channel_0/aw_cmd_fsm_0/FSM_sequential_state_reg[0]_1          |                                                                                                                                                       |                9 |             20 |         2.22 |
|  design_1_i/fsm_block_5/U0/asout_array[5]_0              |                                                                                                                                                                |                                                                                                                                                       |                9 |             24 |         2.67 |
|  design_1_i/processing_system7_0/inst/FCLK_CLK0          | design_1_i/ps7_0_axi_periph/s00_couplers/auto_pc/inst/gen_axilite.gen_b2s_conv.axilite_b2s/SI_REG/aw.aw_pipe/s_ready_i_reg_0                                   |                                                                                                                                                       |                6 |             28 |         4.67 |
|  design_1_i/processing_system7_0/inst/FCLK_CLK0          | design_1_i/ps7_0_axi_periph/s00_couplers/auto_pc/inst/gen_axilite.gen_b2s_conv.axilite_b2s/SI_REG/ar.ar_pipe/s_ready_i_reg_0                                   |                                                                                                                                                       |                9 |             28 |         3.11 |
|  design_1_i/processing_system7_0/inst/FCLK_CLK0          | design_1_i/ps7_0_axi_periph/s00_couplers/auto_pc/inst/gen_axilite.gen_b2s_conv.axilite_b2s/RD.ar_channel_0/ar_cmd_fsm_0/m_valid_i_reg[0]                       |                                                                                                                                                       |                7 |             28 |         4.00 |
|  design_1_i/fsm_block_6/U0/asout_array[6]_0              |                                                                                                                                                                |                                                                                                                                                       |               12 |             28 |         2.33 |
|  design_1_i/processing_system7_0/inst/FCLK_CLK0          | design_1_i/ps7_0_axi_periph/s00_couplers/auto_pc/inst/gen_axilite.gen_b2s_conv.axilite_b2s/WR.aw_channel_0/aw_cmd_fsm_0/E[0]                                   |                                                                                                                                                       |                4 |             28 |         7.00 |
|  design_1_i/processing_system7_0/inst/FCLK_CLK0          |                                                                                                                                                                | design_1_i/comblock_0/U0/AXIL_inst/axi_rdata[31]_i_1_n_0                                                                                              |               14 |             32 |         2.29 |
|  design_1_i/processing_system7_0/inst/FCLK_CLK0          | design_1_i/comblock_0/U0/AXIL_inst/axi_awaddr_reg[7]_2[0]                                                                                                      |                                                                                                                                                       |                6 |             32 |         5.33 |
|  design_1_i/processing_system7_0/inst/FCLK_CLK0          | design_1_i/comblock_0/U0/AXIL_inst/axi_awaddr_reg[7]_0[0]                                                                                                      |                                                                                                                                                       |                6 |             32 |         5.33 |
|  design_1_i/fsm_block_7/U0/asout_array[7]_0_BUFG         |                                                                                                                                                                |                                                                                                                                                       |               10 |             32 |         3.20 |
|  design_1_i/processing_system7_0/inst/FCLK_CLK0          | design_1_i/ps7_0_axi_periph/s00_couplers/auto_pc/inst/gen_axilite.gen_b2s_conv.axilite_b2s/RD.r_channel_0/rd_data_fifo_0/wr_en0                                |                                                                                                                                                       |                8 |             32 |         4.00 |
|  design_1_i/processing_system7_0/inst/FCLK_CLK0          | design_1_i/comblock_0/U0/AXIL_inst/axi_awaddr_reg[7]_1[0]                                                                                                      |                                                                                                                                                       |                6 |             32 |         5.33 |
|  design_1_i/processing_system7_0/inst/FCLK_CLK0          | design_1_i/comblock_0/U0/AXIL_inst/E[0]                                                                                                                        |                                                                                                                                                       |                8 |             32 |         4.00 |
|  design_1_i/processing_system7_0/inst/FCLK_CLK0          | design_1_i/ps7_0_axi_periph/s00_couplers/auto_pc/inst/gen_axilite.gen_b2s_conv.axilite_b2s/SI_REG/r.r_pipe/p_1_in                                              |                                                                                                                                                       |                7 |             45 |         6.43 |
|  design_1_i/processing_system7_0/inst/FCLK_CLK0          | design_1_i/ps7_0_axi_periph/s00_couplers/auto_pc/inst/gen_axilite.gen_b2s_conv.axilite_b2s/SI_REG/r.r_pipe/s_ready_i_reg_0                                     |                                                                                                                                                       |                8 |             45 |         5.62 |
|  design_1_i/processing_system7_0/inst/FCLK_CLK0          |                                                                                                                                                                |                                                                                                                                                       |               36 |            110 |         3.06 |
+----------------------------------------------------------+----------------------------------------------------------------------------------------------------------------------------------------------------------------+-------------------------------------------------------------------------------------------------------------------------------------------------------+------------------+----------------+--------------+


