
*** Running vivado
    with args -log design_1_comblock_0_0.vds -m64 -product Vivado -mode batch -messageDb vivado.pb -notrace -source design_1_comblock_0_0.tcl


****** Vivado v2021.2 (64-bit)
  **** SW Build 3367213 on Tue Oct 19 02:47:39 MDT 2021
  **** IP Build 3369179 on Thu Oct 21 08:25:16 MDT 2021
    ** Copyright 1986-2021 Xilinx, Inc. All Rights Reserved.

source design_1_comblock_0_0.tcl -notrace
create_project: Time (s): cpu = 00:00:15 ; elapsed = 00:00:24 . Memory (MB): peak = 2591.363 ; gain = 8.930 ; free physical = 4802 ; free virtual = 9537
INFO: [IP_Flow 19-234] Refreshing IP repositories
INFO: [IP_Flow 19-1700] Loaded user IP repository '/home/agustinsilva447/Descargas/pynq/core-comblock-master'.
INFO: [IP_Flow 19-2313] Loaded Vivado IP repository '/home/agustinsilva447/Vitis/Vivado/2021.2/data/ip'.
Command: synth_design -top design_1_comblock_0_0 -part xc7z020clg400-1 -mode out_of_context
Starting synth_design
Attempting to get a license for feature 'Synthesis' and/or device 'xc7z020'
INFO: [Common 17-349] Got license for feature 'Synthesis' and/or device 'xc7z020'
INFO: [Device 21-403] Loading part xc7z020clg400-1
INFO: [Synth 8-7079] Multithreading enabled for synth_design using a maximum of 4 processes.
INFO: [Synth 8-7078] Launching helper process for spawning children vivado processes
INFO: [Synth 8-7075] Helper process launched with PID 30291
---------------------------------------------------------------------------------
Starting RTL Elaboration : Time (s): cpu = 00:00:10 ; elapsed = 00:00:22 . Memory (MB): peak = 2591.652 ; gain = 0.000 ; free physical = 652 ; free virtual = 5397
---------------------------------------------------------------------------------
INFO: [Synth 8-638] synthesizing module 'design_1_comblock_0_0' [/home/agustinsilva447/Escritorio/Github/FPGA/pynq/pynq_nqueens_4/pynq_nqueens_4.gen/sources_1/bd/design_1/ip/design_1_comblock_0_0/synth/design_1_comblock_0_0.vhd:88]
	Parameter REGS_IN_ENA bound to: 1 - type: bool 
	Parameter REGS_IN_DWIDTH bound to: 32 - type: integer 
	Parameter REGS_IN_DEPTH bound to: 3 - type: integer 
	Parameter REGS_OUT_ENA bound to: 1 - type: bool 
	Parameter REGS_OUT_DWIDTH bound to: 32 - type: integer 
	Parameter REGS_OUT_DEPTH bound to: 3 - type: integer 
	Parameter DRAM_IO_ENA bound to: 0 - type: bool 
	Parameter DRAM_IO_DWIDTH bound to: 16 - type: integer 
	Parameter DRAM_IO_AWIDTH bound to: 16 - type: integer 
	Parameter DRAM_IO_DEPTH bound to: 0 - type: integer 
	Parameter FIFO_IN_ENA bound to: 0 - type: bool 
	Parameter FIFO_IN_DWIDTH bound to: 16 - type: integer 
	Parameter FIFO_IN_DEPTH bound to: 1024 - type: integer 
	Parameter FIFO_IN_AFOFFSET bound to: 1 - type: integer 
	Parameter FIFO_IN_AEOFFSET bound to: 1 - type: integer 
	Parameter FIFO_OUT_ENA bound to: 0 - type: bool 
	Parameter FIFO_OUT_DWIDTH bound to: 16 - type: integer 
	Parameter FIFO_OUT_DEPTH bound to: 1024 - type: integer 
	Parameter FIFO_OUT_AFOFFSET bound to: 1 - type: integer 
	Parameter FIFO_OUT_AEOFFSET bound to: 1 - type: integer 
	Parameter C_AXIF_ID_WIDTH bound to: 1 - type: integer 
	Parameter C_AXIF_AWUSER_WIDTH bound to: 1 - type: integer 
	Parameter C_AXIF_ARUSER_WIDTH bound to: 1 - type: integer 
	Parameter C_AXIF_WUSER_WIDTH bound to: 1 - type: integer 
	Parameter C_AXIF_RUSER_WIDTH bound to: 1 - type: integer 
	Parameter C_AXIF_BUSER_WIDTH bound to: 1 - type: integer 
INFO: [Synth 8-3491] module 'axi_comblock' declared at '/home/agustinsilva447/Escritorio/Github/FPGA/pynq/pynq_nqueens_4/pynq_nqueens_4.gen/sources_1/bd/design_1/ipshared/2cb9/hdl/axi_comblock.vhdl:17' bound to instance 'U0' of component 'axi_comblock' [/home/agustinsilva447/Escritorio/Github/FPGA/pynq/pynq_nqueens_4/pynq_nqueens_4.gen/sources_1/bd/design_1/ip/design_1_comblock_0_0/synth/design_1_comblock_0_0.vhd:280]
INFO: [Synth 8-638] synthesizing module 'axi_comblock' [/home/agustinsilva447/Escritorio/Github/FPGA/pynq/pynq_nqueens_4/pynq_nqueens_4.gen/sources_1/bd/design_1/ipshared/2cb9/hdl/axi_comblock.vhdl:186]
INFO: [Synth 8-638] synthesizing module 'AXIL' [/home/agustinsilva447/Escritorio/Github/FPGA/pynq/pynq_nqueens_4/pynq_nqueens_4.gen/sources_1/bd/design_1/ipshared/2cb9/hdl/axil.vhdl:91]
INFO: [Synth 8-256] done synthesizing module 'AXIL' (1#1) [/home/agustinsilva447/Escritorio/Github/FPGA/pynq/pynq_nqueens_4/pynq_nqueens_4.gen/sources_1/bd/design_1/ipshared/2cb9/hdl/axil.vhdl:91]
INFO: [Synth 8-638] synthesizing module 'AXIF' [/home/agustinsilva447/Escritorio/Github/FPGA/pynq/pynq_nqueens_4/pynq_nqueens_4.gen/sources_1/bd/design_1/ipshared/2cb9/hdl/axif.vhdl:173]
INFO: [Synth 8-256] done synthesizing module 'AXIF' (2#1) [/home/agustinsilva447/Escritorio/Github/FPGA/pynq/pynq_nqueens_4/pynq_nqueens_4.gen/sources_1/bd/design_1/ipshared/2cb9/hdl/axif.vhdl:173]
INFO: [Synth 8-638] synthesizing module 'ComBlock' [/home/agustinsilva447/Escritorio/Github/FPGA/pynq/pynq_nqueens_4/pynq_nqueens_4.gen/sources_1/bd/design_1/ipshared/2cb9/hdl/comblock.vhdl:125]
WARNING: [Synth 8-6014] Unused sequential element fifo_out_clear_reg was removed.  [/home/agustinsilva447/Escritorio/Github/FPGA/pynq/pynq_nqueens_4/pynq_nqueens_4.gen/sources_1/bd/design_1/ipshared/2cb9/hdl/comblock.vhdl:360]
WARNING: [Synth 8-6014] Unused sequential element fifo_in_clear_reg was removed.  [/home/agustinsilva447/Escritorio/Github/FPGA/pynq/pynq_nqueens_4/pynq_nqueens_4.gen/sources_1/bd/design_1/ipshared/2cb9/hdl/comblock.vhdl:361]
WARNING: [Synth 8-6014] Unused sequential element fifo_in_under_r_reg was removed.  [/home/agustinsilva447/Escritorio/Github/FPGA/pynq/pynq_nqueens_4/pynq_nqueens_4.gen/sources_1/bd/design_1/ipshared/2cb9/hdl/comblock.vhdl:379]
WARNING: [Synth 8-6014] Unused sequential element fifo_out_over_r_reg was removed.  [/home/agustinsilva447/Escritorio/Github/FPGA/pynq/pynq_nqueens_4/pynq_nqueens_4.gen/sources_1/bd/design_1/ipshared/2cb9/hdl/comblock.vhdl:382]
WARNING: [Synth 8-3848] Net ram_data_o in module/entity ComBlock does not have driver. [/home/agustinsilva447/Escritorio/Github/FPGA/pynq/pynq_nqueens_4/pynq_nqueens_4.gen/sources_1/bd/design_1/ipshared/2cb9/hdl/comblock.vhdl:87]
WARNING: [Synth 8-3848] Net fifo_in_full_o in module/entity ComBlock does not have driver. [/home/agustinsilva447/Escritorio/Github/FPGA/pynq/pynq_nqueens_4/pynq_nqueens_4.gen/sources_1/bd/design_1/ipshared/2cb9/hdl/comblock.vhdl:93]
WARNING: [Synth 8-3848] Net fifo_in_afull_o in module/entity ComBlock does not have driver. [/home/agustinsilva447/Escritorio/Github/FPGA/pynq/pynq_nqueens_4/pynq_nqueens_4.gen/sources_1/bd/design_1/ipshared/2cb9/hdl/comblock.vhdl:94]
WARNING: [Synth 8-3848] Net fifo_in_overflow_o in module/entity ComBlock does not have driver. [/home/agustinsilva447/Escritorio/Github/FPGA/pynq/pynq_nqueens_4/pynq_nqueens_4.gen/sources_1/bd/design_1/ipshared/2cb9/hdl/comblock.vhdl:95]
WARNING: [Synth 8-3848] Net fifo_out_data_o in module/entity ComBlock does not have driver. [/home/agustinsilva447/Escritorio/Github/FPGA/pynq/pynq_nqueens_4/pynq_nqueens_4.gen/sources_1/bd/design_1/ipshared/2cb9/hdl/comblock.vhdl:100]
WARNING: [Synth 8-3848] Net fifo_out_valid_o in module/entity ComBlock does not have driver. [/home/agustinsilva447/Escritorio/Github/FPGA/pynq/pynq_nqueens_4/pynq_nqueens_4.gen/sources_1/bd/design_1/ipshared/2cb9/hdl/comblock.vhdl:101]
WARNING: [Synth 8-3848] Net fifo_out_empty_o in module/entity ComBlock does not have driver. [/home/agustinsilva447/Escritorio/Github/FPGA/pynq/pynq_nqueens_4/pynq_nqueens_4.gen/sources_1/bd/design_1/ipshared/2cb9/hdl/comblock.vhdl:102]
WARNING: [Synth 8-3848] Net fifo_out_aempty_o in module/entity ComBlock does not have driver. [/home/agustinsilva447/Escritorio/Github/FPGA/pynq/pynq_nqueens_4/pynq_nqueens_4.gen/sources_1/bd/design_1/ipshared/2cb9/hdl/comblock.vhdl:103]
WARNING: [Synth 8-3848] Net fifo_out_underflow_o in module/entity ComBlock does not have driver. [/home/agustinsilva447/Escritorio/Github/FPGA/pynq/pynq_nqueens_4/pynq_nqueens_4.gen/sources_1/bd/design_1/ipshared/2cb9/hdl/comblock.vhdl:104]
WARNING: [Synth 8-3848] Net mem_data_o in module/entity ComBlock does not have driver. [/home/agustinsilva447/Escritorio/Github/FPGA/pynq/pynq_nqueens_4/pynq_nqueens_4.gen/sources_1/bd/design_1/ipshared/2cb9/hdl/comblock.vhdl:121]
INFO: [Synth 8-256] done synthesizing module 'ComBlock' (3#1) [/home/agustinsilva447/Escritorio/Github/FPGA/pynq/pynq_nqueens_4/pynq_nqueens_4.gen/sources_1/bd/design_1/ipshared/2cb9/hdl/comblock.vhdl:125]
INFO: [Synth 8-256] done synthesizing module 'axi_comblock' (4#1) [/home/agustinsilva447/Escritorio/Github/FPGA/pynq/pynq_nqueens_4/pynq_nqueens_4.gen/sources_1/bd/design_1/ipshared/2cb9/hdl/axi_comblock.vhdl:186]
INFO: [Synth 8-256] done synthesizing module 'design_1_comblock_0_0' (5#1) [/home/agustinsilva447/Escritorio/Github/FPGA/pynq/pynq_nqueens_4/pynq_nqueens_4.gen/sources_1/bd/design_1/ip/design_1_comblock_0_0/synth/design_1_comblock_0_0.vhd:88]
WARNING: [Synth 8-7129] Port ram_data_o[15] in module ComBlock is either unconnected or has no load
WARNING: [Synth 8-7129] Port ram_data_o[14] in module ComBlock is either unconnected or has no load
WARNING: [Synth 8-7129] Port ram_data_o[13] in module ComBlock is either unconnected or has no load
WARNING: [Synth 8-7129] Port ram_data_o[12] in module ComBlock is either unconnected or has no load
WARNING: [Synth 8-7129] Port ram_data_o[11] in module ComBlock is either unconnected or has no load
WARNING: [Synth 8-7129] Port ram_data_o[10] in module ComBlock is either unconnected or has no load
WARNING: [Synth 8-7129] Port ram_data_o[9] in module ComBlock is either unconnected or has no load
WARNING: [Synth 8-7129] Port ram_data_o[8] in module ComBlock is either unconnected or has no load
WARNING: [Synth 8-7129] Port ram_data_o[7] in module ComBlock is either unconnected or has no load
WARNING: [Synth 8-7129] Port ram_data_o[6] in module ComBlock is either unconnected or has no load
WARNING: [Synth 8-7129] Port ram_data_o[5] in module ComBlock is either unconnected or has no load
WARNING: [Synth 8-7129] Port ram_data_o[4] in module ComBlock is either unconnected or has no load
WARNING: [Synth 8-7129] Port ram_data_o[3] in module ComBlock is either unconnected or has no load
WARNING: [Synth 8-7129] Port ram_data_o[2] in module ComBlock is either unconnected or has no load
WARNING: [Synth 8-7129] Port ram_data_o[1] in module ComBlock is either unconnected or has no load
WARNING: [Synth 8-7129] Port ram_data_o[0] in module ComBlock is either unconnected or has no load
WARNING: [Synth 8-7129] Port fifo_in_full_o in module ComBlock is either unconnected or has no load
WARNING: [Synth 8-7129] Port fifo_in_afull_o in module ComBlock is either unconnected or has no load
WARNING: [Synth 8-7129] Port fifo_in_overflow_o in module ComBlock is either unconnected or has no load
WARNING: [Synth 8-7129] Port fifo_out_data_o[15] in module ComBlock is either unconnected or has no load
WARNING: [Synth 8-7129] Port fifo_out_data_o[14] in module ComBlock is either unconnected or has no load
WARNING: [Synth 8-7129] Port fifo_out_data_o[13] in module ComBlock is either unconnected or has no load
WARNING: [Synth 8-7129] Port fifo_out_data_o[12] in module ComBlock is either unconnected or has no load
WARNING: [Synth 8-7129] Port fifo_out_data_o[11] in module ComBlock is either unconnected or has no load
WARNING: [Synth 8-7129] Port fifo_out_data_o[10] in module ComBlock is either unconnected or has no load
WARNING: [Synth 8-7129] Port fifo_out_data_o[9] in module ComBlock is either unconnected or has no load
WARNING: [Synth 8-7129] Port fifo_out_data_o[8] in module ComBlock is either unconnected or has no load
WARNING: [Synth 8-7129] Port fifo_out_data_o[7] in module ComBlock is either unconnected or has no load
WARNING: [Synth 8-7129] Port fifo_out_data_o[6] in module ComBlock is either unconnected or has no load
WARNING: [Synth 8-7129] Port fifo_out_data_o[5] in module ComBlock is either unconnected or has no load
WARNING: [Synth 8-7129] Port fifo_out_data_o[4] in module ComBlock is either unconnected or has no load
WARNING: [Synth 8-7129] Port fifo_out_data_o[3] in module ComBlock is either unconnected or has no load
WARNING: [Synth 8-7129] Port fifo_out_data_o[2] in module ComBlock is either unconnected or has no load
WARNING: [Synth 8-7129] Port fifo_out_data_o[1] in module ComBlock is either unconnected or has no load
WARNING: [Synth 8-7129] Port fifo_out_data_o[0] in module ComBlock is either unconnected or has no load
WARNING: [Synth 8-7129] Port fifo_out_valid_o in module ComBlock is either unconnected or has no load
WARNING: [Synth 8-7129] Port fifo_out_empty_o in module ComBlock is either unconnected or has no load
WARNING: [Synth 8-7129] Port fifo_out_aempty_o in module ComBlock is either unconnected or has no load
WARNING: [Synth 8-7129] Port fifo_out_underflow_o in module ComBlock is either unconnected or has no load
WARNING: [Synth 8-7129] Port mem_data_o[15] in module ComBlock is either unconnected or has no load
WARNING: [Synth 8-7129] Port mem_data_o[14] in module ComBlock is either unconnected or has no load
WARNING: [Synth 8-7129] Port mem_data_o[13] in module ComBlock is either unconnected or has no load
WARNING: [Synth 8-7129] Port mem_data_o[12] in module ComBlock is either unconnected or has no load
WARNING: [Synth 8-7129] Port mem_data_o[11] in module ComBlock is either unconnected or has no load
WARNING: [Synth 8-7129] Port mem_data_o[10] in module ComBlock is either unconnected or has no load
WARNING: [Synth 8-7129] Port mem_data_o[9] in module ComBlock is either unconnected or has no load
WARNING: [Synth 8-7129] Port mem_data_o[8] in module ComBlock is either unconnected or has no load
WARNING: [Synth 8-7129] Port mem_data_o[7] in module ComBlock is either unconnected or has no load
WARNING: [Synth 8-7129] Port mem_data_o[6] in module ComBlock is either unconnected or has no load
WARNING: [Synth 8-7129] Port mem_data_o[5] in module ComBlock is either unconnected or has no load
WARNING: [Synth 8-7129] Port mem_data_o[4] in module ComBlock is either unconnected or has no load
WARNING: [Synth 8-7129] Port mem_data_o[3] in module ComBlock is either unconnected or has no load
WARNING: [Synth 8-7129] Port mem_data_o[2] in module ComBlock is either unconnected or has no load
WARNING: [Synth 8-7129] Port mem_data_o[1] in module ComBlock is either unconnected or has no load
WARNING: [Synth 8-7129] Port mem_data_o[0] in module ComBlock is either unconnected or has no load
WARNING: [Synth 8-7129] Port ram_clk_i in module ComBlock is either unconnected or has no load
WARNING: [Synth 8-7129] Port ram_we_i in module ComBlock is either unconnected or has no load
WARNING: [Synth 8-7129] Port ram_addr_i[15] in module ComBlock is either unconnected or has no load
WARNING: [Synth 8-7129] Port ram_addr_i[14] in module ComBlock is either unconnected or has no load
WARNING: [Synth 8-7129] Port ram_addr_i[13] in module ComBlock is either unconnected or has no load
WARNING: [Synth 8-7129] Port ram_addr_i[12] in module ComBlock is either unconnected or has no load
WARNING: [Synth 8-7129] Port ram_addr_i[11] in module ComBlock is either unconnected or has no load
WARNING: [Synth 8-7129] Port ram_addr_i[10] in module ComBlock is either unconnected or has no load
WARNING: [Synth 8-7129] Port ram_addr_i[9] in module ComBlock is either unconnected or has no load
WARNING: [Synth 8-7129] Port ram_addr_i[8] in module ComBlock is either unconnected or has no load
WARNING: [Synth 8-7129] Port ram_addr_i[7] in module ComBlock is either unconnected or has no load
WARNING: [Synth 8-7129] Port ram_addr_i[6] in module ComBlock is either unconnected or has no load
WARNING: [Synth 8-7129] Port ram_addr_i[5] in module ComBlock is either unconnected or has no load
WARNING: [Synth 8-7129] Port ram_addr_i[4] in module ComBlock is either unconnected or has no load
WARNING: [Synth 8-7129] Port ram_addr_i[3] in module ComBlock is either unconnected or has no load
WARNING: [Synth 8-7129] Port ram_addr_i[2] in module ComBlock is either unconnected or has no load
WARNING: [Synth 8-7129] Port ram_addr_i[1] in module ComBlock is either unconnected or has no load
WARNING: [Synth 8-7129] Port ram_addr_i[0] in module ComBlock is either unconnected or has no load
WARNING: [Synth 8-7129] Port ram_data_i[15] in module ComBlock is either unconnected or has no load
WARNING: [Synth 8-7129] Port ram_data_i[14] in module ComBlock is either unconnected or has no load
WARNING: [Synth 8-7129] Port ram_data_i[13] in module ComBlock is either unconnected or has no load
WARNING: [Synth 8-7129] Port ram_data_i[12] in module ComBlock is either unconnected or has no load
WARNING: [Synth 8-7129] Port ram_data_i[11] in module ComBlock is either unconnected or has no load
WARNING: [Synth 8-7129] Port ram_data_i[10] in module ComBlock is either unconnected or has no load
WARNING: [Synth 8-7129] Port ram_data_i[9] in module ComBlock is either unconnected or has no load
WARNING: [Synth 8-7129] Port ram_data_i[8] in module ComBlock is either unconnected or has no load
WARNING: [Synth 8-7129] Port ram_data_i[7] in module ComBlock is either unconnected or has no load
WARNING: [Synth 8-7129] Port ram_data_i[6] in module ComBlock is either unconnected or has no load
WARNING: [Synth 8-7129] Port ram_data_i[5] in module ComBlock is either unconnected or has no load
WARNING: [Synth 8-7129] Port ram_data_i[4] in module ComBlock is either unconnected or has no load
WARNING: [Synth 8-7129] Port ram_data_i[3] in module ComBlock is either unconnected or has no load
WARNING: [Synth 8-7129] Port ram_data_i[2] in module ComBlock is either unconnected or has no load
WARNING: [Synth 8-7129] Port ram_data_i[1] in module ComBlock is either unconnected or has no load
WARNING: [Synth 8-7129] Port ram_data_i[0] in module ComBlock is either unconnected or has no load
WARNING: [Synth 8-7129] Port fifo_in_clk_i in module ComBlock is either unconnected or has no load
WARNING: [Synth 8-7129] Port fifo_in_clear_i in module ComBlock is either unconnected or has no load
WARNING: [Synth 8-7129] Port fifo_in_we_i in module ComBlock is either unconnected or has no load
WARNING: [Synth 8-7129] Port fifo_in_data_i[15] in module ComBlock is either unconnected or has no load
WARNING: [Synth 8-7129] Port fifo_in_data_i[14] in module ComBlock is either unconnected or has no load
WARNING: [Synth 8-7129] Port fifo_in_data_i[13] in module ComBlock is either unconnected or has no load
WARNING: [Synth 8-7129] Port fifo_in_data_i[12] in module ComBlock is either unconnected or has no load
WARNING: [Synth 8-7129] Port fifo_in_data_i[11] in module ComBlock is either unconnected or has no load
WARNING: [Synth 8-7129] Port fifo_in_data_i[10] in module ComBlock is either unconnected or has no load
WARNING: [Synth 8-7129] Port fifo_in_data_i[9] in module ComBlock is either unconnected or has no load
WARNING: [Synth 8-7129] Port fifo_in_data_i[8] in module ComBlock is either unconnected or has no load
INFO: [Common 17-14] Message 'Synth 8-7129' appears 100 times and further instances of the messages will be disabled. Use the Tcl command set_msg_config to change the current settings.
---------------------------------------------------------------------------------
Finished RTL Elaboration : Time (s): cpu = 00:00:13 ; elapsed = 00:00:31 . Memory (MB): peak = 2591.652 ; gain = 0.000 ; free physical = 222 ; free virtual = 2987
---------------------------------------------------------------------------------
---------------------------------------------------------------------------------
Start Handling Custom Attributes
---------------------------------------------------------------------------------
---------------------------------------------------------------------------------
Finished Handling Custom Attributes : Time (s): cpu = 00:00:15 ; elapsed = 00:00:34 . Memory (MB): peak = 2591.652 ; gain = 0.000 ; free physical = 2729 ; free virtual = 5537
---------------------------------------------------------------------------------
---------------------------------------------------------------------------------
Finished RTL Optimization Phase 1 : Time (s): cpu = 00:00:15 ; elapsed = 00:00:34 . Memory (MB): peak = 2591.652 ; gain = 0.000 ; free physical = 2728 ; free virtual = 5536
---------------------------------------------------------------------------------
Netlist sorting complete. Time (s): cpu = 00:00:00.04 ; elapsed = 00:00:00.07 . Memory (MB): peak = 2591.652 ; gain = 0.000 ; free physical = 3601 ; free virtual = 6420
INFO: [Project 1-570] Preparing netlist for logic optimization

Processing XDC Constraints
Initializing timing engine
Completed Processing XDC Constraints

Netlist sorting complete. Time (s): cpu = 00:00:00 ; elapsed = 00:00:00 . Memory (MB): peak = 2623.547 ; gain = 0.000 ; free physical = 3808 ; free virtual = 6649
INFO: [Project 1-111] Unisim Transformation Summary:
No Unisim elements were transformed.

Constraint Validation Runtime : Time (s): cpu = 00:00:00.07 ; elapsed = 00:00:00.07 . Memory (MB): peak = 2623.547 ; gain = 0.000 ; free physical = 3805 ; free virtual = 6646
---------------------------------------------------------------------------------
Finished Constraint Validation : Time (s): cpu = 00:00:30 ; elapsed = 00:00:55 . Memory (MB): peak = 2623.547 ; gain = 31.895 ; free physical = 3872 ; free virtual = 6752
---------------------------------------------------------------------------------
---------------------------------------------------------------------------------
Start Loading Part and Timing Information
---------------------------------------------------------------------------------
Loading part: xc7z020clg400-1
---------------------------------------------------------------------------------
Finished Loading Part and Timing Information : Time (s): cpu = 00:00:31 ; elapsed = 00:00:55 . Memory (MB): peak = 2623.547 ; gain = 31.895 ; free physical = 3872 ; free virtual = 6752
---------------------------------------------------------------------------------
---------------------------------------------------------------------------------
Start Applying 'set_property' XDC Constraints
---------------------------------------------------------------------------------
---------------------------------------------------------------------------------
Finished applying 'set_property' XDC Constraints : Time (s): cpu = 00:00:31 ; elapsed = 00:00:55 . Memory (MB): peak = 2623.547 ; gain = 31.895 ; free physical = 3872 ; free virtual = 6752
---------------------------------------------------------------------------------
---------------------------------------------------------------------------------
Finished RTL Optimization Phase 2 : Time (s): cpu = 00:00:32 ; elapsed = 00:00:57 . Memory (MB): peak = 2623.547 ; gain = 31.895 ; free physical = 3802 ; free virtual = 6685
---------------------------------------------------------------------------------
---------------------------------------------------------------------------------
Start RTL Component Statistics 
---------------------------------------------------------------------------------
Detailed RTL Component Info : 
+---Adders : 
	   2 Input   16 Bit       Adders := 2     
	   2 Input    8 Bit       Adders := 2     
+---Registers : 
	               32 Bit    Registers := 17    
	               18 Bit    Registers := 2     
	                8 Bit    Registers := 6     
	                2 Bit    Registers := 6     
	                1 Bit    Registers := 16    
+---Muxes : 
	   2 Input   32 Bit        Muxes := 4     
	   2 Input   18 Bit        Muxes := 3     
	   2 Input    1 Bit        Muxes := 53    
	   4 Input    1 Bit        Muxes := 2     
---------------------------------------------------------------------------------
Finished RTL Component Statistics 
---------------------------------------------------------------------------------
---------------------------------------------------------------------------------
Start Part Resource Summary
---------------------------------------------------------------------------------
Part Resources:
DSPs: 220 (col length:60)
BRAMs: 280 (col length: RAMB18 60 RAMB36 30)
---------------------------------------------------------------------------------
Finished Part Resource Summary
---------------------------------------------------------------------------------
---------------------------------------------------------------------------------
Start Cross Boundary and Area Optimization
---------------------------------------------------------------------------------
WARNING: [Synth 8-7080] Parallel synthesis criteria is not met
---------------------------------------------------------------------------------
Finished Cross Boundary and Area Optimization : Time (s): cpu = 00:00:37 ; elapsed = 00:01:05 . Memory (MB): peak = 2623.547 ; gain = 31.895 ; free physical = 3883 ; free virtual = 6784
---------------------------------------------------------------------------------
---------------------------------------------------------------------------------
Start Applying XDC Timing Constraints
---------------------------------------------------------------------------------
---------------------------------------------------------------------------------
Finished Applying XDC Timing Constraints : Time (s): cpu = 00:00:52 ; elapsed = 00:01:25 . Memory (MB): peak = 2623.547 ; gain = 31.895 ; free physical = 3542 ; free virtual = 6462
---------------------------------------------------------------------------------
---------------------------------------------------------------------------------
Start Timing Optimization
---------------------------------------------------------------------------------
---------------------------------------------------------------------------------
Finished Timing Optimization : Time (s): cpu = 00:00:52 ; elapsed = 00:01:25 . Memory (MB): peak = 2623.547 ; gain = 31.895 ; free physical = 3540 ; free virtual = 6460
---------------------------------------------------------------------------------
---------------------------------------------------------------------------------
Start Technology Mapping
---------------------------------------------------------------------------------
---------------------------------------------------------------------------------
Finished Technology Mapping : Time (s): cpu = 00:00:52 ; elapsed = 00:01:25 . Memory (MB): peak = 2623.547 ; gain = 31.895 ; free physical = 3526 ; free virtual = 6447
---------------------------------------------------------------------------------
---------------------------------------------------------------------------------
Start IO Insertion
---------------------------------------------------------------------------------
---------------------------------------------------------------------------------
Start Flattening Before IO Insertion
---------------------------------------------------------------------------------
---------------------------------------------------------------------------------
Finished Flattening Before IO Insertion
---------------------------------------------------------------------------------
---------------------------------------------------------------------------------
Start Final Netlist Cleanup
---------------------------------------------------------------------------------
---------------------------------------------------------------------------------
Finished Final Netlist Cleanup
---------------------------------------------------------------------------------
---------------------------------------------------------------------------------
Finished IO Insertion : Time (s): cpu = 00:01:03 ; elapsed = 00:01:47 . Memory (MB): peak = 2623.547 ; gain = 31.895 ; free physical = 3198 ; free virtual = 6121
---------------------------------------------------------------------------------
---------------------------------------------------------------------------------
Start Renaming Generated Instances
---------------------------------------------------------------------------------
---------------------------------------------------------------------------------
Finished Renaming Generated Instances : Time (s): cpu = 00:01:03 ; elapsed = 00:01:47 . Memory (MB): peak = 2623.547 ; gain = 31.895 ; free physical = 3198 ; free virtual = 6121
---------------------------------------------------------------------------------
---------------------------------------------------------------------------------
Start Rebuilding User Hierarchy
---------------------------------------------------------------------------------
---------------------------------------------------------------------------------
Finished Rebuilding User Hierarchy : Time (s): cpu = 00:01:03 ; elapsed = 00:01:47 . Memory (MB): peak = 2623.547 ; gain = 31.895 ; free physical = 3214 ; free virtual = 6137
---------------------------------------------------------------------------------
---------------------------------------------------------------------------------
Start Renaming Generated Ports
---------------------------------------------------------------------------------
---------------------------------------------------------------------------------
Finished Renaming Generated Ports : Time (s): cpu = 00:01:03 ; elapsed = 00:01:48 . Memory (MB): peak = 2623.547 ; gain = 31.895 ; free physical = 3219 ; free virtual = 6142
---------------------------------------------------------------------------------
---------------------------------------------------------------------------------
Start Handling Custom Attributes
---------------------------------------------------------------------------------
---------------------------------------------------------------------------------
Finished Handling Custom Attributes : Time (s): cpu = 00:01:03 ; elapsed = 00:01:48 . Memory (MB): peak = 2623.547 ; gain = 31.895 ; free physical = 3217 ; free virtual = 6140
---------------------------------------------------------------------------------
---------------------------------------------------------------------------------
Start Renaming Generated Nets
---------------------------------------------------------------------------------
---------------------------------------------------------------------------------
Finished Renaming Generated Nets : Time (s): cpu = 00:01:03 ; elapsed = 00:01:48 . Memory (MB): peak = 2623.547 ; gain = 31.895 ; free physical = 3216 ; free virtual = 6138
---------------------------------------------------------------------------------
---------------------------------------------------------------------------------
Start Writing Synthesis Report
---------------------------------------------------------------------------------

Report BlackBoxes: 
+-+--------------+----------+
| |BlackBox name |Instances |
+-+--------------+----------+
+-+--------------+----------+

Report Cell Usage: 
+------+-----+------+
|      |Cell |Count |
+------+-----+------+
|1     |LUT1 |     1|
|2     |LUT2 |     1|
|3     |LUT3 |     1|
|4     |LUT4 |     3|
|5     |LUT5 |    35|
|6     |LUT6 |    67|
|7     |FDRE |   139|
|8     |FDSE |     7|
+------+-----+------+
---------------------------------------------------------------------------------
Finished Writing Synthesis Report : Time (s): cpu = 00:01:03 ; elapsed = 00:01:48 . Memory (MB): peak = 2623.547 ; gain = 31.895 ; free physical = 3216 ; free virtual = 6138
---------------------------------------------------------------------------------
Synthesis finished with 0 errors, 0 critical warnings and 11 warnings.
Synthesis Optimization Runtime : Time (s): cpu = 00:00:58 ; elapsed = 00:01:41 . Memory (MB): peak = 2623.547 ; gain = 0.000 ; free physical = 3293 ; free virtual = 6216
Synthesis Optimization Complete : Time (s): cpu = 00:01:03 ; elapsed = 00:01:48 . Memory (MB): peak = 2623.555 ; gain = 31.895 ; free physical = 3293 ; free virtual = 6216
INFO: [Project 1-571] Translating synthesized netlist
Netlist sorting complete. Time (s): cpu = 00:00:00.02 ; elapsed = 00:00:00.01 . Memory (MB): peak = 2623.555 ; gain = 0.000 ; free physical = 3309 ; free virtual = 6236
INFO: [Project 1-570] Preparing netlist for logic optimization
INFO: [Opt 31-138] Pushed 0 inverter(s) to 0 load pin(s).
Netlist sorting complete. Time (s): cpu = 00:00:00 ; elapsed = 00:00:00 . Memory (MB): peak = 2623.555 ; gain = 0.000 ; free physical = 3506 ; free virtual = 6433
INFO: [Project 1-111] Unisim Transformation Summary:
No Unisim elements were transformed.

Synth Design complete, checksum: 56e80524
INFO: [Common 17-83] Releasing license: Synthesis
27 Infos, 115 Warnings, 0 Critical Warnings and 0 Errors encountered.
synth_design completed successfully
synth_design: Time (s): cpu = 00:01:27 ; elapsed = 00:02:04 . Memory (MB): peak = 2623.555 ; gain = 32.191 ; free physical = 3743 ; free virtual = 6671
INFO: [Common 17-1381] The checkpoint '/home/agustinsilva447/Escritorio/Github/FPGA/pynq/pynq_nqueens_4/pynq_nqueens_4.runs/design_1_comblock_0_0_synth_1/design_1_comblock_0_0.dcp' has been generated.
INFO: [Coretcl 2-1648] Added synthesis output to IP cache for IP design_1_comblock_0_0, cache-ID = 6b01247a5ec0d680
INFO: [Coretcl 2-1174] Renamed 3 cell refs.
INFO: [Common 17-1381] The checkpoint '/home/agustinsilva447/Escritorio/Github/FPGA/pynq/pynq_nqueens_4/pynq_nqueens_4.runs/design_1_comblock_0_0_synth_1/design_1_comblock_0_0.dcp' has been generated.
INFO: [runtcl-4] Executing : report_utilization -file design_1_comblock_0_0_utilization_synth.rpt -pb design_1_comblock_0_0_utilization_synth.pb
INFO: [Common 17-206] Exiting Vivado at Tue Jan 25 20:22:55 2022...
