15:46:02 INFO  : Registering command handlers for SDK TCF services
15:46:02 INFO  : Launching XSCT server: xsct.bat -interactive C:\Users\caos1\Desktop\AgustinSilva\Tesis\Vivado\NGrover64\NGrover64.sdk\temp_xsdb_launch_script.tcl
15:46:05 INFO  : XSCT server has started successfully.
15:46:08 INFO  : Successfully done setting XSCT server connection channel  
15:46:08 INFO  : Restoring global repository preferences: 
		 C:\Users\caos1\Desktop\Tesis\Vivado\AXITIMER
15:46:08 WARN  : Invalid repository path C:\Users\caos1\Desktop\Tesis\Vivado\AXITIMER.
15:46:08 INFO  : Processing command line option -hwspec C:/Users/caos1/Desktop/AgustinSilva/Tesis/Vivado/NGrover64/NGrover64.sdk/design_1_wrapper.hdf.
15:46:08 INFO  : Successfully done setting SDK workspace  
15:52:24 INFO  : Processor reset is completed for ps7_cortexa9_0
17:22:49 INFO  : Processor reset is completed for ps7_cortexa9_0
17:23:38 INFO  : Processor reset is completed for ps7_cortexa9_0
17:24:29 INFO  : Processor reset is completed for ps7_cortexa9_0
17:28:15 INFO  : Processor reset is completed for ps7_cortexa9_0
17:35:48 INFO  : Processor reset is completed for ps7_cortexa9_0
17:38:44 INFO  : Processor reset is completed for ps7_cortexa9_0
17:40:57 INFO  : Processor reset is completed for ps7_cortexa9_0
17:42:15 INFO  : Processor reset is completed for ps7_cortexa9_0
17:43:59 INFO  : Processor reset is completed for ps7_cortexa9_0
17:45:14 INFO  : Processor reset is completed for ps7_cortexa9_0
17:57:18 INFO  : Processor reset is completed for ps7_cortexa9_0
18:00:06 INFO  : Processor reset is completed for ps7_cortexa9_0
18:01:48 INFO  : Processor reset is completed for ps7_cortexa9_0
18:02:17 INFO  : Processor reset is completed for ps7_cortexa9_0
18:03:15 ERROR : Unexpected error while parsing XMD response ?: com.google.gson.JsonSyntaxException: com.google.gson.stream.MalformedJsonException: invalid number or unquoted string near 
18:33:17 INFO  : Registering command handlers for SDK TCF services
18:33:17 INFO  : Launching XSCT server: xsct.bat -interactive C:\Users\caos1\Desktop\AgustinSilva\Tesis\Vivado\NGrover64\NGrover64.sdk\temp_xsdb_launch_script.tcl
18:33:19 INFO  : XSCT server has started successfully.
18:33:20 INFO  : Successfully done setting XSCT server connection channel  
18:33:20 INFO  : Restoring global repository preferences: 
		 C:\Users\caos1\Desktop\Tesis\Vivado\AXITIMER
18:33:20 WARN  : Invalid repository path C:\Users\caos1\Desktop\Tesis\Vivado\AXITIMER.
18:33:20 INFO  : Processing command line option -hwspec C:/Users/caos1/Desktop/AgustinSilva/Tesis/Vivado/NGrover64/NGrover64.sdk/design_1_wrapper.hdf.
18:33:20 INFO  : Successfully done setting SDK workspace  
18:33:20 INFO  : Checking for hwspec changes in the project design_1_wrapper_hw_platform_0.
18:34:57 INFO  : Processor reset is completed for ps7_cortexa9_0
18:40:13 ERROR : Unexpected error while parsing XMD response ?: com.google.gson.JsonSyntaxException: com.google.gson.stream.MalformedJsonException: invalid number or unquoted string near 
11:20:58 INFO  : Registering command handlers for SDK TCF services
11:20:58 INFO  : Launching XSCT server: xsct.bat -interactive C:\Users\caos1\Desktop\AgustinSilva\Tesis\Vivado\NGrover64\NGrover64.sdk\temp_xsdb_launch_script.tcl
11:21:00 INFO  : XSCT server has started successfully.
11:21:03 INFO  : Successfully done setting XSCT server connection channel  
11:21:03 INFO  : Restoring global repository preferences: 
		 C:\Users\caos1\Desktop\Tesis\Vivado\AXITIMER
11:21:03 WARN  : Invalid repository path C:\Users\caos1\Desktop\Tesis\Vivado\AXITIMER.
11:21:03 INFO  : Processing command line option -hwspec C:/Users/caos1/Desktop/AgustinSilva/Tesis/Vivado/NGrover64/NGrover64.sdk/design_1_wrapper.hdf.
11:21:03 INFO  : Successfully done setting SDK workspace  
11:21:03 INFO  : Checking for hwspec changes in the project design_1_wrapper_hw_platform_0.
11:33:51 WARN  : Unable to obtain port 2350 for use by XMD, java.net.SocketException: Unrecognized Windows Sockets error: 0: JVM_Bind
11:33:56 INFO  : Processor reset is completed for ps7_cortexa9_0
11:34:23 INFO  : Processor reset is completed for ps7_cortexa9_0
11:35:44 INFO  : Processor reset is completed for ps7_cortexa9_0
12:49:27 ERROR : Unexpected error while parsing XMD response ?: com.google.gson.JsonSyntaxException: com.google.gson.stream.MalformedJsonException: invalid number or unquoted string near 
15:07:39 INFO  : Registering command handlers for SDK TCF services
15:07:39 INFO  : Launching XSCT server: xsct.bat -interactive C:\Users\caos1\Desktop\AgustinSilva\Tesis\Vivado\NGrover64\NGrover64.sdk\temp_xsdb_launch_script.tcl
15:07:41 INFO  : XSCT server has started successfully.
15:07:42 INFO  : Restoring global repository preferences: 
		 C:\Users\caos1\Desktop\Tesis\Vivado\AXITIMER
15:07:42 WARN  : Invalid repository path C:\Users\caos1\Desktop\Tesis\Vivado\AXITIMER.
15:07:42 INFO  : Successfully done setting XSCT server connection channel  
15:07:42 INFO  : Processing command line option -hwspec C:/Users/caos1/Desktop/AgustinSilva/Tesis/Vivado/NGrover64/NGrover64.sdk/design_1_wrapper.hdf.
15:07:42 INFO  : Successfully done setting SDK workspace  
15:07:42 INFO  : Checking for hwspec changes in the project design_1_wrapper_hw_platform_0.
15:16:22 WARN  : Unable to obtain port 2350 for use by XMD, java.net.SocketException: Unrecognized Windows Sockets error: 0: JVM_Bind
15:16:27 INFO  : Processor reset is completed for ps7_cortexa9_0
16:54:18 INFO  : Processor reset is completed for ps7_cortexa9_0
17:21:47 ERROR : Unexpected error while parsing XMD response ?: com.google.gson.JsonSyntaxException: com.google.gson.stream.MalformedJsonException: invalid number or unquoted string near 
