Unable to capture context for thread 3876 in process 104, can not generate back trace
Unable to capture context for thread 692 in process 104, can not generate back trace
Unable to capture context for thread 2020 in process 104, can not generate back trace
Exception at PC 0x00007FFDB0A88EAC
Unable to capture context for thread 3876 in process 104, can not generate back trace
Unable to capture context for thread 692 in process 104, can not generate back trace
Unable to capture context for thread 2020 in process 104, can not generate back trace
Exception at PC 0x00007FFD6C17BB93
Printing stacktrace...

Exception at PC 0x00007FFDB0A88EAC
Exception at PC 0x00007FFDB0A88EAC
Exception at PC 0x00007FFDB0A88EAC
Exception at PC 0x00007FFDB0A88EAC
Exception at PC 0x00007FFDB0A88EAC
Exception at PC 0x00007FFDB0A88EAC
Exception at PC 0x00007FFDB0A88EAC
Exception at PC 0x00007FFDB0A88EAC
Exception at PC 0x00007FFDB0A88EAC
Exception at PC 0x00007FFDB0A88EAC
Exception at PC 0x00007FFDB0A88EAC
Exception at PC 0x00007FFDB0A88EAC
Exception at PC 0x00007FFDB0A88EAC
Exception at PC 0x00007FFDB0A88EAC
Exception at PC 0x00007FFDB0A88EAC
Exception at PC 0x00007FFDB0A88EAC
Exception at PC 0x00007FFDB0A88EAC
[0]  [0x00007FFD6C17BB93]
[1]  [0x00007FFD6C17BB93]
[2]  [0x00007FFD6C17B4A1]
[3]  [0x00007FFD6C17B3EF]
[4]  [0x00007FFD6C1619FE]
[5]  [0x00007FFD6C160ED1]
[6]  [0x00007FFD6C160D76]
[7]  [0x00007FFD6C1079F6]
[8]  [0x00007FFD6C0F7AFB]
[9]  [0x00007FFD6C21E90A]
[10]  [0x00007FFD6C239F87]
[11]  [0x00007FFD6C23A05F]
[12] (BaseThreadInitThunk+0x22) [0x00007FFDB19F13D2]
[13] (RtlUserThreadStart+0x34) [0x00007FFDB38654F4]
Done
