
*** Running vivado
    with args -log project_1_wrapper.vdi -applog -m64 -product Vivado -messageDb vivado.pb -mode batch -source project_1_wrapper.tcl -notrace


****** Vivado v2021.1 (64-bit)
  **** SW Build 3247384 on Thu Jun 10 19:36:07 MDT 2021
  **** IP Build 3246043 on Fri Jun 11 00:30:35 MDT 2021
    ** Copyright 1986-2021 Xilinx, Inc. All Rights Reserved.

INFO: [Common 17-1239] XILINX_LOCAL_USER_DATA is set to 'NO'.
Sourcing tcl script '/home/xbrbbot/.Xilinx/Vivado/Vivado_init.tcl'
290 Beta devices matching pattern found, 290 enabled.
enable_beta_device: Time (s): cpu = 00:00:05 ; elapsed = 00:00:10 . Memory (MB): peak = 2670.582 ; gain = 4.023 ; free physical = 429029 ; free virtual = 541233
source project_1_wrapper.tcl -notrace
INFO: [IP_Flow 19-234] Refreshing IP repositories
INFO: [IP_Flow 19-1704] No user IP repositories specified
INFO: [IP_Flow 19-2313] Loaded Vivado IP repository '/proj/xbuilds/2021.1_0611_1/installs/lin64/Vivado/2021.1/data/ip'.
add_files: Time (s): cpu = 00:00:02 ; elapsed = 00:00:06 . Memory (MB): peak = 2670.582 ; gain = 0.000 ; free physical = 428609 ; free virtual = 540813
Command: link_design -top project_1_wrapper -part xc7z020clg484-1
Design is defaulting to srcset: sources_1
Design is defaulting to constrset: constrs_1
INFO: [Device 21-403] Loading part xc7z020clg484-1
INFO: [Project 1-454] Reading design checkpoint '/tmp/tmp.XsiBylrkcG/temp/hwflow/hwflow_project_1/project_1.gen/sources_1/bd/project_1/ip/project_1_AXI_GPIO_0_0/project_1_AXI_GPIO_0_0.dcp' for cell 'project_1_i/AXI_GPIO_0'
INFO: [Project 1-454] Reading design checkpoint '/tmp/tmp.XsiBylrkcG/temp/hwflow/hwflow_project_1/project_1.gen/sources_1/bd/project_1/ip/project_1_PROC_SYS_RESET_0_0/project_1_PROC_SYS_RESET_0_0.dcp' for cell 'project_1_i/PROC_SYS_RESET_0'
INFO: [Project 1-454] Reading design checkpoint '/tmp/tmp.XsiBylrkcG/temp/hwflow/hwflow_project_1/project_1.gen/sources_1/bd/project_1/ip/project_1_SMART_CON_0_0/project_1_SMART_CON_0_0.dcp' for cell 'project_1_i/SMART_CON_0'
INFO: [Project 1-454] Reading design checkpoint '/tmp/tmp.XsiBylrkcG/temp/hwflow/hwflow_project_1/project_1.gen/sources_1/bd/project_1/ip/project_1_ZYNQPS_0_0/project_1_ZYNQPS_0_0.dcp' for cell 'project_1_i/ZYNQPS_0'
Netlist sorting complete. Time (s): cpu = 00:00:00.06 ; elapsed = 00:00:00.06 . Memory (MB): peak = 2718.117 ; gain = 0.000 ; free physical = 428310 ; free virtual = 540514
INFO: [Netlist 29-17] Analyzing 5 Unisim elements for replacement
INFO: [Netlist 29-28] Unisim Transformation completed in 0 CPU seconds
INFO: [Project 1-479] Netlist was created with Vivado 2021.1
INFO: [Project 1-570] Preparing netlist for logic optimization
Parsing XDC File [/tmp/tmp.XsiBylrkcG/temp/hwflow/hwflow_project_1/project_1.gen/sources_1/bd/project_1/ip/project_1_ZYNQPS_0_0/project_1_ZYNQPS_0_0.xdc] for cell 'project_1_i/ZYNQPS_0/inst'
Finished Parsing XDC File [/tmp/tmp.XsiBylrkcG/temp/hwflow/hwflow_project_1/project_1.gen/sources_1/bd/project_1/ip/project_1_ZYNQPS_0_0/project_1_ZYNQPS_0_0.xdc] for cell 'project_1_i/ZYNQPS_0/inst'
Parsing XDC File [/tmp/tmp.XsiBylrkcG/temp/hwflow/hwflow_project_1/project_1.gen/sources_1/bd/project_1/ip/project_1_AXI_GPIO_0_0/project_1_AXI_GPIO_0_0_board.xdc] for cell 'project_1_i/AXI_GPIO_0/U0'
Finished Parsing XDC File [/tmp/tmp.XsiBylrkcG/temp/hwflow/hwflow_project_1/project_1.gen/sources_1/bd/project_1/ip/project_1_AXI_GPIO_0_0/project_1_AXI_GPIO_0_0_board.xdc] for cell 'project_1_i/AXI_GPIO_0/U0'
Parsing XDC File [/tmp/tmp.XsiBylrkcG/temp/hwflow/hwflow_project_1/project_1.gen/sources_1/bd/project_1/ip/project_1_AXI_GPIO_0_0/project_1_AXI_GPIO_0_0.xdc] for cell 'project_1_i/AXI_GPIO_0/U0'
Finished Parsing XDC File [/tmp/tmp.XsiBylrkcG/temp/hwflow/hwflow_project_1/project_1.gen/sources_1/bd/project_1/ip/project_1_AXI_GPIO_0_0/project_1_AXI_GPIO_0_0.xdc] for cell 'project_1_i/AXI_GPIO_0/U0'
Parsing XDC File [/tmp/tmp.XsiBylrkcG/temp/hwflow/hwflow_project_1/project_1.gen/sources_1/bd/project_1/ip/project_1_PROC_SYS_RESET_0_0/project_1_PROC_SYS_RESET_0_0_board.xdc] for cell 'project_1_i/PROC_SYS_RESET_0/U0'
Finished Parsing XDC File [/tmp/tmp.XsiBylrkcG/temp/hwflow/hwflow_project_1/project_1.gen/sources_1/bd/project_1/ip/project_1_PROC_SYS_RESET_0_0/project_1_PROC_SYS_RESET_0_0_board.xdc] for cell 'project_1_i/PROC_SYS_RESET_0/U0'
Parsing XDC File [/tmp/tmp.XsiBylrkcG/temp/hwflow/hwflow_project_1/project_1.gen/sources_1/bd/project_1/ip/project_1_PROC_SYS_RESET_0_0/project_1_PROC_SYS_RESET_0_0.xdc] for cell 'project_1_i/PROC_SYS_RESET_0/U0'
Finished Parsing XDC File [/tmp/tmp.XsiBylrkcG/temp/hwflow/hwflow_project_1/project_1.gen/sources_1/bd/project_1/ip/project_1_PROC_SYS_RESET_0_0/project_1_PROC_SYS_RESET_0_0.xdc] for cell 'project_1_i/PROC_SYS_RESET_0/U0'
Parsing XDC File [/tmp/tmp.XsiBylrkcG/temp/hwflow/hwflow_project_1/project_1.gen/sources_1/bd/project_1/ip/project_1_SMART_CON_0_0/bd_0/ip/ip_1/bd_fd52_psr_aclk_0_board.xdc] for cell 'project_1_i/SMART_CON_0/inst/clk_map/psr_aclk/U0'
Finished Parsing XDC File [/tmp/tmp.XsiBylrkcG/temp/hwflow/hwflow_project_1/project_1.gen/sources_1/bd/project_1/ip/project_1_SMART_CON_0_0/bd_0/ip/ip_1/bd_fd52_psr_aclk_0_board.xdc] for cell 'project_1_i/SMART_CON_0/inst/clk_map/psr_aclk/U0'
Parsing XDC File [/tmp/tmp.XsiBylrkcG/temp/hwflow/hwflow_project_1/project_1.gen/sources_1/bd/project_1/ip/project_1_SMART_CON_0_0/bd_0/ip/ip_1/bd_fd52_psr_aclk_0.xdc] for cell 'project_1_i/SMART_CON_0/inst/clk_map/psr_aclk/U0'
Finished Parsing XDC File [/tmp/tmp.XsiBylrkcG/temp/hwflow/hwflow_project_1/project_1.gen/sources_1/bd/project_1/ip/project_1_SMART_CON_0_0/bd_0/ip/ip_1/bd_fd52_psr_aclk_0.xdc] for cell 'project_1_i/SMART_CON_0/inst/clk_map/psr_aclk/U0'
Parsing XDC File [/tmp/tmp.XsiBylrkcG/temp/hwflow/hwflow_project_1/project_1.srcs/constrs_1/imports/xdc/zc702.xdc]
WARNING: [Vivado 12-508] No pins matched 'PS7_i/FCLKCLK[0]'. [/tmp/tmp.XsiBylrkcG/temp/hwflow/hwflow_project_1/project_1.srcs/constrs_1/imports/xdc/zc702.xdc:21]
CRITICAL WARNING: [Vivado 12-4739] create_clock:No valid object(s) found for '-objects [get_pins {PS7_i/FCLKCLK[0]}]'. [/tmp/tmp.XsiBylrkcG/temp/hwflow/hwflow_project_1/project_1.srcs/constrs_1/imports/xdc/zc702.xdc:21]
Resolution: Check if the specified object(s) exists in the current design. If it does, ensure that the correct design hierarchy was specified for the object. If you are working with clocks, make sure create_clock was used to create the clock object before it is referenced.
WARNING: [Vivado 12-584] No ports matched 'MIO[53]'. [/tmp/tmp.XsiBylrkcG/temp/hwflow/hwflow_project_1/project_1.srcs/constrs_1/imports/xdc/zc702.xdc:31]
CRITICAL WARNING: [Common 17-55] 'set_property' expects at least one object. [/tmp/tmp.XsiBylrkcG/temp/hwflow/hwflow_project_1/project_1.srcs/constrs_1/imports/xdc/zc702.xdc:31]
Resolution: If [get_<value>] was used to populate the object, check to make sure this command returns at least one valid object.
WARNING: [Vivado 12-584] No ports matched 'MIO[53]'. [/tmp/tmp.XsiBylrkcG/temp/hwflow/hwflow_project_1/project_1.srcs/constrs_1/imports/xdc/zc702.xdc:32]
CRITICAL WARNING: [Common 17-55] 'set_property' expects at least one object. [/tmp/tmp.XsiBylrkcG/temp/hwflow/hwflow_project_1/project_1.srcs/constrs_1/imports/xdc/zc702.xdc:32]
Resolution: If [get_<value>] was used to populate the object, check to make sure this command returns at least one valid object.
WARNING: [Vivado 12-584] No ports matched 'MIO[53]'. [/tmp/tmp.XsiBylrkcG/temp/hwflow/hwflow_project_1/project_1.srcs/constrs_1/imports/xdc/zc702.xdc:33]
CRITICAL WARNING: [Common 17-55] 'set_property' expects at least one object. [/tmp/tmp.XsiBylrkcG/temp/hwflow/hwflow_project_1/project_1.srcs/constrs_1/imports/xdc/zc702.xdc:33]
Resolution: If [get_<value>] was used to populate the object, check to make sure this command returns at least one valid object.
WARNING: [Vivado 12-584] No ports matched 'MIO[53]'. [/tmp/tmp.XsiBylrkcG/temp/hwflow/hwflow_project_1/project_1.srcs/constrs_1/imports/xdc/zc702.xdc:34]
CRITICAL WARNING: [Common 17-55] 'set_property' expects at least one object. [/tmp/tmp.XsiBylrkcG/temp/hwflow/hwflow_project_1/project_1.srcs/constrs_1/imports/xdc/zc702.xdc:34]
Resolution: If [get_<value>] was used to populate the object, check to make sure this command returns at least one valid object.
WARNING: [Vivado 12-584] No ports matched 'MIO[53]'. [/tmp/tmp.XsiBylrkcG/temp/hwflow/hwflow_project_1/project_1.srcs/constrs_1/imports/xdc/zc702.xdc:35]
CRITICAL WARNING: [Common 17-55] 'set_property' expects at least one object. [/tmp/tmp.XsiBylrkcG/temp/hwflow/hwflow_project_1/project_1.srcs/constrs_1/imports/xdc/zc702.xdc:35]
Resolution: If [get_<value>] was used to populate the object, check to make sure this command returns at least one valid object.
WARNING: [Vivado 12-584] No ports matched 'MIO[52]'. [/tmp/tmp.XsiBylrkcG/temp/hwflow/hwflow_project_1/project_1.srcs/constrs_1/imports/xdc/zc702.xdc:37]
CRITICAL WARNING: [Common 17-55] 'set_property' expects at least one object. [/tmp/tmp.XsiBylrkcG/temp/hwflow/hwflow_project_1/project_1.srcs/constrs_1/imports/xdc/zc702.xdc:37]
Resolution: If [get_<value>] was used to populate the object, check to make sure this command returns at least one valid object.
WARNING: [Vivado 12-584] No ports matched 'MIO[52]'. [/tmp/tmp.XsiBylrkcG/temp/hwflow/hwflow_project_1/project_1.srcs/constrs_1/imports/xdc/zc702.xdc:38]
CRITICAL WARNING: [Common 17-55] 'set_property' expects at least one object. [/tmp/tmp.XsiBylrkcG/temp/hwflow/hwflow_project_1/project_1.srcs/constrs_1/imports/xdc/zc702.xdc:38]
Resolution: If [get_<value>] was used to populate the object, check to make sure this command returns at least one valid object.
WARNING: [Vivado 12-584] No ports matched 'MIO[52]'. [/tmp/tmp.XsiBylrkcG/temp/hwflow/hwflow_project_1/project_1.srcs/constrs_1/imports/xdc/zc702.xdc:39]
CRITICAL WARNING: [Common 17-55] 'set_property' expects at least one object. [/tmp/tmp.XsiBylrkcG/temp/hwflow/hwflow_project_1/project_1.srcs/constrs_1/imports/xdc/zc702.xdc:39]
Resolution: If [get_<value>] was used to populate the object, check to make sure this command returns at least one valid object.
WARNING: [Vivado 12-584] No ports matched 'MIO[52]'. [/tmp/tmp.XsiBylrkcG/temp/hwflow/hwflow_project_1/project_1.srcs/constrs_1/imports/xdc/zc702.xdc:40]
CRITICAL WARNING: [Common 17-55] 'set_property' expects at least one object. [/tmp/tmp.XsiBylrkcG/temp/hwflow/hwflow_project_1/project_1.srcs/constrs_1/imports/xdc/zc702.xdc:40]
Resolution: If [get_<value>] was used to populate the object, check to make sure this command returns at least one valid object.
WARNING: [Vivado 12-584] No ports matched 'MIO[52]'. [/tmp/tmp.XsiBylrkcG/temp/hwflow/hwflow_project_1/project_1.srcs/constrs_1/imports/xdc/zc702.xdc:41]
CRITICAL WARNING: [Common 17-55] 'set_property' expects at least one object. [/tmp/tmp.XsiBylrkcG/temp/hwflow/hwflow_project_1/project_1.srcs/constrs_1/imports/xdc/zc702.xdc:41]
Resolution: If [get_<value>] was used to populate the object, check to make sure this command returns at least one valid object.
WARNING: [Vivado 12-584] No ports matched 'MIO[51]'. [/tmp/tmp.XsiBylrkcG/temp/hwflow/hwflow_project_1/project_1.srcs/constrs_1/imports/xdc/zc702.xdc:43]
CRITICAL WARNING: [Common 17-55] 'set_property' expects at least one object. [/tmp/tmp.XsiBylrkcG/temp/hwflow/hwflow_project_1/project_1.srcs/constrs_1/imports/xdc/zc702.xdc:43]
Resolution: If [get_<value>] was used to populate the object, check to make sure this command returns at least one valid object.
WARNING: [Vivado 12-584] No ports matched 'MIO[51]'. [/tmp/tmp.XsiBylrkcG/temp/hwflow/hwflow_project_1/project_1.srcs/constrs_1/imports/xdc/zc702.xdc:44]
CRITICAL WARNING: [Common 17-55] 'set_property' expects at least one object. [/tmp/tmp.XsiBylrkcG/temp/hwflow/hwflow_project_1/project_1.srcs/constrs_1/imports/xdc/zc702.xdc:44]
Resolution: If [get_<value>] was used to populate the object, check to make sure this command returns at least one valid object.
WARNING: [Vivado 12-584] No ports matched 'MIO[51]'. [/tmp/tmp.XsiBylrkcG/temp/hwflow/hwflow_project_1/project_1.srcs/constrs_1/imports/xdc/zc702.xdc:45]
CRITICAL WARNING: [Common 17-55] 'set_property' expects at least one object. [/tmp/tmp.XsiBylrkcG/temp/hwflow/hwflow_project_1/project_1.srcs/constrs_1/imports/xdc/zc702.xdc:45]
Resolution: If [get_<value>] was used to populate the object, check to make sure this command returns at least one valid object.
WARNING: [Vivado 12-584] No ports matched 'MIO[51]'. [/tmp/tmp.XsiBylrkcG/temp/hwflow/hwflow_project_1/project_1.srcs/constrs_1/imports/xdc/zc702.xdc:46]
CRITICAL WARNING: [Common 17-55] 'set_property' expects at least one object. [/tmp/tmp.XsiBylrkcG/temp/hwflow/hwflow_project_1/project_1.srcs/constrs_1/imports/xdc/zc702.xdc:46]
Resolution: If [get_<value>] was used to populate the object, check to make sure this command returns at least one valid object.
WARNING: [Vivado 12-584] No ports matched 'MIO[51]'. [/tmp/tmp.XsiBylrkcG/temp/hwflow/hwflow_project_1/project_1.srcs/constrs_1/imports/xdc/zc702.xdc:47]
CRITICAL WARNING: [Common 17-55] 'set_property' expects at least one object. [/tmp/tmp.XsiBylrkcG/temp/hwflow/hwflow_project_1/project_1.srcs/constrs_1/imports/xdc/zc702.xdc:47]
Resolution: If [get_<value>] was used to populate the object, check to make sure this command returns at least one valid object.
WARNING: [Vivado 12-584] No ports matched 'MIO[51]'. [/tmp/tmp.XsiBylrkcG/temp/hwflow/hwflow_project_1/project_1.srcs/constrs_1/imports/xdc/zc702.xdc:48]
CRITICAL WARNING: [Common 17-55] 'set_property' expects at least one object. [/tmp/tmp.XsiBylrkcG/temp/hwflow/hwflow_project_1/project_1.srcs/constrs_1/imports/xdc/zc702.xdc:48]
Resolution: If [get_<value>] was used to populate the object, check to make sure this command returns at least one valid object.
WARNING: [Vivado 12-584] No ports matched 'MIO[50]'. [/tmp/tmp.XsiBylrkcG/temp/hwflow/hwflow_project_1/project_1.srcs/constrs_1/imports/xdc/zc702.xdc:50]
CRITICAL WARNING: [Common 17-55] 'set_property' expects at least one object. [/tmp/tmp.XsiBylrkcG/temp/hwflow/hwflow_project_1/project_1.srcs/constrs_1/imports/xdc/zc702.xdc:50]
Resolution: If [get_<value>] was used to populate the object, check to make sure this command returns at least one valid object.
WARNING: [Vivado 12-584] No ports matched 'MIO[50]'. [/tmp/tmp.XsiBylrkcG/temp/hwflow/hwflow_project_1/project_1.srcs/constrs_1/imports/xdc/zc702.xdc:51]
CRITICAL WARNING: [Common 17-55] 'set_property' expects at least one object. [/tmp/tmp.XsiBylrkcG/temp/hwflow/hwflow_project_1/project_1.srcs/constrs_1/imports/xdc/zc702.xdc:51]
Resolution: If [get_<value>] was used to populate the object, check to make sure this command returns at least one valid object.
WARNING: [Vivado 12-584] No ports matched 'MIO[50]'. [/tmp/tmp.XsiBylrkcG/temp/hwflow/hwflow_project_1/project_1.srcs/constrs_1/imports/xdc/zc702.xdc:52]
CRITICAL WARNING: [Common 17-55] 'set_property' expects at least one object. [/tmp/tmp.XsiBylrkcG/temp/hwflow/hwflow_project_1/project_1.srcs/constrs_1/imports/xdc/zc702.xdc:52]
Resolution: If [get_<value>] was used to populate the object, check to make sure this command returns at least one valid object.
WARNING: [Vivado 12-584] No ports matched 'MIO[50]'. [/tmp/tmp.XsiBylrkcG/temp/hwflow/hwflow_project_1/project_1.srcs/constrs_1/imports/xdc/zc702.xdc:53]
CRITICAL WARNING: [Common 17-55] 'set_property' expects at least one object. [/tmp/tmp.XsiBylrkcG/temp/hwflow/hwflow_project_1/project_1.srcs/constrs_1/imports/xdc/zc702.xdc:53]
Resolution: If [get_<value>] was used to populate the object, check to make sure this command returns at least one valid object.
WARNING: [Vivado 12-584] No ports matched 'MIO[50]'. [/tmp/tmp.XsiBylrkcG/temp/hwflow/hwflow_project_1/project_1.srcs/constrs_1/imports/xdc/zc702.xdc:54]
CRITICAL WARNING: [Common 17-55] 'set_property' expects at least one object. [/tmp/tmp.XsiBylrkcG/temp/hwflow/hwflow_project_1/project_1.srcs/constrs_1/imports/xdc/zc702.xdc:54]
Resolution: If [get_<value>] was used to populate the object, check to make sure this command returns at least one valid object.
WARNING: [Vivado 12-584] No ports matched 'MIO[50]'. [/tmp/tmp.XsiBylrkcG/temp/hwflow/hwflow_project_1/project_1.srcs/constrs_1/imports/xdc/zc702.xdc:55]
CRITICAL WARNING: [Common 17-55] 'set_property' expects at least one object. [/tmp/tmp.XsiBylrkcG/temp/hwflow/hwflow_project_1/project_1.srcs/constrs_1/imports/xdc/zc702.xdc:55]
Resolution: If [get_<value>] was used to populate the object, check to make sure this command returns at least one valid object.
WARNING: [Vivado 12-584] No ports matched 'MIO[49]'. [/tmp/tmp.XsiBylrkcG/temp/hwflow/hwflow_project_1/project_1.srcs/constrs_1/imports/xdc/zc702.xdc:57]
CRITICAL WARNING: [Common 17-55] 'set_property' expects at least one object. [/tmp/tmp.XsiBylrkcG/temp/hwflow/hwflow_project_1/project_1.srcs/constrs_1/imports/xdc/zc702.xdc:57]
Resolution: If [get_<value>] was used to populate the object, check to make sure this command returns at least one valid object.
WARNING: [Vivado 12-584] No ports matched 'MIO[49]'. [/tmp/tmp.XsiBylrkcG/temp/hwflow/hwflow_project_1/project_1.srcs/constrs_1/imports/xdc/zc702.xdc:58]
CRITICAL WARNING: [Common 17-55] 'set_property' expects at least one object. [/tmp/tmp.XsiBylrkcG/temp/hwflow/hwflow_project_1/project_1.srcs/constrs_1/imports/xdc/zc702.xdc:58]
Resolution: If [get_<value>] was used to populate the object, check to make sure this command returns at least one valid object.
WARNING: [Vivado 12-584] No ports matched 'MIO[49]'. [/tmp/tmp.XsiBylrkcG/temp/hwflow/hwflow_project_1/project_1.srcs/constrs_1/imports/xdc/zc702.xdc:59]
CRITICAL WARNING: [Common 17-55] 'set_property' expects at least one object. [/tmp/tmp.XsiBylrkcG/temp/hwflow/hwflow_project_1/project_1.srcs/constrs_1/imports/xdc/zc702.xdc:59]
Resolution: If [get_<value>] was used to populate the object, check to make sure this command returns at least one valid object.
WARNING: [Vivado 12-584] No ports matched 'MIO[49]'. [/tmp/tmp.XsiBylrkcG/temp/hwflow/hwflow_project_1/project_1.srcs/constrs_1/imports/xdc/zc702.xdc:60]
CRITICAL WARNING: [Common 17-55] 'set_property' expects at least one object. [/tmp/tmp.XsiBylrkcG/temp/hwflow/hwflow_project_1/project_1.srcs/constrs_1/imports/xdc/zc702.xdc:60]
Resolution: If [get_<value>] was used to populate the object, check to make sure this command returns at least one valid object.
WARNING: [Vivado 12-584] No ports matched 'MIO[49]'. [/tmp/tmp.XsiBylrkcG/temp/hwflow/hwflow_project_1/project_1.srcs/constrs_1/imports/xdc/zc702.xdc:61]
CRITICAL WARNING: [Common 17-55] 'set_property' expects at least one object. [/tmp/tmp.XsiBylrkcG/temp/hwflow/hwflow_project_1/project_1.srcs/constrs_1/imports/xdc/zc702.xdc:61]
Resolution: If [get_<value>] was used to populate the object, check to make sure this command returns at least one valid object.
WARNING: [Vivado 12-584] No ports matched 'MIO[48]'. [/tmp/tmp.XsiBylrkcG/temp/hwflow/hwflow_project_1/project_1.srcs/constrs_1/imports/xdc/zc702.xdc:63]
CRITICAL WARNING: [Common 17-55] 'set_property' expects at least one object. [/tmp/tmp.XsiBylrkcG/temp/hwflow/hwflow_project_1/project_1.srcs/constrs_1/imports/xdc/zc702.xdc:63]
Resolution: If [get_<value>] was used to populate the object, check to make sure this command returns at least one valid object.
WARNING: [Vivado 12-584] No ports matched 'MIO[48]'. [/tmp/tmp.XsiBylrkcG/temp/hwflow/hwflow_project_1/project_1.srcs/constrs_1/imports/xdc/zc702.xdc:64]
CRITICAL WARNING: [Common 17-55] 'set_property' expects at least one object. [/tmp/tmp.XsiBylrkcG/temp/hwflow/hwflow_project_1/project_1.srcs/constrs_1/imports/xdc/zc702.xdc:64]
Resolution: If [get_<value>] was used to populate the object, check to make sure this command returns at least one valid object.
WARNING: [Vivado 12-584] No ports matched 'MIO[48]'. [/tmp/tmp.XsiBylrkcG/temp/hwflow/hwflow_project_1/project_1.srcs/constrs_1/imports/xdc/zc702.xdc:65]
CRITICAL WARNING: [Common 17-55] 'set_property' expects at least one object. [/tmp/tmp.XsiBylrkcG/temp/hwflow/hwflow_project_1/project_1.srcs/constrs_1/imports/xdc/zc702.xdc:65]
Resolution: If [get_<value>] was used to populate the object, check to make sure this command returns at least one valid object.
WARNING: [Vivado 12-584] No ports matched 'MIO[48]'. [/tmp/tmp.XsiBylrkcG/temp/hwflow/hwflow_project_1/project_1.srcs/constrs_1/imports/xdc/zc702.xdc:66]
CRITICAL WARNING: [Common 17-55] 'set_property' expects at least one object. [/tmp/tmp.XsiBylrkcG/temp/hwflow/hwflow_project_1/project_1.srcs/constrs_1/imports/xdc/zc702.xdc:66]
Resolution: If [get_<value>] was used to populate the object, check to make sure this command returns at least one valid object.
WARNING: [Vivado 12-584] No ports matched 'MIO[48]'. [/tmp/tmp.XsiBylrkcG/temp/hwflow/hwflow_project_1/project_1.srcs/constrs_1/imports/xdc/zc702.xdc:67]
CRITICAL WARNING: [Common 17-55] 'set_property' expects at least one object. [/tmp/tmp.XsiBylrkcG/temp/hwflow/hwflow_project_1/project_1.srcs/constrs_1/imports/xdc/zc702.xdc:67]
Resolution: If [get_<value>] was used to populate the object, check to make sure this command returns at least one valid object.
WARNING: [Vivado 12-584] No ports matched 'MIO[47]'. [/tmp/tmp.XsiBylrkcG/temp/hwflow/hwflow_project_1/project_1.srcs/constrs_1/imports/xdc/zc702.xdc:69]
CRITICAL WARNING: [Common 17-55] 'set_property' expects at least one object. [/tmp/tmp.XsiBylrkcG/temp/hwflow/hwflow_project_1/project_1.srcs/constrs_1/imports/xdc/zc702.xdc:69]
Resolution: If [get_<value>] was used to populate the object, check to make sure this command returns at least one valid object.
WARNING: [Vivado 12-584] No ports matched 'MIO[47]'. [/tmp/tmp.XsiBylrkcG/temp/hwflow/hwflow_project_1/project_1.srcs/constrs_1/imports/xdc/zc702.xdc:70]
CRITICAL WARNING: [Common 17-55] 'set_property' expects at least one object. [/tmp/tmp.XsiBylrkcG/temp/hwflow/hwflow_project_1/project_1.srcs/constrs_1/imports/xdc/zc702.xdc:70]
Resolution: If [get_<value>] was used to populate the object, check to make sure this command returns at least one valid object.
WARNING: [Vivado 12-584] No ports matched 'MIO[47]'. [/tmp/tmp.XsiBylrkcG/temp/hwflow/hwflow_project_1/project_1.srcs/constrs_1/imports/xdc/zc702.xdc:71]
CRITICAL WARNING: [Common 17-55] 'set_property' expects at least one object. [/tmp/tmp.XsiBylrkcG/temp/hwflow/hwflow_project_1/project_1.srcs/constrs_1/imports/xdc/zc702.xdc:71]
Resolution: If [get_<value>] was used to populate the object, check to make sure this command returns at least one valid object.
WARNING: [Vivado 12-584] No ports matched 'MIO[47]'. [/tmp/tmp.XsiBylrkcG/temp/hwflow/hwflow_project_1/project_1.srcs/constrs_1/imports/xdc/zc702.xdc:72]
CRITICAL WARNING: [Common 17-55] 'set_property' expects at least one object. [/tmp/tmp.XsiBylrkcG/temp/hwflow/hwflow_project_1/project_1.srcs/constrs_1/imports/xdc/zc702.xdc:72]
Resolution: If [get_<value>] was used to populate the object, check to make sure this command returns at least one valid object.
WARNING: [Vivado 12-584] No ports matched 'MIO[47]'. [/tmp/tmp.XsiBylrkcG/temp/hwflow/hwflow_project_1/project_1.srcs/constrs_1/imports/xdc/zc702.xdc:73]
CRITICAL WARNING: [Common 17-55] 'set_property' expects at least one object. [/tmp/tmp.XsiBylrkcG/temp/hwflow/hwflow_project_1/project_1.srcs/constrs_1/imports/xdc/zc702.xdc:73]
Resolution: If [get_<value>] was used to populate the object, check to make sure this command returns at least one valid object.
WARNING: [Vivado 12-584] No ports matched 'MIO[47]'. [/tmp/tmp.XsiBylrkcG/temp/hwflow/hwflow_project_1/project_1.srcs/constrs_1/imports/xdc/zc702.xdc:74]
CRITICAL WARNING: [Common 17-55] 'set_property' expects at least one object. [/tmp/tmp.XsiBylrkcG/temp/hwflow/hwflow_project_1/project_1.srcs/constrs_1/imports/xdc/zc702.xdc:74]
Resolution: If [get_<value>] was used to populate the object, check to make sure this command returns at least one valid object.
WARNING: [Vivado 12-584] No ports matched 'MIO[46]'. [/tmp/tmp.XsiBylrkcG/temp/hwflow/hwflow_project_1/project_1.srcs/constrs_1/imports/xdc/zc702.xdc:76]
CRITICAL WARNING: [Common 17-55] 'set_property' expects at least one object. [/tmp/tmp.XsiBylrkcG/temp/hwflow/hwflow_project_1/project_1.srcs/constrs_1/imports/xdc/zc702.xdc:76]
Resolution: If [get_<value>] was used to populate the object, check to make sure this command returns at least one valid object.
WARNING: [Vivado 12-584] No ports matched 'MIO[46]'. [/tmp/tmp.XsiBylrkcG/temp/hwflow/hwflow_project_1/project_1.srcs/constrs_1/imports/xdc/zc702.xdc:77]
CRITICAL WARNING: [Common 17-55] 'set_property' expects at least one object. [/tmp/tmp.XsiBylrkcG/temp/hwflow/hwflow_project_1/project_1.srcs/constrs_1/imports/xdc/zc702.xdc:77]
Resolution: If [get_<value>] was used to populate the object, check to make sure this command returns at least one valid object.
WARNING: [Vivado 12-584] No ports matched 'MIO[46]'. [/tmp/tmp.XsiBylrkcG/temp/hwflow/hwflow_project_1/project_1.srcs/constrs_1/imports/xdc/zc702.xdc:78]
CRITICAL WARNING: [Common 17-55] 'set_property' expects at least one object. [/tmp/tmp.XsiBylrkcG/temp/hwflow/hwflow_project_1/project_1.srcs/constrs_1/imports/xdc/zc702.xdc:78]
Resolution: If [get_<value>] was used to populate the object, check to make sure this command returns at least one valid object.
WARNING: [Vivado 12-584] No ports matched 'MIO[46]'. [/tmp/tmp.XsiBylrkcG/temp/hwflow/hwflow_project_1/project_1.srcs/constrs_1/imports/xdc/zc702.xdc:79]
CRITICAL WARNING: [Common 17-55] 'set_property' expects at least one object. [/tmp/tmp.XsiBylrkcG/temp/hwflow/hwflow_project_1/project_1.srcs/constrs_1/imports/xdc/zc702.xdc:79]
Resolution: If [get_<value>] was used to populate the object, check to make sure this command returns at least one valid object.
WARNING: [Vivado 12-584] No ports matched 'MIO[46]'. [/tmp/tmp.XsiBylrkcG/temp/hwflow/hwflow_project_1/project_1.srcs/constrs_1/imports/xdc/zc702.xdc:80]
CRITICAL WARNING: [Common 17-55] 'set_property' expects at least one object. [/tmp/tmp.XsiBylrkcG/temp/hwflow/hwflow_project_1/project_1.srcs/constrs_1/imports/xdc/zc702.xdc:80]
Resolution: If [get_<value>] was used to populate the object, check to make sure this command returns at least one valid object.
WARNING: [Vivado 12-584] No ports matched 'MIO[46]'. [/tmp/tmp.XsiBylrkcG/temp/hwflow/hwflow_project_1/project_1.srcs/constrs_1/imports/xdc/zc702.xdc:81]
CRITICAL WARNING: [Common 17-55] 'set_property' expects at least one object. [/tmp/tmp.XsiBylrkcG/temp/hwflow/hwflow_project_1/project_1.srcs/constrs_1/imports/xdc/zc702.xdc:81]
Resolution: If [get_<value>] was used to populate the object, check to make sure this command returns at least one valid object.
WARNING: [Vivado 12-584] No ports matched 'MIO[45]'. [/tmp/tmp.XsiBylrkcG/temp/hwflow/hwflow_project_1/project_1.srcs/constrs_1/imports/xdc/zc702.xdc:83]
CRITICAL WARNING: [Common 17-55] 'set_property' expects at least one object. [/tmp/tmp.XsiBylrkcG/temp/hwflow/hwflow_project_1/project_1.srcs/constrs_1/imports/xdc/zc702.xdc:83]
Resolution: If [get_<value>] was used to populate the object, check to make sure this command returns at least one valid object.
WARNING: [Vivado 12-584] No ports matched 'MIO[45]'. [/tmp/tmp.XsiBylrkcG/temp/hwflow/hwflow_project_1/project_1.srcs/constrs_1/imports/xdc/zc702.xdc:84]
CRITICAL WARNING: [Common 17-55] 'set_property' expects at least one object. [/tmp/tmp.XsiBylrkcG/temp/hwflow/hwflow_project_1/project_1.srcs/constrs_1/imports/xdc/zc702.xdc:84]
Resolution: If [get_<value>] was used to populate the object, check to make sure this command returns at least one valid object.
WARNING: [Vivado 12-584] No ports matched 'MIO[45]'. [/tmp/tmp.XsiBylrkcG/temp/hwflow/hwflow_project_1/project_1.srcs/constrs_1/imports/xdc/zc702.xdc:85]
CRITICAL WARNING: [Common 17-55] 'set_property' expects at least one object. [/tmp/tmp.XsiBylrkcG/temp/hwflow/hwflow_project_1/project_1.srcs/constrs_1/imports/xdc/zc702.xdc:85]
Resolution: If [get_<value>] was used to populate the object, check to make sure this command returns at least one valid object.
WARNING: [Vivado 12-584] No ports matched 'MIO[45]'. [/tmp/tmp.XsiBylrkcG/temp/hwflow/hwflow_project_1/project_1.srcs/constrs_1/imports/xdc/zc702.xdc:86]
CRITICAL WARNING: [Common 17-55] 'set_property' expects at least one object. [/tmp/tmp.XsiBylrkcG/temp/hwflow/hwflow_project_1/project_1.srcs/constrs_1/imports/xdc/zc702.xdc:86]
Resolution: If [get_<value>] was used to populate the object, check to make sure this command returns at least one valid object.
WARNING: [Vivado 12-584] No ports matched 'MIO[45]'. [/tmp/tmp.XsiBylrkcG/temp/hwflow/hwflow_project_1/project_1.srcs/constrs_1/imports/xdc/zc702.xdc:87]
CRITICAL WARNING: [Common 17-55] 'set_property' expects at least one object. [/tmp/tmp.XsiBylrkcG/temp/hwflow/hwflow_project_1/project_1.srcs/constrs_1/imports/xdc/zc702.xdc:87]
Resolution: If [get_<value>] was used to populate the object, check to make sure this command returns at least one valid object.
WARNING: [Vivado 12-584] No ports matched 'MIO[44]'. [/tmp/tmp.XsiBylrkcG/temp/hwflow/hwflow_project_1/project_1.srcs/constrs_1/imports/xdc/zc702.xdc:89]
CRITICAL WARNING: [Common 17-55] 'set_property' expects at least one object. [/tmp/tmp.XsiBylrkcG/temp/hwflow/hwflow_project_1/project_1.srcs/constrs_1/imports/xdc/zc702.xdc:89]
Resolution: If [get_<value>] was used to populate the object, check to make sure this command returns at least one valid object.
WARNING: [Vivado 12-584] No ports matched 'MIO[44]'. [/tmp/tmp.XsiBylrkcG/temp/hwflow/hwflow_project_1/project_1.srcs/constrs_1/imports/xdc/zc702.xdc:90]
CRITICAL WARNING: [Common 17-55] 'set_property' expects at least one object. [/tmp/tmp.XsiBylrkcG/temp/hwflow/hwflow_project_1/project_1.srcs/constrs_1/imports/xdc/zc702.xdc:90]
Resolution: If [get_<value>] was used to populate the object, check to make sure this command returns at least one valid object.
WARNING: [Vivado 12-584] No ports matched 'MIO[44]'. [/tmp/tmp.XsiBylrkcG/temp/hwflow/hwflow_project_1/project_1.srcs/constrs_1/imports/xdc/zc702.xdc:91]
CRITICAL WARNING: [Common 17-55] 'set_property' expects at least one object. [/tmp/tmp.XsiBylrkcG/temp/hwflow/hwflow_project_1/project_1.srcs/constrs_1/imports/xdc/zc702.xdc:91]
Resolution: If [get_<value>] was used to populate the object, check to make sure this command returns at least one valid object.
WARNING: [Vivado 12-584] No ports matched 'MIO[44]'. [/tmp/tmp.XsiBylrkcG/temp/hwflow/hwflow_project_1/project_1.srcs/constrs_1/imports/xdc/zc702.xdc:92]
CRITICAL WARNING: [Common 17-55] 'set_property' expects at least one object. [/tmp/tmp.XsiBylrkcG/temp/hwflow/hwflow_project_1/project_1.srcs/constrs_1/imports/xdc/zc702.xdc:92]
Resolution: If [get_<value>] was used to populate the object, check to make sure this command returns at least one valid object.
WARNING: [Vivado 12-584] No ports matched 'MIO[44]'. [/tmp/tmp.XsiBylrkcG/temp/hwflow/hwflow_project_1/project_1.srcs/constrs_1/imports/xdc/zc702.xdc:93]
CRITICAL WARNING: [Common 17-55] 'set_property' expects at least one object. [/tmp/tmp.XsiBylrkcG/temp/hwflow/hwflow_project_1/project_1.srcs/constrs_1/imports/xdc/zc702.xdc:93]
Resolution: If [get_<value>] was used to populate the object, check to make sure this command returns at least one valid object.
WARNING: [Vivado 12-584] No ports matched 'MIO[43]'. [/tmp/tmp.XsiBylrkcG/temp/hwflow/hwflow_project_1/project_1.srcs/constrs_1/imports/xdc/zc702.xdc:95]
CRITICAL WARNING: [Common 17-55] 'set_property' expects at least one object. [/tmp/tmp.XsiBylrkcG/temp/hwflow/hwflow_project_1/project_1.srcs/constrs_1/imports/xdc/zc702.xdc:95]
Resolution: If [get_<value>] was used to populate the object, check to make sure this command returns at least one valid object.
WARNING: [Vivado 12-584] No ports matched 'MIO[43]'. [/tmp/tmp.XsiBylrkcG/temp/hwflow/hwflow_project_1/project_1.srcs/constrs_1/imports/xdc/zc702.xdc:96]
CRITICAL WARNING: [Common 17-55] 'set_property' expects at least one object. [/tmp/tmp.XsiBylrkcG/temp/hwflow/hwflow_project_1/project_1.srcs/constrs_1/imports/xdc/zc702.xdc:96]
Resolution: If [get_<value>] was used to populate the object, check to make sure this command returns at least one valid object.
WARNING: [Vivado 12-584] No ports matched 'MIO[43]'. [/tmp/tmp.XsiBylrkcG/temp/hwflow/hwflow_project_1/project_1.srcs/constrs_1/imports/xdc/zc702.xdc:97]
CRITICAL WARNING: [Common 17-55] 'set_property' expects at least one object. [/tmp/tmp.XsiBylrkcG/temp/hwflow/hwflow_project_1/project_1.srcs/constrs_1/imports/xdc/zc702.xdc:97]
Resolution: If [get_<value>] was used to populate the object, check to make sure this command returns at least one valid object.
WARNING: [Vivado 12-584] No ports matched 'MIO[43]'. [/tmp/tmp.XsiBylrkcG/temp/hwflow/hwflow_project_1/project_1.srcs/constrs_1/imports/xdc/zc702.xdc:98]
CRITICAL WARNING: [Common 17-55] 'set_property' expects at least one object. [/tmp/tmp.XsiBylrkcG/temp/hwflow/hwflow_project_1/project_1.srcs/constrs_1/imports/xdc/zc702.xdc:98]
Resolution: If [get_<value>] was used to populate the object, check to make sure this command returns at least one valid object.
WARNING: [Vivado 12-584] No ports matched 'MIO[43]'. [/tmp/tmp.XsiBylrkcG/temp/hwflow/hwflow_project_1/project_1.srcs/constrs_1/imports/xdc/zc702.xdc:99]
CRITICAL WARNING: [Common 17-55] 'set_property' expects at least one object. [/tmp/tmp.XsiBylrkcG/temp/hwflow/hwflow_project_1/project_1.srcs/constrs_1/imports/xdc/zc702.xdc:99]
Resolution: If [get_<value>] was used to populate the object, check to make sure this command returns at least one valid object.
WARNING: [Vivado 12-584] No ports matched 'MIO[42]'. [/tmp/tmp.XsiBylrkcG/temp/hwflow/hwflow_project_1/project_1.srcs/constrs_1/imports/xdc/zc702.xdc:101]
CRITICAL WARNING: [Common 17-55] 'set_property' expects at least one object. [/tmp/tmp.XsiBylrkcG/temp/hwflow/hwflow_project_1/project_1.srcs/constrs_1/imports/xdc/zc702.xdc:101]
Resolution: If [get_<value>] was used to populate the object, check to make sure this command returns at least one valid object.
WARNING: [Vivado 12-584] No ports matched 'MIO[42]'. [/tmp/tmp.XsiBylrkcG/temp/hwflow/hwflow_project_1/project_1.srcs/constrs_1/imports/xdc/zc702.xdc:102]
CRITICAL WARNING: [Common 17-55] 'set_property' expects at least one object. [/tmp/tmp.XsiBylrkcG/temp/hwflow/hwflow_project_1/project_1.srcs/constrs_1/imports/xdc/zc702.xdc:102]
Resolution: If [get_<value>] was used to populate the object, check to make sure this command returns at least one valid object.
WARNING: [Vivado 12-584] No ports matched 'MIO[42]'. [/tmp/tmp.XsiBylrkcG/temp/hwflow/hwflow_project_1/project_1.srcs/constrs_1/imports/xdc/zc702.xdc:103]
CRITICAL WARNING: [Common 17-55] 'set_property' expects at least one object. [/tmp/tmp.XsiBylrkcG/temp/hwflow/hwflow_project_1/project_1.srcs/constrs_1/imports/xdc/zc702.xdc:103]
Resolution: If [get_<value>] was used to populate the object, check to make sure this command returns at least one valid object.
WARNING: [Vivado 12-584] No ports matched 'MIO[42]'. [/tmp/tmp.XsiBylrkcG/temp/hwflow/hwflow_project_1/project_1.srcs/constrs_1/imports/xdc/zc702.xdc:104]
CRITICAL WARNING: [Common 17-55] 'set_property' expects at least one object. [/tmp/tmp.XsiBylrkcG/temp/hwflow/hwflow_project_1/project_1.srcs/constrs_1/imports/xdc/zc702.xdc:104]
Resolution: If [get_<value>] was used to populate the object, check to make sure this command returns at least one valid object.
WARNING: [Vivado 12-584] No ports matched 'MIO[42]'. [/tmp/tmp.XsiBylrkcG/temp/hwflow/hwflow_project_1/project_1.srcs/constrs_1/imports/xdc/zc702.xdc:105]
CRITICAL WARNING: [Common 17-55] 'set_property' expects at least one object. [/tmp/tmp.XsiBylrkcG/temp/hwflow/hwflow_project_1/project_1.srcs/constrs_1/imports/xdc/zc702.xdc:105]
Resolution: If [get_<value>] was used to populate the object, check to make sure this command returns at least one valid object.
WARNING: [Vivado 12-584] No ports matched 'MIO[41]'. [/tmp/tmp.XsiBylrkcG/temp/hwflow/hwflow_project_1/project_1.srcs/constrs_1/imports/xdc/zc702.xdc:107]
CRITICAL WARNING: [Common 17-55] 'set_property' expects at least one object. [/tmp/tmp.XsiBylrkcG/temp/hwflow/hwflow_project_1/project_1.srcs/constrs_1/imports/xdc/zc702.xdc:107]
Resolution: If [get_<value>] was used to populate the object, check to make sure this command returns at least one valid object.
WARNING: [Vivado 12-584] No ports matched 'MIO[41]'. [/tmp/tmp.XsiBylrkcG/temp/hwflow/hwflow_project_1/project_1.srcs/constrs_1/imports/xdc/zc702.xdc:108]
CRITICAL WARNING: [Common 17-55] 'set_property' expects at least one object. [/tmp/tmp.XsiBylrkcG/temp/hwflow/hwflow_project_1/project_1.srcs/constrs_1/imports/xdc/zc702.xdc:108]
Resolution: If [get_<value>] was used to populate the object, check to make sure this command returns at least one valid object.
WARNING: [Vivado 12-584] No ports matched 'MIO[41]'. [/tmp/tmp.XsiBylrkcG/temp/hwflow/hwflow_project_1/project_1.srcs/constrs_1/imports/xdc/zc702.xdc:109]
CRITICAL WARNING: [Common 17-55] 'set_property' expects at least one object. [/tmp/tmp.XsiBylrkcG/temp/hwflow/hwflow_project_1/project_1.srcs/constrs_1/imports/xdc/zc702.xdc:109]
Resolution: If [get_<value>] was used to populate the object, check to make sure this command returns at least one valid object.
WARNING: [Vivado 12-584] No ports matched 'MIO[41]'. [/tmp/tmp.XsiBylrkcG/temp/hwflow/hwflow_project_1/project_1.srcs/constrs_1/imports/xdc/zc702.xdc:110]
CRITICAL WARNING: [Common 17-55] 'set_property' expects at least one object. [/tmp/tmp.XsiBylrkcG/temp/hwflow/hwflow_project_1/project_1.srcs/constrs_1/imports/xdc/zc702.xdc:110]
Resolution: If [get_<value>] was used to populate the object, check to make sure this command returns at least one valid object.
WARNING: [Vivado 12-584] No ports matched 'MIO[41]'. [/tmp/tmp.XsiBylrkcG/temp/hwflow/hwflow_project_1/project_1.srcs/constrs_1/imports/xdc/zc702.xdc:111]
CRITICAL WARNING: [Common 17-55] 'set_property' expects at least one object. [/tmp/tmp.XsiBylrkcG/temp/hwflow/hwflow_project_1/project_1.srcs/constrs_1/imports/xdc/zc702.xdc:111]
Resolution: If [get_<value>] was used to populate the object, check to make sure this command returns at least one valid object.
WARNING: [Vivado 12-584] No ports matched 'MIO[40]'. [/tmp/tmp.XsiBylrkcG/temp/hwflow/hwflow_project_1/project_1.srcs/constrs_1/imports/xdc/zc702.xdc:113]
CRITICAL WARNING: [Common 17-55] 'set_property' expects at least one object. [/tmp/tmp.XsiBylrkcG/temp/hwflow/hwflow_project_1/project_1.srcs/constrs_1/imports/xdc/zc702.xdc:113]
Resolution: If [get_<value>] was used to populate the object, check to make sure this command returns at least one valid object.
WARNING: [Vivado 12-584] No ports matched 'MIO[40]'. [/tmp/tmp.XsiBylrkcG/temp/hwflow/hwflow_project_1/project_1.srcs/constrs_1/imports/xdc/zc702.xdc:114]
CRITICAL WARNING: [Common 17-55] 'set_property' expects at least one object. [/tmp/tmp.XsiBylrkcG/temp/hwflow/hwflow_project_1/project_1.srcs/constrs_1/imports/xdc/zc702.xdc:114]
Resolution: If [get_<value>] was used to populate the object, check to make sure this command returns at least one valid object.
WARNING: [Vivado 12-584] No ports matched 'MIO[40]'. [/tmp/tmp.XsiBylrkcG/temp/hwflow/hwflow_project_1/project_1.srcs/constrs_1/imports/xdc/zc702.xdc:115]
CRITICAL WARNING: [Common 17-55] 'set_property' expects at least one object. [/tmp/tmp.XsiBylrkcG/temp/hwflow/hwflow_project_1/project_1.srcs/constrs_1/imports/xdc/zc702.xdc:115]
Resolution: If [get_<value>] was used to populate the object, check to make sure this command returns at least one valid object.
WARNING: [Vivado 12-584] No ports matched 'MIO[40]'. [/tmp/tmp.XsiBylrkcG/temp/hwflow/hwflow_project_1/project_1.srcs/constrs_1/imports/xdc/zc702.xdc:116]
CRITICAL WARNING: [Common 17-55] 'set_property' expects at least one object. [/tmp/tmp.XsiBylrkcG/temp/hwflow/hwflow_project_1/project_1.srcs/constrs_1/imports/xdc/zc702.xdc:116]
Resolution: If [get_<value>] was used to populate the object, check to make sure this command returns at least one valid object.
WARNING: [Vivado 12-584] No ports matched 'MIO[40]'. [/tmp/tmp.XsiBylrkcG/temp/hwflow/hwflow_project_1/project_1.srcs/constrs_1/imports/xdc/zc702.xdc:117]
CRITICAL WARNING: [Common 17-55] 'set_property' expects at least one object. [/tmp/tmp.XsiBylrkcG/temp/hwflow/hwflow_project_1/project_1.srcs/constrs_1/imports/xdc/zc702.xdc:117]
Resolution: If [get_<value>] was used to populate the object, check to make sure this command returns at least one valid object.
WARNING: [Vivado 12-584] No ports matched 'MIO[39]'. [/tmp/tmp.XsiBylrkcG/temp/hwflow/hwflow_project_1/project_1.srcs/constrs_1/imports/xdc/zc702.xdc:119]
CRITICAL WARNING: [Common 17-55] 'set_property' expects at least one object. [/tmp/tmp.XsiBylrkcG/temp/hwflow/hwflow_project_1/project_1.srcs/constrs_1/imports/xdc/zc702.xdc:119]
Resolution: If [get_<value>] was used to populate the object, check to make sure this command returns at least one valid object.
WARNING: [Vivado 12-584] No ports matched 'MIO[39]'. [/tmp/tmp.XsiBylrkcG/temp/hwflow/hwflow_project_1/project_1.srcs/constrs_1/imports/xdc/zc702.xdc:120]
CRITICAL WARNING: [Common 17-55] 'set_property' expects at least one object. [/tmp/tmp.XsiBylrkcG/temp/hwflow/hwflow_project_1/project_1.srcs/constrs_1/imports/xdc/zc702.xdc:120]
Resolution: If [get_<value>] was used to populate the object, check to make sure this command returns at least one valid object.
WARNING: [Vivado 12-584] No ports matched 'MIO[39]'. [/tmp/tmp.XsiBylrkcG/temp/hwflow/hwflow_project_1/project_1.srcs/constrs_1/imports/xdc/zc702.xdc:121]
CRITICAL WARNING: [Common 17-55] 'set_property' expects at least one object. [/tmp/tmp.XsiBylrkcG/temp/hwflow/hwflow_project_1/project_1.srcs/constrs_1/imports/xdc/zc702.xdc:121]
Resolution: If [get_<value>] was used to populate the object, check to make sure this command returns at least one valid object.
WARNING: [Vivado 12-584] No ports matched 'MIO[39]'. [/tmp/tmp.XsiBylrkcG/temp/hwflow/hwflow_project_1/project_1.srcs/constrs_1/imports/xdc/zc702.xdc:122]
CRITICAL WARNING: [Common 17-55] 'set_property' expects at least one object. [/tmp/tmp.XsiBylrkcG/temp/hwflow/hwflow_project_1/project_1.srcs/constrs_1/imports/xdc/zc702.xdc:122]
Resolution: If [get_<value>] was used to populate the object, check to make sure this command returns at least one valid object.
WARNING: [Vivado 12-584] No ports matched 'MIO[39]'. [/tmp/tmp.XsiBylrkcG/temp/hwflow/hwflow_project_1/project_1.srcs/constrs_1/imports/xdc/zc702.xdc:123]
CRITICAL WARNING: [Common 17-55] 'set_property' expects at least one object. [/tmp/tmp.XsiBylrkcG/temp/hwflow/hwflow_project_1/project_1.srcs/constrs_1/imports/xdc/zc702.xdc:123]
Resolution: If [get_<value>] was used to populate the object, check to make sure this command returns at least one valid object.
WARNING: [Vivado 12-584] No ports matched 'MIO[38]'. [/tmp/tmp.XsiBylrkcG/temp/hwflow/hwflow_project_1/project_1.srcs/constrs_1/imports/xdc/zc702.xdc:125]
CRITICAL WARNING: [Common 17-55] 'set_property' expects at least one object. [/tmp/tmp.XsiBylrkcG/temp/hwflow/hwflow_project_1/project_1.srcs/constrs_1/imports/xdc/zc702.xdc:125]
Resolution: If [get_<value>] was used to populate the object, check to make sure this command returns at least one valid object.
WARNING: [Vivado 12-584] No ports matched 'MIO[38]'. [/tmp/tmp.XsiBylrkcG/temp/hwflow/hwflow_project_1/project_1.srcs/constrs_1/imports/xdc/zc702.xdc:126]
CRITICAL WARNING: [Common 17-55] 'set_property' expects at least one object. [/tmp/tmp.XsiBylrkcG/temp/hwflow/hwflow_project_1/project_1.srcs/constrs_1/imports/xdc/zc702.xdc:126]
Resolution: If [get_<value>] was used to populate the object, check to make sure this command returns at least one valid object.
WARNING: [Vivado 12-584] No ports matched 'MIO[38]'. [/tmp/tmp.XsiBylrkcG/temp/hwflow/hwflow_project_1/project_1.srcs/constrs_1/imports/xdc/zc702.xdc:127]
CRITICAL WARNING: [Common 17-55] 'set_property' expects at least one object. [/tmp/tmp.XsiBylrkcG/temp/hwflow/hwflow_project_1/project_1.srcs/constrs_1/imports/xdc/zc702.xdc:127]
Resolution: If [get_<value>] was used to populate the object, check to make sure this command returns at least one valid object.
WARNING: [Vivado 12-584] No ports matched 'MIO[38]'. [/tmp/tmp.XsiBylrkcG/temp/hwflow/hwflow_project_1/project_1.srcs/constrs_1/imports/xdc/zc702.xdc:128]
CRITICAL WARNING: [Common 17-55] 'set_property' expects at least one object. [/tmp/tmp.XsiBylrkcG/temp/hwflow/hwflow_project_1/project_1.srcs/constrs_1/imports/xdc/zc702.xdc:128]
Resolution: If [get_<value>] was used to populate the object, check to make sure this command returns at least one valid object.
WARNING: [Vivado 12-584] No ports matched 'MIO[38]'. [/tmp/tmp.XsiBylrkcG/temp/hwflow/hwflow_project_1/project_1.srcs/constrs_1/imports/xdc/zc702.xdc:129]
CRITICAL WARNING: [Common 17-55] 'set_property' expects at least one object. [/tmp/tmp.XsiBylrkcG/temp/hwflow/hwflow_project_1/project_1.srcs/constrs_1/imports/xdc/zc702.xdc:129]
Resolution: If [get_<value>] was used to populate the object, check to make sure this command returns at least one valid object.
WARNING: [Vivado 12-584] No ports matched 'MIO[37]'. [/tmp/tmp.XsiBylrkcG/temp/hwflow/hwflow_project_1/project_1.srcs/constrs_1/imports/xdc/zc702.xdc:131]
CRITICAL WARNING: [Common 17-55] 'set_property' expects at least one object. [/tmp/tmp.XsiBylrkcG/temp/hwflow/hwflow_project_1/project_1.srcs/constrs_1/imports/xdc/zc702.xdc:131]
Resolution: If [get_<value>] was used to populate the object, check to make sure this command returns at least one valid object.
WARNING: [Vivado 12-584] No ports matched 'MIO[37]'. [/tmp/tmp.XsiBylrkcG/temp/hwflow/hwflow_project_1/project_1.srcs/constrs_1/imports/xdc/zc702.xdc:132]
CRITICAL WARNING: [Common 17-55] 'set_property' expects at least one object. [/tmp/tmp.XsiBylrkcG/temp/hwflow/hwflow_project_1/project_1.srcs/constrs_1/imports/xdc/zc702.xdc:132]
Resolution: If [get_<value>] was used to populate the object, check to make sure this command returns at least one valid object.
WARNING: [Vivado 12-584] No ports matched 'MIO[37]'. [/tmp/tmp.XsiBylrkcG/temp/hwflow/hwflow_project_1/project_1.srcs/constrs_1/imports/xdc/zc702.xdc:133]
CRITICAL WARNING: [Common 17-55] 'set_property' expects at least one object. [/tmp/tmp.XsiBylrkcG/temp/hwflow/hwflow_project_1/project_1.srcs/constrs_1/imports/xdc/zc702.xdc:133]
Resolution: If [get_<value>] was used to populate the object, check to make sure this command returns at least one valid object.
WARNING: [Vivado 12-584] No ports matched 'MIO[37]'. [/tmp/tmp.XsiBylrkcG/temp/hwflow/hwflow_project_1/project_1.srcs/constrs_1/imports/xdc/zc702.xdc:134]
CRITICAL WARNING: [Common 17-55] 'set_property' expects at least one object. [/tmp/tmp.XsiBylrkcG/temp/hwflow/hwflow_project_1/project_1.srcs/constrs_1/imports/xdc/zc702.xdc:134]
Resolution: If [get_<value>] was used to populate the object, check to make sure this command returns at least one valid object.
WARNING: [Vivado 12-584] No ports matched 'MIO[37]'. [/tmp/tmp.XsiBylrkcG/temp/hwflow/hwflow_project_1/project_1.srcs/constrs_1/imports/xdc/zc702.xdc:135]
CRITICAL WARNING: [Common 17-55] 'set_property' expects at least one object. [/tmp/tmp.XsiBylrkcG/temp/hwflow/hwflow_project_1/project_1.srcs/constrs_1/imports/xdc/zc702.xdc:135]
Resolution: If [get_<value>] was used to populate the object, check to make sure this command returns at least one valid object.
WARNING: [Vivado 12-584] No ports matched 'MIO[36]'. [/tmp/tmp.XsiBylrkcG/temp/hwflow/hwflow_project_1/project_1.srcs/constrs_1/imports/xdc/zc702.xdc:137]
CRITICAL WARNING: [Common 17-55] 'set_property' expects at least one object. [/tmp/tmp.XsiBylrkcG/temp/hwflow/hwflow_project_1/project_1.srcs/constrs_1/imports/xdc/zc702.xdc:137]
Resolution: If [get_<value>] was used to populate the object, check to make sure this command returns at least one valid object.
WARNING: [Vivado 12-584] No ports matched 'MIO[36]'. [/tmp/tmp.XsiBylrkcG/temp/hwflow/hwflow_project_1/project_1.srcs/constrs_1/imports/xdc/zc702.xdc:138]
CRITICAL WARNING: [Common 17-55] 'set_property' expects at least one object. [/tmp/tmp.XsiBylrkcG/temp/hwflow/hwflow_project_1/project_1.srcs/constrs_1/imports/xdc/zc702.xdc:138]
Resolution: If [get_<value>] was used to populate the object, check to make sure this command returns at least one valid object.
WARNING: [Vivado 12-584] No ports matched 'MIO[36]'. [/tmp/tmp.XsiBylrkcG/temp/hwflow/hwflow_project_1/project_1.srcs/constrs_1/imports/xdc/zc702.xdc:139]
CRITICAL WARNING: [Common 17-55] 'set_property' expects at least one object. [/tmp/tmp.XsiBylrkcG/temp/hwflow/hwflow_project_1/project_1.srcs/constrs_1/imports/xdc/zc702.xdc:139]
Resolution: If [get_<value>] was used to populate the object, check to make sure this command returns at least one valid object.
WARNING: [Vivado 12-584] No ports matched 'MIO[36]'. [/tmp/tmp.XsiBylrkcG/temp/hwflow/hwflow_project_1/project_1.srcs/constrs_1/imports/xdc/zc702.xdc:140]
CRITICAL WARNING: [Common 17-55] 'set_property' expects at least one object. [/tmp/tmp.XsiBylrkcG/temp/hwflow/hwflow_project_1/project_1.srcs/constrs_1/imports/xdc/zc702.xdc:140]
Resolution: If [get_<value>] was used to populate the object, check to make sure this command returns at least one valid object.
WARNING: [Vivado 12-584] No ports matched 'MIO[36]'. [/tmp/tmp.XsiBylrkcG/temp/hwflow/hwflow_project_1/project_1.srcs/constrs_1/imports/xdc/zc702.xdc:141]
CRITICAL WARNING: [Common 17-55] 'set_property' expects at least one object. [/tmp/tmp.XsiBylrkcG/temp/hwflow/hwflow_project_1/project_1.srcs/constrs_1/imports/xdc/zc702.xdc:141]
Resolution: If [get_<value>] was used to populate the object, check to make sure this command returns at least one valid object.
WARNING: [Vivado 12-584] No ports matched 'MIO[35]'. [/tmp/tmp.XsiBylrkcG/temp/hwflow/hwflow_project_1/project_1.srcs/constrs_1/imports/xdc/zc702.xdc:143]
CRITICAL WARNING: [Common 17-55] 'set_property' expects at least one object. [/tmp/tmp.XsiBylrkcG/temp/hwflow/hwflow_project_1/project_1.srcs/constrs_1/imports/xdc/zc702.xdc:143]
Resolution: If [get_<value>] was used to populate the object, check to make sure this command returns at least one valid object.
WARNING: [Vivado 12-584] No ports matched 'MIO[35]'. [/tmp/tmp.XsiBylrkcG/temp/hwflow/hwflow_project_1/project_1.srcs/constrs_1/imports/xdc/zc702.xdc:144]
CRITICAL WARNING: [Common 17-55] 'set_property' expects at least one object. [/tmp/tmp.XsiBylrkcG/temp/hwflow/hwflow_project_1/project_1.srcs/constrs_1/imports/xdc/zc702.xdc:144]
Resolution: If [get_<value>] was used to populate the object, check to make sure this command returns at least one valid object.
WARNING: [Vivado 12-584] No ports matched 'MIO[35]'. [/tmp/tmp.XsiBylrkcG/temp/hwflow/hwflow_project_1/project_1.srcs/constrs_1/imports/xdc/zc702.xdc:145]
CRITICAL WARNING: [Common 17-55] 'set_property' expects at least one object. [/tmp/tmp.XsiBylrkcG/temp/hwflow/hwflow_project_1/project_1.srcs/constrs_1/imports/xdc/zc702.xdc:145]
Resolution: If [get_<value>] was used to populate the object, check to make sure this command returns at least one valid object.
WARNING: [Vivado 12-584] No ports matched 'MIO[35]'. [/tmp/tmp.XsiBylrkcG/temp/hwflow/hwflow_project_1/project_1.srcs/constrs_1/imports/xdc/zc702.xdc:146]
CRITICAL WARNING: [Common 17-55] 'set_property' expects at least one object. [/tmp/tmp.XsiBylrkcG/temp/hwflow/hwflow_project_1/project_1.srcs/constrs_1/imports/xdc/zc702.xdc:146]
Resolution: If [get_<value>] was used to populate the object, check to make sure this command returns at least one valid object.
WARNING: [Vivado 12-584] No ports matched 'MIO[35]'. [/tmp/tmp.XsiBylrkcG/temp/hwflow/hwflow_project_1/project_1.srcs/constrs_1/imports/xdc/zc702.xdc:147]
CRITICAL WARNING: [Common 17-55] 'set_property' expects at least one object. [/tmp/tmp.XsiBylrkcG/temp/hwflow/hwflow_project_1/project_1.srcs/constrs_1/imports/xdc/zc702.xdc:147]
Resolution: If [get_<value>] was used to populate the object, check to make sure this command returns at least one valid object.
WARNING: [Vivado 12-584] No ports matched 'MIO[34]'. [/tmp/tmp.XsiBylrkcG/temp/hwflow/hwflow_project_1/project_1.srcs/constrs_1/imports/xdc/zc702.xdc:149]
INFO: [Common 17-14] Message 'Vivado 12-584' appears 100 times and further instances of the messages will be disabled. Use the Tcl command set_msg_config to change the current settings. [/tmp/tmp.XsiBylrkcG/temp/hwflow/hwflow_project_1/project_1.srcs/constrs_1/imports/xdc/zc702.xdc:149]
CRITICAL WARNING: [Common 17-55] 'set_property' expects at least one object. [/tmp/tmp.XsiBylrkcG/temp/hwflow/hwflow_project_1/project_1.srcs/constrs_1/imports/xdc/zc702.xdc:149]
Resolution: If [get_<value>] was used to populate the object, check to make sure this command returns at least one valid object.
INFO: [Common 17-14] Message 'Common 17-55' appears 100 times and further instances of the messages will be disabled. Use the Tcl command set_msg_config to change the current settings. [/tmp/tmp.XsiBylrkcG/temp/hwflow/hwflow_project_1/project_1.srcs/constrs_1/imports/xdc/zc702.xdc:149]
Finished Parsing XDC File [/tmp/tmp.XsiBylrkcG/temp/hwflow/hwflow_project_1/project_1.srcs/constrs_1/imports/xdc/zc702.xdc]
Parsing XDC File [/tmp/tmp.XsiBylrkcG/temp/hwflow/hwflow_project_1/project_1.srcs/constrs_1/imports/xdc/pl_zc702.xdc]
CRITICAL WARNING: [Constraints 18-631] No BOARD_PART_PIN found named 'leds_4bits_tri_o_0'. [/tmp/tmp.XsiBylrkcG/temp/hwflow/hwflow_project_1/project_1.srcs/constrs_1/imports/xdc/pl_zc702.xdc:3]
CRITICAL WARNING: [Constraints 18-631] No BOARD_PART_PIN found named 'leds_4bits_tri_o_1'. [/tmp/tmp.XsiBylrkcG/temp/hwflow/hwflow_project_1/project_1.srcs/constrs_1/imports/xdc/pl_zc702.xdc:7]
CRITICAL WARNING: [Constraints 18-631] No BOARD_PART_PIN found named 'leds_4bits_tri_o_2'. [/tmp/tmp.XsiBylrkcG/temp/hwflow/hwflow_project_1/project_1.srcs/constrs_1/imports/xdc/pl_zc702.xdc:11]
CRITICAL WARNING: [Constraints 18-631] No BOARD_PART_PIN found named 'leds_4bits_tri_o_3'. [/tmp/tmp.XsiBylrkcG/temp/hwflow/hwflow_project_1/project_1.srcs/constrs_1/imports/xdc/pl_zc702.xdc:15]
Finished Parsing XDC File [/tmp/tmp.XsiBylrkcG/temp/hwflow/hwflow_project_1/project_1.srcs/constrs_1/imports/xdc/pl_zc702.xdc]
Parsing XDC File [/tmp/tmp.XsiBylrkcG/temp/hwflow/hwflow_project_1/project_1.srcs/constrs_1/imports/xdc/default.xdc]
Finished Parsing XDC File [/tmp/tmp.XsiBylrkcG/temp/hwflow/hwflow_project_1/project_1.srcs/constrs_1/imports/xdc/default.xdc]
INFO: [Project 1-1714] 14 XPM XDC files have been applied to the design.
INFO: [Opt 31-138] Pushed 0 inverter(s) to 0 load pin(s).
Netlist sorting complete. Time (s): cpu = 00:00:00 ; elapsed = 00:00:00.01 . Memory (MB): peak = 2873.656 ; gain = 0.000 ; free physical = 428188 ; free virtual = 540391
INFO: [Project 1-111] Unisim Transformation Summary:
No Unisim elements were transformed.

17 Infos, 101 Warnings, 105 Critical Warnings and 0 Errors encountered.
link_design completed successfully
link_design: Time (s): cpu = 00:00:10 ; elapsed = 00:00:23 . Memory (MB): peak = 2873.656 ; gain = 203.074 ; free physical = 428188 ; free virtual = 540391
Command: opt_design
Attempting to get a license for feature 'Implementation' and/or device 'xc7z020'
INFO: [Common 17-349] Got license for feature 'Implementation' and/or device 'xc7z020'
Running DRC as a precondition to command opt_design

Starting DRC Task
INFO: [DRC 23-27] Running DRC with 8 threads
INFO: [Project 1-461] DRC finished with 0 Errors
INFO: [Project 1-462] Please refer to the DRC report (report_drc) for more information.

Time (s): cpu = 00:00:02 ; elapsed = 00:00:01 . Memory (MB): peak = 2938.098 ; gain = 64.441 ; free physical = 428177 ; free virtual = 540380

Starting Cache Timing Information Task
INFO: [Timing 38-35] Done setting XDC timing constraints.
Ending Cache Timing Information Task | Checksum: 22acd8f9d

Time (s): cpu = 00:00:06 ; elapsed = 00:00:07 . Memory (MB): peak = 3328.984 ; gain = 390.887 ; free physical = 427774 ; free virtual = 539991

Starting Logic Optimization Task

Phase 1 Retarget
INFO: [Opt 31-138] Pushed 10 inverter(s) to 41 load pin(s).
INFO: [Opt 31-49] Retargeted 0 cell(s).
Phase 1 Retarget | Checksum: 1fc103588

Time (s): cpu = 00:00:00.18 ; elapsed = 00:00:00.10 . Memory (MB): peak = 3509.891 ; gain = 0.004 ; free physical = 427621 ; free virtual = 539838
INFO: [Opt 31-389] Phase Retarget created 7 cells and removed 42 cells
INFO: [Opt 31-1021] In phase Retarget, 15 netlist objects are constrained preventing optimization. Please run opt_design with -debug_log to get more detail. 

Phase 2 Constant propagation
INFO: [Opt 31-138] Pushed 0 inverter(s) to 0 load pin(s).
Phase 2 Constant propagation | Checksum: 17254f8b5

Time (s): cpu = 00:00:00.20 ; elapsed = 00:00:00.11 . Memory (MB): peak = 3509.891 ; gain = 0.004 ; free physical = 427621 ; free virtual = 539838
INFO: [Opt 31-389] Phase Constant propagation created 7 cells and removed 11 cells
INFO: [Opt 31-1021] In phase Constant propagation, 20 netlist objects are constrained preventing optimization. Please run opt_design with -debug_log to get more detail. 

Phase 3 Sweep
Phase 3 Sweep | Checksum: 153aa4502

Time (s): cpu = 00:00:00.46 ; elapsed = 00:00:00.38 . Memory (MB): peak = 3509.891 ; gain = 0.004 ; free physical = 427621 ; free virtual = 539838
INFO: [Opt 31-389] Phase Sweep created 4 cells and removed 124 cells
INFO: [Opt 31-1021] In phase Sweep, 25 netlist objects are constrained preventing optimization. Please run opt_design with -debug_log to get more detail. 

Phase 4 BUFG optimization
Phase 4 BUFG optimization | Checksum: 153aa4502

Time (s): cpu = 00:00:00.47 ; elapsed = 00:00:00.39 . Memory (MB): peak = 3509.891 ; gain = 0.004 ; free physical = 427621 ; free virtual = 539838
INFO: [Opt 31-662] Phase BUFG optimization created 0 cells of which 0 are BUFGs and removed 0 cells.

Phase 5 Shift Register Optimization
INFO: [Opt 31-1064] SRL Remap converted 0 SRLs to 0 registers and converted 0 registers of register chains to 0 SRLs
Phase 5 Shift Register Optimization | Checksum: 153aa4502

Time (s): cpu = 00:00:00.48 ; elapsed = 00:00:00.40 . Memory (MB): peak = 3509.891 ; gain = 0.004 ; free physical = 427621 ; free virtual = 539838
INFO: [Opt 31-389] Phase Shift Register Optimization created 0 cells and removed 0 cells

Phase 6 Post Processing Netlist
Phase 6 Post Processing Netlist | Checksum: 1032afa82

Time (s): cpu = 00:00:00.49 ; elapsed = 00:00:00.41 . Memory (MB): peak = 3509.891 ; gain = 0.004 ; free physical = 427621 ; free virtual = 539838
INFO: [Opt 31-389] Phase Post Processing Netlist created 0 cells and removed 0 cells
INFO: [Opt 31-1021] In phase Post Processing Netlist, 15 netlist objects are constrained preventing optimization. Please run opt_design with -debug_log to get more detail. 
Opt_design Change Summary
=========================


-------------------------------------------------------------------------------------------------------------------------
|  Phase                        |  #Cells created  |  #Cells Removed  |  #Constrained objects preventing optimizations  |
-------------------------------------------------------------------------------------------------------------------------
|  Retarget                     |               7  |              42  |                                             15  |
|  Constant propagation         |               7  |              11  |                                             20  |
|  Sweep                        |               4  |             124  |                                             25  |
|  BUFG optimization            |               0  |               0  |                                              0  |
|  Shift Register Optimization  |               0  |               0  |                                              0  |
|  Post Processing Netlist      |               0  |               0  |                                             15  |
-------------------------------------------------------------------------------------------------------------------------



Starting Connectivity Check Task

Time (s): cpu = 00:00:00.02 ; elapsed = 00:00:00.01 . Memory (MB): peak = 3509.891 ; gain = 0.000 ; free physical = 427621 ; free virtual = 539838
Ending Logic Optimization Task | Checksum: 19442c6bd

Time (s): cpu = 00:00:00.57 ; elapsed = 00:00:00.46 . Memory (MB): peak = 3509.891 ; gain = 0.004 ; free physical = 427621 ; free virtual = 539838

Starting Power Optimization Task
INFO: [Pwropt 34-132] Skipping clock gating for clocks with a period < 2.00 ns.
Ending Power Optimization Task | Checksum: 19442c6bd

Time (s): cpu = 00:00:00.01 ; elapsed = 00:00:00.03 . Memory (MB): peak = 3509.891 ; gain = 0.000 ; free physical = 427622 ; free virtual = 539839

Starting Final Cleanup Task
Ending Final Cleanup Task | Checksum: 19442c6bd

Time (s): cpu = 00:00:00 ; elapsed = 00:00:00 . Memory (MB): peak = 3509.891 ; gain = 0.000 ; free physical = 427622 ; free virtual = 539839

Starting Netlist Obfuscation Task
Netlist sorting complete. Time (s): cpu = 00:00:00 ; elapsed = 00:00:00 . Memory (MB): peak = 3509.891 ; gain = 0.000 ; free physical = 427622 ; free virtual = 539839
Ending Netlist Obfuscation Task | Checksum: 19442c6bd

Time (s): cpu = 00:00:00 ; elapsed = 00:00:00 . Memory (MB): peak = 3509.891 ; gain = 0.000 ; free physical = 427622 ; free virtual = 539839
INFO: [Common 17-83] Releasing license: Implementation
38 Infos, 101 Warnings, 105 Critical Warnings and 0 Errors encountered.
opt_design completed successfully
opt_design: Time (s): cpu = 00:00:10 ; elapsed = 00:00:10 . Memory (MB): peak = 3509.891 ; gain = 636.234 ; free physical = 427622 ; free virtual = 539839
INFO: [Timing 38-480] Writing timing data to binary archive.
Writing placer database...
Writing XDEF routing.
Writing XDEF routing logical nets.
Writing XDEF routing special nets.
Write XDEF Complete: Time (s): cpu = 00:00:00.22 ; elapsed = 00:00:00.06 . Memory (MB): peak = 3509.891 ; gain = 0.000 ; free physical = 427619 ; free virtual = 539838
INFO: [Common 17-1381] The checkpoint '/tmp/tmp.XsiBylrkcG/temp/hwflow/hwflow_project_1/project_1.runs/impl_1/project_1_wrapper_opt.dcp' has been generated.
INFO: [runtcl-4] Executing : report_drc -file project_1_wrapper_drc_opted.rpt -pb project_1_wrapper_drc_opted.pb -rpx project_1_wrapper_drc_opted.rpx
Command: report_drc -file project_1_wrapper_drc_opted.rpt -pb project_1_wrapper_drc_opted.pb -rpx project_1_wrapper_drc_opted.rpx
INFO: [IP_Flow 19-1839] IP Catalog is up to date.
INFO: [Timing 38-35] Done setting XDC timing constraints.
INFO: [DRC 23-27] Running DRC with 8 threads
INFO: [Vivado_Tcl 2-168] The results of DRC are in file /tmp/tmp.XsiBylrkcG/temp/hwflow/hwflow_project_1/project_1.runs/impl_1/project_1_wrapper_drc_opted.rpt.
report_drc completed successfully
Command: place_design
Attempting to get a license for feature 'Implementation' and/or device 'xc7z020'
INFO: [Common 17-349] Got license for feature 'Implementation' and/or device 'xc7z020'
INFO: [DRC 23-27] Running DRC with 8 threads
INFO: [Vivado_Tcl 4-198] DRC finished with 0 Errors
INFO: [Vivado_Tcl 4-199] Please refer to the DRC report (report_drc) for more information.
Running DRC as a precondition to command place_design
INFO: [DRC 23-27] Running DRC with 8 threads
INFO: [Vivado_Tcl 4-198] DRC finished with 0 Errors
INFO: [Vivado_Tcl 4-199] Please refer to the DRC report (report_drc) for more information.

Starting Placer Task
INFO: [Place 30-611] Multithreading enabled for place_design using a maximum of 8 CPUs

Phase 1 Placer Initialization

Phase 1.1 Placer Initialization Netlist Sorting
Netlist sorting complete. Time (s): cpu = 00:00:00 ; elapsed = 00:00:00 . Memory (MB): peak = 3659.926 ; gain = 0.000 ; free physical = 427561 ; free virtual = 539781
Phase 1.1 Placer Initialization Netlist Sorting | Checksum: 119661f74

Time (s): cpu = 00:00:00.02 ; elapsed = 00:00:00.05 . Memory (MB): peak = 3659.926 ; gain = 0.000 ; free physical = 427561 ; free virtual = 539781
Netlist sorting complete. Time (s): cpu = 00:00:00 ; elapsed = 00:00:00 . Memory (MB): peak = 3659.926 ; gain = 0.000 ; free physical = 427561 ; free virtual = 539781

Phase 1.2 IO Placement/ Clock Placement/ Build Placer Device
Phase 1.2 IO Placement/ Clock Placement/ Build Placer Device | Checksum: 140786bf0

Time (s): cpu = 00:00:00.68 ; elapsed = 00:00:00.52 . Memory (MB): peak = 3659.926 ; gain = 0.000 ; free physical = 427578 ; free virtual = 539800

Phase 1.3 Build Placer Netlist Model
Phase 1.3 Build Placer Netlist Model | Checksum: f265351f

Time (s): cpu = 00:00:01 ; elapsed = 00:00:00.76 . Memory (MB): peak = 3659.926 ; gain = 0.000 ; free physical = 427587 ; free virtual = 539810

Phase 1.4 Constrain Clocks/Macros
Phase 1.4 Constrain Clocks/Macros | Checksum: f265351f

Time (s): cpu = 00:00:01 ; elapsed = 00:00:00.76 . Memory (MB): peak = 3659.926 ; gain = 0.000 ; free physical = 427587 ; free virtual = 539810
Phase 1 Placer Initialization | Checksum: f265351f

Time (s): cpu = 00:00:01 ; elapsed = 00:00:00.77 . Memory (MB): peak = 3659.926 ; gain = 0.000 ; free physical = 427587 ; free virtual = 539810

Phase 2 Global Placement

Phase 2.1 Floorplanning
Phase 2.1 Floorplanning | Checksum: 15047d84a

Time (s): cpu = 00:00:01 ; elapsed = 00:00:00.85 . Memory (MB): peak = 3659.926 ; gain = 0.000 ; free physical = 427569 ; free virtual = 539792

Phase 2.2 Update Timing before SLR Path Opt
Phase 2.2 Update Timing before SLR Path Opt | Checksum: fbf7b75f

Time (s): cpu = 00:00:02 ; elapsed = 00:00:00.90 . Memory (MB): peak = 3659.926 ; gain = 0.000 ; free physical = 427578 ; free virtual = 539801

Phase 2.3 Post-Processing in Floorplanning
Phase 2.3 Post-Processing in Floorplanning | Checksum: fbf7b75f

Time (s): cpu = 00:00:02 ; elapsed = 00:00:00.90 . Memory (MB): peak = 3659.926 ; gain = 0.000 ; free physical = 427578 ; free virtual = 539801

Phase 2.4 Global Placement Core

Phase 2.4.1 Physical Synthesis In Placer
INFO: [Physopt 32-1035] Found 0 LUTNM shape to break, 113 LUT instances to create LUTNM shape
INFO: [Physopt 32-1044] Break lutnm for timing: one critical 0, two critical 0, total 0, new lutff created 0
INFO: [Physopt 32-1138] End 1 Pass. Optimized 18 nets or LUTs. Breaked 0 LUT, combined 18 existing LUTs and moved 0 existing LUT
INFO: [Physopt 32-65] No nets found for high-fanout optimization.
INFO: [Physopt 32-232] Optimized 0 net. Created 0 new instance.
INFO: [Physopt 32-775] End 1 Pass. Optimized 0 net or cell. Created 0 new cell, deleted 0 existing cell and moved 0 existing cell
INFO: [Physopt 32-670] No setup violation found.  DSP Register Optimization was not performed.
INFO: [Physopt 32-670] No setup violation found.  Shift Register to Pipeline Optimization was not performed.
INFO: [Physopt 32-670] No setup violation found.  Shift Register Optimization was not performed.
INFO: [Physopt 32-670] No setup violation found.  BRAM Register Optimization was not performed.
INFO: [Physopt 32-670] No setup violation found.  URAM Register Optimization was not performed.
INFO: [Physopt 32-949] No candidate nets found for dynamic/static region interface net replication
INFO: [Physopt 32-775] End 1 Pass. Optimized 0 net or cell. Created 0 new cell, deleted 0 existing cell and moved 0 existing cell
Netlist sorting complete. Time (s): cpu = 00:00:00 ; elapsed = 00:00:00.01 . Memory (MB): peak = 3659.926 ; gain = 0.000 ; free physical = 427545 ; free virtual = 539772

Summary of Physical Synthesis Optimizations
============================================


-----------------------------------------------------------------------------------------------------------------------------------------------------------
|  Optimization                                     |  Added Cells  |  Removed Cells  |  Optimized Cells/Nets  |  Dont Touch  |  Iterations  |  Elapsed   |
-----------------------------------------------------------------------------------------------------------------------------------------------------------
|  LUT Combining                                    |            0  |             18  |                    18  |           0  |           1  |  00:00:00  |
|  Retime                                           |            0  |              0  |                     0  |           0  |           1  |  00:00:00  |
|  Very High Fanout                                 |            0  |              0  |                     0  |           0  |           1  |  00:00:00  |
|  DSP Register                                     |            0  |              0  |                     0  |           0  |           0  |  00:00:00  |
|  Shift Register to Pipeline                       |            0  |              0  |                     0  |           0  |           0  |  00:00:00  |
|  Shift Register                                   |            0  |              0  |                     0  |           0  |           0  |  00:00:00  |
|  BRAM Register                                    |            0  |              0  |                     0  |           0  |           0  |  00:00:00  |
|  URAM Register                                    |            0  |              0  |                     0  |           0  |           0  |  00:00:00  |
|  Dynamic/Static Region Interface Net Replication  |            0  |              0  |                     0  |           0  |           1  |  00:00:00  |
|  Total                                            |            0  |             18  |                    18  |           0  |           4  |  00:00:00  |
-----------------------------------------------------------------------------------------------------------------------------------------------------------


Phase 2.4.1 Physical Synthesis In Placer | Checksum: ea59d492

Time (s): cpu = 00:00:04 ; elapsed = 00:00:02 . Memory (MB): peak = 3659.926 ; gain = 0.000 ; free physical = 427549 ; free virtual = 539776
Phase 2.4 Global Placement Core | Checksum: 17152e61b

Time (s): cpu = 00:00:05 ; elapsed = 00:00:02 . Memory (MB): peak = 3659.926 ; gain = 0.000 ; free physical = 427549 ; free virtual = 539776
Phase 2 Global Placement | Checksum: 17152e61b

Time (s): cpu = 00:00:05 ; elapsed = 00:00:02 . Memory (MB): peak = 3659.926 ; gain = 0.000 ; free physical = 427550 ; free virtual = 539777

Phase 3 Detail Placement

Phase 3.1 Commit Multi Column Macros
Phase 3.1 Commit Multi Column Macros | Checksum: 1b6fd7ef4

Time (s): cpu = 00:00:05 ; elapsed = 00:00:02 . Memory (MB): peak = 3659.926 ; gain = 0.000 ; free physical = 427549 ; free virtual = 539776

Phase 3.2 Commit Most Macros & LUTRAMs
Phase 3.2 Commit Most Macros & LUTRAMs | Checksum: 10c2fe6ed

Time (s): cpu = 00:00:05 ; elapsed = 00:00:02 . Memory (MB): peak = 3659.926 ; gain = 0.000 ; free physical = 427548 ; free virtual = 539775

Phase 3.3 Area Swap Optimization
Phase 3.3 Area Swap Optimization | Checksum: 12f82df16

Time (s): cpu = 00:00:05 ; elapsed = 00:00:02 . Memory (MB): peak = 3659.926 ; gain = 0.000 ; free physical = 427548 ; free virtual = 539775

Phase 3.4 Pipeline Register Optimization
Phase 3.4 Pipeline Register Optimization | Checksum: 14860d361

Time (s): cpu = 00:00:05 ; elapsed = 00:00:02 . Memory (MB): peak = 3659.926 ; gain = 0.000 ; free physical = 427548 ; free virtual = 539775

Phase 3.5 Small Shape Detail Placement
Phase 3.5 Small Shape Detail Placement | Checksum: 1c4fb52b7

Time (s): cpu = 00:00:06 ; elapsed = 00:00:02 . Memory (MB): peak = 3659.926 ; gain = 0.000 ; free physical = 427546 ; free virtual = 539773

Phase 3.6 Re-assign LUT pins
Phase 3.6 Re-assign LUT pins | Checksum: 1242b2422

Time (s): cpu = 00:00:06 ; elapsed = 00:00:03 . Memory (MB): peak = 3659.926 ; gain = 0.000 ; free physical = 427546 ; free virtual = 539773

Phase 3.7 Pipeline Register Optimization
Phase 3.7 Pipeline Register Optimization | Checksum: 10d4917e5

Time (s): cpu = 00:00:06 ; elapsed = 00:00:03 . Memory (MB): peak = 3659.926 ; gain = 0.000 ; free physical = 427546 ; free virtual = 539773
Phase 3 Detail Placement | Checksum: 10d4917e5

Time (s): cpu = 00:00:06 ; elapsed = 00:00:03 . Memory (MB): peak = 3659.926 ; gain = 0.000 ; free physical = 427546 ; free virtual = 539773

Phase 4 Post Placement Optimization and Clean-Up

Phase 4.1 Post Commit Optimization
INFO: [Timing 38-35] Done setting XDC timing constraints.

Phase 4.1.1 Post Placement Optimization
Post Placement Optimization Initialization | Checksum: dc2ddb56

Phase 4.1.1.1 BUFG Insertion

Starting Physical Synthesis Task

Phase 1 Physical Synthesis Initialization
INFO: [Physopt 32-721] Multithreading enabled for phys_opt_design using a maximum of 8 CPUs
INFO: [Physopt 32-619] Estimated Timing Summary | WNS=0.035 | TNS=0.000 |
Phase 1 Physical Synthesis Initialization | Checksum: 100af99b4

Time (s): cpu = 00:00:00.11 ; elapsed = 00:00:00.03 . Memory (MB): peak = 3659.926 ; gain = 0.000 ; free physical = 427549 ; free virtual = 539775
INFO: [Place 46-56] BUFG insertion identified 0 candidate nets. Inserted BUFG: 0, Replicated BUFG Driver: 0, Skipped due to Placement/Routing Conflicts: 0, Skipped due to Timing Degradation: 0, Skipped due to Illegal Netlist: 0.
Ending Physical Synthesis Task | Checksum: f3265157

Time (s): cpu = 00:00:00.11 ; elapsed = 00:00:00.04 . Memory (MB): peak = 3659.926 ; gain = 0.000 ; free physical = 427549 ; free virtual = 539775
Phase 4.1.1.1 BUFG Insertion | Checksum: dc2ddb56

Time (s): cpu = 00:00:06 ; elapsed = 00:00:03 . Memory (MB): peak = 3659.926 ; gain = 0.000 ; free physical = 427549 ; free virtual = 539775

Phase 4.1.1.2 Post Placement Timing Optimization
INFO: [Place 30-746] Post Placement Timing Summary WNS=0.776. For the most accurate timing information please run report_timing.
Phase 4.1.1.2 Post Placement Timing Optimization | Checksum: 9c628964

Time (s): cpu = 00:00:06 ; elapsed = 00:00:03 . Memory (MB): peak = 3659.926 ; gain = 0.000 ; free physical = 427549 ; free virtual = 539775

Time (s): cpu = 00:00:06 ; elapsed = 00:00:03 . Memory (MB): peak = 3659.926 ; gain = 0.000 ; free physical = 427549 ; free virtual = 539775
Phase 4.1 Post Commit Optimization | Checksum: 9c628964

Time (s): cpu = 00:00:06 ; elapsed = 00:00:03 . Memory (MB): peak = 3659.926 ; gain = 0.000 ; free physical = 427549 ; free virtual = 539775

Phase 4.2 Post Placement Cleanup
Phase 4.2 Post Placement Cleanup | Checksum: 9c628964

Time (s): cpu = 00:00:06 ; elapsed = 00:00:03 . Memory (MB): peak = 3659.926 ; gain = 0.000 ; free physical = 427549 ; free virtual = 539775

Phase 4.3 Placer Reporting

Phase 4.3.1 Print Estimated Congestion
INFO: [Place 30-612] Post-Placement Estimated Congestion 
 ____________________________________________________
|           | Global Congestion | Short Congestion  |
| Direction | Region Size       | Region Size       |
|___________|___________________|___________________|
|      North|                1x1|                1x1|
|___________|___________________|___________________|
|      South|                1x1|                1x1|
|___________|___________________|___________________|
|       East|                1x1|                1x1|
|___________|___________________|___________________|
|       West|                1x1|                1x1|
|___________|___________________|___________________|

Phase 4.3.1 Print Estimated Congestion | Checksum: 9c628964

Time (s): cpu = 00:00:06 ; elapsed = 00:00:03 . Memory (MB): peak = 3659.926 ; gain = 0.000 ; free physical = 427549 ; free virtual = 539775
Phase 4.3 Placer Reporting | Checksum: 9c628964

Time (s): cpu = 00:00:06 ; elapsed = 00:00:03 . Memory (MB): peak = 3659.926 ; gain = 0.000 ; free physical = 427549 ; free virtual = 539775

Phase 4.4 Final Placement Cleanup
Netlist sorting complete. Time (s): cpu = 00:00:00 ; elapsed = 00:00:00 . Memory (MB): peak = 3659.926 ; gain = 0.000 ; free physical = 427549 ; free virtual = 539775

Time (s): cpu = 00:00:06 ; elapsed = 00:00:03 . Memory (MB): peak = 3659.926 ; gain = 0.000 ; free physical = 427549 ; free virtual = 539775
Phase 4 Post Placement Optimization and Clean-Up | Checksum: 15f9580f5

Time (s): cpu = 00:00:06 ; elapsed = 00:00:03 . Memory (MB): peak = 3659.926 ; gain = 0.000 ; free physical = 427549 ; free virtual = 539775
Ending Placer Task | Checksum: 12cc66291

Time (s): cpu = 00:00:06 ; elapsed = 00:00:03 . Memory (MB): peak = 3659.926 ; gain = 0.000 ; free physical = 427549 ; free virtual = 539775
INFO: [Common 17-83] Releasing license: Implementation
73 Infos, 101 Warnings, 105 Critical Warnings and 0 Errors encountered.
place_design completed successfully
INFO: [Timing 38-480] Writing timing data to binary archive.
Writing placer database...
Writing XDEF routing.
Writing XDEF routing logical nets.
Writing XDEF routing special nets.
Write XDEF Complete: Time (s): cpu = 00:00:00.42 ; elapsed = 00:00:00.12 . Memory (MB): peak = 3659.926 ; gain = 0.000 ; free physical = 427563 ; free virtual = 539792
INFO: [Common 17-1381] The checkpoint '/tmp/tmp.XsiBylrkcG/temp/hwflow/hwflow_project_1/project_1.runs/impl_1/project_1_wrapper_placed.dcp' has been generated.
INFO: [runtcl-4] Executing : report_io -file project_1_wrapper_io_placed.rpt
report_io: Time (s): cpu = 00:00:00.10 ; elapsed = 00:00:00.21 . Memory (MB): peak = 3659.926 ; gain = 0.000 ; free physical = 427560 ; free virtual = 539789
INFO: [runtcl-4] Executing : report_utilization -file project_1_wrapper_utilization_placed.rpt -pb project_1_wrapper_utilization_placed.pb
INFO: [runtcl-4] Executing : report_control_sets -verbose -file project_1_wrapper_control_sets_placed.rpt
report_control_sets: Time (s): cpu = 00:00:00.03 ; elapsed = 00:00:00.15 . Memory (MB): peak = 3659.926 ; gain = 0.000 ; free physical = 427572 ; free virtual = 539800
Command: phys_opt_design
Attempting to get a license for feature 'Implementation' and/or device 'xc7z020'
INFO: [Common 17-349] Got license for feature 'Implementation' and/or device 'xc7z020'
INFO: [Vivado_Tcl 4-383] Design worst setup slack (WNS) is greater than or equal to 0.000 ns. Skipping all physical synthesis optimizations.
INFO: [Vivado_Tcl 4-232] No setup violation found. The netlist was not modified.
INFO: [Common 17-83] Releasing license: Implementation
82 Infos, 101 Warnings, 105 Critical Warnings and 0 Errors encountered.
phys_opt_design completed successfully
INFO: [Timing 38-480] Writing timing data to binary archive.
Writing placer database...
Writing XDEF routing.
Writing XDEF routing logical nets.
Writing XDEF routing special nets.
Write XDEF Complete: Time (s): cpu = 00:00:00.43 ; elapsed = 00:00:00.11 . Memory (MB): peak = 3659.926 ; gain = 0.000 ; free physical = 427540 ; free virtual = 539771
INFO: [Common 17-1381] The checkpoint '/tmp/tmp.XsiBylrkcG/temp/hwflow/hwflow_project_1/project_1.runs/impl_1/project_1_wrapper_physopt.dcp' has been generated.
Command: route_design
Attempting to get a license for feature 'Implementation' and/or device 'xc7z020'
INFO: [Common 17-349] Got license for feature 'Implementation' and/or device 'xc7z020'
Running DRC as a precondition to command route_design
INFO: [DRC 23-27] Running DRC with 8 threads
INFO: [Vivado_Tcl 4-198] DRC finished with 0 Errors
INFO: [Vivado_Tcl 4-199] Please refer to the DRC report (report_drc) for more information.


Starting Routing Task
INFO: [Route 35-254] Multithreading enabled for route_design using a maximum of 8 CPUs
Checksum: PlaceDB: 47a4a9dd ConstDB: 0 ShapeSum: e521b8b4 RouteDB: 0

Phase 1 Build RT Design
Phase 1 Build RT Design | Checksum: ba4b239a

Time (s): cpu = 00:00:16 ; elapsed = 00:00:13 . Memory (MB): peak = 3683.590 ; gain = 23.664 ; free physical = 427414 ; free virtual = 539644
Post Restoration Checksum: NetGraph: 62ca7959 NumContArr: 5780aa41 Constraints: 0 Timing: 0

Phase 2 Router Initialization

Phase 2.1 Create Timer
Phase 2.1 Create Timer | Checksum: ba4b239a

Time (s): cpu = 00:00:16 ; elapsed = 00:00:13 . Memory (MB): peak = 3683.590 ; gain = 23.664 ; free physical = 427413 ; free virtual = 539643

Phase 2.2 Fix Topology Constraints
Phase 2.2 Fix Topology Constraints | Checksum: ba4b239a

Time (s): cpu = 00:00:16 ; elapsed = 00:00:13 . Memory (MB): peak = 3714.590 ; gain = 54.664 ; free physical = 427379 ; free virtual = 539609

Phase 2.3 Pre Route Cleanup
Phase 2.3 Pre Route Cleanup | Checksum: ba4b239a

Time (s): cpu = 00:00:16 ; elapsed = 00:00:13 . Memory (MB): peak = 3714.590 ; gain = 54.664 ; free physical = 427379 ; free virtual = 539609
 Number of Nodes with overlaps = 0

Phase 2.4 Update Timing
Phase 2.4 Update Timing | Checksum: 1ade1a0f5

Time (s): cpu = 00:00:18 ; elapsed = 00:00:14 . Memory (MB): peak = 3740.473 ; gain = 80.547 ; free physical = 427370 ; free virtual = 539600
INFO: [Route 35-416] Intermediate Timing Summary | WNS=0.827  | TNS=0.000  | WHS=-0.141 | THS=-11.182|

Phase 2 Router Initialization | Checksum: 15d6c0665

Time (s): cpu = 00:00:18 ; elapsed = 00:00:14 . Memory (MB): peak = 3740.473 ; gain = 80.547 ; free physical = 427370 ; free virtual = 539600

Router Utilization Summary
  Global Vertical Routing Utilization    = 0 %
  Global Horizontal Routing Utilization  = 0 %
  Routable Net Status*
  *Does not include unroutable nets such as driverless and loadless.
  Run report_route_status for detailed report.
  Number of Failed Nets               = 1055
    (Failed Nets is the sum of unrouted and partially routed nets)
  Number of Unrouted Nets             = 1055
  Number of Partially Routed Nets     = 0
  Number of Node Overlaps             = 0


Phase 3 Initial Routing

Phase 3.1 Global Routing
Phase 3.1 Global Routing | Checksum: 15d6c0665

Time (s): cpu = 00:00:18 ; elapsed = 00:00:14 . Memory (MB): peak = 3740.473 ; gain = 80.547 ; free physical = 427365 ; free virtual = 539595
Phase 3 Initial Routing | Checksum: 24d7bb6dd

Time (s): cpu = 00:00:19 ; elapsed = 00:00:14 . Memory (MB): peak = 3740.473 ; gain = 80.547 ; free physical = 427366 ; free virtual = 539596

Phase 4 Rip-up And Reroute

Phase 4.1 Global Iteration 0
 Number of Nodes with overlaps = 90
 Number of Nodes with overlaps = 17
 Number of Nodes with overlaps = 10
 Number of Nodes with overlaps = 5
 Number of Nodes with overlaps = 3
 Number of Nodes with overlaps = 1
 Number of Nodes with overlaps = 1
 Number of Nodes with overlaps = 0
INFO: [Route 35-416] Intermediate Timing Summary | WNS=1.013  | TNS=0.000  | WHS=N/A    | THS=N/A    |

Phase 4.1 Global Iteration 0 | Checksum: 1b1683ddf

Time (s): cpu = 00:00:20 ; elapsed = 00:00:15 . Memory (MB): peak = 3740.473 ; gain = 80.547 ; free physical = 427366 ; free virtual = 539596
Phase 4 Rip-up And Reroute | Checksum: 1b1683ddf

Time (s): cpu = 00:00:20 ; elapsed = 00:00:15 . Memory (MB): peak = 3740.473 ; gain = 80.547 ; free physical = 427366 ; free virtual = 539596

Phase 5 Delay and Skew Optimization

Phase 5.1 Delay CleanUp

Phase 5.1.1 Update Timing
Phase 5.1.1 Update Timing | Checksum: 12309e798

Time (s): cpu = 00:00:20 ; elapsed = 00:00:15 . Memory (MB): peak = 3740.473 ; gain = 80.547 ; free physical = 427366 ; free virtual = 539596
INFO: [Route 35-416] Intermediate Timing Summary | WNS=1.128  | TNS=0.000  | WHS=N/A    | THS=N/A    |

Phase 5.1 Delay CleanUp | Checksum: 12309e798

Time (s): cpu = 00:00:20 ; elapsed = 00:00:15 . Memory (MB): peak = 3740.473 ; gain = 80.547 ; free physical = 427366 ; free virtual = 539596

Phase 5.2 Clock Skew Optimization
Phase 5.2 Clock Skew Optimization | Checksum: 12309e798

Time (s): cpu = 00:00:20 ; elapsed = 00:00:15 . Memory (MB): peak = 3740.473 ; gain = 80.547 ; free physical = 427366 ; free virtual = 539596
Phase 5 Delay and Skew Optimization | Checksum: 12309e798

Time (s): cpu = 00:00:20 ; elapsed = 00:00:15 . Memory (MB): peak = 3740.473 ; gain = 80.547 ; free physical = 427366 ; free virtual = 539596

Phase 6 Post Hold Fix

Phase 6.1 Hold Fix Iter

Phase 6.1.1 Update Timing
Phase 6.1.1 Update Timing | Checksum: e4094558

Time (s): cpu = 00:00:21 ; elapsed = 00:00:15 . Memory (MB): peak = 3740.473 ; gain = 80.547 ; free physical = 427366 ; free virtual = 539596
INFO: [Route 35-416] Intermediate Timing Summary | WNS=1.128  | TNS=0.000  | WHS=0.106  | THS=0.000  |

Phase 6.1 Hold Fix Iter | Checksum: 1235602a8

Time (s): cpu = 00:00:21 ; elapsed = 00:00:15 . Memory (MB): peak = 3740.473 ; gain = 80.547 ; free physical = 427366 ; free virtual = 539596
Phase 6 Post Hold Fix | Checksum: 1235602a8

Time (s): cpu = 00:00:21 ; elapsed = 00:00:15 . Memory (MB): peak = 3740.473 ; gain = 80.547 ; free physical = 427366 ; free virtual = 539596

Phase 7 Route finalize

Router Utilization Summary
  Global Vertical Routing Utilization    = 0.104794 %
  Global Horizontal Routing Utilization  = 0.120352 %
  Routable Net Status*
  *Does not include unroutable nets such as driverless and loadless.
  Run report_route_status for detailed report.
  Number of Failed Nets               = 0
    (Failed Nets is the sum of unrouted and partially routed nets)
  Number of Unrouted Nets             = 0
  Number of Partially Routed Nets     = 0
  Number of Node Overlaps             = 0

Phase 7 Route finalize | Checksum: 1916a0b4a

Time (s): cpu = 00:00:21 ; elapsed = 00:00:15 . Memory (MB): peak = 3740.473 ; gain = 80.547 ; free physical = 427366 ; free virtual = 539596

Phase 8 Verifying routed nets

 Verification completed successfully
Phase 8 Verifying routed nets | Checksum: 1916a0b4a

Time (s): cpu = 00:00:21 ; elapsed = 00:00:15 . Memory (MB): peak = 3740.473 ; gain = 80.547 ; free physical = 427365 ; free virtual = 539595

Phase 9 Depositing Routes
Phase 9 Depositing Routes | Checksum: 2016862d5

Time (s): cpu = 00:00:21 ; elapsed = 00:00:15 . Memory (MB): peak = 3740.473 ; gain = 80.547 ; free physical = 427365 ; free virtual = 539595

Phase 10 Post Router Timing
INFO: [Route 35-57] Estimated Timing Summary | WNS=1.128  | TNS=0.000  | WHS=0.106  | THS=0.000  |

INFO: [Route 35-327] The final timing numbers are based on the router estimated timing analysis. For a complete and accurate timing signoff, please run report_timing_summary.
Phase 10 Post Router Timing | Checksum: 2016862d5

Time (s): cpu = 00:00:21 ; elapsed = 00:00:15 . Memory (MB): peak = 3740.473 ; gain = 80.547 ; free physical = 427365 ; free virtual = 539595
INFO: [Route 35-16] Router Completed Successfully

Time (s): cpu = 00:00:21 ; elapsed = 00:00:15 . Memory (MB): peak = 3740.473 ; gain = 80.547 ; free physical = 427404 ; free virtual = 539634

Routing Is Done.
INFO: [Common 17-83] Releasing license: Implementation
97 Infos, 101 Warnings, 105 Critical Warnings and 0 Errors encountered.
route_design completed successfully
route_design: Time (s): cpu = 00:00:23 ; elapsed = 00:00:16 . Memory (MB): peak = 3740.473 ; gain = 80.547 ; free physical = 427406 ; free virtual = 539636
INFO: [Timing 38-480] Writing timing data to binary archive.
Writing placer database...
Writing XDEF routing.
Writing XDEF routing logical nets.
Writing XDEF routing special nets.
Write XDEF Complete: Time (s): cpu = 00:00:00.46 ; elapsed = 00:00:00.13 . Memory (MB): peak = 3740.473 ; gain = 0.000 ; free physical = 427396 ; free virtual = 539629
INFO: [Common 17-1381] The checkpoint '/tmp/tmp.XsiBylrkcG/temp/hwflow/hwflow_project_1/project_1.runs/impl_1/project_1_wrapper_routed.dcp' has been generated.
INFO: [runtcl-4] Executing : report_drc -file project_1_wrapper_drc_routed.rpt -pb project_1_wrapper_drc_routed.pb -rpx project_1_wrapper_drc_routed.rpx
Command: report_drc -file project_1_wrapper_drc_routed.rpt -pb project_1_wrapper_drc_routed.pb -rpx project_1_wrapper_drc_routed.rpx
INFO: [IP_Flow 19-1839] IP Catalog is up to date.
INFO: [DRC 23-27] Running DRC with 8 threads
INFO: [Vivado_Tcl 2-168] The results of DRC are in file /tmp/tmp.XsiBylrkcG/temp/hwflow/hwflow_project_1/project_1.runs/impl_1/project_1_wrapper_drc_routed.rpt.
report_drc completed successfully
INFO: [runtcl-4] Executing : report_methodology -file project_1_wrapper_methodology_drc_routed.rpt -pb project_1_wrapper_methodology_drc_routed.pb -rpx project_1_wrapper_methodology_drc_routed.rpx
Command: report_methodology -file project_1_wrapper_methodology_drc_routed.rpt -pb project_1_wrapper_methodology_drc_routed.pb -rpx project_1_wrapper_methodology_drc_routed.rpx
INFO: [Timing 38-35] Done setting XDC timing constraints.
INFO: [DRC 23-133] Running Methodology with 8 threads
INFO: [Vivado_Tcl 2-1520] The results of Report Methodology are in file /tmp/tmp.XsiBylrkcG/temp/hwflow/hwflow_project_1/project_1.runs/impl_1/project_1_wrapper_methodology_drc_routed.rpt.
report_methodology completed successfully
INFO: [runtcl-4] Executing : report_power -file project_1_wrapper_power_routed.rpt -pb project_1_wrapper_power_summary_routed.pb -rpx project_1_wrapper_power_routed.rpx
Command: report_power -file project_1_wrapper_power_routed.rpt -pb project_1_wrapper_power_summary_routed.pb -rpx project_1_wrapper_power_routed.rpx
INFO: [Timing 38-35] Done setting XDC timing constraints.
Running Vector-less Activity Propagation...

Finished Running Vector-less Activity Propagation
109 Infos, 101 Warnings, 105 Critical Warnings and 0 Errors encountered.
report_power completed successfully
INFO: [runtcl-4] Executing : report_route_status -file project_1_wrapper_route_status.rpt -pb project_1_wrapper_route_status.pb
INFO: [runtcl-4] Executing : report_timing_summary -max_paths 10 -file project_1_wrapper_timing_summary_routed.rpt -pb project_1_wrapper_timing_summary_routed.pb -rpx project_1_wrapper_timing_summary_routed.rpx -warn_on_violation 
INFO: [Timing 38-91] UpdateTimingParams: Speed grade: -1, Delay Type: min_max.
INFO: [Timing 38-191] Multithreading enabled for timing update using a maximum of 8 CPUs
INFO: [runtcl-4] Executing : report_incremental_reuse -file project_1_wrapper_incremental_reuse_routed.rpt
INFO: [Vivado_Tcl 4-1062] Incremental flow is disabled. No incremental reuse Info to report.
INFO: [runtcl-4] Executing : report_clock_utilization -file project_1_wrapper_clock_utilization_routed.rpt
INFO: [runtcl-4] Executing : report_bus_skew -warn_on_violation -file project_1_wrapper_bus_skew_routed.rpt -pb project_1_wrapper_bus_skew_routed.pb -rpx project_1_wrapper_bus_skew_routed.rpx
INFO: [Timing 38-91] UpdateTimingParams: Speed grade: -1, Delay Type: min_max.
INFO: [Timing 38-191] Multithreading enabled for timing update using a maximum of 8 CPUs
Command: write_bitstream -force project_1_wrapper.bit
Attempting to get a license for feature 'Implementation' and/or device 'xc7z020'
INFO: [Common 17-349] Got license for feature 'Implementation' and/or device 'xc7z020'
Running DRC as a precondition to command write_bitstream
INFO: [IP_Flow 19-1839] IP Catalog is up to date.
INFO: [DRC 23-27] Running DRC with 8 threads
INFO: [Vivado 12-3199] DRC finished with 0 Errors
INFO: [Vivado 12-3200] Please refer to the DRC report (report_drc) for more information.
INFO: [Designutils 20-2272] Running write_bitstream with 8 threads.
Loading data files...
Loading site data...
Loading route data...
Processing options...
Creating bitmap...
Creating bitstream...
Bitstream compression saved 27862944 bits.
Writing bitstream ./project_1_wrapper.bit...
INFO: [Vivado 12-1842] Bitgen Completed Successfully.
INFO: [Project 1-118] WebTalk data collection is enabled (User setting is ON. Install Setting is ON.).
INFO: [Common 17-83] Releasing license: Implementation
12 Infos, 0 Warnings, 0 Critical Warnings and 0 Errors encountered.
write_bitstream completed successfully
write_bitstream: Time (s): cpu = 00:00:11 ; elapsed = 00:00:13 . Memory (MB): peak = 4137.059 ; gain = 273.902 ; free physical = 427362 ; free virtual = 539599
INFO: [Common 17-206] Exiting Vivado at Fri Jun 11 05:06:30 2021...
