INFO: [SIM 2] *************** CSIM start ***************
INFO: [SIM 4] CSIM will launch GCC as the compiler.
   Compiling(apcc) ../../../VQFTAXIBUS.c in debug mode
INFO: [HLS 200-10] Running 'C:/Xilinx/Vivado/2019.2/bin/unwrapped/win64.o/apcc.exe'
INFO: [HLS 200-10] For user 'aguss' on host 'desktop-ucl1psp' (Windows NT_amd64 version 6.2) on Fri Aug 13 21:11:21 +0200 2021
INFO: [HLS 200-10] In directory 'C:/Users/aguss/Desktop/Github/FPGA/ultrascale/VQFTAXIBUS/solution1/csim/build'
INFO: [APCC 202-3] Tmp directory is apcc_db
INFO: [APCC 202-1] APCC is done.
   Generating csim.exe

E = 
1.000000 + i* 0.000000
0.000000 + i* 0.000000
0.000000 + i* 0.000000
0.000000 + i* 0.000000
0.000000 + i* 0.000000
0.000000 + i* 0.000000
0.000000 + i* 0.000000
0.000000 + i* 0.000000
0.000000 + i* 0.000000
0.000000 + i* 0.000000
0.000000 + i* 0.000000
0.000000 + i* 0.000000
0.000000 + i* 0.000000
0.000000 + i* 0.000000
0.000000 + i* 0.000000
0.000000 + i* 0.000000

S = 
0.250000 + i* 0.000000
0.250000 + i* 0.000000
0.250000 + i* 0.000000
0.250000 + i* 0.000000
0.250000 + i* 0.000000
0.250000 + i* 0.000000
0.250000 + i* 0.000000
0.250000 + i* 0.000000
0.250000 + i* 0.000000
0.250000 + i* 0.000000
0.250000 + i* 0.000000
0.250000 + i* 0.000000
0.250000 + i* 0.000000
0.250000 + i* 0.000000
0.250000 + i* 0.000000
0.250000 + i* 0.000000
INFO: [SIM 1] CSim done with 0 errors.
INFO: [SIM 3] *************** CSIM finish ***************
