#-----------------------------------------------------------
# Webtalk v2019.2 (64-bit)
# SW Build 2708876 on Wed Nov  6 21:40:23 MST 2019
# 
# Start of session at: Fri Aug 13 20:31:03 2021
# Process ID: 4844
# Current directory: C:/Users/aguss/Desktop/Github/FPGA/ultrascale/hnn_fpga/hnn_fpga/webtalk
# Command line: wbtcv.exe -mode batch -source vitis_webtalk.tcl
# Log file: C:/Users/aguss/Desktop/Github/FPGA/ultrascale/hnn_fpga/hnn_fpga/webtalk/webtalk.log
# Journal file: C:/Users/aguss/Desktop/Github/FPGA/ultrascale/hnn_fpga/hnn_fpga/webtalk\webtalk.jou
#-----------------------------------------------------------
source vitis_webtalk.tcl
# webtalk_init -webtalk_dir C:\\Users\\aguss\\Desktop\\Github\\FPGA\\ultrascale\\hnn_fpga\\hnn_fpga\\webtalk
# webtalk_register_client -client project
# webtalk_add_data -client project -key date_generated -value "2021-08-13 20:30:57" -context "software_version_and_target_device"
# webtalk_add_data -client project -key product_version -value "Vitis v2019.2" -context "software_version_and_target_device"
# webtalk_add_data -client project -key build_version -value "2019.2" -context "software_version_and_target_device"
# webtalk_add_data -client project -key os_platform -value "amd64" -context "software_version_and_target_device"
# webtalk_add_data -client project -key registration_id -value "208292470_1777494003_210705135_548" -context "software_version_and_target_device"
# webtalk_add_data -client project -key tool_flow -value "Vitis" -context "software_version_and_target_device"
# webtalk_add_data -client project -key beta -value "false" -context "software_version_and_target_device"
# webtalk_add_data -client project -key route_design -value "NA" -context "software_version_and_target_device"
# webtalk_add_data -client project -key target_family -value "NA" -context "software_version_and_target_device"
# webtalk_add_data -client project -key target_device -value "NA" -context "software_version_and_target_device"
# webtalk_add_data -client project -key target_package -value "NA" -context "software_version_and_target_device"
# webtalk_add_data -client project -key target_speed -value "NA" -context "software_version_and_target_device"
# webtalk_add_data -client project -key random_id -value "7pg9ljq9fbtia93vr5liel10ij" -context "software_version_and_target_device"
# webtalk_add_data -client project -key project_id -value "2019.2_14" -context "software_version_and_target_device"
# webtalk_add_data -client project -key project_iteration -value "14" -context "software_version_and_target_device"
# webtalk_add_data -client project -key os_name -value "Microsoft Windows 8 or later , 64-bit" -context "user_environment"
# webtalk_add_data -client project -key os_release -value "major release  (build 9200)" -context "user_environment"
# webtalk_add_data -client project -key cpu_name -value "Intel(R) Core(TM) i3-5005U CPU @ 2.00GHz" -context "user_environment"
# webtalk_add_data -client project -key cpu_speed -value "1995 MHz" -context "user_environment"
# webtalk_add_data -client project -key total_processors -value "1" -context "user_environment"
# webtalk_add_data -client project -key system_ram -value "12.796 GB" -context "user_environment"
# webtalk_register_client -client vitis
# webtalk_add_data -client vitis -key uid -value "1628878448703" -context "vitis\\\\application/1628878448703"
# webtalk_add_data -client vitis -key project_type -value "sdk" -context "vitis\\\\application/1628878448703"
# webtalk_add_data -client vitis -key os -value "standalone" -context "vitis\\\\application/1628878448703"
# webtalk_add_data -client vitis -key processor -value "psu_cortexa53" -context "vitis\\\\application/1628878448703"
# webtalk_add_data -client vitis -key runtime -value "cpp" -context "vitis\\\\application/1628878448703"
# webtalk_add_data -client vitis -key template -value "empty" -context "vitis\\\\application/1628878448703"
# webtalk_add_data -client vitis -key platform -value "NA" -context "vitis\\\\application/1628878448703"
# webtalk_add_data -client vitis -key platform_type -value "NA" -context "vitis\\\\application/1628878448703"
# webtalk_add_data -client vitis -key application_type -value "application" -context "vitis\\\\application/1628878448703"
# webtalk_add_data -client vitis -key platform_source -value "dsa" -context "vitis\\\\application/1628878448703"
# webtalk_add_data -client vitis -key device_family -value "NA" -context "vitis\\\\application/1628878448703"
# webtalk_add_data -client vitis -key fpga -value "xczu9eg" -context "vitis\\\\application/1628878448703"
# webtalk_transmit -clientid 170322903 -regid "208292470_1777494003_210705135_548" -xml C:\\Users\\aguss\\Desktop\\Github\\FPGA\\ultrascale\\hnn_fpga\\hnn_fpga\\webtalk\\usage_statistics_ext_vitis.xml -html C:\\Users\\aguss\\Desktop\\Github\\FPGA\\ultrascale\\hnn_fpga\\hnn_fpga\\webtalk\\usage_statistics_ext_vitis.html -wdm C:\\Users\\aguss\\Desktop\\Github\\FPGA\\ultrascale\\hnn_fpga\\hnn_fpga\\webtalk\\vitis_webtalk.wdm -intro "<H3>Vitis Usage Report</H3><BR>"
INFO: [Common 17-186] 'C:\Users\aguss\Desktop\Github\FPGA\ultrascale\hnn_fpga\hnn_fpga\webtalk\usage_statistics_ext_vitis.xml' has been successfully sent to Xilinx on Fri Aug 13 20:31:08 2021. For additional details about this file, please refer to the WebTalk help file at C:/Xilinx/Vitis/2019.2/doc/webtalk_introduction.html.
webtalk_transmit: Time (s): cpu = 00:00:01 ; elapsed = 00:00:05 . Memory (MB): peak = 92.234 ; gain = 0.000
# webtalk_terminate
INFO: [Common 17-206] Exiting Webtalk at Fri Aug 13 20:31:08 2021...
