INFO: [SIM 2] *************** CSIM start ***************
WARNING: [SIM 51] HLS only supports CLANG compiler in Linux.
INFO: [SIM 4] CSIM will launch GCC as the compiler.
   Compiling ../../../VQFTAXIBUS_test.cpp in debug mode
   Compiling ../../../VQFTAXIBUS.cpp in debug mode
   Generating csim.exe

E = 
0.000000 + i* 0.000000
0.000000 + i* 0.000000
0.000000 + i* 0.000000
0.000000 + i* 0.000000
0.000000 + i* 0.000000
1.000000 + i* 0.000000
0.000000 + i* 0.000000
0.000000 + i* 0.000000
0.000000 + i* 0.000000
0.000000 + i* 0.000000
0.000000 + i* 0.000000
0.000000 + i* 0.000000
0.000000 + i* 0.000000
0.000000 + i* 0.000000
0.000000 + i* 0.000000
0.000000 + i* 0.000000

S = 
0.250000 + i* 0.000000
-0.095703 + i* 0.230957
-0.176880 + i* -0.176758
0.230835 + i* -0.095825
0.000000 + i* 0.249878
-0.231079 + i* -0.095703
0.176636 + i* -0.176880
0.095703 + i* 0.230835
-0.250000 + i* 0.000122
0.095459 + i* -0.231079
0.176880 + i* 0.176636
-0.230957 + i* 0.095825
-0.000244 + i* -0.250000
0.230957 + i* 0.095337
-0.176636 + i* 0.176880
-0.095947 + i* -0.230957
INFO: [SIM 1] CSim done with 0 errors.
INFO: [SIM 3] *************** CSIM finish ***************
