#-----------------------------------------------------------
# Vivado v2019.2 (64-bit)
# SW Build 2708876 on Wed Nov  6 21:40:23 MST 2019
# IP Build 2700528 on Thu Nov  7 00:09:20 MST 2019
# Start of session at: Fri Aug 13 19:15:22 2021
# Process ID: 7336
# Current directory: C:/Users/aguss/Desktop/Github/FPGA/ultrascale/hnn_fpga/solution1/impl/ip
# Command line: vivado.exe -notrace -mode batch -source run_ippack.tcl
# Log file: C:/Users/aguss/Desktop/Github/FPGA/ultrascale/hnn_fpga/solution1/impl/ip/vivado.log
# Journal file: C:/Users/aguss/Desktop/Github/FPGA/ultrascale/hnn_fpga/solution1/impl/ip\vivado.jou
#-----------------------------------------------------------
source run_ippack.tcl -notrace
create_project: Time (s): cpu = 00:00:04 ; elapsed = 00:00:06 . Memory (MB): peak = 390.289 ; gain = 108.121
INFO: [IP_Flow 19-234] Refreshing IP repositories
INFO: [IP_Flow 19-1704] No user IP repositories specified
INFO: [IP_Flow 19-2313] Loaded Vivado IP repository 'C:/Xilinx/Vivado/2019.2/data/ip'.
WARNING: [IP_Flow 19-4832] The IP name 'hnn_fpga_ap_dadd_3_full_dsp_64' you have specified is long. The Windows operating system has path length limitations. It is recommended you use shorter names to reduce the likelihood of issues.
create_ip: Time (s): cpu = 00:00:05 ; elapsed = 00:00:06 . Memory (MB): peak = 432.898 ; gain = 42.609
INFO: [IP_Flow 19-1686] Generating 'Synthesis' target for IP 'hnn_fpga_ap_dadd_3_full_dsp_64'...
INFO: [IP_Flow 19-1686] Generating 'Simulation' target for IP 'hnn_fpga_ap_dadd_3_full_dsp_64'...
WARNING: [IP_Flow 19-4832] The IP name 'hnn_fpga_ap_ddiv_15_no_dsp_64' you have specified is long. The Windows operating system has path length limitations. It is recommended you use shorter names to reduce the likelihood of issues.
INFO: [IP_Flow 19-1686] Generating 'Synthesis' target for IP 'hnn_fpga_ap_ddiv_15_no_dsp_64'...
INFO: [IP_Flow 19-1686] Generating 'Simulation' target for IP 'hnn_fpga_ap_ddiv_15_no_dsp_64'...
WARNING: [IP_Flow 19-4832] The IP name 'hnn_fpga_ap_dexp_9_full_dsp_64' you have specified is long. The Windows operating system has path length limitations. It is recommended you use shorter names to reduce the likelihood of issues.
INFO: [IP_Flow 19-1686] Generating 'Synthesis' target for IP 'hnn_fpga_ap_dexp_9_full_dsp_64'...
INFO: [IP_Flow 19-1686] Generating 'Simulation' target for IP 'hnn_fpga_ap_dexp_9_full_dsp_64'...
WARNING: [IP_Flow 19-4832] The IP name 'hnn_fpga_ap_fmul_0_max_dsp_32' you have specified is long. The Windows operating system has path length limitations. It is recommended you use shorter names to reduce the likelihood of issues.
INFO: [IP_Flow 19-1686] Generating 'Synthesis' target for IP 'hnn_fpga_ap_fmul_0_max_dsp_32'...
INFO: [IP_Flow 19-1686] Generating 'Simulation' target for IP 'hnn_fpga_ap_fmul_0_max_dsp_32'...
WARNING: [IP_Flow 19-4832] The IP name 'hnn_fpga_ap_fpext_0_no_dsp_32' you have specified is long. The Windows operating system has path length limitations. It is recommended you use shorter names to reduce the likelihood of issues.
INFO: [IP_Flow 19-1686] Generating 'Synthesis' target for IP 'hnn_fpga_ap_fpext_0_no_dsp_32'...
INFO: [IP_Flow 19-1686] Generating 'Simulation' target for IP 'hnn_fpga_ap_fpext_0_no_dsp_32'...
WARNING: [IP_Flow 19-4832] The IP name 'hnn_fpga_ap_fptrunc_0_no_dsp_64' you have specified is long. The Windows operating system has path length limitations. It is recommended you use shorter names to reduce the likelihood of issues.
INFO: [IP_Flow 19-1686] Generating 'Synthesis' target for IP 'hnn_fpga_ap_fptrunc_0_no_dsp_64'...
INFO: [IP_Flow 19-1686] Generating 'Simulation' target for IP 'hnn_fpga_ap_fptrunc_0_no_dsp_64'...
INFO: [IP_Flow 19-234] Refreshing IP repositories
INFO: [IP_Flow 19-1704] No user IP repositories specified
INFO: [IP_Flow 19-2313] Loaded Vivado IP repository 'C:/Xilinx/Vivado/2019.2/data/ip'.
INFO: [Common 17-206] Exiting Vivado at Fri Aug 13 19:15:54 2021...
