15:34:52 INFO  : Launching XSCT server: xsct.bat -n  -interactive C:\Users\mlabadm\Desktop\Github\FPGA\nqueens\nqueens\nqueens\temp_xsdb_launch_script.tcl
15:34:58 INFO  : XSCT server has started successfully.
15:35:00 INFO  : Registering command handlers for Vitis TCF services
15:35:02 INFO  : Successfully done setting XSCT server connection channel  
15:35:02 INFO  : plnx-install-location is set to ''
15:35:02 INFO  : Successfully done query RDI_DATADIR 
15:35:02 INFO  : Successfully done setting workspace for the tool. 
15:42:25 INFO  : Checking for BSP changes to sync application flags for project 'nqueens'...
15:42:57 INFO  : Checking for BSP changes to sync application flags for project 'nqueens'...
15:44:32 INFO  : Checking for BSP changes to sync application flags for project 'nqueens'...
15:44:44 INFO  : Checking for BSP changes to sync application flags for project 'nqueens'...
15:46:05 INFO  : Connected to target on host '127.0.0.1' and port '3121'.
15:46:06 INFO  : Processor 'psu_cortexa53_0' will be used for running fsbl 'C:/Users/mlabadm/Desktop/Github/FPGA/nqueens/nqueens/nqueens/nqueens_wrapper/export/nqueens_wrapper/sw/nqueens_wrapper/boot/fsbl.elf'
15:46:06 INFO  : Jtag cable 'Digilent JTAG-SMT2NC 210308A74CEA' is selected.
15:46:06 INFO  : 'jtag frequency' command is executed.
15:46:06 INFO  : Sourcing of 'C:/Xilinx/Vitis/2019.2/scripts/vitis/util/zynqmp_utils.tcl' is done.
15:46:06 INFO  : Context for 'APU' is selected.
15:46:07 INFO  : System reset is completed.
15:46:10 INFO  : 'after 3000' command is executed.
15:46:10 INFO  : 'targets -set -filter {jtag_cable_name =~ "Digilent JTAG-SMT2NC 210308A74CEA" && level==0} -index 0' command is executed.
15:46:25 INFO  : FPGA configured successfully with bitstream "C:/Users/mlabadm/Desktop/Github/FPGA/nqueens/nqueens/nqueens/nqueens/_ide/bitstream/nqueens_wrapper.bit"
15:46:25 INFO  : Context for 'APU' is selected.
15:46:26 INFO  : Hardware design information is loaded from 'C:/Users/mlabadm/Desktop/Github/FPGA/nqueens/nqueens/nqueens/nqueens_wrapper/export/nqueens_wrapper/hw/nqueens_wrapper.xsa'.
15:46:26 INFO  : 'configparams force-mem-access 1' command is executed.
15:46:26 INFO  : Context for 'APU' is selected.
15:46:26 INFO  : Boot mode is read from the target.
15:46:26 INFO  : Context for processor 'psu_cortexa53_0' is selected.
15:46:26 INFO  : Processor reset is completed for 'psu_cortexa53_0'.
15:46:27 INFO  : The application 'C:/Users/mlabadm/Desktop/Github/FPGA/nqueens/nqueens/nqueens/nqueens_wrapper/export/nqueens_wrapper/sw/nqueens_wrapper/boot/fsbl.elf' is downloaded to processor 'psu_cortexa53_0'.
15:46:27 INFO  : 'set bp_46_27_fsbl_bp [bpadd -addr &XFsbl_Exit]' command is executed.
15:46:28 INFO  : 'con -block -timeout 60' command is executed.
15:46:28 INFO  : 'bpremove $bp_46_27_fsbl_bp' command is executed.
15:46:28 INFO  : Context for processor 'psu_cortexa53_0' is selected.
15:46:28 INFO  : Processor reset is completed for 'psu_cortexa53_0'.
15:46:28 INFO  : The application 'C:/Users/mlabadm/Desktop/Github/FPGA/nqueens/nqueens/nqueens/nqueens/Debug/nqueens.elf' is downloaded to processor 'psu_cortexa53_0'.
15:46:28 INFO  : 'configparams force-mem-access 0' command is executed.
15:46:28 INFO  : ----------------XSDB Script----------------
connect -url tcp:127.0.0.1:3121
source C:/Xilinx/Vitis/2019.2/scripts/vitis/util/zynqmp_utils.tcl
targets -set -nocase -filter {name =~"APU*"}
rst -system
after 3000
targets -set -filter {jtag_cable_name =~ "Digilent JTAG-SMT2NC 210308A74CEA" && level==0} -index 0
fpga -file C:/Users/mlabadm/Desktop/Github/FPGA/nqueens/nqueens/nqueens/nqueens/_ide/bitstream/nqueens_wrapper.bit
targets -set -nocase -filter {name =~"APU*"}
loadhw -hw C:/Users/mlabadm/Desktop/Github/FPGA/nqueens/nqueens/nqueens/nqueens_wrapper/export/nqueens_wrapper/hw/nqueens_wrapper.xsa -mem-ranges [list {0x80000000 0xbfffffff} {0x400000000 0x5ffffffff} {0x1000000000 0x7fffffffff}]
configparams force-mem-access 1
targets -set -nocase -filter {name =~"APU*"}
set mode [expr [mrd -value 0xFF5E0200] & 0xf]
targets -set -nocase -filter {name =~ "*A53*#0"}
rst -processor
dow C:/Users/mlabadm/Desktop/Github/FPGA/nqueens/nqueens/nqueens/nqueens_wrapper/export/nqueens_wrapper/sw/nqueens_wrapper/boot/fsbl.elf
set bp_46_27_fsbl_bp [bpadd -addr &XFsbl_Exit]
con -block -timeout 60
bpremove $bp_46_27_fsbl_bp
targets -set -nocase -filter {name =~ "*A53*#0"}
rst -processor
dow C:/Users/mlabadm/Desktop/Github/FPGA/nqueens/nqueens/nqueens/nqueens/Debug/nqueens.elf
configparams force-mem-access 0
----------------End of Script----------------

15:46:28 INFO  : Context for processor 'psu_cortexa53_0' is selected.
15:46:28 INFO  : 'con' command is executed.
15:46:28 INFO  : ----------------XSDB Script (After Launch)----------------
targets -set -nocase -filter {name =~ "*A53*#0"}
con
----------------End of Script----------------

15:46:28 INFO  : Disconnected from the channel tcfchan#2.
15:47:34 INFO  : Connected to target on host '127.0.0.1' and port '3121'.
15:47:34 INFO  : Processor 'psu_cortexa53_0' will be used for running fsbl 'C:/Users/mlabadm/Desktop/Github/FPGA/nqueens/nqueens/nqueens/nqueens_wrapper/export/nqueens_wrapper/sw/nqueens_wrapper/boot/fsbl.elf'
15:47:34 INFO  : Jtag cable 'Digilent JTAG-SMT2NC 210308A74CEA' is selected.
15:47:34 INFO  : 'jtag frequency' command is executed.
15:47:34 INFO  : Sourcing of 'C:/Xilinx/Vitis/2019.2/scripts/vitis/util/zynqmp_utils.tcl' is done.
15:47:34 INFO  : Context for 'APU' is selected.
15:47:35 INFO  : System reset is completed.
15:47:38 INFO  : 'after 3000' command is executed.
15:47:38 INFO  : 'targets -set -filter {jtag_cable_name =~ "Digilent JTAG-SMT2NC 210308A74CEA" && level==0} -index 0' command is executed.
15:47:41 ERROR : 'fpga -file C:/Users/mlabadm/Desktop/Github/FPGA/nqueens/nqueens/nqueens/nqueens/_ide/bitstream/nqueens_wrapper.bit' is cancelled.
15:47:41 ERROR : Exception occured while running Program FPGA.
java.lang.RuntimeException: 'fpga -file C:/Users/mlabadm/Desktop/Github/FPGA/nqueens/nqueens/nqueens/nqueens/_ide/bitstream/nqueens_wrapper.bit' is cancelled.
15:47:41 INFO  : ----------------XSDB Script----------------
connect -url tcp:127.0.0.1:3121
source C:/Xilinx/Vitis/2019.2/scripts/vitis/util/zynqmp_utils.tcl
targets -set -nocase -filter {name =~"APU*"}
rst -system
after 3000
----------------End of Script----------------

15:47:41 ERROR : 'fpga -file C:/Users/mlabadm/Desktop/Github/FPGA/nqueens/nqueens/nqueens/nqueens/_ide/bitstream/nqueens_wrapper.bit' is cancelled.
15:47:53 INFO  : Connected to target on host '127.0.0.1' and port '3121'.
15:47:53 INFO  : Processor 'psu_cortexa53_0' will be used for running fsbl 'C:/Users/mlabadm/Desktop/Github/FPGA/nqueens/nqueens/nqueens/nqueens_wrapper/export/nqueens_wrapper/sw/nqueens_wrapper/boot/fsbl.elf'
15:47:53 INFO  : Jtag cable 'Digilent JTAG-SMT2NC 210308A74CEA' is selected.
15:47:53 INFO  : 'jtag frequency' command is executed.
15:47:53 INFO  : Sourcing of 'C:/Xilinx/Vitis/2019.2/scripts/vitis/util/zynqmp_utils.tcl' is done.
15:47:53 INFO  : Context for 'APU' is selected.
15:47:55 INFO  : System reset is completed.
15:47:58 INFO  : 'after 3000' command is executed.
15:47:58 INFO  : 'targets -set -filter {jtag_cable_name =~ "Digilent JTAG-SMT2NC 210308A74CEA" && level==0} -index 0' command is executed.
15:48:13 INFO  : FPGA configured successfully with bitstream "C:/Users/mlabadm/Desktop/Github/FPGA/nqueens/nqueens/nqueens/nqueens/_ide/bitstream/nqueens_wrapper.bit"
15:48:13 INFO  : Context for 'APU' is selected.
15:48:13 INFO  : Hardware design information is loaded from 'C:/Users/mlabadm/Desktop/Github/FPGA/nqueens/nqueens/nqueens/nqueens_wrapper/export/nqueens_wrapper/hw/nqueens_wrapper.xsa'.
15:48:13 INFO  : 'configparams force-mem-access 1' command is executed.
15:48:13 INFO  : Context for 'APU' is selected.
15:48:13 INFO  : Boot mode is read from the target.
15:48:13 INFO  : Context for processor 'psu_cortexa53_0' is selected.
15:48:13 INFO  : Processor reset is completed for 'psu_cortexa53_0'.
15:48:14 INFO  : The application 'C:/Users/mlabadm/Desktop/Github/FPGA/nqueens/nqueens/nqueens/nqueens_wrapper/export/nqueens_wrapper/sw/nqueens_wrapper/boot/fsbl.elf' is downloaded to processor 'psu_cortexa53_0'.
15:48:14 INFO  : 'set bp_48_14_fsbl_bp [bpadd -addr &XFsbl_Exit]' command is executed.
15:48:15 INFO  : 'con -block -timeout 60' command is executed.
15:48:15 INFO  : 'bpremove $bp_48_14_fsbl_bp' command is executed.
15:48:15 INFO  : Context for processor 'psu_cortexa53_0' is selected.
15:48:15 INFO  : Processor reset is completed for 'psu_cortexa53_0'.
15:48:15 INFO  : The application 'C:/Users/mlabadm/Desktop/Github/FPGA/nqueens/nqueens/nqueens/nqueens/Debug/nqueens.elf' is downloaded to processor 'psu_cortexa53_0'.
15:48:15 INFO  : 'configparams force-mem-access 0' command is executed.
15:48:15 INFO  : ----------------XSDB Script----------------
connect -url tcp:127.0.0.1:3121
source C:/Xilinx/Vitis/2019.2/scripts/vitis/util/zynqmp_utils.tcl
targets -set -nocase -filter {name =~"APU*"}
rst -system
after 3000
targets -set -filter {jtag_cable_name =~ "Digilent JTAG-SMT2NC 210308A74CEA" && level==0} -index 0
fpga -file C:/Users/mlabadm/Desktop/Github/FPGA/nqueens/nqueens/nqueens/nqueens/_ide/bitstream/nqueens_wrapper.bit
targets -set -nocase -filter {name =~"APU*"}
loadhw -hw C:/Users/mlabadm/Desktop/Github/FPGA/nqueens/nqueens/nqueens/nqueens_wrapper/export/nqueens_wrapper/hw/nqueens_wrapper.xsa -mem-ranges [list {0x80000000 0xbfffffff} {0x400000000 0x5ffffffff} {0x1000000000 0x7fffffffff}]
configparams force-mem-access 1
targets -set -nocase -filter {name =~"APU*"}
set mode [expr [mrd -value 0xFF5E0200] & 0xf]
targets -set -nocase -filter {name =~ "*A53*#0"}
rst -processor
dow C:/Users/mlabadm/Desktop/Github/FPGA/nqueens/nqueens/nqueens/nqueens_wrapper/export/nqueens_wrapper/sw/nqueens_wrapper/boot/fsbl.elf
set bp_48_14_fsbl_bp [bpadd -addr &XFsbl_Exit]
con -block -timeout 60
bpremove $bp_48_14_fsbl_bp
targets -set -nocase -filter {name =~ "*A53*#0"}
rst -processor
dow C:/Users/mlabadm/Desktop/Github/FPGA/nqueens/nqueens/nqueens/nqueens/Debug/nqueens.elf
configparams force-mem-access 0
----------------End of Script----------------

15:48:15 INFO  : Context for processor 'psu_cortexa53_0' is selected.
15:48:15 INFO  : 'con' command is executed.
15:48:15 INFO  : ----------------XSDB Script (After Launch)----------------
targets -set -nocase -filter {name =~ "*A53*#0"}
con
----------------End of Script----------------

15:48:16 INFO  : Disconnected from the channel tcfchan#3.
