INFO: [VRFC 10-2263] Analyzing Verilog file "C:/Users/mlabadm/Desktop/Github/FPGA/nqueens/nqueens_fpga/nqueens_fpga.sim/sim_1/synth/timing/xsim/top_nqueens_tb_time_synth.v" into library xil_defaultlib
INFO: [VRFC 10-311] analyzing module design_1
INFO: [VRFC 10-311] analyzing module design_1_axi_smc_0
INFO: [VRFC 10-311] analyzing module design_1_axi_smc_0_bd_afc3
INFO: [VRFC 10-311] analyzing module design_1_axi_smc_0_bd_afc3_arni_0
INFO: [VRFC 10-311] analyzing module design_1_axi_smc_0_bd_afc3_awni_0
INFO: [VRFC 10-311] analyzing module design_1_axi_smc_0_bd_afc3_bni_0
INFO: [VRFC 10-311] analyzing module design_1_axi_smc_0_bd_afc3_boutsw_0
INFO: [VRFC 10-311] analyzing module design_1_axi_smc_0_bd_afc3_m01arn_0
INFO: [VRFC 10-311] analyzing module design_1_axi_smc_0_bd_afc3_m01awn_0
INFO: [VRFC 10-311] analyzing module design_1_axi_smc_0_bd_afc3_m01bn_0
INFO: [VRFC 10-311] analyzing module design_1_axi_smc_0_bd_afc3_m01e_0
INFO: [VRFC 10-311] analyzing module design_1_axi_smc_0_bd_afc3_m01rn_0
INFO: [VRFC 10-311] analyzing module design_1_axi_smc_0_bd_afc3_m01wn_0
INFO: [VRFC 10-311] analyzing module design_1_axi_smc_0_bd_afc3_psr_aclk_0
INFO: [VRFC 10-311] analyzing module design_1_axi_smc_0_bd_afc3_rni_0
INFO: [VRFC 10-311] analyzing module design_1_axi_smc_0_bd_afc3_routsw_0
INFO: [VRFC 10-311] analyzing module design_1_axi_smc_0_bd_afc3_s00mmu_0
INFO: [VRFC 10-311] analyzing module design_1_axi_smc_0_bd_afc3_s00sic_0
INFO: [VRFC 10-311] analyzing module design_1_axi_smc_0_bd_afc3_s00tr_0
INFO: [VRFC 10-311] analyzing module design_1_axi_smc_0_bd_afc3_sarn_0
INFO: [VRFC 10-311] analyzing module design_1_axi_smc_0_bd_afc3_sawn_0
INFO: [VRFC 10-311] analyzing module design_1_axi_smc_0_bd_afc3_sbn_0
INFO: [VRFC 10-311] analyzing module design_1_axi_smc_0_bd_afc3_srn_0
INFO: [VRFC 10-311] analyzing module design_1_axi_smc_0_bd_afc3_swn_0
INFO: [VRFC 10-311] analyzing module design_1_axi_smc_0_bd_afc3_wni_0
INFO: [VRFC 10-311] analyzing module design_1_axi_smc_0_cdc_sync
INFO: [VRFC 10-311] analyzing module design_1_axi_smc_0_clk_map_imp_5Y9LOC
INFO: [VRFC 10-311] analyzing module design_1_axi_smc_0_i_nodes_imp_1MZRIMQ
INFO: [VRFC 10-311] analyzing module design_1_axi_smc_0_lpf
INFO: [VRFC 10-311] analyzing module design_1_axi_smc_0_m01_exit_pipeline_imp_1XMPFJB
INFO: [VRFC 10-311] analyzing module design_1_axi_smc_0_m01_nodes_imp_94N5OD
INFO: [VRFC 10-311] analyzing module design_1_axi_smc_0_proc_sys_reset
INFO: [VRFC 10-311] analyzing module design_1_axi_smc_0_s00_entry_pipeline_imp_USCCV8
INFO: [VRFC 10-311] analyzing module design_1_axi_smc_0_s00_nodes_imp_Y7M43I
INFO: [VRFC 10-311] analyzing module design_1_axi_smc_0_sequence_psr
INFO: [VRFC 10-311] analyzing module design_1_axi_smc_0_switchboards_imp_4N4PBE
INFO: [VRFC 10-311] analyzing module design_1_axi_smc_0_upcnt_n
INFO: [VRFC 10-311] analyzing module design_1_comblock_0_0
INFO: [VRFC 10-311] analyzing module design_1_comblock_0_0_AXIL
INFO: [VRFC 10-311] analyzing module design_1_comblock_0_0_ComBlock
INFO: [VRFC 10-311] analyzing module design_1_comblock_0_0_axi_comblock
INFO: [VRFC 10-311] analyzing module design_1_processing_system7_0_0
INFO: [VRFC 10-311] analyzing module design_1_processing_system7_0_0_processing_system7_v5_5_processing_system7
INFO: [VRFC 10-311] analyzing module design_1_rst_ps7_0_100M_0
INFO: [VRFC 10-311] analyzing module design_1_rst_ps7_0_100M_0_cdc_sync
INFO: [VRFC 10-311] analyzing module design_1_rst_ps7_0_100M_0_cdc_sync_0
INFO: [VRFC 10-311] analyzing module design_1_rst_ps7_0_100M_0_lpf
INFO: [VRFC 10-311] analyzing module design_1_rst_ps7_0_100M_0_proc_sys_reset
INFO: [VRFC 10-311] analyzing module design_1_rst_ps7_0_100M_0_sequence_psr
INFO: [VRFC 10-311] analyzing module design_1_rst_ps7_0_100M_0_upcnt_n
INFO: [VRFC 10-311] analyzing module design_1_top_nqueens_0_0
INFO: [VRFC 10-311] analyzing module design_1_top_nqueens_0_0_ctrl_logic
INFO: [VRFC 10-311] analyzing module design_1_top_nqueens_0_0_ctrl_logic__parameterized0
INFO: [VRFC 10-311] analyzing module design_1_top_nqueens_0_0_ctrl_logic__parameterized1
INFO: [VRFC 10-311] analyzing module design_1_top_nqueens_0_0_ctrl_logic__parameterized2
INFO: [VRFC 10-311] analyzing module design_1_top_nqueens_0_0_ctrl_logic__parameterized3
INFO: [VRFC 10-311] analyzing module design_1_top_nqueens_0_0_ctrl_logic__parameterized4
INFO: [VRFC 10-311] analyzing module design_1_top_nqueens_0_0_ctrl_logic__parameterized5
INFO: [VRFC 10-311] analyzing module design_1_top_nqueens_0_0_ctrl_logic__parameterized6
INFO: [VRFC 10-311] analyzing module design_1_top_nqueens_0_0_ctrl_logic__parameterized7
INFO: [VRFC 10-311] analyzing module design_1_top_nqueens_0_0_fsm
INFO: [VRFC 10-311] analyzing module design_1_top_nqueens_0_0_fsm__parameterized0
INFO: [VRFC 10-311] analyzing module design_1_top_nqueens_0_0_fsm__parameterized1
INFO: [VRFC 10-311] analyzing module design_1_top_nqueens_0_0_fsm__parameterized2
INFO: [VRFC 10-311] analyzing module design_1_top_nqueens_0_0_fsm__parameterized3
INFO: [VRFC 10-311] analyzing module design_1_top_nqueens_0_0_fsm__parameterized4
INFO: [VRFC 10-311] analyzing module design_1_top_nqueens_0_0_fsm__parameterized5
INFO: [VRFC 10-311] analyzing module design_1_top_nqueens_0_0_fsm__parameterized6
INFO: [VRFC 10-311] analyzing module design_1_top_nqueens_0_0_fsm__parameterized7
INFO: [VRFC 10-311] analyzing module design_1_top_nqueens_0_0_top_nqueens
INFO: [VRFC 10-311] analyzing module design_1_top_nqueens_0_0_up_counter
INFO: [VRFC 10-311] analyzing module design_1_top_nqueens_0_0_up_counter_0
INFO: [VRFC 10-311] analyzing module design_1_top_nqueens_0_0_up_counter_1
INFO: [VRFC 10-311] analyzing module design_1_top_nqueens_0_0_up_counter_2
INFO: [VRFC 10-311] analyzing module design_1_top_nqueens_0_0_up_counter_3
INFO: [VRFC 10-311] analyzing module design_1_top_nqueens_0_0_up_counter_4
INFO: [VRFC 10-311] analyzing module design_1_top_nqueens_0_0_up_counter_5
INFO: [VRFC 10-311] analyzing module design_1_top_nqueens_0_0_up_counter_6
INFO: [VRFC 10-311] analyzing module design_1_top_nqueens_0_0_up_counter_7
INFO: [VRFC 10-311] analyzing module design_1_wrapper
INFO: [VRFC 10-311] analyzing module design_1_axi_smc_0_sc_exit_v1_0_9_exit
INFO: [VRFC 10-311] analyzing module design_1_axi_smc_0_sc_exit_v1_0_9_top
INFO: [VRFC 10-311] analyzing module design_1_axi_smc_0_sc_mmu_v1_0_8_decerr_slave
INFO: [VRFC 10-311] analyzing module design_1_axi_smc_0_sc_mmu_v1_0_8_top
INFO: [VRFC 10-311] analyzing module design_1_axi_smc_0_sc_node_v1_0_10_arb_alg_rr
INFO: [VRFC 10-311] analyzing module design_1_axi_smc_0_sc_node_v1_0_10_arb_alg_rr_2
INFO: [VRFC 10-311] analyzing module design_1_axi_smc_0_sc_node_v1_0_10_fi_regulator
INFO: [VRFC 10-311] analyzing module design_1_axi_smc_0_sc_node_v1_0_10_fi_regulator_0
INFO: [VRFC 10-311] analyzing module design_1_axi_smc_0_sc_node_v1_0_10_fi_regulator_10
INFO: [VRFC 10-311] analyzing module design_1_axi_smc_0_sc_node_v1_0_10_fi_regulator_4
INFO: [VRFC 10-311] analyzing module design_1_axi_smc_0_sc_node_v1_0_10_fi_regulator_7
INFO: [VRFC 10-311] analyzing module design_1_axi_smc_0_sc_node_v1_0_10_fifo
INFO: [VRFC 10-311] analyzing module design_1_axi_smc_0_sc_node_v1_0_10_fifo_11
INFO: [VRFC 10-311] analyzing module design_1_axi_smc_0_sc_node_v1_0_10_fifo__parameterized0
INFO: [VRFC 10-311] analyzing module design_1_axi_smc_0_sc_node_v1_0_10_fifo__parameterized1
INFO: [VRFC 10-311] analyzing module design_1_axi_smc_0_sc_node_v1_0_10_fifo__parameterized2
INFO: [VRFC 10-311] analyzing module design_1_axi_smc_0_sc_node_v1_0_10_mi_handler
INFO: [VRFC 10-311] analyzing module design_1_axi_smc_0_sc_node_v1_0_10_mi_handler__parameterized0
INFO: [VRFC 10-311] analyzing module design_1_axi_smc_0_sc_node_v1_0_10_mi_handler__parameterized1
INFO: [VRFC 10-311] analyzing module design_1_axi_smc_0_sc_node_v1_0_10_mi_handler__parameterized10
INFO: [VRFC 10-311] analyzing module design_1_axi_smc_0_sc_node_v1_0_10_mi_handler__parameterized11
INFO: [VRFC 10-311] analyzing module design_1_axi_smc_0_sc_node_v1_0_10_mi_handler__parameterized12
INFO: [VRFC 10-311] analyzing module design_1_axi_smc_0_sc_node_v1_0_10_mi_handler__parameterized13
INFO: [VRFC 10-311] analyzing module design_1_axi_smc_0_sc_node_v1_0_10_mi_handler__parameterized2
INFO: [VRFC 10-311] analyzing module design_1_axi_smc_0_sc_node_v1_0_10_mi_handler__parameterized3
INFO: [VRFC 10-311] analyzing module design_1_axi_smc_0_sc_node_v1_0_10_mi_handler__parameterized4
INFO: [VRFC 10-311] analyzing module design_1_axi_smc_0_sc_node_v1_0_10_mi_handler__parameterized5
INFO: [VRFC 10-311] analyzing module design_1_axi_smc_0_sc_node_v1_0_10_mi_handler__parameterized6
INFO: [VRFC 10-311] analyzing module design_1_axi_smc_0_sc_node_v1_0_10_mi_handler__parameterized7
INFO: [VRFC 10-311] analyzing module design_1_axi_smc_0_sc_node_v1_0_10_mi_handler__parameterized8
INFO: [VRFC 10-311] analyzing module design_1_axi_smc_0_sc_node_v1_0_10_mi_handler__parameterized9
INFO: [VRFC 10-311] analyzing module design_1_axi_smc_0_sc_node_v1_0_10_reg_fifo
INFO: [VRFC 10-311] analyzing module design_1_axi_smc_0_sc_node_v1_0_10_reg_fifo_12
INFO: [VRFC 10-311] analyzing module design_1_axi_smc_0_sc_node_v1_0_10_reg_fifo__parameterized0
INFO: [VRFC 10-311] analyzing module design_1_axi_smc_0_sc_node_v1_0_10_reg_fifo__parameterized1
INFO: [VRFC 10-311] analyzing module design_1_axi_smc_0_sc_node_v1_0_10_reg_fifo__parameterized2
INFO: [VRFC 10-311] analyzing module design_1_axi_smc_0_sc_node_v1_0_10_si_handler__parameterized4
INFO: [VRFC 10-311] analyzing module design_1_axi_smc_0_sc_node_v1_0_10_si_handler__parameterized5
INFO: [VRFC 10-311] analyzing module design_1_axi_smc_0_sc_node_v1_0_10_si_handler__parameterized6
INFO: [VRFC 10-311] analyzing module design_1_axi_smc_0_sc_node_v1_0_10_si_handler__parameterized7
INFO: [VRFC 10-311] analyzing module design_1_axi_smc_0_sc_node_v1_0_10_si_handler__parameterized8
INFO: [VRFC 10-311] analyzing module design_1_axi_smc_0_sc_node_v1_0_10_top
INFO: [VRFC 10-311] analyzing module design_1_axi_smc_0_sc_node_v1_0_10_top__parameterized0
INFO: [VRFC 10-311] analyzing module design_1_axi_smc_0_sc_node_v1_0_10_top__parameterized1
INFO: [VRFC 10-311] analyzing module design_1_axi_smc_0_sc_node_v1_0_10_top__parameterized10
INFO: [VRFC 10-311] analyzing module design_1_axi_smc_0_sc_node_v1_0_10_top__parameterized11
INFO: [VRFC 10-311] analyzing module design_1_axi_smc_0_sc_node_v1_0_10_top__parameterized12
INFO: [VRFC 10-311] analyzing module design_1_axi_smc_0_sc_node_v1_0_10_top__parameterized13
INFO: [VRFC 10-311] analyzing module design_1_axi_smc_0_sc_node_v1_0_10_top__parameterized2
INFO: [VRFC 10-311] analyzing module design_1_axi_smc_0_sc_node_v1_0_10_top__parameterized3
INFO: [VRFC 10-311] analyzing module design_1_axi_smc_0_sc_node_v1_0_10_top__parameterized4
INFO: [VRFC 10-311] analyzing module design_1_axi_smc_0_sc_node_v1_0_10_top__parameterized5
INFO: [VRFC 10-311] analyzing module design_1_axi_smc_0_sc_node_v1_0_10_top__parameterized6
INFO: [VRFC 10-311] analyzing module design_1_axi_smc_0_sc_node_v1_0_10_top__parameterized7
INFO: [VRFC 10-311] analyzing module design_1_axi_smc_0_sc_node_v1_0_10_top__parameterized8
INFO: [VRFC 10-311] analyzing module design_1_axi_smc_0_sc_node_v1_0_10_top__parameterized9
INFO: [VRFC 10-311] analyzing module design_1_axi_smc_0_sc_si_converter_v1_0_9_axilite_conv
INFO: [VRFC 10-311] analyzing module design_1_axi_smc_0_sc_si_converter_v1_0_9_top
INFO: [VRFC 10-311] analyzing module design_1_axi_smc_0_sc_switchboard_v1_0_6_top__parameterized2
INFO: [VRFC 10-311] analyzing module design_1_axi_smc_0_sc_switchboard_v1_0_6_top__parameterized4
INFO: [VRFC 10-311] analyzing module design_1_axi_smc_0_sc_transaction_regulator_v1_0_8_singleorder
INFO: [VRFC 10-311] analyzing module design_1_axi_smc_0_sc_transaction_regulator_v1_0_8_singleorder_14
INFO: [VRFC 10-311] analyzing module design_1_axi_smc_0_sc_transaction_regulator_v1_0_8_top
INFO: [VRFC 10-311] analyzing module design_1_axi_smc_0_sc_util_v1_0_4_axi_reg_stall__parameterized0
INFO: [VRFC 10-311] analyzing module design_1_axi_smc_0_sc_util_v1_0_4_axi_reg_stall__parameterized0_15
INFO: [VRFC 10-311] analyzing module design_1_axi_smc_0_sc_util_v1_0_4_axi_splitter
INFO: [VRFC 10-311] analyzing module design_1_axi_smc_0_sc_util_v1_0_4_axic_reg_srl_fifo
INFO: [VRFC 10-311] analyzing module design_1_axi_smc_0_sc_util_v1_0_4_counter__parameterized0
INFO: [VRFC 10-311] analyzing module design_1_axi_smc_0_sc_util_v1_0_4_counter__parameterized0_1
INFO: [VRFC 10-311] analyzing module design_1_axi_smc_0_sc_util_v1_0_4_counter__parameterized0_13
INFO: [VRFC 10-311] analyzing module design_1_axi_smc_0_sc_util_v1_0_4_counter__parameterized0_5
INFO: [VRFC 10-311] analyzing module design_1_axi_smc_0_sc_util_v1_0_4_counter__parameterized0_8
INFO: [VRFC 10-311] analyzing module design_1_axi_smc_0_sc_util_v1_0_4_counter__parameterized1
INFO: [VRFC 10-311] analyzing module design_1_axi_smc_0_sc_util_v1_0_4_counter__parameterized1_3
INFO: [VRFC 10-311] analyzing module design_1_axi_smc_0_sc_util_v1_0_4_mux__parameterized1
INFO: [VRFC 10-311] analyzing module design_1_axi_smc_0_sc_util_v1_0_4_mux__parameterized3
INFO: [VRFC 10-311] analyzing module design_1_axi_smc_0_sc_util_v1_0_4_pipeline__parameterized7
INFO: [VRFC 10-311] analyzing module design_1_axi_smc_0_sc_util_v1_0_4_pipeline__parameterized7_6
INFO: [VRFC 10-311] analyzing module design_1_axi_smc_0_sc_util_v1_0_4_pipeline__parameterized7_9
INFO: [VRFC 10-311] analyzing module design_1_axi_smc_0_sc_util_v1_0_4_srl_rtl
INFO: [VRFC 10-311] analyzing module glbl
INFO: [VRFC 10-163] Analyzing VHDL file "C:/Users/mlabadm/Desktop/Github/FPGA/nqueens/nqueens_fpga/nqueens_fpga.srcs/sim_1/new/top_nqueens_tb.vhd" into library xil_defaultlib
INFO: [VRFC 10-3107] analyzing entity 'top_nqueens_tb'
