18:29:30 INFO  : Registering command handlers for SDK TCF services
18:29:30 INFO  : Launching XSCT server: xsct.bat -interactive C:\Users\caos1\Desktop\AgustinSilva\Tesis\Vivado\VQFTAXIBUS\VQFTAXIBUS.sdk\temp_xsdb_launch_script.tcl
18:29:32 INFO  : XSCT server has started successfully.
18:29:33 INFO  : Successfully done setting XSCT server connection channel  
18:29:33 INFO  : Restoring global repository preferences: 
		 C:\Users\caos1\Desktop\Tesis\Vivado\AXITIMER
18:29:33 WARN  : Invalid repository path C:\Users\caos1\Desktop\Tesis\Vivado\AXITIMER.
18:29:33 INFO  : Processing command line option -hwspec C:/Users/caos1/Desktop/AgustinSilva/Tesis/Vivado/VQFTAXIBUS/VQFTAXIBUS.sdk/design_1_wrapper.hdf.
18:29:33 INFO  : Successfully done setting SDK workspace  
18:32:47 INFO  : ps7_init is completed.
18:32:47 INFO  : ps7_post_config is completed.
18:32:48 INFO  : Processor reset is completed for ps7_cortexa9_0
18:34:10 INFO  : Processor reset is completed for ps7_cortexa9_0
18:35:33 INFO  : Processor reset is completed for ps7_cortexa9_0
18:38:34 INFO  : Processor reset is completed for ps7_cortexa9_0
18:41:27 INFO  : Processor reset is completed for ps7_cortexa9_0
18:53:38 INFO  : Processor reset is completed for ps7_cortexa9_0
18:54:24 INFO  : Processor reset is completed for ps7_cortexa9_0
18:55:39 INFO  : Processor reset is completed for ps7_cortexa9_0
19:00:29 INFO  : Processor reset is completed for ps7_cortexa9_0
19:09:16 INFO  : Processor reset is completed for ps7_cortexa9_0
19:12:35 ERROR : Unexpected error while parsing XMD response ?: com.google.gson.JsonSyntaxException: com.google.gson.stream.MalformedJsonException: invalid number or unquoted string near 
11:30:58 INFO  : Registering command handlers for SDK TCF services
11:30:58 INFO  : Launching XSCT server: xsct.bat -interactive C:\Users\caos1\Desktop\AgustinSilva\Tesis\Vivado\VQFTAXIBUS\VQFTAXIBUS.sdk\temp_xsdb_launch_script.tcl
11:31:01 INFO  : XSCT server has started successfully.
11:31:01 INFO  : Successfully done setting XSCT server connection channel  
11:31:04 INFO  : Successfully done setting SDK workspace  
11:31:04 INFO  : Restoring global repository preferences: 
		 C:\Users\caos1\Desktop\Tesis\Vivado\AXITIMER
11:31:04 WARN  : Invalid repository path C:\Users\caos1\Desktop\Tesis\Vivado\AXITIMER.
11:31:04 INFO  : Processing command line option -hwspec C:/Users/caos1/Desktop/AgustinSilva/Tesis/Vivado/VQFTAXIBUS/VQFTAXIBUS.sdk/design_1_wrapper.hdf.
11:31:04 INFO  : Checking for hwspec changes in the project design_1_wrapper_hw_platform_0.
11:43:39 INFO  : ps7_init is completed.
11:43:39 INFO  : ps7_post_config is completed.
11:43:39 INFO  : Processor reset is completed for ps7_cortexa9_0
11:44:42 INFO  : Processor reset is completed for ps7_cortexa9_0
11:45:44 INFO  : Processor reset is completed for ps7_cortexa9_0
11:46:54 INFO  : Processor reset is completed for ps7_cortexa9_0
11:47:56 INFO  : Processor reset is completed for ps7_cortexa9_0
11:56:32 INFO  : Processor reset is completed for ps7_cortexa9_0
12:04:36 INFO  : Processor reset is completed for ps7_cortexa9_0
12:08:07 INFO  : Processor reset is completed for ps7_cortexa9_0
12:34:55 INFO  : Processor reset is completed for ps7_cortexa9_0
12:36:57 INFO  : Processor reset is completed for ps7_cortexa9_0
12:37:48 INFO  : Processor reset is completed for ps7_cortexa9_0
12:40:10 INFO  : Processor reset is completed for ps7_cortexa9_0
12:40:52 INFO  : Processor reset is completed for ps7_cortexa9_0
12:41:23 INFO  : Processor reset is completed for ps7_cortexa9_0
14:13:54 INFO  : Processor reset is completed for ps7_cortexa9_0
14:14:18 ERROR : Unexpected error while parsing XMD response ?: com.google.gson.JsonSyntaxException: com.google.gson.stream.MalformedJsonException: invalid number or unquoted string near 
18:27:15 INFO  : Registering command handlers for SDK TCF services
18:27:15 INFO  : Launching XSCT server: xsct.bat -interactive C:\Users\caos1\Desktop\AgustinSilva\Tesis\Vivado\VQFTAXIBUS\VQFTAXIBUS.sdk\temp_xsdb_launch_script.tcl
18:27:17 INFO  : XSCT server has started successfully.
18:27:17 INFO  : Successfully done setting XSCT server connection channel  
18:27:18 INFO  : Restoring global repository preferences: 
		 C:\Users\caos1\Desktop\Tesis\Vivado\AXITIMER
18:27:18 WARN  : Invalid repository path C:\Users\caos1\Desktop\Tesis\Vivado\AXITIMER.
18:27:18 INFO  : Successfully done setting SDK workspace  
18:27:18 INFO  : Processing command line option -hwspec C:/Users/caos1/Desktop/AgustinSilva/Tesis/Vivado/VQFTAXIBUS/VQFTAXIBUS.sdk/design_1_wrapper.hdf.
18:27:18 INFO  : Checking for hwspec changes in the project design_1_wrapper_hw_platform_0.
18:28:34 INFO  : Processor reset is completed for ps7_cortexa9_0
18:30:07 INFO  : Processor reset is completed for ps7_cortexa9_0
18:32:15 ERROR : Unexpected error while parsing XMD response ?: com.google.gson.JsonSyntaxException: com.google.gson.stream.MalformedJsonException: invalid number or unquoted string near 
11:21:30 INFO  : Registering command handlers for SDK TCF services
11:21:30 INFO  : Launching XSCT server: xsct.bat -interactive C:\Users\caos1\Desktop\AgustinSilva\Tesis\Vivado\VQFTAXIBUS\VQFTAXIBUS.sdk\temp_xsdb_launch_script.tcl
11:21:33 INFO  : XSCT server has started successfully.
11:21:33 INFO  : Successfully done setting XSCT server connection channel  
11:21:35 INFO  : Successfully done setting SDK workspace  
11:21:35 INFO  : Restoring global repository preferences: 
		 C:\Users\caos1\Desktop\Tesis\Vivado\AXITIMER
11:21:35 WARN  : Invalid repository path C:\Users\caos1\Desktop\Tesis\Vivado\AXITIMER.
11:21:35 INFO  : Processing command line option -hwspec C:/Users/caos1/Desktop/AgustinSilva/Tesis/Vivado/VQFTAXIBUS/VQFTAXIBUS.sdk/design_1_wrapper.hdf.
11:21:35 INFO  : Checking for hwspec changes in the project design_1_wrapper_hw_platform_0.
11:27:29 INFO  : ps7_init is completed.
11:27:29 INFO  : ps7_post_config is completed.
11:27:30 INFO  : Processor reset is completed for ps7_cortexa9_0
11:28:14 INFO  : Processor reset is completed for ps7_cortexa9_0
11:29:15 INFO  : Processor reset is completed for ps7_cortexa9_0
11:31:56 INFO  : Processor reset is completed for ps7_cortexa9_0
12:49:23 ERROR : Unexpected error while parsing XMD response ?: com.google.gson.JsonSyntaxException: com.google.gson.stream.MalformedJsonException: invalid number or unquoted string near 
15:06:12 INFO  : Registering command handlers for SDK TCF services
15:06:12 INFO  : Launching XSCT server: xsct.bat -interactive C:\Users\caos1\Desktop\AgustinSilva\Tesis\Vivado\VQFTAXIBUS\VQFTAXIBUS.sdk\temp_xsdb_launch_script.tcl
15:06:14 INFO  : XSCT server has started successfully.
15:06:17 INFO  : Successfully done setting XSCT server connection channel  
15:06:17 INFO  : Restoring global repository preferences: 
		 C:\Users\caos1\Desktop\Tesis\Vivado\AXITIMER
15:06:17 WARN  : Invalid repository path C:\Users\caos1\Desktop\Tesis\Vivado\AXITIMER.
15:06:17 INFO  : Processing command line option -hwspec C:/Users/caos1/Desktop/AgustinSilva/Tesis/Vivado/VQFTAXIBUS/VQFTAXIBUS.sdk/design_1_wrapper.hdf.
15:06:17 INFO  : Successfully done setting SDK workspace  
15:06:17 INFO  : Checking for hwspec changes in the project design_1_wrapper_hw_platform_0.
15:09:43 INFO  : Processor reset is completed for ps7_cortexa9_0
15:11:10 INFO  : Processor reset is completed for ps7_cortexa9_0
15:11:26 INFO  : Processor reset is completed for ps7_cortexa9_0
15:13:02 INFO  : Processor reset is completed for ps7_cortexa9_0
15:14:35 INFO  : Processor reset is completed for ps7_cortexa9_0
15:14:55 INFO  : Processor reset is completed for ps7_cortexa9_0
15:15:48 INFO  : Processor reset is completed for ps7_cortexa9_0
16:56:34 INFO  : Processor reset is completed for ps7_cortexa9_0
16:58:04 INFO  : Processor reset is completed for ps7_cortexa9_0
17:21:56 ERROR : Unexpected error while parsing XMD response ?: com.google.gson.JsonSyntaxException: com.google.gson.stream.MalformedJsonException: invalid number or unquoted string near 
17:40:57 INFO  : Registering command handlers for SDK TCF services
17:40:58 INFO  : Launching XSCT server: xsct.bat -interactive C:\Users\caos1\Desktop\AgustinSilva\Tesis\Vivado\VQFTAXIBUS\VQFTAXIBUS.sdk\temp_xsdb_launch_script.tcl
17:41:00 INFO  : XSCT server has started successfully.
17:41:00 INFO  : Successfully done setting XSCT server connection channel  
17:41:03 INFO  : Successfully done setting SDK workspace  
17:41:03 INFO  : Restoring global repository preferences: 
		 C:\Users\caos1\Desktop\Tesis\Vivado\AXITIMER
17:41:03 WARN  : Invalid repository path C:\Users\caos1\Desktop\Tesis\Vivado\AXITIMER.
17:41:03 INFO  : Processing command line option -hwspec C:/Users/caos1/Desktop/AgustinSilva/Tesis/Vivado/VQFTAXIBUS/VQFTAXIBUS.sdk/design_1_wrapper.hdf.
17:41:03 INFO  : Checking for hwspec changes in the project design_1_wrapper_hw_platform_0.
