
*** Running vivado
    with args -log design_1_processing_system7_0_0.vds -m64 -product Vivado -mode batch -messageDb vivado.pb -notrace -source design_1_processing_system7_0_0.tcl


****** Vivado v2016.4 (64-bit)
  **** SW Build 1756540 on Mon Jan 23 19:11:23 MST 2017
  **** IP Build 1755317 on Mon Jan 23 20:30:07 MST 2017
    ** Copyright 1986-2016 Xilinx, Inc. All Rights Reserved.

source design_1_processing_system7_0_0.tcl -notrace
Starting RTL Elaboration : Time (s): cpu = 00:00:13 ; elapsed = 00:00:16 . Memory (MB): peak = 363.773 ; gain = 154.203
INFO: [Synth 8-638] synthesizing module 'design_1_processing_system7_0_0' [c:/Users/caos1/Desktop/AgustinSilva/Tesis/Vivado/VQFTAXIBUS/VQFTAXIBUS.srcs/sources_1/bd/design_1/ip/design_1_processing_system7_0_0/synth/design_1_processing_system7_0_0.v:60]
INFO: [Synth 8-638] synthesizing module 'processing_system7_v5_5_processing_system7' [c:/Users/caos1/Desktop/AgustinSilva/Tesis/Vivado/VQFTAXIBUS/VQFTAXIBUS.srcs/sources_1/bd/design_1/ip/design_1_processing_system7_0_0/hdl/verilog/processing_system7_v5_5_processing_system7.v:161]
INFO: [Synth 8-638] synthesizing module 'BUFG' [C:/Xilinx/Vivado/2016.4/scripts/rt/data/unisim_comp.v:607]
INFO: [Synth 8-256] done synthesizing module 'BUFG' (1#1) [C:/Xilinx/Vivado/2016.4/scripts/rt/data/unisim_comp.v:607]
INFO: [Synth 8-638] synthesizing module 'BIBUF' [C:/Xilinx/Vivado/2016.4/scripts/rt/data/unisim_comp.v:268]
INFO: [Synth 8-256] done synthesizing module 'BIBUF' (2#1) [C:/Xilinx/Vivado/2016.4/scripts/rt/data/unisim_comp.v:268]
INFO: [Synth 8-638] synthesizing module 'PS7' [C:/Xilinx/Vivado/2016.4/scripts/rt/data/unisim_comp.v:33182]
INFO: [Synth 8-256] done synthesizing module 'PS7' (3#1) [C:/Xilinx/Vivado/2016.4/scripts/rt/data/unisim_comp.v:33182]
INFO: [Synth 8-256] done synthesizing module 'processing_system7_v5_5_processing_system7' (4#1) [c:/Users/caos1/Desktop/AgustinSilva/Tesis/Vivado/VQFTAXIBUS/VQFTAXIBUS.srcs/sources_1/bd/design_1/ip/design_1_processing_system7_0_0/hdl/verilog/processing_system7_v5_5_processing_system7.v:161]
INFO: [Synth 8-256] done synthesizing module 'design_1_processing_system7_0_0' (5#1) [c:/Users/caos1/Desktop/AgustinSilva/Tesis/Vivado/VQFTAXIBUS/VQFTAXIBUS.srcs/sources_1/bd/design_1/ip/design_1_processing_system7_0_0/synth/design_1_processing_system7_0_0.v:60]
Finished RTL Elaboration : Time (s): cpu = 00:00:14 ; elapsed = 00:00:17 . Memory (MB): peak = 402.180 ; gain = 192.609
Finished RTL Optimization Phase 1 : Time (s): cpu = 00:00:14 ; elapsed = 00:00:18 . Memory (MB): peak = 402.180 ; gain = 192.609
INFO: [Device 21-403] Loading part xc7z020clg484-1
Constraint Validation Runtime : Time (s): cpu = 00:00:00 ; elapsed = 00:00:00.315 . Memory (MB): peak = 643.016 ; gain = 0.000
Finished Constraint Validation : Time (s): cpu = 00:00:29 ; elapsed = 00:00:33 . Memory (MB): peak = 643.016 ; gain = 433.445
Finished Loading Part and Timing Information : Time (s): cpu = 00:00:29 ; elapsed = 00:00:33 . Memory (MB): peak = 643.016 ; gain = 433.445
Finished applying 'set_property' XDC Constraints : Time (s): cpu = 00:00:29 ; elapsed = 00:00:34 . Memory (MB): peak = 643.016 ; gain = 433.445
Finished RTL Optimization Phase 2 : Time (s): cpu = 00:00:30 ; elapsed = 00:00:35 . Memory (MB): peak = 643.016 ; gain = 433.445
Finished Cross Boundary and Area Optimization : Time (s): cpu = 00:00:31 ; elapsed = 00:00:36 . Memory (MB): peak = 643.016 ; gain = 433.445
Finished Applying XDC Timing Constraints : Time (s): cpu = 00:00:46 ; elapsed = 00:00:51 . Memory (MB): peak = 845.156 ; gain = 635.586
Finished Timing Optimization : Time (s): cpu = 00:00:46 ; elapsed = 00:00:51 . Memory (MB): peak = 861.180 ; gain = 651.609
Finished Technology Mapping : Time (s): cpu = 00:00:47 ; elapsed = 00:00:53 . Memory (MB): peak = 866.137 ; gain = 656.566
Finished IO Insertion : Time (s): cpu = 00:00:49 ; elapsed = 00:00:55 . Memory (MB): peak = 866.137 ; gain = 656.566
Finished Renaming Generated Instances : Time (s): cpu = 00:00:49 ; elapsed = 00:00:55 . Memory (MB): peak = 866.137 ; gain = 656.566
Finished Rebuilding User Hierarchy : Time (s): cpu = 00:00:49 ; elapsed = 00:00:55 . Memory (MB): peak = 866.137 ; gain = 656.566
Finished Renaming Generated Ports : Time (s): cpu = 00:00:49 ; elapsed = 00:00:55 . Memory (MB): peak = 866.137 ; gain = 656.566
Finished Handling Custom Attributes : Time (s): cpu = 00:00:50 ; elapsed = 00:00:55 . Memory (MB): peak = 866.137 ; gain = 656.566
Finished Renaming Generated Nets : Time (s): cpu = 00:00:50 ; elapsed = 00:00:55 . Memory (MB): peak = 866.137 ; gain = 656.566

Report Cell Usage: 
+------+------+------+
|      |Cell  |Count |
+------+------+------+
|1     |BIBUF |   130|
|2     |BUFG  |     1|
|3     |LUT1  |   112|
|4     |PS7   |     1|
+------+------+------+
Finished Writing Synthesis Report : Time (s): cpu = 00:00:50 ; elapsed = 00:00:55 . Memory (MB): peak = 866.137 ; gain = 656.566
synth_design: Time (s): cpu = 00:00:47 ; elapsed = 00:00:50 . Memory (MB): peak = 887.988 ; gain = 604.273
