

================================================================
== Vivado HLS Report for 'hnn_fpga'
================================================================
* Date:           Fri Aug 13 19:06:22 2021

* Version:        2019.2 (Build 2704478 on Wed Nov 06 22:10:23 MST 2019)
* Project:        hnn_fpga
* Solution:       solution1
* Product family: zynquplus
* Target device:  xczu9eg-ffvb1156-2-e


================================================================
== Performance Estimates
================================================================
+ Timing: 
    * Summary: 
    +--------+----------+----------+------------+
    |  Clock |  Target  | Estimated| Uncertainty|
    +--------+----------+----------+------------+
    |ap_clk  | 10.00 ns | 8.881 ns |   1.25 ns  |
    +--------+----------+----------+------------+

+ Latency: 
    * Summary: 
    +---------+---------+----------+----------+-----+-----+---------+
    |  Latency (cycles) |  Latency (absolute) |  Interval | Pipeline|
    |   min   |   max   |    min   |    max   | min | max |   Type  |
    +---------+---------+----------+----------+-----+-----+---------+
    |       95|       95| 0.950 us | 0.950 us |   95|   95|   none  |
    +---------+---------+----------+----------+-----+-----+---------+

    + Detail: 
        * Instance: 
        N/A

        * Loop: 
        N/A



================================================================
== Utilization Estimates
================================================================
* Summary: 
+-----------------+---------+-------+--------+--------+-----+
|       Name      | BRAM_18K| DSP48E|   FF   |   LUT  | URAM|
+-----------------+---------+-------+--------+--------+-----+
|DSP              |        -|      -|       -|       -|    -|
|Expression       |        -|      -|       0|    1848|    -|
|FIFO             |        -|      -|       -|       -|    -|
|Instance         |        4|     32|    3767|    7109|    -|
|Memory           |        -|      -|       -|       -|    -|
|Multiplexer      |        -|      -|       -|    1432|    -|
|Register         |        -|      -|    4224|       -|    -|
+-----------------+---------+-------+--------+--------+-----+
|Total            |        4|     32|    7991|   10389|    0|
+-----------------+---------+-------+--------+--------+-----+
|Available        |     1824|   2520|  548160|  274080|    0|
+-----------------+---------+-------+--------+--------+-----+
|Utilization (%)  |    ~0   |      1|       1|       3|    0|
+-----------------+---------+-------+--------+--------+-----+

+ Detail: 
    * Instance: 
    +---------------------------+-------------------------+---------+-------+------+------+-----+
    |          Instance         |          Module         | BRAM_18K| DSP48E|  FF  |  LUT | URAM|
    +---------------------------+-------------------------+---------+-------+------+------+-----+
    |hnn_fpga_AXILiteS_s_axi_U  |hnn_fpga_AXILiteS_s_axi  |        4|      0|   234|   244|    0|
    |hnn_fpga_dadd_64neOg_U4    |hnn_fpga_dadd_64neOg     |        0|      3|   445|   782|    0|
    |hnn_fpga_ddiv_64nfYi_U5    |hnn_fpga_ddiv_64nfYi     |        0|      0|  1710|  3253|    0|
    |hnn_fpga_dexp_64ng8j_U6    |hnn_fpga_dexp_64ng8j     |        0|     26|  1022|  2463|    0|
    |hnn_fpga_fmul_32nbkb_U1    |hnn_fpga_fmul_32nbkb     |        0|      3|   128|   135|    0|
    |hnn_fpga_fpext_32dEe_U3    |hnn_fpga_fpext_32dEe     |        0|      0|   100|   138|    0|
    |hnn_fpga_fptrunc_cud_U2    |hnn_fpga_fptrunc_cud     |        0|      0|   128|    94|    0|
    +---------------------------+-------------------------+---------+-------+------+------+-----+
    |Total                      |                         |        4|     32|  3767|  7109|    0|
    +---------------------------+-------------------------+---------+-------+------+------+-----+

    * DSP48E: 
    N/A

    * Memory: 
    N/A

    * FIFO: 
    N/A

    * Expression: 
    +------------------------+----------+-------+---+----+------------+------------+
    |      Variable Name     | Operation| DSP48E| FF| LUT| Bitwidth P0| Bitwidth P1|
    +------------------------+----------+-------+---+----+------------+------------+
    |xor_ln25_10_fu_1620_p2  |    xor   |      0|  0|  33|          32|          33|
    |xor_ln25_11_fu_1634_p2  |    xor   |      0|  0|  33|          32|          33|
    |xor_ln25_12_fu_1648_p2  |    xor   |      0|  0|  33|          32|          33|
    |xor_ln25_13_fu_1662_p2  |    xor   |      0|  0|  33|          32|          33|
    |xor_ln25_14_fu_1676_p2  |    xor   |      0|  0|  33|          32|          33|
    |xor_ln25_15_fu_1690_p2  |    xor   |      0|  0|  33|          32|          33|
    |xor_ln25_16_fu_1704_p2  |    xor   |      0|  0|  33|          32|          33|
    |xor_ln25_17_fu_1718_p2  |    xor   |      0|  0|  33|          32|          33|
    |xor_ln25_18_fu_1732_p2  |    xor   |      0|  0|  33|          32|          33|
    |xor_ln25_19_fu_1746_p2  |    xor   |      0|  0|  33|          32|          33|
    |xor_ln25_1_fu_1494_p2   |    xor   |      0|  0|  33|          32|          33|
    |xor_ln25_20_fu_1760_p2  |    xor   |      0|  0|  33|          32|          33|
    |xor_ln25_21_fu_1774_p2  |    xor   |      0|  0|  33|          32|          33|
    |xor_ln25_22_fu_1788_p2  |    xor   |      0|  0|  33|          32|          33|
    |xor_ln25_23_fu_1802_p2  |    xor   |      0|  0|  33|          32|          33|
    |xor_ln25_24_fu_1816_p2  |    xor   |      0|  0|  33|          32|          33|
    |xor_ln25_25_fu_1830_p2  |    xor   |      0|  0|  33|          32|          33|
    |xor_ln25_26_fu_1844_p2  |    xor   |      0|  0|  33|          32|          33|
    |xor_ln25_27_fu_1858_p2  |    xor   |      0|  0|  33|          32|          33|
    |xor_ln25_28_fu_1872_p2  |    xor   |      0|  0|  33|          32|          33|
    |xor_ln25_29_fu_1886_p2  |    xor   |      0|  0|  33|          32|          33|
    |xor_ln25_2_fu_1508_p2   |    xor   |      0|  0|  33|          32|          33|
    |xor_ln25_30_fu_1900_p2  |    xor   |      0|  0|  33|          32|          33|
    |xor_ln25_31_fu_1914_p2  |    xor   |      0|  0|  33|          32|          33|
    |xor_ln25_32_fu_1928_p2  |    xor   |      0|  0|  33|          32|          33|
    |xor_ln25_33_fu_1942_p2  |    xor   |      0|  0|  33|          32|          33|
    |xor_ln25_34_fu_1956_p2  |    xor   |      0|  0|  33|          32|          33|
    |xor_ln25_35_fu_1970_p2  |    xor   |      0|  0|  33|          32|          33|
    |xor_ln25_36_fu_1984_p2  |    xor   |      0|  0|  33|          32|          33|
    |xor_ln25_37_fu_1998_p2  |    xor   |      0|  0|  33|          32|          33|
    |xor_ln25_38_fu_2012_p2  |    xor   |      0|  0|  33|          32|          33|
    |xor_ln25_39_fu_2026_p2  |    xor   |      0|  0|  33|          32|          33|
    |xor_ln25_3_fu_1522_p2   |    xor   |      0|  0|  33|          32|          33|
    |xor_ln25_40_fu_2040_p2  |    xor   |      0|  0|  33|          32|          33|
    |xor_ln25_41_fu_2054_p2  |    xor   |      0|  0|  33|          32|          33|
    |xor_ln25_42_fu_2068_p2  |    xor   |      0|  0|  33|          32|          33|
    |xor_ln25_43_fu_2082_p2  |    xor   |      0|  0|  33|          32|          33|
    |xor_ln25_44_fu_2096_p2  |    xor   |      0|  0|  33|          32|          33|
    |xor_ln25_45_fu_2110_p2  |    xor   |      0|  0|  33|          32|          33|
    |xor_ln25_46_fu_2124_p2  |    xor   |      0|  0|  33|          32|          33|
    |xor_ln25_47_fu_2138_p2  |    xor   |      0|  0|  33|          32|          33|
    |xor_ln25_48_fu_2152_p2  |    xor   |      0|  0|  33|          32|          33|
    |xor_ln25_49_fu_2166_p2  |    xor   |      0|  0|  33|          32|          33|
    |xor_ln25_4_fu_1536_p2   |    xor   |      0|  0|  33|          32|          33|
    |xor_ln25_50_fu_2180_p2  |    xor   |      0|  0|  33|          32|          33|
    |xor_ln25_51_fu_2194_p2  |    xor   |      0|  0|  33|          32|          33|
    |xor_ln25_52_fu_2208_p2  |    xor   |      0|  0|  33|          32|          33|
    |xor_ln25_53_fu_2222_p2  |    xor   |      0|  0|  33|          32|          33|
    |xor_ln25_54_fu_2236_p2  |    xor   |      0|  0|  33|          32|          33|
    |xor_ln25_55_fu_2250_p2  |    xor   |      0|  0|  33|          32|          33|
    |xor_ln25_5_fu_1550_p2   |    xor   |      0|  0|  33|          32|          33|
    |xor_ln25_6_fu_1564_p2   |    xor   |      0|  0|  33|          32|          33|
    |xor_ln25_7_fu_1578_p2   |    xor   |      0|  0|  33|          32|          33|
    |xor_ln25_8_fu_1592_p2   |    xor   |      0|  0|  33|          32|          33|
    |xor_ln25_9_fu_1606_p2   |    xor   |      0|  0|  33|          32|          33|
    |xor_ln25_fu_1480_p2     |    xor   |      0|  0|  33|          32|          33|
    +------------------------+----------+-------+---+----+------------+------------+
    |Total                   |          |      0|  0|1848|        1792|        1848|
    +------------------------+----------+-------+---+----+------------+------------+

    * Multiplexer: 
    +----------------+-----+-----------+-----+-----------+
    |      Name      | LUT | Input Size| Bits| Total Bits|
    +----------------+-----+-----------+-----+-----------+
    |U_address0      |  245|         57|    6|        342|
    |V_address0      |  293|         65|    6|        390|
    |V_d0            |   15|          3|   32|         96|
    |ap_NS_fsm       |  429|         97|    1|         97|
    |grp_fu_1265_p0  |  245|         57|   32|       1824|
    |grp_fu_1269_p0  |   15|          3|   64|        192|
    |grp_fu_1273_p0  |   15|          3|   32|         96|
    |grp_fu_1276_p0  |   33|          6|   64|        384|
    |grp_fu_1281_p1  |   89|         18|   64|       1152|
    |grp_fu_1286_p1  |   53|         12|   64|        768|
    +----------------+-----+-----------+-----+-----------+
    |Total           | 1432|        321|  365|       5341|
    +----------------+-----+-----------+-----+-----------+

    * Register: 
    +----------------------+----+----+-----+-----------+
    |         Name         | FF | LUT| Bits| Const Bits|
    +----------------------+----+----+-----+-----------+
    |ap_CS_fsm             |  96|   0|   96|          0|
    |l_read_reg_2265       |  32|   0|   32|          0|
    |reg_1291              |  32|   0|   32|          0|
    |reg_1296              |  32|   0|   32|          0|
    |reg_1301              |  64|   0|   64|          0|
    |reg_1306              |  64|   0|   64|          0|
    |reg_1311              |  64|   0|   64|          0|
    |reg_1316              |  64|   0|   64|          0|
    |reg_1321              |  64|   0|   64|          0|
    |reg_1326              |  64|   0|   64|          0|
    |reg_1331              |  64|   0|   64|          0|
    |reg_1336              |  64|   0|   64|          0|
    |reg_1341              |  64|   0|   64|          0|
    |reg_1346              |  64|   0|   64|          0|
    |reg_1351              |  64|   0|   64|          0|
    |reg_1356              |  64|   0|   64|          0|
    |reg_1361              |  64|   0|   64|          0|
    |reg_1366              |  64|   0|   64|          0|
    |reg_1371              |  64|   0|   64|          0|
    |reg_1376              |  64|   0|   64|          0|
    |reg_1381              |  64|   0|   64|          0|
    |reg_1386              |  64|   0|   64|          0|
    |reg_1391              |  64|   0|   64|          0|
    |reg_1396              |  64|   0|   64|          0|
    |reg_1401              |  64|   0|   64|          0|
    |reg_1406              |  64|   0|   64|          0|
    |reg_1411              |  64|   0|   64|          0|
    |reg_1416              |  64|   0|   64|          0|
    |reg_1421              |  64|   0|   64|          0|
    |reg_1426              |  64|   0|   64|          0|
    |reg_1431              |  64|   0|   64|          0|
    |reg_1436              |  64|   0|   64|          0|
    |reg_1441              |  64|   0|   64|          0|
    |reg_1446              |  64|   0|   64|          0|
    |reg_1451              |  64|   0|   64|          0|
    |reg_1456              |  64|   0|   64|          0|
    |reg_1461              |  64|   0|   64|          0|
    |reg_1466              |  64|   0|   64|          0|
    |reg_1471              |  64|   0|   64|          0|
    |xor_ln25_10_reg_2420  |  32|   0|   32|          0|
    |xor_ln25_11_reg_2435  |  32|   0|   32|          0|
    |xor_ln25_12_reg_2450  |  32|   0|   32|          0|
    |xor_ln25_13_reg_2465  |  32|   0|   32|          0|
    |xor_ln25_14_reg_2480  |  32|   0|   32|          0|
    |xor_ln25_15_reg_2495  |  32|   0|   32|          0|
    |xor_ln25_16_reg_2510  |  32|   0|   32|          0|
    |xor_ln25_17_reg_2525  |  32|   0|   32|          0|
    |xor_ln25_18_reg_2540  |  32|   0|   32|          0|
    |xor_ln25_19_reg_2555  |  32|   0|   32|          0|
    |xor_ln25_1_reg_2285   |  32|   0|   32|          0|
    |xor_ln25_20_reg_2570  |  32|   0|   32|          0|
    |xor_ln25_21_reg_2585  |  32|   0|   32|          0|
    |xor_ln25_22_reg_2600  |  32|   0|   32|          0|
    |xor_ln25_23_reg_2615  |  32|   0|   32|          0|
    |xor_ln25_24_reg_2630  |  32|   0|   32|          0|
    |xor_ln25_25_reg_2645  |  32|   0|   32|          0|
    |xor_ln25_26_reg_2660  |  32|   0|   32|          0|
    |xor_ln25_27_reg_2675  |  32|   0|   32|          0|
    |xor_ln25_28_reg_2690  |  32|   0|   32|          0|
    |xor_ln25_29_reg_2705  |  32|   0|   32|          0|
    |xor_ln25_2_reg_2300   |  32|   0|   32|          0|
    |xor_ln25_30_reg_2720  |  32|   0|   32|          0|
    |xor_ln25_31_reg_2735  |  32|   0|   32|          0|
    |xor_ln25_32_reg_2750  |  32|   0|   32|          0|
    |xor_ln25_33_reg_2765  |  32|   0|   32|          0|
    |xor_ln25_34_reg_2780  |  32|   0|   32|          0|
    |xor_ln25_35_reg_2795  |  32|   0|   32|          0|
    |xor_ln25_36_reg_2810  |  32|   0|   32|          0|
    |xor_ln25_37_reg_2825  |  32|   0|   32|          0|
    |xor_ln25_38_reg_2840  |  32|   0|   32|          0|
    |xor_ln25_39_reg_2855  |  32|   0|   32|          0|
    |xor_ln25_3_reg_2315   |  32|   0|   32|          0|
    |xor_ln25_40_reg_2870  |  32|   0|   32|          0|
    |xor_ln25_41_reg_2885  |  32|   0|   32|          0|
    |xor_ln25_42_reg_2900  |  32|   0|   32|          0|
    |xor_ln25_43_reg_2915  |  32|   0|   32|          0|
    |xor_ln25_44_reg_2930  |  32|   0|   32|          0|
    |xor_ln25_45_reg_2945  |  32|   0|   32|          0|
    |xor_ln25_46_reg_2960  |  32|   0|   32|          0|
    |xor_ln25_47_reg_2975  |  32|   0|   32|          0|
    |xor_ln25_48_reg_2990  |  32|   0|   32|          0|
    |xor_ln25_49_reg_3005  |  32|   0|   32|          0|
    |xor_ln25_4_reg_2330   |  32|   0|   32|          0|
    |xor_ln25_50_reg_3020  |  32|   0|   32|          0|
    |xor_ln25_51_reg_3035  |  32|   0|   32|          0|
    |xor_ln25_52_reg_3050  |  32|   0|   32|          0|
    |xor_ln25_53_reg_3065  |  32|   0|   32|          0|
    |xor_ln25_54_reg_3080  |  32|   0|   32|          0|
    |xor_ln25_55_reg_3095  |  32|   0|   32|          0|
    |xor_ln25_5_reg_2345   |  32|   0|   32|          0|
    |xor_ln25_6_reg_2360   |  32|   0|   32|          0|
    |xor_ln25_7_reg_2375   |  32|   0|   32|          0|
    |xor_ln25_8_reg_2390   |  32|   0|   32|          0|
    |xor_ln25_9_reg_2405   |  32|   0|   32|          0|
    |xor_ln25_reg_2270     |  32|   0|   32|          0|
    +----------------------+----+----+-----+-----------+
    |Total                 |4224|   0| 4224|          0|
    +----------------------+----+----+-----+-----------+



================================================================
== Interface
================================================================
* Summary: 
+------------------------+-----+-----+------------+--------------+--------------+
|        RTL Ports       | Dir | Bits|  Protocol  | Source Object|    C Type    |
+------------------------+-----+-----+------------+--------------+--------------+
|s_axi_AXILiteS_AWVALID  |  in |    1|    s_axi   |   AXILiteS   |     array    |
|s_axi_AXILiteS_AWREADY  | out |    1|    s_axi   |   AXILiteS   |     array    |
|s_axi_AXILiteS_AWADDR   |  in |   10|    s_axi   |   AXILiteS   |     array    |
|s_axi_AXILiteS_WVALID   |  in |    1|    s_axi   |   AXILiteS   |     array    |
|s_axi_AXILiteS_WREADY   | out |    1|    s_axi   |   AXILiteS   |     array    |
|s_axi_AXILiteS_WDATA    |  in |   32|    s_axi   |   AXILiteS   |     array    |
|s_axi_AXILiteS_WSTRB    |  in |    4|    s_axi   |   AXILiteS   |     array    |
|s_axi_AXILiteS_ARVALID  |  in |    1|    s_axi   |   AXILiteS   |     array    |
|s_axi_AXILiteS_ARREADY  | out |    1|    s_axi   |   AXILiteS   |     array    |
|s_axi_AXILiteS_ARADDR   |  in |   10|    s_axi   |   AXILiteS   |     array    |
|s_axi_AXILiteS_RVALID   | out |    1|    s_axi   |   AXILiteS   |     array    |
|s_axi_AXILiteS_RREADY   |  in |    1|    s_axi   |   AXILiteS   |     array    |
|s_axi_AXILiteS_RDATA    | out |   32|    s_axi   |   AXILiteS   |     array    |
|s_axi_AXILiteS_RRESP    | out |    2|    s_axi   |   AXILiteS   |     array    |
|s_axi_AXILiteS_BVALID   | out |    1|    s_axi   |   AXILiteS   |     array    |
|s_axi_AXILiteS_BREADY   |  in |    1|    s_axi   |   AXILiteS   |     array    |
|s_axi_AXILiteS_BRESP    | out |    2|    s_axi   |   AXILiteS   |     array    |
|ap_clk                  |  in |    1| ap_ctrl_hs |   hnn_fpga   | return value |
|ap_rst_n                |  in |    1| ap_ctrl_hs |   hnn_fpga   | return value |
|interrupt               | out |    1| ap_ctrl_hs |   hnn_fpga   | return value |
+------------------------+-----+-----+------------+--------------+--------------+

