INFO: [HLS 200-10] Running '/home/agustinsilva447/Vivado/Vivado/2019.2/bin/unwrapped/lnx64.o/vivado_hls'
INFO: [HLS 200-10] For user 'agustinsilva447' on host 'agustinsilva447-Lenovo-G50-80' (Linux_x86_64 version 5.8.0-55-generic) on Fri Jul 09 17:43:06 -03 2021
INFO: [HLS 200-10] On os Ubuntu 20.04.2 LTS
INFO: [HLS 200-10] In directory '/home/agustinsilva447/Escritorio/Github/FPGA/paper_routing/vivado_hls'
Sourcing Tcl script '/home/agustinsilva447/Escritorio/Github/FPGA/paper_routing/vivado_hls/hopfield_routing/solution1/csim.tcl'
INFO: [HLS 200-10] Opening project '/home/agustinsilva447/Escritorio/Github/FPGA/paper_routing/vivado_hls/hopfield_routing'.
INFO: [HLS 200-10] Opening solution '/home/agustinsilva447/Escritorio/Github/FPGA/paper_routing/vivado_hls/hopfield_routing/solution1'.
INFO: [SYN 201-201] Setting up clock 'default' with a period of 10ns.
INFO: [HLS 200-10] Setting target device to 'xc7z020-clg484-1'
INFO: [SIM 211-2] *************** CSIM start ***************
INFO: [SIM 211-4] CSIM will launch GCC as the compiler.
ERROR: [HLS 200-627] Cannot find C test bench. Please specify test bench files using 'add_files -tb'.
ERROR: [SIM 211-100] CSim failed with errors.
INFO: [SIM 211-3] *************** CSIM finish ***************
4
    while executing
"source /home/agustinsilva447/Escritorio/Github/FPGA/paper_routing/vivado_hls/hopfield_routing/solution1/csim.tcl"
    invoked from within
"hls::main /home/agustinsilva447/Escritorio/Github/FPGA/paper_routing/vivado_hls/hopfield_routing/solution1/csim.tcl"
    ("uplevel" body line 1)
    invoked from within
"uplevel 1 hls::main {*}$args"
    (procedure "hls_proc" line 5)
    invoked from within
"hls_proc $argv"
